[2024-04-30T00:01:33.987+0000] {local_task_job_runner.py:120} INFO - ::group::Pre task execution logs
[2024-04-30T00:01:34.031+0000] {taskinstance.py:2073} INFO - Dependencies all met for dep_context=non-requeueable deps ti=<TaskInstance: load_data_mb.load_index_id_702976 scheduled__2024-04-29T00:00:00+00:00 [queued]>
[2024-04-30T00:01:34.043+0000] {taskinstance.py:2073} INFO - Dependencies all met for dep_context=requeueable deps ti=<TaskInstance: load_data_mb.load_index_id_702976 scheduled__2024-04-29T00:00:00+00:00 [queued]>
[2024-04-30T00:01:34.044+0000] {taskinstance.py:2303} INFO - Starting attempt 1 of 1
[2024-04-30T00:01:34.066+0000] {taskinstance.py:2327} INFO - Executing <Task(PythonOperator): load_index_id_702976> on 2024-04-29 00:00:00+00:00
[2024-04-30T00:01:34.077+0000] {standard_task_runner.py:90} INFO - Running: ['***', 'tasks', 'run', 'load_data_mb', 'load_index_id_702976', 'scheduled__2024-04-29T00:00:00+00:00', '--job-id', '369', '--raw', '--subdir', 'DAGS_FOLDER/load_data_mb.py', '--cfg-path', '/tmp/tmppar9z2ah']
[2024-04-30T00:01:34.081+0000] {standard_task_runner.py:91} INFO - Job 369: Subtask load_index_id_702976
[2024-04-30T00:01:34.081+0000] {logging_mixin.py:188} WARNING - /home/***/.local/lib/python3.12/site-packages/***/task/task_runner/standard_task_runner.py:61 DeprecationWarning: This process (pid=6896) is multi-threaded, use of fork() may lead to deadlocks in the child.
[2024-04-30T00:01:34.083+0000] {standard_task_runner.py:63} INFO - Started process 6897 to run task
[2024-04-30T00:01:34.151+0000] {task_command.py:426} INFO - Running <TaskInstance: load_data_mb.load_index_id_702976 scheduled__2024-04-29T00:00:00+00:00 [running]> on host d933ead87eb5
[2024-04-30T00:01:34.279+0000] {taskinstance.py:2644} INFO - Exporting env vars: AIRFLOW_CTX_DAG_OWNER='***' AIRFLOW_CTX_DAG_ID='load_data_mb' AIRFLOW_CTX_TASK_ID='load_index_id_702976' AIRFLOW_CTX_EXECUTION_DATE='2024-04-29T00:00:00+00:00' AIRFLOW_CTX_TRY_NUMBER='1' AIRFLOW_CTX_DAG_RUN_ID='scheduled__2024-04-29T00:00:00+00:00'
[2024-04-30T00:01:34.280+0000] {taskinstance.py:430} INFO - ::endgroup::
[2024-04-30T00:01:51.055+0000] {logging_mixin.py:188} INFO - {'index_name': 'индекс реальной заработной платы', 'index_id': 702976, 'dic_names': ['Регионы', 'Виды экономической деятельности', 'Размерность предприятий', 'По полу', 'Соотнесение периодов'], 'period_name': 'Год', 'info': 'ошибка талдау', 'error_code': 500}
[2024-04-30T00:01:51.056+0000] {logging_mixin.py:188} INFO - {'index_name': 'индекс реальной заработной платы', 'index_id': 702976, 'dic_names': ['Регионы', 'Виды экономической деятельности', 'Размерность предприятий', 'Категории работников', 'По полу', 'Соотнесение периодов'], 'period_name': 'Год', 'info': 'ошибка талдау', 'error_code': 500}
[2024-04-30T00:01:51.056+0000] {logging_mixin.py:188} INFO - {'index_name': 'индекс реальной заработной платы', 'index_id': 702976, 'dic_names': ['Регионы', 'Виды экономической деятельности', 'Размерность предприятий', 'Соотнесение периодов'], 'period_name': 'Квартал', 'info': 'ошибка талдау', 'error_code': 500}
[2024-04-30T00:01:51.057+0000] {logging_mixin.py:188} INFO - {'index_name': 'индекс реальной заработной платы', 'index_id': 702976, 'dic_names': ['Регионы', 'Виды экономической деятельности', 'Размерность предприятий', 'Соотнесение периодов'], 'period_name': 'Месяц', 'info': 'ошибка талдау', 'error_code': 500}
[2024-04-30T00:01:51.058+0000] {logging_mixin.py:188} INFO - {'index_name': 'индекс реальной заработной платы', 'index_id': 702976, 'dic_names': ['Регионы', 'Виды экономической деятельности', 'Тип местности и административное деление', 'Размерность предприятий', 'По полу', 'Соотнесение периодов'], 'period_name': 'Квартал с накоплением', 'info': 'ошибка талдау', 'error_code': 500}
[2024-04-30T00:01:51.059+0000] {logging_mixin.py:188} INFO - {'index_name': 'индекс реальной заработной платы', 'index_id': 702976, 'dic_names': ['Регионы', 'Виды экономической деятельности', 'Размерность предприятий', 'Соотнесение периодов'], 'period_name': 'Квартал с накоплением', 'info': 'ошибка талдау', 'error_code': 500}
[2024-04-30T00:01:51.060+0000] {logging_mixin.py:188} INFO - {'index_name': 'индекс реальной заработной платы', 'index_id': 702976, 'dic_names': ['Регионы', 'Виды экономической деятельности', 'Размерность предприятий', 'Соотнесение периодов'], 'period_name': 'Месяц с накоплением', 'info': 'ошибка талдау', 'error_code': 500}
[2024-04-30T00:01:51.062+0000] {logging_mixin.py:188} INFO - {'index_name': 'индекс реальной заработной платы', 'index_id': 702976, 'dic_names': ['Регионы', 'Виды экономической деятельности', 'Тип местности и административное деление', 'Размерность предприятий', 'По полу', 'Соотнесение периодов'], 'period_name': 'Квартал', 'info': 'ошибка талдау', 'error_code': 500}
[2024-04-30T00:01:51.063+0000] {python.py:237} INFO - Done. Returned value was: None
[2024-04-30T00:01:51.064+0000] {taskinstance.py:441} INFO - ::group::Post task execution logs
[2024-04-30T00:01:51.081+0000] {taskinstance.py:1205} INFO - Marking task as SUCCESS. dag_id=load_data_mb, task_id=load_index_id_702976, execution_date=20240429T000000, start_date=20240430T000134, end_date=20240430T000151
[2024-04-30T00:01:51.149+0000] {local_task_job_runner.py:240} INFO - Task exited with return code 0
[2024-04-30T00:01:51.180+0000] {taskinstance.py:3482} INFO - 0 downstream tasks scheduled from follow-on schedule check
[2024-04-30T00:01:51.186+0000] {local_task_job_runner.py:222} INFO - ::endgroup::
