[2024-06-11T21:29:26.057+0000] {local_task_job_runner.py:120} INFO - ::group::Pre task execution logs
[2024-06-11T21:29:26.336+0000] {taskinstance.py:2073} INFO - Dependencies all met for dep_context=non-requeueable deps ti=<TaskInstance: load_data_mb.load_index_id_701592 scheduled__2024-06-10T00:00:00+00:00 [queued]>
[2024-06-11T21:29:26.365+0000] {taskinstance.py:2073} INFO - Dependencies all met for dep_context=requeueable deps ti=<TaskInstance: load_data_mb.load_index_id_701592 scheduled__2024-06-10T00:00:00+00:00 [queued]>
[2024-06-11T21:29:26.367+0000] {taskinstance.py:2303} INFO - Starting attempt 1 of 1
[2024-06-11T21:29:26.414+0000] {taskinstance.py:2327} INFO - Executing <Task(PythonOperator): load_index_id_701592> on 2024-06-10 00:00:00+00:00
[2024-06-11T21:29:26.437+0000] {logging_mixin.py:188} WARNING - /home/***/.local/lib/python3.12/site-packages/***/task/task_runner/standard_task_runner.py:61 DeprecationWarning: This process (pid=275) is multi-threaded, use of fork() may lead to deadlocks in the child.
[2024-06-11T21:29:26.435+0000] {standard_task_runner.py:90} INFO - Running: ['***', 'tasks', 'run', 'load_data_mb', 'load_index_id_701592', 'scheduled__2024-06-10T00:00:00+00:00', '--job-id', '142', '--raw', '--subdir', 'DAGS_FOLDER/load_data_mb.py', '--cfg-path', '/tmp/tmpimk5mkkd']
[2024-06-11T21:29:26.439+0000] {standard_task_runner.py:63} INFO - Started process 276 to run task
[2024-06-11T21:29:26.439+0000] {standard_task_runner.py:91} INFO - Job 142: Subtask load_index_id_701592
[2024-06-11T21:29:26.779+0000] {task_command.py:426} INFO - Running <TaskInstance: load_data_mb.load_index_id_701592 scheduled__2024-06-10T00:00:00+00:00 [running]> on host e6f094d2943c
[2024-06-11T21:29:27.311+0000] {taskinstance.py:2644} INFO - Exporting env vars: AIRFLOW_CTX_DAG_OWNER='***' AIRFLOW_CTX_DAG_ID='load_data_mb' AIRFLOW_CTX_TASK_ID='load_index_id_701592' AIRFLOW_CTX_EXECUTION_DATE='2024-06-10T00:00:00+00:00' AIRFLOW_CTX_TRY_NUMBER='1' AIRFLOW_CTX_DAG_RUN_ID='scheduled__2024-06-10T00:00:00+00:00'
[2024-06-11T21:29:27.313+0000] {taskinstance.py:430} INFO - ::endgroup::
[2024-06-11T21:29:27.401+0000] {logging_mixin.py:188} INFO - Ошибка в коде или неверный json
[2024-06-11T21:29:27.402+0000] {taskinstance.py:441} INFO - ::group::Post task execution logs
[2024-06-11T21:29:27.403+0000] {taskinstance.py:2892} ERROR - Task failed due to SystemExit(1)
[2024-06-11T21:29:27.415+0000] {taskinstance.py:1205} INFO - Marking task as FAILED. dag_id=load_data_mb, task_id=load_index_id_701592, execution_date=20240610T000000, start_date=20240611T212926, end_date=20240611T212927
[2024-06-11T21:29:27.433+0000] {standard_task_runner.py:110} ERROR - Failed to execute job 142 for task load_index_id_701592 (Task failed due to SystemExit(1); 276)
[2024-06-11T21:29:27.460+0000] {local_task_job_runner.py:240} INFO - Task exited with return code 1
[2024-06-11T21:29:27.488+0000] {taskinstance.py:3482} INFO - 0 downstream tasks scheduled from follow-on schedule check
[2024-06-11T21:29:27.491+0000] {local_task_job_runner.py:222} INFO - ::endgroup::
[2024-06-11T21:31:28.927+0000] {local_task_job_runner.py:120} INFO - ::group::Pre task execution logs
[2024-06-11T21:31:28.976+0000] {taskinstance.py:2073} INFO - Dependencies all met for dep_context=non-requeueable deps ti=<TaskInstance: load_data_mb.load_index_id_701592 scheduled__2024-06-10T00:00:00+00:00 [queued]>
[2024-06-11T21:31:28.991+0000] {taskinstance.py:2073} INFO - Dependencies all met for dep_context=requeueable deps ti=<TaskInstance: load_data_mb.load_index_id_701592 scheduled__2024-06-10T00:00:00+00:00 [queued]>
[2024-06-11T21:31:28.992+0000] {taskinstance.py:2303} INFO - Starting attempt 1 of 1
[2024-06-11T21:31:29.017+0000] {taskinstance.py:2327} INFO - Executing <Task(PythonOperator): load_index_id_701592> on 2024-06-10 00:00:00+00:00
[2024-06-11T21:31:29.037+0000] {logging_mixin.py:188} WARNING - /home/***/.local/lib/python3.12/site-packages/***/task/task_runner/standard_task_runner.py:61 DeprecationWarning: This process (pid=418) is multi-threaded, use of fork() may lead to deadlocks in the child.
[2024-06-11T21:31:29.033+0000] {standard_task_runner.py:90} INFO - Running: ['***', 'tasks', 'run', 'load_data_mb', 'load_index_id_701592', 'scheduled__2024-06-10T00:00:00+00:00', '--job-id', '192', '--raw', '--subdir', 'DAGS_FOLDER/load_data_mb.py', '--cfg-path', '/tmp/tmpuumogd_k']
[2024-06-11T21:31:29.039+0000] {standard_task_runner.py:63} INFO - Started process 419 to run task
[2024-06-11T21:31:29.039+0000] {standard_task_runner.py:91} INFO - Job 192: Subtask load_index_id_701592
[2024-06-11T21:31:29.141+0000] {task_command.py:426} INFO - Running <TaskInstance: load_data_mb.load_index_id_701592 scheduled__2024-06-10T00:00:00+00:00 [running]> on host e6f094d2943c
[2024-06-11T21:31:29.282+0000] {taskinstance.py:2644} INFO - Exporting env vars: AIRFLOW_CTX_DAG_OWNER='***' AIRFLOW_CTX_DAG_ID='load_data_mb' AIRFLOW_CTX_TASK_ID='load_index_id_701592' AIRFLOW_CTX_EXECUTION_DATE='2024-06-10T00:00:00+00:00' AIRFLOW_CTX_TRY_NUMBER='1' AIRFLOW_CTX_DAG_RUN_ID='scheduled__2024-06-10T00:00:00+00:00'
[2024-06-11T21:31:29.283+0000] {taskinstance.py:430} INFO - ::endgroup::
[2024-06-11T21:31:29.339+0000] {logging_mixin.py:188} INFO - Ошибка в коде или неверный json
[2024-06-11T21:31:29.340+0000] {taskinstance.py:441} INFO - ::group::Post task execution logs
[2024-06-11T21:31:29.341+0000] {taskinstance.py:2892} ERROR - Task failed due to SystemExit(1)
[2024-06-11T21:31:29.352+0000] {taskinstance.py:1205} INFO - Marking task as FAILED. dag_id=load_data_mb, task_id=load_index_id_701592, execution_date=20240610T000000, start_date=20240611T213128, end_date=20240611T213129
[2024-06-11T21:31:29.375+0000] {standard_task_runner.py:110} ERROR - Failed to execute job 192 for task load_index_id_701592 (Task failed due to SystemExit(1); 419)
[2024-06-11T21:31:29.416+0000] {local_task_job_runner.py:240} INFO - Task exited with return code 1
[2024-06-11T21:31:29.451+0000] {taskinstance.py:3482} INFO - 0 downstream tasks scheduled from follow-on schedule check
[2024-06-11T21:31:29.457+0000] {local_task_job_runner.py:222} INFO - ::endgroup::
[2024-06-11T21:41:34.298+0000] {local_task_job_runner.py:120} INFO - ::group::Pre task execution logs
[2024-06-11T21:41:34.345+0000] {taskinstance.py:2073} INFO - Dependencies all met for dep_context=non-requeueable deps ti=<TaskInstance: load_data_mb.load_index_id_701592 scheduled__2024-06-10T00:00:00+00:00 [queued]>
[2024-06-11T21:41:34.358+0000] {taskinstance.py:2073} INFO - Dependencies all met for dep_context=requeueable deps ti=<TaskInstance: load_data_mb.load_index_id_701592 scheduled__2024-06-10T00:00:00+00:00 [queued]>
[2024-06-11T21:41:34.360+0000] {taskinstance.py:2303} INFO - Starting attempt 1 of 1
[2024-06-11T21:41:34.385+0000] {taskinstance.py:2327} INFO - Executing <Task(PythonOperator): load_index_id_701592> on 2024-06-10 00:00:00+00:00
[2024-06-11T21:41:34.402+0000] {standard_task_runner.py:90} INFO - Running: ['***', 'tasks', 'run', 'load_data_mb', 'load_index_id_701592', 'scheduled__2024-06-10T00:00:00+00:00', '--job-id', '249', '--raw', '--subdir', 'DAGS_FOLDER/load_data.py', '--cfg-path', '/tmp/tmp4l70spbw']
[2024-06-11T21:41:34.407+0000] {standard_task_runner.py:91} INFO - Job 249: Subtask load_index_id_701592
[2024-06-11T21:41:34.410+0000] {logging_mixin.py:188} WARNING - /home/***/.local/lib/python3.12/site-packages/***/task/task_runner/standard_task_runner.py:61 DeprecationWarning: This process (pid=234) is multi-threaded, use of fork() may lead to deadlocks in the child.
[2024-06-11T21:41:34.412+0000] {standard_task_runner.py:63} INFO - Started process 235 to run task
[2024-06-11T21:41:34.490+0000] {task_command.py:426} INFO - Running <TaskInstance: load_data_mb.load_index_id_701592 scheduled__2024-06-10T00:00:00+00:00 [running]> on host 8195540d7f15
[2024-06-11T21:41:34.626+0000] {taskinstance.py:2644} INFO - Exporting env vars: AIRFLOW_CTX_DAG_OWNER='***' AIRFLOW_CTX_DAG_ID='load_data_mb' AIRFLOW_CTX_TASK_ID='load_index_id_701592' AIRFLOW_CTX_EXECUTION_DATE='2024-06-10T00:00:00+00:00' AIRFLOW_CTX_TRY_NUMBER='1' AIRFLOW_CTX_DAG_RUN_ID='scheduled__2024-06-10T00:00:00+00:00'
[2024-06-11T21:41:34.627+0000] {taskinstance.py:430} INFO - ::endgroup::
[2024-06-11T21:41:34.679+0000] {taskinstance.py:441} INFO - ::group::Post task execution logs
[2024-06-11T21:41:34.682+0000] {taskinstance.py:2890} ERROR - Task failed with exception
Traceback (most recent call last):
  File "/home/airflow/.local/lib/python3.12/site-packages/airflow/models/taskinstance.py", line 465, in _execute_task
    result = _execute_callable(context=context, **execute_callable_kwargs)
             ^^^^^^^^^^^^^^^^^^^^^^^^^^^^^^^^^^^^^^^^^^^^^^^^^^^^^^^^^^^^^
  File "/home/airflow/.local/lib/python3.12/site-packages/airflow/models/taskinstance.py", line 432, in _execute_callable
    return execute_callable(context=context, **execute_callable_kwargs)
           ^^^^^^^^^^^^^^^^^^^^^^^^^^^^^^^^^^^^^^^^^^^^^^^^^^^^^^^^^^^^
  File "/home/airflow/.local/lib/python3.12/site-packages/airflow/models/baseoperator.py", line 400, in wrapper
    return func(self, *args, **kwargs)
           ^^^^^^^^^^^^^^^^^^^^^^^^^^^
  File "/home/airflow/.local/lib/python3.12/site-packages/airflow/operators/python.py", line 235, in execute
    return_value = self.execute_callable()
                   ^^^^^^^^^^^^^^^^^^^^^^^
  File "/home/airflow/.local/lib/python3.12/site-packages/airflow/operators/python.py", line 252, in execute_callable
    return self.python_callable(*self.op_args, **self.op_kwargs)
           ^^^^^^^^^^^^^^^^^^^^^^^^^^^^^^^^^^^^^^^^^^^^^^^^^^^^^
  File "/opt/airflow/dags/load_data.py", line 19, in load_index
    print(response.json()["info"])
          ~~~~~~~~~~~~~~~^^^^^^^^
KeyError: 'info'
[2024-06-11T21:41:34.701+0000] {taskinstance.py:1205} INFO - Marking task as FAILED. dag_id=load_data_mb, task_id=load_index_id_701592, execution_date=20240610T000000, start_date=20240611T214134, end_date=20240611T214134
[2024-06-11T21:41:34.720+0000] {standard_task_runner.py:110} ERROR - Failed to execute job 249 for task load_index_id_701592 ('info'; 235)
[2024-06-11T21:41:34.750+0000] {local_task_job_runner.py:240} INFO - Task exited with return code 1
[2024-06-11T21:41:34.774+0000] {taskinstance.py:3482} INFO - 0 downstream tasks scheduled from follow-on schedule check
[2024-06-11T21:41:34.780+0000] {local_task_job_runner.py:222} INFO - ::endgroup::
