[2024-04-28T12:45:02.059+0000] {local_task_job_runner.py:120} INFO - ::group::Pre task execution logs
[2024-04-28T12:45:02.136+0000] {taskinstance.py:2073} INFO - Dependencies all met for dep_context=non-requeueable deps ti=<TaskInstance: load_data_mb.load_index_id_702041 manual__2024-04-28T12:25:28.517410+00:00 [queued]>
[2024-04-28T12:45:02.167+0000] {taskinstance.py:2073} INFO - Dependencies all met for dep_context=requeueable deps ti=<TaskInstance: load_data_mb.load_index_id_702041 manual__2024-04-28T12:25:28.517410+00:00 [queued]>
[2024-04-28T12:45:02.169+0000] {taskinstance.py:2303} INFO - Starting attempt 1 of 1
[2024-04-28T12:45:02.215+0000] {taskinstance.py:2327} INFO - Executing <Task(PythonOperator): load_index_id_702041> on 2024-04-28 12:25:28.517410+00:00
[2024-04-28T12:45:02.232+0000] {standard_task_runner.py:90} INFO - Running: ['***', 'tasks', 'run', 'load_data_mb', 'load_index_id_702041', 'manual__2024-04-28T12:25:28.517410+00:00', '--job-id', '326', '--raw', '--subdir', 'DAGS_FOLDER/load_data_mb.py', '--cfg-path', '/tmp/tmpq1cg39gp']
[2024-04-28T12:45:02.238+0000] {standard_task_runner.py:91} INFO - Job 326: Subtask load_index_id_702041
[2024-04-28T12:45:02.256+0000] {logging_mixin.py:188} WARNING - /home/***/.local/lib/python3.12/site-packages/***/task/task_runner/standard_task_runner.py:61 DeprecationWarning: This process (pid=24056) is multi-threaded, use of fork() may lead to deadlocks in the child.
[2024-04-28T12:45:02.258+0000] {standard_task_runner.py:63} INFO - Started process 24057 to run task
[2024-04-28T12:45:02.355+0000] {task_command.py:426} INFO - Running <TaskInstance: load_data_mb.load_index_id_702041 manual__2024-04-28T12:25:28.517410+00:00 [running]> on host d933ead87eb5
[2024-04-28T12:45:02.520+0000] {taskinstance.py:2644} INFO - Exporting env vars: AIRFLOW_CTX_DAG_OWNER='***' AIRFLOW_CTX_DAG_ID='load_data_mb' AIRFLOW_CTX_TASK_ID='load_index_id_702041' AIRFLOW_CTX_EXECUTION_DATE='2024-04-28T12:25:28.517410+00:00' AIRFLOW_CTX_TRY_NUMBER='1' AIRFLOW_CTX_DAG_RUN_ID='manual__2024-04-28T12:25:28.517410+00:00'
[2024-04-28T12:45:02.521+0000] {taskinstance.py:430} INFO - ::endgroup::
[2024-04-28T12:45:14.334+0000] {logging_mixin.py:188} INFO - {'index_name': 'Индекс физического объема розничной торговли', 'index_id': 702041, 'dic_names': ['Регионы', 'Тип местности и административное деление', 'Виды товаров', 'Соотнесение периодов', 'Типы правовых единиц', 'Услуги внутренней торговли'], 'period_name': 'Год', 'info': 'нет новых данных'}
[2024-04-28T12:45:14.336+0000] {logging_mixin.py:188} INFO - {'index_name': 'Индекс физического объема розничной торговли', 'index_id': 702041, 'dic_names': ['Регионы', 'Тип местности и административное деление', 'Соотнесение периодов', 'Структура товаров для месячной формы'], 'period_name': 'Месяц с накоплением', 'info': 'нет новых данных'}
[2024-04-28T12:45:14.336+0000] {logging_mixin.py:188} INFO - {'index_name': 'Индекс физического объема розничной торговли', 'index_id': 702041, 'dic_names': ['Регионы', 'Торгующие предприятия, организации, рынки и индивидуальные предприниматели', 'Соотнесение периодов'], 'period_name': 'Месяц', 'info': 'нет новых данных'}
[2024-04-28T12:45:14.337+0000] {logging_mixin.py:188} INFO - {'index_name': 'Индекс физического объема розничной торговли', 'index_id': 702041, 'dic_names': ['Регионы', 'Тип местности и административное деление', 'Соотнесение периодов', 'Структура товаров для месячной формы'], 'period_name': 'Месяц', 'info': 'нет новых данных'}
[2024-04-28T12:45:14.338+0000] {logging_mixin.py:188} INFO - {'index_name': 'Индекс физического объема розничной торговли', 'index_id': 702041, 'dic_names': ['Регионы', 'Торгующие предприятия, организации, рынки и индивидуальные предприниматели', 'Соотнесение периодов'], 'period_name': 'Месяц с накоплением', 'info': 'нет новых данных'}
[2024-04-28T12:45:14.339+0000] {python.py:237} INFO - Done. Returned value was: None
[2024-04-28T12:45:14.341+0000] {taskinstance.py:441} INFO - ::group::Post task execution logs
[2024-04-28T12:45:14.354+0000] {taskinstance.py:1205} INFO - Marking task as SUCCESS. dag_id=load_data_mb, task_id=load_index_id_702041, execution_date=20240428T122528, start_date=20240428T124502, end_date=20240428T124514
[2024-04-28T12:45:14.390+0000] {local_task_job_runner.py:240} INFO - Task exited with return code 0
[2024-04-28T12:45:14.419+0000] {taskinstance.py:3482} INFO - 0 downstream tasks scheduled from follow-on schedule check
[2024-04-28T12:45:14.424+0000] {local_task_job_runner.py:222} INFO - ::endgroup::
