[2024-04-28T12:41:10.827+0000] {local_task_job_runner.py:120} INFO - ::group::Pre task execution logs
[2024-04-28T12:41:10.876+0000] {taskinstance.py:2073} INFO - Dependencies all met for dep_context=non-requeueable deps ti=<TaskInstance: load_data_mb.load_index_id_704449 manual__2024-04-28T12:25:28.517410+00:00 [queued]>
[2024-04-28T12:41:10.889+0000] {taskinstance.py:2073} INFO - Dependencies all met for dep_context=requeueable deps ti=<TaskInstance: load_data_mb.load_index_id_704449 manual__2024-04-28T12:25:28.517410+00:00 [queued]>
[2024-04-28T12:41:10.890+0000] {taskinstance.py:2303} INFO - Starting attempt 1 of 1
[2024-04-28T12:41:10.925+0000] {taskinstance.py:2327} INFO - Executing <Task(PythonOperator): load_index_id_704449> on 2024-04-28 12:25:28.517410+00:00
[2024-04-28T12:41:10.937+0000] {standard_task_runner.py:90} INFO - Running: ['***', 'tasks', 'run', 'load_data_mb', 'load_index_id_704449', 'manual__2024-04-28T12:25:28.517410+00:00', '--job-id', '312', '--raw', '--subdir', 'DAGS_FOLDER/load_data_mb.py', '--cfg-path', '/tmp/tmp76e2mbup']
[2024-04-28T12:41:10.942+0000] {standard_task_runner.py:91} INFO - Job 312: Subtask load_index_id_704449
[2024-04-28T12:41:10.985+0000] {logging_mixin.py:188} WARNING - /home/***/.local/lib/python3.12/site-packages/***/task/task_runner/standard_task_runner.py:61 DeprecationWarning: This process (pid=23946) is multi-threaded, use of fork() may lead to deadlocks in the child.
[2024-04-28T12:41:10.987+0000] {standard_task_runner.py:63} INFO - Started process 23947 to run task
[2024-04-28T12:41:11.033+0000] {task_command.py:426} INFO - Running <TaskInstance: load_data_mb.load_index_id_704449 manual__2024-04-28T12:25:28.517410+00:00 [running]> on host d933ead87eb5
[2024-04-28T12:41:11.169+0000] {taskinstance.py:2644} INFO - Exporting env vars: AIRFLOW_CTX_DAG_OWNER='***' AIRFLOW_CTX_DAG_ID='load_data_mb' AIRFLOW_CTX_TASK_ID='load_index_id_704449' AIRFLOW_CTX_EXECUTION_DATE='2024-04-28T12:25:28.517410+00:00' AIRFLOW_CTX_TRY_NUMBER='1' AIRFLOW_CTX_DAG_RUN_ID='manual__2024-04-28T12:25:28.517410+00:00'
[2024-04-28T12:41:11.171+0000] {taskinstance.py:430} INFO - ::endgroup::
[2024-04-28T12:41:20.584+0000] {logging_mixin.py:188} INFO - {'index_name': 'индекс реальных денежных доходов', 'index_id': 704449, 'dic_names': ['Регионы'], 'period_name': 'Год', 'info': 'нет новых данных'}
[2024-04-28T12:41:20.585+0000] {logging_mixin.py:188} INFO - {'index_name': 'индекс реальных денежных доходов', 'index_id': 704449, 'dic_names': ['Регионы'], 'period_name': 'Квартал', 'info': 'нет новых данных'}
[2024-04-28T12:41:20.587+0000] {logging_mixin.py:188} INFO - {'index_name': 'индекс реальных денежных доходов', 'index_id': 704449, 'dic_names': ['Регионы'], 'period_name': 'Месяц', 'info': 'нет новых данных'}
[2024-04-28T12:41:20.588+0000] {logging_mixin.py:188} INFO - {'index_name': 'индекс реальных денежных доходов', 'index_id': 704449, 'dic_names': ['Регионы'], 'period_name': 'Месяц с накоплением', 'info': 'нет новых данных'}
[2024-04-28T12:41:20.589+0000] {python.py:237} INFO - Done. Returned value was: None
[2024-04-28T12:41:20.591+0000] {taskinstance.py:441} INFO - ::group::Post task execution logs
[2024-04-28T12:41:20.606+0000] {taskinstance.py:1205} INFO - Marking task as SUCCESS. dag_id=load_data_mb, task_id=load_index_id_704449, execution_date=20240428T122528, start_date=20240428T124110, end_date=20240428T124120
[2024-04-28T12:41:20.639+0000] {local_task_job_runner.py:240} INFO - Task exited with return code 0
[2024-04-28T12:41:20.668+0000] {taskinstance.py:3482} INFO - 0 downstream tasks scheduled from follow-on schedule check
[2024-04-28T12:41:20.674+0000] {local_task_job_runner.py:222} INFO - ::endgroup::
