[2024-04-30T00:15:53.721+0000] {local_task_job_runner.py:120} INFO - ::group::Pre task execution logs
[2024-04-30T00:15:53.784+0000] {taskinstance.py:2073} INFO - Dependencies all met for dep_context=non-requeueable deps ti=<TaskInstance: load_data_mb.load_index_id_701852 scheduled__2024-04-29T00:00:00+00:00 [queued]>
[2024-04-30T00:15:53.805+0000] {taskinstance.py:2073} INFO - Dependencies all met for dep_context=requeueable deps ti=<TaskInstance: load_data_mb.load_index_id_701852 scheduled__2024-04-29T00:00:00+00:00 [queued]>
[2024-04-30T00:15:53.806+0000] {taskinstance.py:2303} INFO - Starting attempt 1 of 1
[2024-04-30T00:15:53.831+0000] {taskinstance.py:2327} INFO - Executing <Task(PythonOperator): load_index_id_701852> on 2024-04-29 00:00:00+00:00
[2024-04-30T00:15:53.845+0000] {standard_task_runner.py:90} INFO - Running: ['***', 'tasks', 'run', 'load_data_mb', 'load_index_id_701852', 'scheduled__2024-04-29T00:00:00+00:00', '--job-id', '391', '--raw', '--subdir', 'DAGS_FOLDER/load_data_mb.py', '--cfg-path', '/tmp/tmpgxij12rm']
[2024-04-30T00:15:53.850+0000] {standard_task_runner.py:91} INFO - Job 391: Subtask load_index_id_701852
[2024-04-30T00:15:53.873+0000] {logging_mixin.py:188} WARNING - /home/***/.local/lib/python3.12/site-packages/***/task/task_runner/standard_task_runner.py:61 DeprecationWarning: This process (pid=7249) is multi-threaded, use of fork() may lead to deadlocks in the child.
[2024-04-30T00:15:53.875+0000] {standard_task_runner.py:63} INFO - Started process 7250 to run task
[2024-04-30T00:15:53.922+0000] {task_command.py:426} INFO - Running <TaskInstance: load_data_mb.load_index_id_701852 scheduled__2024-04-29T00:00:00+00:00 [running]> on host d933ead87eb5
[2024-04-30T00:15:54.092+0000] {taskinstance.py:2644} INFO - Exporting env vars: AIRFLOW_CTX_DAG_OWNER='***' AIRFLOW_CTX_DAG_ID='load_data_mb' AIRFLOW_CTX_TASK_ID='load_index_id_701852' AIRFLOW_CTX_EXECUTION_DATE='2024-04-29T00:00:00+00:00' AIRFLOW_CTX_TRY_NUMBER='1' AIRFLOW_CTX_DAG_RUN_ID='scheduled__2024-04-29T00:00:00+00:00'
[2024-04-30T00:15:54.094+0000] {taskinstance.py:430} INFO - ::endgroup::
[2024-04-30T00:16:13.774+0000] {logging_mixin.py:188} INFO - {'index_name': 'индекс физического объема инвестиций в основной капитал по направлениям использования', 'index_id': 701852, 'dic_names': ['Регионы', 'Виды экономической деятельности', 'Тип местности и административное деление', 'Формы и видов собственности', 'Соотнесение периодов'], 'period_name': 'Год', 'info': 'нет новых данных'}
[2024-04-30T00:16:13.775+0000] {logging_mixin.py:188} INFO - {'index_name': 'индекс физического объема инвестиций в основной капитал по направлениям использования', 'index_id': 701852, 'dic_names': ['Регионы', 'Виды экономической деятельности', 'Тип местности и административное деление', 'Формы и видов собственности', 'Соотнесение периодов'], 'period_name': 'Месяц с накоплением', 'info': 'нет новых данных'}
[2024-04-30T00:16:13.775+0000] {logging_mixin.py:188} INFO - {'index_name': 'индекс физического объема инвестиций в основной капитал по направлениям использования', 'index_id': 701852, 'dic_names': ['Регионы', 'Виды экономической деятельности', 'Тип местности и административное деление', 'Размерность юридических лиц, филиалов и представительств, а также субъектов индивидуального предпринимательства по численности работников', 'Соотнесение периодов'], 'period_name': 'Месяц с накоплением', 'info': 'нет новых данных'}
[2024-04-30T00:16:13.776+0000] {logging_mixin.py:188} INFO - {'index_name': 'индекс физического объема инвестиций в основной капитал по направлениям использования', 'index_id': 701852, 'dic_names': ['Регионы', 'Тип местности и административное деление', 'Соотнесение периодов', 'Виды экономической деятельности'], 'period_name': 'Месяц с накоплением', 'info': 'нет новых данных'}
[2024-04-30T00:16:13.777+0000] {logging_mixin.py:188} INFO - {'index_name': 'индекс физического объема инвестиций в основной капитал по направлениям использования', 'index_id': 701852, 'dic_names': ['Регионы', 'Формы и видов собственности', 'Соотнесение периодов', 'Виды экономической деятельности'], 'period_name': 'Месяц с накоплением', 'info': 'нет новых данных'}
[2024-04-30T00:16:13.778+0000] {logging_mixin.py:188} INFO - {'index_name': 'индекс физического объема инвестиций в основной капитал по направлениям использования', 'index_id': 701852, 'dic_names': ['Регионы', 'Размерность юридических лиц, филиалов и представительств, а также субъектов индивидуального предпринимательства по численности работников', 'Соотнесение периодов', 'Виды экономической деятельности'], 'period_name': 'Месяц с накоплением', 'info': 'нет новых данных'}
[2024-04-30T00:16:13.779+0000] {logging_mixin.py:188} INFO - {'index_name': 'индекс физического объема инвестиций в основной капитал по направлениям использования', 'index_id': 701852, 'dic_names': ['Регионы', 'Виды экономической деятельности', 'Тип местности и административное деление', 'Размерность юридических лиц, филиалов и представительств, а также субъектов индивидуального предпринимательства по численности работников', 'Формы и видов собственности', 'Соотнесение периодов'], 'period_name': 'Месяц с накоплением', 'info': 'нет новых данных'}
[2024-04-30T00:16:13.780+0000] {python.py:237} INFO - Done. Returned value was: None
[2024-04-30T00:16:13.781+0000] {taskinstance.py:441} INFO - ::group::Post task execution logs
[2024-04-30T00:16:13.795+0000] {taskinstance.py:1205} INFO - Marking task as SUCCESS. dag_id=load_data_mb, task_id=load_index_id_701852, execution_date=20240429T000000, start_date=20240430T001553, end_date=20240430T001613
[2024-04-30T00:16:13.823+0000] {local_task_job_runner.py:240} INFO - Task exited with return code 0
[2024-04-30T00:16:13.844+0000] {taskinstance.py:3482} INFO - 0 downstream tasks scheduled from follow-on schedule check
[2024-04-30T00:16:13.848+0000] {local_task_job_runner.py:222} INFO - ::endgroup::
