[2024-04-28T01:23:35.375+0000] {local_task_job_runner.py:120} INFO - ::group::Pre task execution logs
[2024-04-28T01:23:35.423+0000] {taskinstance.py:2073} INFO - Dependencies all met for dep_context=non-requeueable deps ti=<TaskInstance: load_data_mb.load_index_id_4023004 manual__2024-04-27T22:35:33.025533+00:00 [queued]>
[2024-04-28T01:23:35.434+0000] {taskinstance.py:2073} INFO - Dependencies all met for dep_context=requeueable deps ti=<TaskInstance: load_data_mb.load_index_id_4023004 manual__2024-04-27T22:35:33.025533+00:00 [queued]>
[2024-04-28T01:23:35.435+0000] {taskinstance.py:2303} INFO - Starting attempt 1 of 1
[2024-04-28T01:23:35.455+0000] {taskinstance.py:2327} INFO - Executing <Task(PythonOperator): load_index_id_4023004> on 2024-04-27 22:35:33.025533+00:00
[2024-04-28T01:23:35.465+0000] {standard_task_runner.py:90} INFO - Running: ['***', 'tasks', 'run', 'load_data_mb', 'load_index_id_4023004', 'manual__2024-04-27T22:35:33.025533+00:00', '--job-id', '251', '--raw', '--subdir', 'DAGS_FOLDER/load_data_mb.py', '--cfg-path', '/tmp/tmpohiu0jiz']
[2024-04-28T01:23:35.468+0000] {standard_task_runner.py:91} INFO - Job 251: Subtask load_index_id_4023004
[2024-04-28T01:23:35.471+0000] {logging_mixin.py:188} WARNING - /home/***/.local/lib/python3.12/site-packages/***/task/task_runner/standard_task_runner.py:61 DeprecationWarning: This process (pid=8908) is multi-threaded, use of fork() may lead to deadlocks in the child.
[2024-04-28T01:23:35.473+0000] {standard_task_runner.py:63} INFO - Started process 8914 to run task
[2024-04-28T01:23:35.531+0000] {task_command.py:426} INFO - Running <TaskInstance: load_data_mb.load_index_id_4023004 manual__2024-04-27T22:35:33.025533+00:00 [running]> on host d933ead87eb5
[2024-04-28T01:23:35.669+0000] {taskinstance.py:2644} INFO - Exporting env vars: AIRFLOW_CTX_DAG_OWNER='***' AIRFLOW_CTX_DAG_ID='load_data_mb' AIRFLOW_CTX_TASK_ID='load_index_id_4023004' AIRFLOW_CTX_EXECUTION_DATE='2024-04-27T22:35:33.025533+00:00' AIRFLOW_CTX_TRY_NUMBER='1' AIRFLOW_CTX_DAG_RUN_ID='manual__2024-04-27T22:35:33.025533+00:00'
[2024-04-28T01:23:35.671+0000] {taskinstance.py:430} INFO - ::endgroup::
[2024-04-28T01:24:12.163+0000] {logging_mixin.py:188} INFO - Ошибка в коде или неверный json
[2024-04-28T01:24:12.164+0000] {taskinstance.py:441} INFO - ::group::Post task execution logs
[2024-04-28T01:24:12.165+0000] {taskinstance.py:2892} ERROR - Task failed due to SystemExit(1)
[2024-04-28T01:24:12.176+0000] {taskinstance.py:1205} INFO - Marking task as FAILED. dag_id=load_data_mb, task_id=load_index_id_4023004, execution_date=20240427T223533, start_date=20240428T012335, end_date=20240428T012412
[2024-04-28T01:24:12.197+0000] {standard_task_runner.py:110} ERROR - Failed to execute job 251 for task load_index_id_4023004 (Task failed due to SystemExit(1); 8914)
[2024-04-28T01:24:12.247+0000] {local_task_job_runner.py:240} INFO - Task exited with return code 1
[2024-04-28T01:24:12.269+0000] {taskinstance.py:3482} INFO - 0 downstream tasks scheduled from follow-on schedule check
[2024-04-28T01:24:12.275+0000] {local_task_job_runner.py:222} INFO - ::endgroup::
