[2024-04-27T19:20:24.376+0000] {local_task_job_runner.py:120} INFO - ::group::Pre task execution logs
[2024-04-27T19:20:24.453+0000] {taskinstance.py:2073} INFO - Dependencies all met for dep_context=non-requeueable deps ti=<TaskInstance: load_data_mb.load_index_id_2709379 manual__2024-04-27T19:19:13.871454+00:00 [queued]>
[2024-04-27T19:20:24.476+0000] {taskinstance.py:2073} INFO - Dependencies all met for dep_context=requeueable deps ti=<TaskInstance: load_data_mb.load_index_id_2709379 manual__2024-04-27T19:19:13.871454+00:00 [queued]>
[2024-04-27T19:20:24.478+0000] {taskinstance.py:2303} INFO - Starting attempt 1 of 4
[2024-04-27T19:20:24.508+0000] {taskinstance.py:2327} INFO - Executing <Task(PythonOperator): load_index_id_2709379> on 2024-04-27 19:19:13.871454+00:00
[2024-04-27T19:20:24.523+0000] {standard_task_runner.py:90} INFO - Running: ['***', 'tasks', 'run', 'load_data_mb', 'load_index_id_2709379', 'manual__2024-04-27T19:19:13.871454+00:00', '--job-id', '200', '--raw', '--subdir', 'DAGS_FOLDER/python_op.py', '--cfg-path', '/tmp/tmpzh1frlys']
[2024-04-27T19:20:24.527+0000] {standard_task_runner.py:91} INFO - Job 200: Subtask load_index_id_2709379
[2024-04-27T19:20:24.532+0000] {logging_mixin.py:188} WARNING - /home/***/.local/lib/python3.12/site-packages/***/task/task_runner/standard_task_runner.py:61 DeprecationWarning: This process (pid=683) is multi-threaded, use of fork() may lead to deadlocks in the child.
[2024-04-27T19:20:24.534+0000] {standard_task_runner.py:63} INFO - Started process 684 to run task
[2024-04-27T19:20:24.618+0000] {task_command.py:426} INFO - Running <TaskInstance: load_data_mb.load_index_id_2709379 manual__2024-04-27T19:19:13.871454+00:00 [running]> on host d933ead87eb5
[2024-04-27T19:20:24.758+0000] {taskinstance.py:2644} INFO - Exporting env vars: AIRFLOW_CTX_DAG_OWNER='***' AIRFLOW_CTX_DAG_ID='load_data_mb' AIRFLOW_CTX_TASK_ID='load_index_id_2709379' AIRFLOW_CTX_EXECUTION_DATE='2024-04-27T19:19:13.871454+00:00' AIRFLOW_CTX_TRY_NUMBER='1' AIRFLOW_CTX_DAG_RUN_ID='manual__2024-04-27T19:19:13.871454+00:00'
[2024-04-27T19:20:24.759+0000] {taskinstance.py:430} INFO - ::endgroup::
[2024-04-27T19:20:31.111+0000] {logging_mixin.py:188} INFO - {"status":"success","info":[{"index_name":"Валовой внутренний продукт методом производства","dic_names":["Регионы"],"period_name":"Квартал с накоплением","info":"нет новых данных"},{"index_name":"Валовой внутренний продукт методом производства","dic_names":["Регионы"],"period_name":"Год","info":"загружены актуальные данные"}]}
[2024-04-27T19:20:31.112+0000] {logging_mixin.py:188} INFO - <bound method Response.json of <Response [201]>>
[2024-04-27T19:20:31.113+0000] {python.py:237} INFO - Done. Returned value was: None
[2024-04-27T19:20:31.114+0000] {taskinstance.py:441} INFO - ::group::Post task execution logs
[2024-04-27T19:20:31.131+0000] {taskinstance.py:1205} INFO - Marking task as SUCCESS. dag_id=load_data_mb, task_id=load_index_id_2709379, execution_date=20240427T191913, start_date=20240427T192024, end_date=20240427T192031
[2024-04-27T19:20:31.201+0000] {local_task_job_runner.py:240} INFO - Task exited with return code 0
[2024-04-27T19:20:31.238+0000] {taskinstance.py:3482} INFO - 0 downstream tasks scheduled from follow-on schedule check
[2024-04-27T19:20:31.247+0000] {local_task_job_runner.py:222} INFO - ::endgroup::
