[2024-05-02T08:23:41.257+0000] {local_task_job_runner.py:120} INFO - ::group::Pre task execution logs
[2024-05-02T08:23:41.386+0000] {taskinstance.py:2073} INFO - Dependencies all met for dep_context=non-requeueable deps ti=<TaskInstance: load_data_mb.load_index_id_2979005 scheduled__2024-04-30T00:00:00+00:00 [queued]>
[2024-05-02T08:23:41.440+0000] {taskinstance.py:2073} INFO - Dependencies all met for dep_context=requeueable deps ti=<TaskInstance: load_data_mb.load_index_id_2979005 scheduled__2024-04-30T00:00:00+00:00 [queued]>
[2024-05-02T08:23:41.443+0000] {taskinstance.py:2303} INFO - Starting attempt 1 of 1
[2024-05-02T08:23:41.515+0000] {taskinstance.py:2327} INFO - Executing <Task(PythonOperator): load_index_id_2979005> on 2024-04-30 00:00:00+00:00
[2024-05-02T08:23:41.541+0000] {standard_task_runner.py:90} INFO - Running: ['***', 'tasks', 'run', 'load_data_mb', 'load_index_id_2979005', 'scheduled__2024-04-30T00:00:00+00:00', '--job-id', '425', '--raw', '--subdir', 'DAGS_FOLDER/load_data_mb.py', '--cfg-path', '/tmp/tmp_47u57iz']
[2024-05-02T08:23:41.557+0000] {standard_task_runner.py:91} INFO - Job 425: Subtask load_index_id_2979005
[2024-05-02T08:23:41.562+0000] {logging_mixin.py:188} WARNING - /home/***/.local/lib/python3.12/site-packages/***/task/task_runner/standard_task_runner.py:61 DeprecationWarning: This process (pid=846) is multi-threaded, use of fork() may lead to deadlocks in the child.
[2024-05-02T08:23:41.566+0000] {standard_task_runner.py:63} INFO - Started process 847 to run task
[2024-05-02T08:23:41.735+0000] {task_command.py:426} INFO - Running <TaskInstance: load_data_mb.load_index_id_2979005 scheduled__2024-04-30T00:00:00+00:00 [running]> on host d933ead87eb5
[2024-05-02T08:23:41.960+0000] {taskinstance.py:2644} INFO - Exporting env vars: AIRFLOW_CTX_DAG_OWNER='***' AIRFLOW_CTX_DAG_ID='load_data_mb' AIRFLOW_CTX_TASK_ID='load_index_id_2979005' AIRFLOW_CTX_EXECUTION_DATE='2024-04-30T00:00:00+00:00' AIRFLOW_CTX_TRY_NUMBER='1' AIRFLOW_CTX_DAG_RUN_ID='scheduled__2024-04-30T00:00:00+00:00'
[2024-05-02T08:23:41.963+0000] {taskinstance.py:430} INFO - ::endgroup::
[2024-05-02T08:23:49.673+0000] {logging_mixin.py:188} INFO - {'index_name': 'индекс физического объема валового внутреннего продукта методом производства', 'index_id': 2979005, 'dic_names': ['Регионы'], 'period_name': 'Квартал с накоплением', 'info': 'ошибка талдау', 'error_code': 500}
[2024-05-02T08:23:49.675+0000] {logging_mixin.py:188} INFO - {'index_name': 'индекс физического объема валового внутреннего продукта методом производства', 'index_id': 2979005, 'dic_names': ['Регионы'], 'period_name': 'Месяц с накоплением', 'info': 'ошибка талдау', 'error_code': 500}
[2024-05-02T08:23:49.676+0000] {logging_mixin.py:188} INFO - {'index_name': 'индекс физического объема валового внутреннего продукта методом производства', 'index_id': 2979005, 'dic_names': ['Регионы'], 'period_name': 'Год', 'info': 'ошибка талдау', 'error_code': 500}
[2024-05-02T08:23:49.679+0000] {python.py:237} INFO - Done. Returned value was: None
[2024-05-02T08:23:49.681+0000] {taskinstance.py:441} INFO - ::group::Post task execution logs
[2024-05-02T08:23:49.705+0000] {taskinstance.py:1205} INFO - Marking task as SUCCESS. dag_id=load_data_mb, task_id=load_index_id_2979005, execution_date=20240430T000000, start_date=20240502T082341, end_date=20240502T082349
[2024-05-02T08:23:49.775+0000] {local_task_job_runner.py:240} INFO - Task exited with return code 0
[2024-05-02T08:23:49.817+0000] {taskinstance.py:3482} INFO - 0 downstream tasks scheduled from follow-on schedule check
[2024-05-02T08:23:49.822+0000] {local_task_job_runner.py:222} INFO - ::endgroup::
