[2024-04-25T20:53:26.275+0000] {local_task_job_runner.py:120} INFO - ::group::Pre task execution logs
[2024-04-25T20:53:26.356+0000] {taskinstance.py:2073} INFO - Dependencies all met for dep_context=non-requeueable deps ti=<TaskInstance: my_dag.task_4 manual__2024-04-25T20:53:24.518427+00:00 [queued]>
[2024-04-25T20:53:26.376+0000] {taskinstance.py:2073} INFO - Dependencies all met for dep_context=requeueable deps ti=<TaskInstance: my_dag.task_4 manual__2024-04-25T20:53:24.518427+00:00 [queued]>
[2024-04-25T20:53:26.380+0000] {taskinstance.py:2303} INFO - Starting attempt 1 of 4
[2024-04-25T20:53:26.425+0000] {taskinstance.py:2327} INFO - Executing <Task(PythonOperator): task_4> on 2024-04-25 20:53:24.518427+00:00
[2024-04-25T20:53:26.448+0000] {logging_mixin.py:188} WARNING - /home/***/.local/lib/python3.12/site-packages/***/task/task_runner/standard_task_runner.py:61 DeprecationWarning: This process (pid=1080) is multi-threaded, use of fork() may lead to deadlocks in the child.
[2024-04-25T20:53:26.447+0000] {standard_task_runner.py:90} INFO - Running: ['***', 'tasks', 'run', 'my_dag', 'task_4', 'manual__2024-04-25T20:53:24.518427+00:00', '--job-id', '116', '--raw', '--subdir', 'DAGS_FOLDER/python_op.py', '--cfg-path', '/tmp/tmpywgk070r']
[2024-04-25T20:53:26.452+0000] {standard_task_runner.py:91} INFO - Job 116: Subtask task_4
[2024-04-25T20:53:26.453+0000] {standard_task_runner.py:63} INFO - Started process 1088 to run task
[2024-04-25T20:53:26.584+0000] {task_command.py:426} INFO - Running <TaskInstance: my_dag.task_4 manual__2024-04-25T20:53:24.518427+00:00 [running]> on host f9a12f9b65d4
[2024-04-25T20:53:26.837+0000] {taskinstance.py:2644} INFO - Exporting env vars: AIRFLOW_CTX_DAG_OWNER='***' AIRFLOW_CTX_DAG_ID='my_dag' AIRFLOW_CTX_TASK_ID='task_4' AIRFLOW_CTX_EXECUTION_DATE='2024-04-25T20:53:24.518427+00:00' AIRFLOW_CTX_TRY_NUMBER='1' AIRFLOW_CTX_DAG_RUN_ID='manual__2024-04-25T20:53:24.518427+00:00'
[2024-04-25T20:53:26.839+0000] {taskinstance.py:430} INFO - ::endgroup::
[2024-04-25T20:53:26.869+0000] {logging_mixin.py:188} INFO - 4
[2024-04-25T20:53:26.870+0000] {logging_mixin.py:188} INFO - test
[2024-04-25T20:53:26.870+0000] {python.py:237} INFO - Done. Returned value was: None
[2024-04-25T20:53:26.872+0000] {taskinstance.py:441} INFO - ::group::Post task execution logs
[2024-04-25T20:53:26.897+0000] {taskinstance.py:1205} INFO - Marking task as SUCCESS. dag_id=my_dag, task_id=task_4, execution_date=20240425T205324, start_date=20240425T205326, end_date=20240425T205326
[2024-04-25T20:53:26.962+0000] {local_task_job_runner.py:240} INFO - Task exited with return code 0
[2024-04-25T20:53:27.000+0000] {taskinstance.py:3482} INFO - 0 downstream tasks scheduled from follow-on schedule check
[2024-04-25T20:53:27.007+0000] {local_task_job_runner.py:222} INFO - ::endgroup::
