[2024-05-02T08:18:41.278+0000] {local_task_job_runner.py:120} INFO - ::group::Pre task execution logs
[2024-05-02T08:18:41.327+0000] {taskinstance.py:2073} INFO - Dependencies all met for dep_context=non-requeueable deps ti=<TaskInstance: load_data_mb.load_index_id_19722414 scheduled__2024-04-30T00:00:00+00:00 [queued]>
[2024-05-02T08:18:41.341+0000] {taskinstance.py:2073} INFO - Dependencies all met for dep_context=requeueable deps ti=<TaskInstance: load_data_mb.load_index_id_19722414 scheduled__2024-04-30T00:00:00+00:00 [queued]>
[2024-05-02T08:18:41.343+0000] {taskinstance.py:2303} INFO - Starting attempt 1 of 1
[2024-05-02T08:18:41.367+0000] {taskinstance.py:2327} INFO - Executing <Task(PythonOperator): load_index_id_19722414> on 2024-04-30 00:00:00+00:00
[2024-05-02T08:18:41.376+0000] {standard_task_runner.py:90} INFO - Running: ['***', 'tasks', 'run', 'load_data_mb', 'load_index_id_19722414', 'scheduled__2024-04-30T00:00:00+00:00', '--job-id', '405', '--raw', '--subdir', 'DAGS_FOLDER/load_data_mb.py', '--cfg-path', '/tmp/tmpzwhc8dmo']
[2024-05-02T08:18:41.380+0000] {standard_task_runner.py:91} INFO - Job 405: Subtask load_index_id_19722414
[2024-05-02T08:18:41.381+0000] {logging_mixin.py:188} WARNING - /home/***/.local/lib/python3.12/site-packages/***/task/task_runner/standard_task_runner.py:61 DeprecationWarning: This process (pid=695) is multi-threaded, use of fork() may lead to deadlocks in the child.
[2024-05-02T08:18:41.383+0000] {standard_task_runner.py:63} INFO - Started process 696 to run task
[2024-05-02T08:18:41.451+0000] {task_command.py:426} INFO - Running <TaskInstance: load_data_mb.load_index_id_19722414 scheduled__2024-04-30T00:00:00+00:00 [running]> on host d933ead87eb5
[2024-05-02T08:18:41.597+0000] {taskinstance.py:2644} INFO - Exporting env vars: AIRFLOW_CTX_DAG_OWNER='***' AIRFLOW_CTX_DAG_ID='load_data_mb' AIRFLOW_CTX_TASK_ID='load_index_id_19722414' AIRFLOW_CTX_EXECUTION_DATE='2024-04-30T00:00:00+00:00' AIRFLOW_CTX_TRY_NUMBER='1' AIRFLOW_CTX_DAG_RUN_ID='scheduled__2024-04-30T00:00:00+00:00'
[2024-05-02T08:18:41.599+0000] {taskinstance.py:430} INFO - ::endgroup::
[2024-05-02T08:18:50.122+0000] {logging_mixin.py:188} INFO - {'index_name': 'Количество зарегистрированных субъектов МСП', 'index_id': 19722414, 'dic_names': ['Регионы'], 'period_name': 'Год', 'info': 'ошибка талдау', 'error_code': 500}
[2024-05-02T08:18:50.126+0000] {logging_mixin.py:188} INFO - {'index_name': 'Количество зарегистрированных субъектов МСП', 'index_id': 19722414, 'dic_names': ['Регионы', 'Виды экономической деятельности'], 'period_name': 'Год', 'info': 'ошибка талдау', 'error_code': 500}
[2024-05-02T08:18:50.128+0000] {logging_mixin.py:188} INFO - {'index_name': 'Количество зарегистрированных субъектов МСП', 'index_id': 19722414, 'dic_names': ['Регионы', 'Виды экономической деятельности', 'Размерность юридических лиц, филиалов и представительств, а также субъектов индивидуального предпринимательства по численности работников'], 'period_name': 'Год', 'info': 'ошибка талдау', 'error_code': 500}
[2024-05-02T08:18:50.131+0000] {logging_mixin.py:188} INFO - {'index_name': 'Количество зарегистрированных субъектов МСП', 'index_id': 19722414, 'dic_names': ['Регионы', 'Виды экономической деятельности', 'Размерность юридических лиц, филиалов и представительств, а также субъектов индивидуального предпринимательства по численности работников'], 'period_name': 'Квартал с накоплением', 'info': 'ошибка талдау', 'error_code': 500}
[2024-05-02T08:18:50.133+0000] {python.py:237} INFO - Done. Returned value was: None
[2024-05-02T08:18:50.136+0000] {taskinstance.py:441} INFO - ::group::Post task execution logs
[2024-05-02T08:18:50.177+0000] {taskinstance.py:1205} INFO - Marking task as SUCCESS. dag_id=load_data_mb, task_id=load_index_id_19722414, execution_date=20240430T000000, start_date=20240502T081841, end_date=20240502T081850
[2024-05-02T08:18:50.274+0000] {local_task_job_runner.py:240} INFO - Task exited with return code 0
[2024-05-02T08:18:50.303+0000] {taskinstance.py:3482} INFO - 0 downstream tasks scheduled from follow-on schedule check
[2024-05-02T08:18:50.310+0000] {local_task_job_runner.py:222} INFO - ::endgroup::
