[2024-04-27T19:29:42.843+0000] {local_task_job_runner.py:120} INFO - ::group::Pre task execution logs
[2024-04-27T19:29:42.900+0000] {taskinstance.py:2073} INFO - Dependencies all met for dep_context=non-requeueable deps ti=<TaskInstance: load_data_mb.load_index_id_2979005 manual__2024-04-27T19:29:13.289065+00:00 [queued]>
[2024-04-27T19:29:42.915+0000] {taskinstance.py:2073} INFO - Dependencies all met for dep_context=requeueable deps ti=<TaskInstance: load_data_mb.load_index_id_2979005 manual__2024-04-27T19:29:13.289065+00:00 [queued]>
[2024-04-27T19:29:42.917+0000] {taskinstance.py:2303} INFO - Starting attempt 1 of 4
[2024-04-27T19:29:42.948+0000] {taskinstance.py:2327} INFO - Executing <Task(PythonOperator): load_index_id_2979005> on 2024-04-27 19:29:13.289065+00:00
[2024-04-27T19:29:42.964+0000] {standard_task_runner.py:90} INFO - Running: ['***', 'tasks', 'run', 'load_data_mb', 'load_index_id_2979005', 'manual__2024-04-27T19:29:13.289065+00:00', '--job-id', '215', '--raw', '--subdir', 'DAGS_FOLDER/python_op.py', '--cfg-path', '/tmp/tmpqvmw1xx8']
[2024-04-27T19:29:42.971+0000] {standard_task_runner.py:91} INFO - Job 215: Subtask load_index_id_2979005
[2024-04-27T19:29:42.970+0000] {logging_mixin.py:188} WARNING - /home/***/.local/lib/python3.12/site-packages/***/task/task_runner/standard_task_runner.py:61 DeprecationWarning: This process (pid=1017) is multi-threaded, use of fork() may lead to deadlocks in the child.
[2024-04-27T19:29:42.973+0000] {standard_task_runner.py:63} INFO - Started process 1018 to run task
[2024-04-27T19:29:43.066+0000] {task_command.py:426} INFO - Running <TaskInstance: load_data_mb.load_index_id_2979005 manual__2024-04-27T19:29:13.289065+00:00 [running]> on host d933ead87eb5
[2024-04-27T19:29:43.317+0000] {taskinstance.py:2644} INFO - Exporting env vars: AIRFLOW_CTX_DAG_OWNER='***' AIRFLOW_CTX_DAG_ID='load_data_mb' AIRFLOW_CTX_TASK_ID='load_index_id_2979005' AIRFLOW_CTX_EXECUTION_DATE='2024-04-27T19:29:13.289065+00:00' AIRFLOW_CTX_TRY_NUMBER='1' AIRFLOW_CTX_DAG_RUN_ID='manual__2024-04-27T19:29:13.289065+00:00'
[2024-04-27T19:29:43.320+0000] {taskinstance.py:430} INFO - ::endgroup::
[2024-04-27T19:29:51.816+0000] {logging_mixin.py:188} INFO - {'index_name': 'индекс физического объема валового внутреннего продукта методом производства', 'dic_names': ['Регионы'], 'period_name': 'Квартал с накоплением', 'info': 'нет новых данных'}
[2024-04-27T19:29:51.817+0000] {logging_mixin.py:188} INFO - {'index_name': 'индекс физического объема валового внутреннего продукта методом производства', 'dic_names': ['Регионы'], 'period_name': 'Месяц с накоплением', 'info': 'нет новых данных'}
[2024-04-27T19:29:51.819+0000] {logging_mixin.py:188} INFO - {'index_name': 'индекс физического объема валового внутреннего продукта методом производства', 'dic_names': ['Регионы'], 'period_name': 'Год', 'info': 'загружены актуальные данные'}
[2024-04-27T19:29:51.820+0000] {python.py:237} INFO - Done. Returned value was: None
[2024-04-27T19:29:51.822+0000] {taskinstance.py:441} INFO - ::group::Post task execution logs
[2024-04-27T19:29:51.842+0000] {taskinstance.py:1205} INFO - Marking task as SUCCESS. dag_id=load_data_mb, task_id=load_index_id_2979005, execution_date=20240427T192913, start_date=20240427T192942, end_date=20240427T192951
[2024-04-27T19:29:51.912+0000] {local_task_job_runner.py:240} INFO - Task exited with return code 0
[2024-04-27T19:29:51.948+0000] {taskinstance.py:3482} INFO - 0 downstream tasks scheduled from follow-on schedule check
[2024-04-27T19:29:51.955+0000] {local_task_job_runner.py:222} INFO - ::endgroup::
