[2024-04-25T20:59:57.049+0000] {local_task_job_runner.py:120} INFO - ::group::Pre task execution logs
[2024-04-25T20:59:57.167+0000] {taskinstance.py:2073} INFO - Dependencies all met for dep_context=non-requeueable deps ti=<TaskInstance: my_dag.task_7 manual__2024-04-25T20:59:54.642786+00:00 [queued]>
[2024-04-25T20:59:57.229+0000] {taskinstance.py:2073} INFO - Dependencies all met for dep_context=requeueable deps ti=<TaskInstance: my_dag.task_7 manual__2024-04-25T20:59:54.642786+00:00 [queued]>
[2024-04-25T20:59:57.247+0000] {taskinstance.py:2303} INFO - Starting attempt 1 of 4
[2024-04-25T20:59:57.370+0000] {taskinstance.py:2327} INFO - Executing <Task(PythonOperator): task_7> on 2024-04-25 20:59:54.642786+00:00
[2024-04-25T20:59:57.442+0000] {logging_mixin.py:188} WARNING - /home/***/.local/lib/python3.12/site-packages/***/task/task_runner/standard_task_runner.py:61 DeprecationWarning: This process (pid=1293) is multi-threaded, use of fork() may lead to deadlocks in the child.
[2024-04-25T20:59:57.570+0000] {standard_task_runner.py:63} INFO - Started process 1304 to run task
[2024-04-25T20:59:57.562+0000] {standard_task_runner.py:90} INFO - Running: ['***', 'tasks', 'run', 'my_dag', 'task_7', 'manual__2024-04-25T20:59:54.642786+00:00', '--job-id', '119', '--raw', '--subdir', 'DAGS_FOLDER/python_op.py', '--cfg-path', '/tmp/tmpv5inqqo_']
[2024-04-25T20:59:57.613+0000] {standard_task_runner.py:91} INFO - Job 119: Subtask task_7
[2024-04-25T20:59:59.556+0000] {task_command.py:426} INFO - Running <TaskInstance: my_dag.task_7 manual__2024-04-25T20:59:54.642786+00:00 [running]> on host f9a12f9b65d4
[2024-04-25T21:00:02.788+0000] {taskinstance.py:2644} INFO - Exporting env vars: AIRFLOW_CTX_DAG_OWNER='***' AIRFLOW_CTX_DAG_ID='my_dag' AIRFLOW_CTX_TASK_ID='task_7' AIRFLOW_CTX_EXECUTION_DATE='2024-04-25T20:59:54.642786+00:00' AIRFLOW_CTX_TRY_NUMBER='1' AIRFLOW_CTX_DAG_RUN_ID='manual__2024-04-25T20:59:54.642786+00:00'
[2024-04-25T21:00:02.795+0000] {taskinstance.py:430} INFO - ::endgroup::
[2024-04-25T21:00:02.905+0000] {logging_mixin.py:188} INFO - 7
[2024-04-25T21:00:17.907+0000] {logging_mixin.py:188} INFO - test
[2024-04-25T21:00:17.908+0000] {python.py:237} INFO - Done. Returned value was: None
[2024-04-25T21:00:17.915+0000] {taskinstance.py:441} INFO - ::group::Post task execution logs
[2024-04-25T21:00:18.053+0000] {taskinstance.py:1205} INFO - Marking task as SUCCESS. dag_id=my_dag, task_id=task_7, execution_date=20240425T205954, start_date=20240425T205957, end_date=20240425T210018
[2024-04-25T21:00:18.764+0000] {local_task_job_runner.py:240} INFO - Task exited with return code 0
[2024-04-25T21:00:19.061+0000] {taskinstance.py:3482} INFO - 0 downstream tasks scheduled from follow-on schedule check
[2024-04-25T21:00:19.076+0000] {local_task_job_runner.py:222} INFO - ::endgroup::
