[2024-05-14T09:59:47.149+0000] {local_task_job_runner.py:120} INFO - ::group::Pre task execution logs
[2024-05-14T09:59:47.204+0000] {taskinstance.py:2073} INFO - Dependencies all met for dep_context=non-requeueable deps ti=<TaskInstance: load_data_mb.load_index_id_19722414 scheduled__2024-05-02T00:00:00+00:00 [queued]>
[2024-05-14T09:59:47.222+0000] {taskinstance.py:2073} INFO - Dependencies all met for dep_context=requeueable deps ti=<TaskInstance: load_data_mb.load_index_id_19722414 scheduled__2024-05-02T00:00:00+00:00 [queued]>
[2024-05-14T09:59:47.223+0000] {taskinstance.py:2303} INFO - Starting attempt 1 of 1
[2024-05-14T09:59:47.245+0000] {taskinstance.py:2327} INFO - Executing <Task(PythonOperator): load_index_id_19722414> on 2024-05-02 00:00:00+00:00
[2024-05-14T09:59:47.254+0000] {standard_task_runner.py:90} INFO - Running: ['***', 'tasks', 'run', 'load_data_mb', 'load_index_id_19722414', 'scheduled__2024-05-02T00:00:00+00:00', '--job-id', '499', '--raw', '--subdir', 'DAGS_FOLDER/load_data_mb.py', '--cfg-path', '/tmp/tmpdxpgmrpz']
[2024-05-14T09:59:47.259+0000] {standard_task_runner.py:91} INFO - Job 499: Subtask load_index_id_19722414
[2024-05-14T09:59:47.259+0000] {logging_mixin.py:188} WARNING - /home/***/.local/lib/python3.12/site-packages/***/task/task_runner/standard_task_runner.py:61 DeprecationWarning: This process (pid=222) is multi-threaded, use of fork() may lead to deadlocks in the child.
[2024-05-14T09:59:47.261+0000] {standard_task_runner.py:63} INFO - Started process 223 to run task
[2024-05-14T09:59:47.365+0000] {task_command.py:426} INFO - Running <TaskInstance: load_data_mb.load_index_id_19722414 scheduled__2024-05-02T00:00:00+00:00 [running]> on host d933ead87eb5
[2024-05-14T09:59:47.539+0000] {taskinstance.py:2644} INFO - Exporting env vars: AIRFLOW_CTX_DAG_OWNER='***' AIRFLOW_CTX_DAG_ID='load_data_mb' AIRFLOW_CTX_TASK_ID='load_index_id_19722414' AIRFLOW_CTX_EXECUTION_DATE='2024-05-02T00:00:00+00:00' AIRFLOW_CTX_TRY_NUMBER='1' AIRFLOW_CTX_DAG_RUN_ID='scheduled__2024-05-02T00:00:00+00:00'
[2024-05-14T09:59:47.540+0000] {taskinstance.py:430} INFO - ::endgroup::
[2024-05-14T09:59:57.717+0000] {logging_mixin.py:188} INFO - {'index_name': 'Количество зарегистрированных субъектов МСП', 'index_id': 19722414, 'dic_names': ['Регионы'], 'period_name': 'Год', 'info': 'нет новых данных'}
[2024-05-14T09:59:57.718+0000] {logging_mixin.py:188} INFO - {'index_name': 'Количество зарегистрированных субъектов МСП', 'index_id': 19722414, 'dic_names': ['Регионы', 'Виды экономической деятельности'], 'period_name': 'Год', 'info': 'нет новых данных'}
[2024-05-14T09:59:57.719+0000] {logging_mixin.py:188} INFO - {'index_name': 'Количество зарегистрированных субъектов МСП', 'index_id': 19722414, 'dic_names': ['Регионы', 'Виды экономической деятельности', 'Размерность юридических лиц, филиалов и представительств, а также субъектов индивидуального предпринимательства по численности работников'], 'period_name': 'Год', 'info': 'нет новых данных'}
[2024-05-14T09:59:57.721+0000] {logging_mixin.py:188} INFO - {'index_name': 'Количество зарегистрированных субъектов МСП', 'index_id': 19722414, 'dic_names': ['Регионы', 'Виды экономической деятельности', 'Размерность юридических лиц, филиалов и представительств, а также субъектов индивидуального предпринимательства по численности работников'], 'period_name': 'Квартал с накоплением', 'info': 'нет новых данных'}
[2024-05-14T09:59:57.722+0000] {python.py:237} INFO - Done. Returned value was: None
[2024-05-14T09:59:57.724+0000] {taskinstance.py:441} INFO - ::group::Post task execution logs
[2024-05-14T09:59:57.740+0000] {taskinstance.py:1205} INFO - Marking task as SUCCESS. dag_id=load_data_mb, task_id=load_index_id_19722414, execution_date=20240502T000000, start_date=20240514T095947, end_date=20240514T095957
[2024-05-14T09:59:57.776+0000] {local_task_job_runner.py:240} INFO - Task exited with return code 0
[2024-05-14T09:59:57.802+0000] {taskinstance.py:3482} INFO - 0 downstream tasks scheduled from follow-on schedule check
[2024-05-14T09:59:57.805+0000] {local_task_job_runner.py:222} INFO - ::endgroup::
