[2024-06-11T21:45:23.877+0000] {local_task_job_runner.py:120} INFO - ::group::Pre task execution logs
[2024-06-11T21:45:23.925+0000] {taskinstance.py:2073} INFO - Dependencies all met for dep_context=non-requeueable deps ti=<TaskInstance: load_data_mb.load_index_id_704498 manual__2024-06-11T21:41:03.459046+00:00 [queued]>
[2024-06-11T21:45:23.942+0000] {taskinstance.py:2073} INFO - Dependencies all met for dep_context=requeueable deps ti=<TaskInstance: load_data_mb.load_index_id_704498 manual__2024-06-11T21:41:03.459046+00:00 [queued]>
[2024-06-11T21:45:23.943+0000] {taskinstance.py:2303} INFO - Starting attempt 1 of 1
[2024-06-11T21:45:23.971+0000] {taskinstance.py:2327} INFO - Executing <Task(PythonOperator): load_index_id_704498> on 2024-06-11 21:41:03.459046+00:00
[2024-06-11T21:45:23.984+0000] {standard_task_runner.py:90} INFO - Running: ['***', 'tasks', 'run', 'load_data_mb', 'load_index_id_704498', 'manual__2024-06-11T21:41:03.459046+00:00', '--job-id', '276', '--raw', '--subdir', 'DAGS_FOLDER/load_data.py', '--cfg-path', '/tmp/tmp3d2yd1p0']
[2024-06-11T21:45:23.989+0000] {standard_task_runner.py:91} INFO - Job 276: Subtask load_index_id_704498
[2024-06-11T21:45:23.994+0000] {logging_mixin.py:188} WARNING - /home/***/.local/lib/python3.12/site-packages/***/task/task_runner/standard_task_runner.py:61 DeprecationWarning: This process (pid=221) is multi-threaded, use of fork() may lead to deadlocks in the child.
[2024-06-11T21:45:23.997+0000] {standard_task_runner.py:63} INFO - Started process 222 to run task
[2024-06-11T21:45:24.061+0000] {task_command.py:426} INFO - Running <TaskInstance: load_data_mb.load_index_id_704498 manual__2024-06-11T21:41:03.459046+00:00 [running]> on host f7fd8afd804e
[2024-06-11T21:45:24.191+0000] {taskinstance.py:2644} INFO - Exporting env vars: AIRFLOW_CTX_DAG_OWNER='***' AIRFLOW_CTX_DAG_ID='load_data_mb' AIRFLOW_CTX_TASK_ID='load_index_id_704498' AIRFLOW_CTX_EXECUTION_DATE='2024-06-11T21:41:03.459046+00:00' AIRFLOW_CTX_TRY_NUMBER='1' AIRFLOW_CTX_DAG_RUN_ID='manual__2024-06-11T21:41:03.459046+00:00'
[2024-06-11T21:45:24.192+0000] {taskinstance.py:430} INFO - ::endgroup::
[2024-06-11T21:45:24.245+0000] {logging_mixin.py:188} INFO - Ошибка в коде или неверный json
[2024-06-11T21:45:24.247+0000] {taskinstance.py:441} INFO - ::group::Post task execution logs
[2024-06-11T21:45:24.248+0000] {taskinstance.py:2892} ERROR - Task failed due to SystemExit(1)
[2024-06-11T21:45:24.260+0000] {taskinstance.py:1205} INFO - Marking task as FAILED. dag_id=load_data_mb, task_id=load_index_id_704498, execution_date=20240611T214103, start_date=20240611T214523, end_date=20240611T214524
[2024-06-11T21:45:24.281+0000] {standard_task_runner.py:110} ERROR - Failed to execute job 276 for task load_index_id_704498 (Task failed due to SystemExit(1); 222)
[2024-06-11T21:45:24.293+0000] {local_task_job_runner.py:240} INFO - Task exited with return code 1
[2024-06-11T21:45:24.319+0000] {taskinstance.py:3482} INFO - 0 downstream tasks scheduled from follow-on schedule check
[2024-06-11T21:45:24.325+0000] {local_task_job_runner.py:222} INFO - ::endgroup::
