[2024-05-15T07:22:38.795+0000] {local_task_job_runner.py:120} INFO - ::group::Pre task execution logs
[2024-05-15T07:22:38.925+0000] {taskinstance.py:2073} INFO - Dependencies all met for dep_context=non-requeueable deps ti=<TaskInstance: load_data_mb.load_index_id_701830 scheduled__2024-05-14T00:00:00+00:00 [queued]>
[2024-05-15T07:22:38.959+0000] {taskinstance.py:2073} INFO - Dependencies all met for dep_context=requeueable deps ti=<TaskInstance: load_data_mb.load_index_id_701830 scheduled__2024-05-14T00:00:00+00:00 [queued]>
[2024-05-15T07:22:38.961+0000] {taskinstance.py:2303} INFO - Starting attempt 1 of 1
[2024-05-15T07:22:38.997+0000] {taskinstance.py:2327} INFO - Executing <Task(PythonOperator): load_index_id_701830> on 2024-05-14 00:00:00+00:00
[2024-05-15T07:22:39.010+0000] {standard_task_runner.py:90} INFO - Running: ['***', 'tasks', 'run', 'load_data_mb', 'load_index_id_701830', 'scheduled__2024-05-14T00:00:00+00:00', '--job-id', '576', '--raw', '--subdir', 'DAGS_FOLDER/load_data_mb.py', '--cfg-path', '/tmp/tmpdnu0l8b9']
[2024-05-15T07:22:39.014+0000] {standard_task_runner.py:91} INFO - Job 576: Subtask load_index_id_701830
[2024-05-15T07:22:39.017+0000] {logging_mixin.py:188} WARNING - /home/***/.local/lib/python3.12/site-packages/***/task/task_runner/standard_task_runner.py:61 DeprecationWarning: This process (pid=485) is multi-threaded, use of fork() may lead to deadlocks in the child.
[2024-05-15T07:22:39.020+0000] {standard_task_runner.py:63} INFO - Started process 492 to run task
[2024-05-15T07:22:39.102+0000] {task_command.py:426} INFO - Running <TaskInstance: load_data_mb.load_index_id_701830 scheduled__2024-05-14T00:00:00+00:00 [running]> on host d933ead87eb5
[2024-05-15T07:22:39.296+0000] {taskinstance.py:2644} INFO - Exporting env vars: AIRFLOW_CTX_DAG_OWNER='***' AIRFLOW_CTX_DAG_ID='load_data_mb' AIRFLOW_CTX_TASK_ID='load_index_id_701830' AIRFLOW_CTX_EXECUTION_DATE='2024-05-14T00:00:00+00:00' AIRFLOW_CTX_TRY_NUMBER='1' AIRFLOW_CTX_DAG_RUN_ID='scheduled__2024-05-14T00:00:00+00:00'
[2024-05-15T07:22:39.298+0000] {taskinstance.py:430} INFO - ::endgroup::
[2024-05-15T07:23:20.267+0000] {logging_mixin.py:188} INFO - {'index_name': 'Инвестиции в основной капитал по направлениям использования', 'index_id': 701830, 'dic_names': ['Регионы', 'Виды экономической деятельности', 'Формы и видов собственности', 'Типы правовых единиц'], 'period_name': 'Год', 'info': 'ошибка талдау', 'error_code': 500}
[2024-05-15T07:23:20.268+0000] {logging_mixin.py:188} INFO - {'index_name': 'Инвестиции в основной капитал по направлениям использования', 'index_id': 701830, 'dic_names': ['Регионы', 'Тип местности и административное деление', 'Формы и видов собственности', 'Источник финансирования', 'Виды экономической деятельности'], 'period_name': 'Год', 'info': 'ошибка талдау', 'error_code': 500}
[2024-05-15T07:23:20.269+0000] {logging_mixin.py:188} INFO - {'index_name': 'Инвестиции в основной капитал по направлениям использования', 'index_id': 701830, 'dic_names': ['Регионы', 'Тип местности и административное деление', 'Размерность юридических лиц, филиалов и представительств, а также субъектов индивидуального предпринимательства по численности работников', 'Виды экономической деятельности', 'Виды затрат в объеме инвестиций в основной капитал'], 'period_name': 'Год', 'info': 'ошибка талдау', 'error_code': 500}
[2024-05-15T07:23:20.270+0000] {logging_mixin.py:188} INFO - {'index_name': 'Инвестиции в основной капитал по направлениям использования', 'index_id': 701830, 'dic_names': ['Регионы', 'Тип местности и административное деление', 'Формы и видов собственности', 'Виды экономической деятельности', 'Виды затрат в объеме инвестиций в основной капитал'], 'period_name': 'Год', 'info': 'ошибка талдау', 'error_code': 500}
[2024-05-15T07:23:20.270+0000] {logging_mixin.py:188} INFO - {'index_name': 'Инвестиции в основной капитал по направлениям использования', 'index_id': 701830, 'dic_names': ['Регионы', 'Виды экономической деятельности', 'Тип местности и административное деление', 'Размерность юридических лиц, филиалов и представительств, а также субъектов индивидуального предпринимательства по численности работников', 'Формы и видов собственности', 'Источник финансирования'], 'period_name': 'Год', 'info': 'ошибка талдау', 'error_code': 500}
[2024-05-15T07:23:20.271+0000] {logging_mixin.py:188} INFO - {'index_name': 'Инвестиции в основной капитал по направлениям использования', 'index_id': 701830, 'dic_names': ['Регионы', 'Виды экономической деятельности', 'Организационно-правовые формы хозяйствования'], 'period_name': 'Месяц', 'info': 'ошибка талдау', 'error_code': 500}
[2024-05-15T07:23:20.272+0000] {logging_mixin.py:188} INFO - {'index_name': 'Инвестиции в основной капитал по направлениям использования', 'index_id': 701830, 'dic_names': ['Регионы', 'Виды экономической деятельности', 'Сектора экономики'], 'period_name': 'Месяц', 'info': 'ошибка талдау', 'error_code': 500}
[2024-05-15T07:23:20.273+0000] {logging_mixin.py:188} INFO - {'index_name': 'Инвестиции в основной капитал по направлениям использования', 'index_id': 701830, 'dic_names': ['Регионы', 'Формы и видов собственности', 'Источник финансирования', 'Виды экономической деятельности'], 'period_name': 'Месяц', 'info': 'ошибка талдау', 'error_code': 500}
[2024-05-15T07:23:20.275+0000] {logging_mixin.py:188} INFO - {'index_name': 'Инвестиции в основной капитал по направлениям использования', 'index_id': 701830, 'dic_names': ['Регионы', 'Размерность юридических лиц, филиалов и представительств, а также субъектов индивидуального предпринимательства по численности работников', 'Источник финансирования', 'Виды экономической деятельности'], 'period_name': 'Месяц', 'info': 'ошибка талдау', 'error_code': 500}
[2024-05-15T07:23:20.276+0000] {logging_mixin.py:188} INFO - {'index_name': 'Инвестиции в основной капитал по направлениям использования', 'index_id': 701830, 'dic_names': ['Регионы', 'Виды экономической деятельности', 'Тип местности и административное деление', 'Размерность юридических лиц, филиалов и представительств, а также субъектов индивидуального предпринимательства по численности работников', 'Источник финансирования'], 'period_name': 'Месяц', 'info': 'ошибка талдау', 'error_code': 500}
[2024-05-15T07:23:20.277+0000] {logging_mixin.py:188} INFO - {'index_name': 'Инвестиции в основной капитал по направлениям использования', 'index_id': 701830, 'dic_names': ['Регионы', 'Виды экономической деятельности', 'Тип местности и административное деление', 'Формы и видов собственности', 'Источник финансирования'], 'period_name': 'Месяц', 'info': 'ошибка талдау', 'error_code': 500}
[2024-05-15T07:23:20.278+0000] {logging_mixin.py:188} INFO - {'index_name': 'Инвестиции в основной капитал по направлениям использования', 'index_id': 701830, 'dic_names': ['Регионы', 'Виды экономической деятельности', 'Тип местности и административное деление', 'Размерность юридических лиц, филиалов и представительств, а также субъектов индивидуального предпринимательства по численности работников', 'Формы и видов собственности', 'Источник финансирования'], 'period_name': 'Месяц', 'info': 'ошибка талдау', 'error_code': 500}
[2024-05-15T07:23:20.278+0000] {logging_mixin.py:188} INFO - {'index_name': 'Инвестиции в основной капитал по направлениям использования', 'index_id': 701830, 'dic_names': ['Регионы', 'Виды экономической деятельности', 'Сектора экономики'], 'period_name': 'Месяц с накоплением', 'info': 'ошибка талдау', 'error_code': 500}
[2024-05-15T07:23:20.280+0000] {logging_mixin.py:188} INFO - {'index_name': 'Инвестиции в основной капитал по направлениям использования', 'index_id': 701830, 'dic_names': ['Регионы', 'Виды экономической деятельности', 'Организационно-правовые формы хозяйствования'], 'period_name': 'Месяц с накоплением', 'info': 'ошибка талдау', 'error_code': 500}
[2024-05-15T07:23:20.281+0000] {logging_mixin.py:188} INFO - {'index_name': 'Инвестиции в основной капитал по направлениям использования', 'index_id': 701830, 'dic_names': ['Регионы', 'Размерность юридических лиц, филиалов и представительств, а также субъектов индивидуального предпринимательства по численности работников', 'Источник финансирования', 'Виды экономической деятельности'], 'period_name': 'Месяц с накоплением', 'info': 'ошибка талдау', 'error_code': 500}
[2024-05-15T07:23:20.281+0000] {logging_mixin.py:188} INFO - {'index_name': 'Инвестиции в основной капитал по направлениям использования', 'index_id': 701830, 'dic_names': ['Регионы', 'Формы и видов собственности', 'Источник финансирования', 'Виды экономической деятельности'], 'period_name': 'Месяц с накоплением', 'info': 'ошибка талдау', 'error_code': 500}
[2024-05-15T07:23:20.282+0000] {logging_mixin.py:188} INFO - {'index_name': 'Инвестиции в основной капитал по направлениям использования', 'index_id': 701830, 'dic_names': ['Регионы', 'Виды экономической деятельности', 'Тип местности и административное деление', 'Размерность юридических лиц, филиалов и представительств, а также субъектов индивидуального предпринимательства по численности работников', 'Источник финансирования'], 'period_name': 'Месяц с накоплением', 'info': 'ошибка талдау', 'error_code': 500}
[2024-05-15T07:23:20.283+0000] {logging_mixin.py:188} INFO - {'index_name': 'Инвестиции в основной капитал по направлениям использования', 'index_id': 701830, 'dic_names': ['Регионы', 'Виды экономической деятельности', 'Тип местности и административное деление', 'Формы и видов собственности', 'Источник финансирования'], 'period_name': 'Месяц с накоплением', 'info': 'ошибка талдау', 'error_code': 500}
[2024-05-15T07:23:20.284+0000] {logging_mixin.py:188} INFO - {'index_name': 'Инвестиции в основной капитал по направлениям использования', 'index_id': 701830, 'dic_names': ['Регионы', 'Виды экономической деятельности', 'Тип местности и административное деление', 'Размерность юридических лиц, филиалов и представительств, а также субъектов индивидуального предпринимательства по численности работников', 'Формы и видов собственности', 'Источник финансирования'], 'period_name': 'Месяц с накоплением', 'info': 'ошибка талдау', 'error_code': 500}
[2024-05-15T07:23:20.284+0000] {python.py:237} INFO - Done. Returned value was: None
[2024-05-15T07:23:20.285+0000] {taskinstance.py:441} INFO - ::group::Post task execution logs
[2024-05-15T07:23:20.312+0000] {taskinstance.py:1205} INFO - Marking task as SUCCESS. dag_id=load_data_mb, task_id=load_index_id_701830, execution_date=20240514T000000, start_date=20240515T072238, end_date=20240515T072320
[2024-05-15T07:23:20.363+0000] {local_task_job_runner.py:240} INFO - Task exited with return code 0
[2024-05-15T07:23:20.389+0000] {taskinstance.py:3482} INFO - 0 downstream tasks scheduled from follow-on schedule check
[2024-05-15T07:23:20.394+0000] {local_task_job_runner.py:222} INFO - ::endgroup::
