[2024-05-14T09:59:09.512+0000] {local_task_job_runner.py:120} INFO - ::group::Pre task execution logs
[2024-05-14T09:59:09.556+0000] {taskinstance.py:2073} INFO - Dependencies all met for dep_context=non-requeueable deps ti=<TaskInstance: load_data_mb.load_index_id_704447 scheduled__2024-05-02T00:00:00+00:00 [queued]>
[2024-05-14T09:59:09.568+0000] {taskinstance.py:2073} INFO - Dependencies all met for dep_context=requeueable deps ti=<TaskInstance: load_data_mb.load_index_id_704447 scheduled__2024-05-02T00:00:00+00:00 [queued]>
[2024-05-14T09:59:09.569+0000] {taskinstance.py:2303} INFO - Starting attempt 1 of 1
[2024-05-14T09:59:09.590+0000] {taskinstance.py:2327} INFO - Executing <Task(PythonOperator): load_index_id_704447> on 2024-05-02 00:00:00+00:00
[2024-05-14T09:59:09.599+0000] {standard_task_runner.py:90} INFO - Running: ['***', 'tasks', 'run', 'load_data_mb', 'load_index_id_704447', 'scheduled__2024-05-02T00:00:00+00:00', '--job-id', '495', '--raw', '--subdir', 'DAGS_FOLDER/load_data_mb.py', '--cfg-path', '/tmp/tmp81jsfj7m']
[2024-05-14T09:59:09.603+0000] {standard_task_runner.py:91} INFO - Job 495: Subtask load_index_id_704447
[2024-05-14T09:59:09.604+0000] {logging_mixin.py:188} WARNING - /home/***/.local/lib/python3.12/site-packages/***/task/task_runner/standard_task_runner.py:61 DeprecationWarning: This process (pid=202) is multi-threaded, use of fork() may lead to deadlocks in the child.
[2024-05-14T09:59:09.606+0000] {standard_task_runner.py:63} INFO - Started process 203 to run task
[2024-05-14T09:59:09.670+0000] {task_command.py:426} INFO - Running <TaskInstance: load_data_mb.load_index_id_704447 scheduled__2024-05-02T00:00:00+00:00 [running]> on host d933ead87eb5
[2024-05-14T09:59:09.811+0000] {taskinstance.py:2644} INFO - Exporting env vars: AIRFLOW_CTX_DAG_OWNER='***' AIRFLOW_CTX_DAG_ID='load_data_mb' AIRFLOW_CTX_TASK_ID='load_index_id_704447' AIRFLOW_CTX_EXECUTION_DATE='2024-05-02T00:00:00+00:00' AIRFLOW_CTX_TRY_NUMBER='1' AIRFLOW_CTX_DAG_RUN_ID='scheduled__2024-05-02T00:00:00+00:00'
[2024-05-14T09:59:09.813+0000] {taskinstance.py:430} INFO - ::endgroup::
[2024-05-14T09:59:16.179+0000] {logging_mixin.py:188} INFO - {'index_name': 'Среднедушевые номинальные денежные доходы населения', 'index_id': 704447, 'dic_names': ['Регионы'], 'period_name': 'Год', 'info': 'ошибка талдау', 'error_code': 500}
[2024-05-14T09:59:16.182+0000] {logging_mixin.py:188} INFO - {'index_name': 'Среднедушевые номинальные денежные доходы населения', 'index_id': 704447, 'dic_names': ['Регионы'], 'period_name': 'Квартал', 'info': 'ошибка талдау', 'error_code': 500}
[2024-05-14T09:59:16.183+0000] {logging_mixin.py:188} INFO - {'index_name': 'Среднедушевые номинальные денежные доходы населения', 'index_id': 704447, 'dic_names': ['Регионы'], 'period_name': 'Месяц', 'info': 'ошибка талдау', 'error_code': 500}
[2024-05-14T09:59:16.186+0000] {python.py:237} INFO - Done. Returned value was: None
[2024-05-14T09:59:16.187+0000] {taskinstance.py:441} INFO - ::group::Post task execution logs
[2024-05-14T09:59:16.211+0000] {taskinstance.py:1205} INFO - Marking task as SUCCESS. dag_id=load_data_mb, task_id=load_index_id_704447, execution_date=20240502T000000, start_date=20240514T095909, end_date=20240514T095916
[2024-05-14T09:59:16.262+0000] {local_task_job_runner.py:240} INFO - Task exited with return code 0
[2024-05-14T09:59:16.295+0000] {taskinstance.py:3482} INFO - 0 downstream tasks scheduled from follow-on schedule check
[2024-05-14T09:59:16.298+0000] {local_task_job_runner.py:222} INFO - ::endgroup::
