[2024-04-25T20:53:26.271+0000] {local_task_job_runner.py:120} INFO - ::group::Pre task execution logs
[2024-04-25T20:53:26.350+0000] {taskinstance.py:2073} INFO - Dependencies all met for dep_context=non-requeueable deps ti=<TaskInstance: my_dag.task_3 manual__2024-04-25T20:53:24.518427+00:00 [queued]>
[2024-04-25T20:53:26.370+0000] {taskinstance.py:2073} INFO - Dependencies all met for dep_context=requeueable deps ti=<TaskInstance: my_dag.task_3 manual__2024-04-25T20:53:24.518427+00:00 [queued]>
[2024-04-25T20:53:26.371+0000] {taskinstance.py:2303} INFO - Starting attempt 1 of 4
[2024-04-25T20:53:26.408+0000] {taskinstance.py:2327} INFO - Executing <Task(PythonOperator): task_3> on 2024-04-25 20:53:24.518427+00:00
[2024-04-25T20:53:26.430+0000] {logging_mixin.py:188} WARNING - /home/***/.local/lib/python3.12/site-packages/***/task/task_runner/standard_task_runner.py:61 DeprecationWarning: This process (pid=1083) is multi-threaded, use of fork() may lead to deadlocks in the child.
[2024-04-25T20:53:26.433+0000] {standard_task_runner.py:63} INFO - Started process 1084 to run task
[2024-04-25T20:53:26.424+0000] {standard_task_runner.py:90} INFO - Running: ['***', 'tasks', 'run', 'my_dag', 'task_3', 'manual__2024-04-25T20:53:24.518427+00:00', '--job-id', '113', '--raw', '--subdir', 'DAGS_FOLDER/python_op.py', '--cfg-path', '/tmp/tmpsza53hzs']
[2024-04-25T20:53:26.434+0000] {standard_task_runner.py:91} INFO - Job 113: Subtask task_3
[2024-04-25T20:53:26.583+0000] {task_command.py:426} INFO - Running <TaskInstance: my_dag.task_3 manual__2024-04-25T20:53:24.518427+00:00 [running]> on host f9a12f9b65d4
[2024-04-25T20:53:26.853+0000] {taskinstance.py:2644} INFO - Exporting env vars: AIRFLOW_CTX_DAG_OWNER='***' AIRFLOW_CTX_DAG_ID='my_dag' AIRFLOW_CTX_TASK_ID='task_3' AIRFLOW_CTX_EXECUTION_DATE='2024-04-25T20:53:24.518427+00:00' AIRFLOW_CTX_TRY_NUMBER='1' AIRFLOW_CTX_DAG_RUN_ID='manual__2024-04-25T20:53:24.518427+00:00'
[2024-04-25T20:53:26.855+0000] {taskinstance.py:430} INFO - ::endgroup::
[2024-04-25T20:53:26.889+0000] {logging_mixin.py:188} INFO - 3
[2024-04-25T20:53:26.890+0000] {logging_mixin.py:188} INFO - test
[2024-04-25T20:53:26.891+0000] {python.py:237} INFO - Done. Returned value was: None
[2024-04-25T20:53:26.892+0000] {taskinstance.py:441} INFO - ::group::Post task execution logs
[2024-04-25T20:53:26.914+0000] {taskinstance.py:1205} INFO - Marking task as SUCCESS. dag_id=my_dag, task_id=task_3, execution_date=20240425T205324, start_date=20240425T205326, end_date=20240425T205326
[2024-04-25T20:53:26.987+0000] {local_task_job_runner.py:240} INFO - Task exited with return code 0
[2024-04-25T20:53:27.091+0000] {taskinstance.py:3482} INFO - 0 downstream tasks scheduled from follow-on schedule check
[2024-04-25T20:53:27.112+0000] {local_task_job_runner.py:222} INFO - ::endgroup::
