[2024-04-25T20:59:57.390+0000] {local_task_job_runner.py:120} INFO - ::group::Pre task execution logs
[2024-04-25T20:59:58.665+0000] {taskinstance.py:2073} INFO - Dependencies all met for dep_context=non-requeueable deps ti=<TaskInstance: my_dag.task_1 manual__2024-04-25T20:59:54.642786+00:00 [queued]>
[2024-04-25T20:59:58.691+0000] {taskinstance.py:2073} INFO - Dependencies all met for dep_context=requeueable deps ti=<TaskInstance: my_dag.task_1 manual__2024-04-25T20:59:54.642786+00:00 [queued]>
[2024-04-25T20:59:58.697+0000] {taskinstance.py:2303} INFO - Starting attempt 1 of 4
[2024-04-25T20:59:58.904+0000] {taskinstance.py:2327} INFO - Executing <Task(PythonOperator): task_1> on 2024-04-25 20:59:54.642786+00:00
[2024-04-25T20:59:59.104+0000] {logging_mixin.py:188} WARNING - /home/***/.local/lib/python3.12/site-packages/***/task/task_runner/standard_task_runner.py:61 DeprecationWarning: This process (pid=1298) is multi-threaded, use of fork() may lead to deadlocks in the child.
[2024-04-25T20:59:59.114+0000] {standard_task_runner.py:63} INFO - Started process 1308 to run task
[2024-04-25T20:59:59.170+0000] {standard_task_runner.py:90} INFO - Running: ['***', 'tasks', 'run', 'my_dag', 'task_1', 'manual__2024-04-25T20:59:54.642786+00:00', '--job-id', '125', '--raw', '--subdir', 'DAGS_FOLDER/python_op.py', '--cfg-path', '/tmp/tmploysx9cs']
[2024-04-25T20:59:59.256+0000] {standard_task_runner.py:91} INFO - Job 125: Subtask task_1
[2024-04-25T20:59:59.992+0000] {task_command.py:426} INFO - Running <TaskInstance: my_dag.task_1 manual__2024-04-25T20:59:54.642786+00:00 [running]> on host f9a12f9b65d4
[2024-04-25T21:00:02.750+0000] {taskinstance.py:2644} INFO - Exporting env vars: AIRFLOW_CTX_DAG_OWNER='***' AIRFLOW_CTX_DAG_ID='my_dag' AIRFLOW_CTX_TASK_ID='task_1' AIRFLOW_CTX_EXECUTION_DATE='2024-04-25T20:59:54.642786+00:00' AIRFLOW_CTX_TRY_NUMBER='1' AIRFLOW_CTX_DAG_RUN_ID='manual__2024-04-25T20:59:54.642786+00:00'
[2024-04-25T21:00:02.768+0000] {taskinstance.py:430} INFO - ::endgroup::
[2024-04-25T21:00:02.905+0000] {logging_mixin.py:188} INFO - 1
[2024-04-25T21:00:17.907+0000] {logging_mixin.py:188} INFO - test
[2024-04-25T21:00:17.908+0000] {python.py:237} INFO - Done. Returned value was: None
[2024-04-25T21:00:17.915+0000] {taskinstance.py:441} INFO - ::group::Post task execution logs
[2024-04-25T21:00:18.006+0000] {taskinstance.py:1205} INFO - Marking task as SUCCESS. dag_id=my_dag, task_id=task_1, execution_date=20240425T205954, start_date=20240425T205958, end_date=20240425T210018
[2024-04-25T21:00:18.724+0000] {local_task_job_runner.py:240} INFO - Task exited with return code 0
[2024-04-25T21:00:19.006+0000] {taskinstance.py:3482} INFO - 0 downstream tasks scheduled from follow-on schedule check
[2024-04-25T21:00:19.020+0000] {local_task_job_runner.py:222} INFO - ::endgroup::
