[2024-05-15T07:14:13.233+0000] {local_task_job_runner.py:120} INFO - ::group::Pre task execution logs
[2024-05-15T07:14:13.294+0000] {taskinstance.py:2073} INFO - Dependencies all met for dep_context=non-requeueable deps ti=<TaskInstance: load_data_mb.load_index_id_2709380 scheduled__2024-05-14T00:00:00+00:00 [queued]>
[2024-05-15T07:14:13.311+0000] {taskinstance.py:2073} INFO - Dependencies all met for dep_context=requeueable deps ti=<TaskInstance: load_data_mb.load_index_id_2709380 scheduled__2024-05-14T00:00:00+00:00 [queued]>
[2024-05-15T07:14:13.320+0000] {taskinstance.py:2303} INFO - Starting attempt 1 of 1
[2024-05-15T07:14:13.350+0000] {taskinstance.py:2327} INFO - Executing <Task(PythonOperator): load_index_id_2709380> on 2024-05-14 00:00:00+00:00
[2024-05-15T07:14:13.361+0000] {standard_task_runner.py:90} INFO - Running: ['***', 'tasks', 'run', 'load_data_mb', 'load_index_id_2709380', 'scheduled__2024-05-14T00:00:00+00:00', '--job-id', '562', '--raw', '--subdir', 'DAGS_FOLDER/load_data_mb.py', '--cfg-path', '/tmp/tmp9s6jjip4']
[2024-05-15T07:14:13.366+0000] {standard_task_runner.py:91} INFO - Job 562: Subtask load_index_id_2709380
[2024-05-15T07:14:13.369+0000] {logging_mixin.py:188} WARNING - /home/***/.local/lib/python3.12/site-packages/***/task/task_runner/standard_task_runner.py:61 DeprecationWarning: This process (pid=281) is multi-threaded, use of fork() may lead to deadlocks in the child.
[2024-05-15T07:14:13.370+0000] {standard_task_runner.py:63} INFO - Started process 282 to run task
[2024-05-15T07:14:13.450+0000] {task_command.py:426} INFO - Running <TaskInstance: load_data_mb.load_index_id_2709380 scheduled__2024-05-14T00:00:00+00:00 [running]> on host d933ead87eb5
[2024-05-15T07:14:13.671+0000] {taskinstance.py:2644} INFO - Exporting env vars: AIRFLOW_CTX_DAG_OWNER='***' AIRFLOW_CTX_DAG_ID='load_data_mb' AIRFLOW_CTX_TASK_ID='load_index_id_2709380' AIRFLOW_CTX_EXECUTION_DATE='2024-05-14T00:00:00+00:00' AIRFLOW_CTX_TRY_NUMBER='1' AIRFLOW_CTX_DAG_RUN_ID='scheduled__2024-05-14T00:00:00+00:00'
[2024-05-15T07:14:13.674+0000] {taskinstance.py:430} INFO - ::endgroup::
[2024-05-15T07:14:58.762+0000] {logging_mixin.py:188} INFO - {'index_name': 'Валовой внутренний продукт методом производства на душу населения', 'index_id': 2709380, 'dic_names': ['Регионы'], 'period_name': 'Год', 'info': 'нет новых данных'}
[2024-05-15T07:14:58.765+0000] {logging_mixin.py:188} INFO - {'index_name': 'Валовой внутренний продукт методом производства на душу населения', 'index_id': 2709380, 'dic_names': ['Регионы'], 'period_name': 'Квартал с накоплением', 'info': 'нет новых данных'}
[2024-05-15T07:14:58.768+0000] {python.py:237} INFO - Done. Returned value was: None
[2024-05-15T07:14:58.771+0000] {taskinstance.py:441} INFO - ::group::Post task execution logs
[2024-05-15T07:14:58.807+0000] {taskinstance.py:1205} INFO - Marking task as SUCCESS. dag_id=load_data_mb, task_id=load_index_id_2709380, execution_date=20240514T000000, start_date=20240515T071413, end_date=20240515T071458
[2024-05-15T07:14:58.871+0000] {local_task_job_runner.py:240} INFO - Task exited with return code 0
[2024-05-15T07:14:58.911+0000] {taskinstance.py:3482} INFO - 0 downstream tasks scheduled from follow-on schedule check
[2024-05-15T07:14:58.919+0000] {local_task_job_runner.py:222} INFO - ::endgroup::
