[2024-04-30T00:00:24.393+0000] {local_task_job_runner.py:120} INFO - ::group::Pre task execution logs
[2024-04-30T00:00:24.436+0000] {taskinstance.py:2073} INFO - Dependencies all met for dep_context=non-requeueable deps ti=<TaskInstance: load_data_mb.load_index_id_702974 scheduled__2024-04-29T00:00:00+00:00 [queued]>
[2024-04-30T00:00:24.448+0000] {taskinstance.py:2073} INFO - Dependencies all met for dep_context=requeueable deps ti=<TaskInstance: load_data_mb.load_index_id_702974 scheduled__2024-04-29T00:00:00+00:00 [queued]>
[2024-04-30T00:00:24.449+0000] {taskinstance.py:2303} INFO - Starting attempt 1 of 1
[2024-04-30T00:00:24.470+0000] {taskinstance.py:2327} INFO - Executing <Task(PythonOperator): load_index_id_702974> on 2024-04-29 00:00:00+00:00
[2024-04-30T00:00:24.479+0000] {standard_task_runner.py:90} INFO - Running: ['***', 'tasks', 'run', 'load_data_mb', 'load_index_id_702974', 'scheduled__2024-04-29T00:00:00+00:00', '--job-id', '367', '--raw', '--subdir', 'DAGS_FOLDER/load_data_mb.py', '--cfg-path', '/tmp/tmpku2_afds']
[2024-04-30T00:00:24.483+0000] {standard_task_runner.py:91} INFO - Job 367: Subtask load_index_id_702974
[2024-04-30T00:00:24.485+0000] {logging_mixin.py:188} WARNING - /home/***/.local/lib/python3.12/site-packages/***/task/task_runner/standard_task_runner.py:61 DeprecationWarning: This process (pid=6863) is multi-threaded, use of fork() may lead to deadlocks in the child.
[2024-04-30T00:00:24.487+0000] {standard_task_runner.py:63} INFO - Started process 6864 to run task
[2024-04-30T00:00:24.549+0000] {task_command.py:426} INFO - Running <TaskInstance: load_data_mb.load_index_id_702974 scheduled__2024-04-29T00:00:00+00:00 [running]> on host d933ead87eb5
[2024-04-30T00:00:24.687+0000] {taskinstance.py:2644} INFO - Exporting env vars: AIRFLOW_CTX_DAG_OWNER='***' AIRFLOW_CTX_DAG_ID='load_data_mb' AIRFLOW_CTX_TASK_ID='load_index_id_702974' AIRFLOW_CTX_EXECUTION_DATE='2024-04-29T00:00:00+00:00' AIRFLOW_CTX_TRY_NUMBER='1' AIRFLOW_CTX_DAG_RUN_ID='scheduled__2024-04-29T00:00:00+00:00'
[2024-04-30T00:00:24.689+0000] {taskinstance.py:430} INFO - ::endgroup::
[2024-04-30T00:00:41.516+0000] {logging_mixin.py:188} INFO - {'index_name': 'индекс номинальной заработной платы', 'index_id': 702974, 'dic_names': ['Регионы', 'Виды экономической деятельности', 'Размерность предприятий', 'Категории работников', 'По полу', 'Соотнесение периодов'], 'period_name': 'Год', 'info': 'ошибка талдау', 'error_code': 500}
[2024-04-30T00:00:41.518+0000] {logging_mixin.py:188} INFO - {'index_name': 'индекс номинальной заработной платы', 'index_id': 702974, 'dic_names': ['Регионы', 'Виды экономической деятельности', 'Размерность предприятий', 'Соотнесение периодов'], 'period_name': 'Квартал', 'info': 'ошибка талдау', 'error_code': 500}
[2024-04-30T00:00:41.521+0000] {logging_mixin.py:188} INFO - {'index_name': 'индекс номинальной заработной платы', 'index_id': 702974, 'dic_names': ['Регионы', 'Виды экономической деятельности', 'Тип местности и административное деление', 'Размерность предприятий', 'По полу', 'Соотнесение периодов'], 'period_name': 'Квартал', 'info': 'ошибка талдау', 'error_code': 500}
[2024-04-30T00:00:41.522+0000] {logging_mixin.py:188} INFO - {'index_name': 'индекс номинальной заработной платы', 'index_id': 702974, 'dic_names': ['Регионы', 'Виды экономической деятельности', 'Размерность предприятий', 'Соотнесение периодов'], 'period_name': 'Месяц', 'info': 'ошибка талдау', 'error_code': 500}
[2024-04-30T00:00:41.523+0000] {logging_mixin.py:188} INFO - {'index_name': 'индекс номинальной заработной платы', 'index_id': 702974, 'dic_names': ['Регионы', 'Виды экономической деятельности', 'Размерность предприятий', 'Соотнесение периодов'], 'period_name': 'Квартал с накоплением', 'info': 'ошибка талдау', 'error_code': 500}
[2024-04-30T00:00:41.524+0000] {logging_mixin.py:188} INFO - {'index_name': 'индекс номинальной заработной платы', 'index_id': 702974, 'dic_names': ['Регионы', 'Виды экономической деятельности', 'Тип местности и административное деление', 'Размерность предприятий', 'По полу', 'Соотнесение периодов'], 'period_name': 'Квартал с накоплением', 'info': 'ошибка талдау', 'error_code': 500}
[2024-04-30T00:00:41.525+0000] {logging_mixin.py:188} INFO - {'index_name': 'индекс номинальной заработной платы', 'index_id': 702974, 'dic_names': ['Регионы', 'Виды экономической деятельности', 'Размерность предприятий', 'Соотнесение периодов'], 'period_name': 'Месяц с накоплением', 'info': 'ошибка талдау', 'error_code': 500}
[2024-04-30T00:00:41.526+0000] {logging_mixin.py:188} INFO - {'index_name': 'индекс номинальной заработной платы', 'index_id': 702974, 'dic_names': ['Регионы', 'Виды экономической деятельности', 'Размерность предприятий', 'По полу', 'Соотнесение периодов'], 'period_name': 'Год', 'info': 'ошибка талдау', 'error_code': 500}
[2024-04-30T00:00:41.528+0000] {python.py:237} INFO - Done. Returned value was: None
[2024-04-30T00:00:41.531+0000] {taskinstance.py:441} INFO - ::group::Post task execution logs
[2024-04-30T00:00:41.555+0000] {taskinstance.py:1205} INFO - Marking task as SUCCESS. dag_id=load_data_mb, task_id=load_index_id_702974, execution_date=20240429T000000, start_date=20240430T000024, end_date=20240430T000041
[2024-04-30T00:00:41.632+0000] {local_task_job_runner.py:240} INFO - Task exited with return code 0
[2024-04-30T00:00:41.663+0000] {taskinstance.py:3482} INFO - 0 downstream tasks scheduled from follow-on schedule check
[2024-04-30T00:00:41.667+0000] {local_task_job_runner.py:222} INFO - ::endgroup::
