[2024-05-02T08:21:40.643+0000] {local_task_job_runner.py:120} INFO - ::group::Pre task execution logs
[2024-05-02T08:21:40.699+0000] {taskinstance.py:2073} INFO - Dependencies all met for dep_context=non-requeueable deps ti=<TaskInstance: load_data_mb.load_index_id_700917 scheduled__2024-04-30T00:00:00+00:00 [queued]>
[2024-05-02T08:21:40.713+0000] {taskinstance.py:2073} INFO - Dependencies all met for dep_context=requeueable deps ti=<TaskInstance: load_data_mb.load_index_id_700917 scheduled__2024-04-30T00:00:00+00:00 [queued]>
[2024-05-02T08:21:40.714+0000] {taskinstance.py:2303} INFO - Starting attempt 1 of 1
[2024-05-02T08:21:40.738+0000] {taskinstance.py:2327} INFO - Executing <Task(PythonOperator): load_index_id_700917> on 2024-04-30 00:00:00+00:00
[2024-05-02T08:21:40.767+0000] {standard_task_runner.py:90} INFO - Running: ['***', 'tasks', 'run', 'load_data_mb', 'load_index_id_700917', 'scheduled__2024-04-30T00:00:00+00:00', '--job-id', '418', '--raw', '--subdir', 'DAGS_FOLDER/load_data_mb.py', '--cfg-path', '/tmp/tmpphlp05xp']
[2024-05-02T08:21:40.775+0000] {standard_task_runner.py:91} INFO - Job 418: Subtask load_index_id_700917
[2024-05-02T08:21:40.780+0000] {logging_mixin.py:188} WARNING - /home/***/.local/lib/python3.12/site-packages/***/task/task_runner/standard_task_runner.py:61 DeprecationWarning: This process (pid=788) is multi-threaded, use of fork() may lead to deadlocks in the child.
[2024-05-02T08:21:40.783+0000] {standard_task_runner.py:63} INFO - Started process 789 to run task
[2024-05-02T08:21:40.932+0000] {task_command.py:426} INFO - Running <TaskInstance: load_data_mb.load_index_id_700917 scheduled__2024-04-30T00:00:00+00:00 [running]> on host d933ead87eb5
[2024-05-02T08:21:41.257+0000] {taskinstance.py:2644} INFO - Exporting env vars: AIRFLOW_CTX_DAG_OWNER='***' AIRFLOW_CTX_DAG_ID='load_data_mb' AIRFLOW_CTX_TASK_ID='load_index_id_700917' AIRFLOW_CTX_EXECUTION_DATE='2024-04-30T00:00:00+00:00' AIRFLOW_CTX_TRY_NUMBER='1' AIRFLOW_CTX_DAG_RUN_ID='scheduled__2024-04-30T00:00:00+00:00'
[2024-05-02T08:21:41.260+0000] {taskinstance.py:430} INFO - ::endgroup::
[2024-05-02T08:22:00.998+0000] {logging_mixin.py:188} INFO - {'index_name': 'индекс физического объема валовой добавленной стоимости в счете производства ', 'index_id': 700917, 'dic_names': ['Регионы', 'Виды экономической деятельности', 'Соотнесение периодов'], 'period_name': 'Год', 'info': 'ошибка талдау', 'error_code': 500}
[2024-05-02T08:22:01.003+0000] {logging_mixin.py:188} INFO - {'index_name': 'индекс физического объема валовой добавленной стоимости в счете производства ', 'index_id': 700917, 'dic_names': ['Регионы', 'Соотнесение периодов', 'Типы секторов экономики'], 'period_name': 'Год', 'info': 'ошибка талдау', 'error_code': 500}
[2024-05-02T08:22:01.007+0000] {logging_mixin.py:188} INFO - {'index_name': 'индекс физического объема валовой добавленной стоимости в счете производства ', 'index_id': 700917, 'dic_names': ['Регионы', 'Соотнесение периодов', 'Типы секторов экономики'], 'period_name': 'Квартал с накоплением', 'info': 'ошибка талдау', 'error_code': 500}
[2024-05-02T08:22:01.009+0000] {logging_mixin.py:188} INFO - {'index_name': 'индекс физического объема валовой добавленной стоимости в счете производства ', 'index_id': 700917, 'dic_names': ['Регионы'], 'period_name': 'Год', 'info': 'ошибка талдау', 'error_code': 500}
[2024-05-02T08:22:01.012+0000] {logging_mixin.py:188} INFO - {'index_name': 'индекс физического объема валовой добавленной стоимости в счете производства ', 'index_id': 700917, 'dic_names': ['Регионы', 'Виды экономической деятельности'], 'period_name': 'Год', 'info': 'ошибка талдау', 'error_code': 500}
[2024-05-02T08:22:01.014+0000] {logging_mixin.py:188} INFO - {'index_name': 'индекс физического объема валовой добавленной стоимости в счете производства ', 'index_id': 700917, 'dic_names': ['Регионы'], 'period_name': 'Квартал с накоплением', 'info': 'ошибка талдау', 'error_code': 500}
[2024-05-02T08:22:01.016+0000] {logging_mixin.py:188} INFO - {'index_name': 'индекс физического объема валовой добавленной стоимости в счете производства ', 'index_id': 700917, 'dic_names': ['Регионы', 'Виды экономической деятельности'], 'period_name': 'Квартал с накоплением', 'info': 'ошибка талдау', 'error_code': 500}
[2024-05-02T08:22:01.019+0000] {logging_mixin.py:188} INFO - {'index_name': 'индекс физического объема валовой добавленной стоимости в счете производства ', 'index_id': 700917, 'dic_names': ['Регионы', 'Виды экономической деятельности', 'Соотнесение периодов'], 'period_name': 'Квартал с накоплением', 'info': 'ошибка талдау', 'error_code': 500}
[2024-05-02T08:22:01.022+0000] {python.py:237} INFO - Done. Returned value was: None
[2024-05-02T08:22:01.029+0000] {taskinstance.py:441} INFO - ::group::Post task execution logs
[2024-05-02T08:22:01.094+0000] {taskinstance.py:1205} INFO - Marking task as SUCCESS. dag_id=load_data_mb, task_id=load_index_id_700917, execution_date=20240430T000000, start_date=20240502T082140, end_date=20240502T082201
[2024-05-02T08:22:01.196+0000] {local_task_job_runner.py:240} INFO - Task exited with return code 0
[2024-05-02T08:22:01.236+0000] {taskinstance.py:3482} INFO - 0 downstream tasks scheduled from follow-on schedule check
[2024-05-02T08:22:01.241+0000] {local_task_job_runner.py:222} INFO - ::endgroup::
