[2024-06-11T21:29:37.592+0000] {local_task_job_runner.py:120} INFO - ::group::Pre task execution logs
[2024-06-11T21:29:37.648+0000] {taskinstance.py:2073} INFO - Dependencies all met for dep_context=non-requeueable deps ti=<TaskInstance: load_data_mb.load_index_id_702022 scheduled__2024-06-10T00:00:00+00:00 [queued]>
[2024-06-11T21:29:37.664+0000] {taskinstance.py:2073} INFO - Dependencies all met for dep_context=requeueable deps ti=<TaskInstance: load_data_mb.load_index_id_702022 scheduled__2024-06-10T00:00:00+00:00 [queued]>
[2024-06-11T21:29:37.664+0000] {taskinstance.py:2303} INFO - Starting attempt 1 of 1
[2024-06-11T21:29:37.686+0000] {taskinstance.py:2327} INFO - Executing <Task(PythonOperator): load_index_id_702022> on 2024-06-10 00:00:00+00:00
[2024-06-11T21:29:37.695+0000] {logging_mixin.py:188} WARNING - /home/***/.local/lib/python3.12/site-packages/***/task/task_runner/standard_task_runner.py:61 DeprecationWarning: This process (pid=294) is multi-threaded, use of fork() may lead to deadlocks in the child.
[2024-06-11T21:29:37.698+0000] {standard_task_runner.py:63} INFO - Started process 295 to run task
[2024-06-11T21:29:37.695+0000] {standard_task_runner.py:90} INFO - Running: ['***', 'tasks', 'run', 'load_data_mb', 'load_index_id_702022', 'scheduled__2024-06-10T00:00:00+00:00', '--job-id', '149', '--raw', '--subdir', 'DAGS_FOLDER/load_data_mb.py', '--cfg-path', '/tmp/tmpzbfu68fv']
[2024-06-11T21:29:37.700+0000] {standard_task_runner.py:91} INFO - Job 149: Subtask load_index_id_702022
[2024-06-11T21:29:37.772+0000] {task_command.py:426} INFO - Running <TaskInstance: load_data_mb.load_index_id_702022 scheduled__2024-06-10T00:00:00+00:00 [running]> on host e6f094d2943c
[2024-06-11T21:29:37.906+0000] {taskinstance.py:2644} INFO - Exporting env vars: AIRFLOW_CTX_DAG_OWNER='***' AIRFLOW_CTX_DAG_ID='load_data_mb' AIRFLOW_CTX_TASK_ID='load_index_id_702022' AIRFLOW_CTX_EXECUTION_DATE='2024-06-10T00:00:00+00:00' AIRFLOW_CTX_TRY_NUMBER='1' AIRFLOW_CTX_DAG_RUN_ID='scheduled__2024-06-10T00:00:00+00:00'
[2024-06-11T21:29:37.908+0000] {taskinstance.py:430} INFO - ::endgroup::
[2024-06-11T21:29:37.960+0000] {logging_mixin.py:188} INFO - Ошибка в коде или неверный json
[2024-06-11T21:29:37.961+0000] {taskinstance.py:441} INFO - ::group::Post task execution logs
[2024-06-11T21:29:37.962+0000] {taskinstance.py:2892} ERROR - Task failed due to SystemExit(1)
[2024-06-11T21:29:37.974+0000] {taskinstance.py:1205} INFO - Marking task as FAILED. dag_id=load_data_mb, task_id=load_index_id_702022, execution_date=20240610T000000, start_date=20240611T212937, end_date=20240611T212937
[2024-06-11T21:29:37.999+0000] {standard_task_runner.py:110} ERROR - Failed to execute job 149 for task load_index_id_702022 (Task failed due to SystemExit(1); 295)
[2024-06-11T21:29:38.035+0000] {local_task_job_runner.py:240} INFO - Task exited with return code 1
[2024-06-11T21:29:38.063+0000] {taskinstance.py:3482} INFO - 0 downstream tasks scheduled from follow-on schedule check
[2024-06-11T21:29:38.068+0000] {local_task_job_runner.py:222} INFO - ::endgroup::
[2024-06-11T21:31:39.474+0000] {local_task_job_runner.py:120} INFO - ::group::Pre task execution logs
[2024-06-11T21:31:39.763+0000] {taskinstance.py:2073} INFO - Dependencies all met for dep_context=non-requeueable deps ti=<TaskInstance: load_data_mb.load_index_id_702022 scheduled__2024-06-10T00:00:00+00:00 [queued]>
[2024-06-11T21:31:39.827+0000] {taskinstance.py:2073} INFO - Dependencies all met for dep_context=requeueable deps ti=<TaskInstance: load_data_mb.load_index_id_702022 scheduled__2024-06-10T00:00:00+00:00 [queued]>
[2024-06-11T21:31:39.833+0000] {taskinstance.py:2303} INFO - Starting attempt 1 of 1
[2024-06-11T21:31:39.908+0000] {taskinstance.py:2327} INFO - Executing <Task(PythonOperator): load_index_id_702022> on 2024-06-10 00:00:00+00:00
[2024-06-11T21:31:39.932+0000] {logging_mixin.py:188} WARNING - /home/***/.local/lib/python3.12/site-packages/***/task/task_runner/standard_task_runner.py:61 DeprecationWarning: This process (pid=437) is multi-threaded, use of fork() may lead to deadlocks in the child.
[2024-06-11T21:31:39.928+0000] {standard_task_runner.py:90} INFO - Running: ['***', 'tasks', 'run', 'load_data_mb', 'load_index_id_702022', 'scheduled__2024-06-10T00:00:00+00:00', '--job-id', '199', '--raw', '--subdir', 'DAGS_FOLDER/load_data_mb.py', '--cfg-path', '/tmp/tmpcl2tqr1m']
[2024-06-11T21:31:39.939+0000] {standard_task_runner.py:91} INFO - Job 199: Subtask load_index_id_702022
[2024-06-11T21:31:39.938+0000] {standard_task_runner.py:63} INFO - Started process 438 to run task
[2024-06-11T21:31:40.159+0000] {task_command.py:426} INFO - Running <TaskInstance: load_data_mb.load_index_id_702022 scheduled__2024-06-10T00:00:00+00:00 [running]> on host e6f094d2943c
[2024-06-11T21:31:40.491+0000] {taskinstance.py:2644} INFO - Exporting env vars: AIRFLOW_CTX_DAG_OWNER='***' AIRFLOW_CTX_DAG_ID='load_data_mb' AIRFLOW_CTX_TASK_ID='load_index_id_702022' AIRFLOW_CTX_EXECUTION_DATE='2024-06-10T00:00:00+00:00' AIRFLOW_CTX_TRY_NUMBER='1' AIRFLOW_CTX_DAG_RUN_ID='scheduled__2024-06-10T00:00:00+00:00'
[2024-06-11T21:31:40.494+0000] {taskinstance.py:430} INFO - ::endgroup::
[2024-06-11T21:31:40.578+0000] {logging_mixin.py:188} INFO - Ошибка в коде или неверный json
[2024-06-11T21:31:40.581+0000] {taskinstance.py:441} INFO - ::group::Post task execution logs
[2024-06-11T21:31:40.584+0000] {taskinstance.py:2892} ERROR - Task failed due to SystemExit(1)
[2024-06-11T21:31:40.611+0000] {taskinstance.py:1205} INFO - Marking task as FAILED. dag_id=load_data_mb, task_id=load_index_id_702022, execution_date=20240610T000000, start_date=20240611T213139, end_date=20240611T213140
[2024-06-11T21:31:40.684+0000] {standard_task_runner.py:110} ERROR - Failed to execute job 199 for task load_index_id_702022 (Task failed due to SystemExit(1); 438)
[2024-06-11T21:31:40.722+0000] {local_task_job_runner.py:240} INFO - Task exited with return code 1
[2024-06-11T21:31:40.761+0000] {taskinstance.py:3482} INFO - 0 downstream tasks scheduled from follow-on schedule check
[2024-06-11T21:31:40.770+0000] {local_task_job_runner.py:222} INFO - ::endgroup::
[2024-06-11T21:44:55.471+0000] {local_task_job_runner.py:120} INFO - ::group::Pre task execution logs
[2024-06-11T21:44:55.565+0000] {taskinstance.py:2073} INFO - Dependencies all met for dep_context=non-requeueable deps ti=<TaskInstance: load_data_mb.load_index_id_702022 scheduled__2024-06-10T00:00:00+00:00 [queued]>
[2024-06-11T21:44:55.595+0000] {taskinstance.py:2073} INFO - Dependencies all met for dep_context=requeueable deps ti=<TaskInstance: load_data_mb.load_index_id_702022 scheduled__2024-06-10T00:00:00+00:00 [queued]>
[2024-06-11T21:44:55.596+0000] {taskinstance.py:2303} INFO - Starting attempt 1 of 1
[2024-06-11T21:44:55.635+0000] {taskinstance.py:2327} INFO - Executing <Task(PythonOperator): load_index_id_702022> on 2024-06-10 00:00:00+00:00
[2024-06-11T21:44:55.652+0000] {standard_task_runner.py:90} INFO - Running: ['***', 'tasks', 'run', 'load_data_mb', 'load_index_id_702022', 'scheduled__2024-06-10T00:00:00+00:00', '--job-id', '258', '--raw', '--subdir', 'DAGS_FOLDER/load_data.py', '--cfg-path', '/tmp/tmpn22jegy2']
[2024-06-11T21:44:55.657+0000] {standard_task_runner.py:91} INFO - Job 258: Subtask load_index_id_702022
[2024-06-11T21:44:55.660+0000] {logging_mixin.py:188} WARNING - /home/***/.local/lib/python3.12/site-packages/***/task/task_runner/standard_task_runner.py:61 DeprecationWarning: This process (pid=174) is multi-threaded, use of fork() may lead to deadlocks in the child.
[2024-06-11T21:44:55.662+0000] {standard_task_runner.py:63} INFO - Started process 181 to run task
[2024-06-11T21:44:55.795+0000] {task_command.py:426} INFO - Running <TaskInstance: load_data_mb.load_index_id_702022 scheduled__2024-06-10T00:00:00+00:00 [running]> on host f7fd8afd804e
[2024-06-11T21:44:55.987+0000] {taskinstance.py:2644} INFO - Exporting env vars: AIRFLOW_CTX_DAG_OWNER='***' AIRFLOW_CTX_DAG_ID='load_data_mb' AIRFLOW_CTX_TASK_ID='load_index_id_702022' AIRFLOW_CTX_EXECUTION_DATE='2024-06-10T00:00:00+00:00' AIRFLOW_CTX_TRY_NUMBER='1' AIRFLOW_CTX_DAG_RUN_ID='scheduled__2024-06-10T00:00:00+00:00'
[2024-06-11T21:44:55.990+0000] {taskinstance.py:430} INFO - ::endgroup::
[2024-06-11T21:44:56.048+0000] {logging_mixin.py:188} INFO - Ошибка в коде или неверный json
[2024-06-11T21:44:56.049+0000] {taskinstance.py:441} INFO - ::group::Post task execution logs
[2024-06-11T21:44:56.050+0000] {taskinstance.py:2892} ERROR - Task failed due to SystemExit(1)
[2024-06-11T21:44:56.063+0000] {taskinstance.py:1205} INFO - Marking task as FAILED. dag_id=load_data_mb, task_id=load_index_id_702022, execution_date=20240610T000000, start_date=20240611T214455, end_date=20240611T214456
[2024-06-11T21:44:56.084+0000] {standard_task_runner.py:110} ERROR - Failed to execute job 258 for task load_index_id_702022 (Task failed due to SystemExit(1); 181)
[2024-06-11T21:44:56.121+0000] {local_task_job_runner.py:240} INFO - Task exited with return code 1
[2024-06-11T21:44:56.147+0000] {taskinstance.py:3482} INFO - 0 downstream tasks scheduled from follow-on schedule check
[2024-06-11T21:44:56.153+0000] {local_task_job_runner.py:222} INFO - ::endgroup::
