[2024-04-28T08:07:23.588+0000] {local_task_job_runner.py:120} INFO - ::group::Pre task execution logs
[2024-04-28T08:07:23.647+0000] {taskinstance.py:2073} INFO - Dependencies all met for dep_context=non-requeueable deps ti=<TaskInstance: load_data_mb.load_index_id_701925 manual__2024-04-28T08:06:57.479140+00:00 [queued]>
[2024-04-28T08:07:23.663+0000] {taskinstance.py:2073} INFO - Dependencies all met for dep_context=requeueable deps ti=<TaskInstance: load_data_mb.load_index_id_701925 manual__2024-04-28T08:06:57.479140+00:00 [queued]>
[2024-04-28T08:07:23.665+0000] {taskinstance.py:2303} INFO - Starting attempt 1 of 1
[2024-04-28T08:07:23.696+0000] {taskinstance.py:2327} INFO - Executing <Task(PythonOperator): load_index_id_701925> on 2024-04-28 08:06:57.479140+00:00
[2024-04-28T08:07:23.706+0000] {standard_task_runner.py:90} INFO - Running: ['***', 'tasks', 'run', 'load_data_mb', 'load_index_id_701925', 'manual__2024-04-28T08:06:57.479140+00:00', '--job-id', '278', '--raw', '--subdir', 'DAGS_FOLDER/load_data_mb.py', '--cfg-path', '/tmp/tmpivb3e8li']
[2024-04-28T08:07:23.711+0000] {standard_task_runner.py:91} INFO - Job 278: Subtask load_index_id_701925
[2024-04-28T08:07:23.720+0000] {logging_mixin.py:188} WARNING - /home/***/.local/lib/python3.12/site-packages/***/task/task_runner/standard_task_runner.py:61 DeprecationWarning: This process (pid=17907) is multi-threaded, use of fork() may lead to deadlocks in the child.
[2024-04-28T08:07:23.722+0000] {standard_task_runner.py:63} INFO - Started process 17908 to run task
[2024-04-28T08:07:23.784+0000] {task_command.py:426} INFO - Running <TaskInstance: load_data_mb.load_index_id_701925 manual__2024-04-28T08:06:57.479140+00:00 [running]> on host d933ead87eb5
[2024-04-28T08:07:23.969+0000] {taskinstance.py:2644} INFO - Exporting env vars: AIRFLOW_CTX_DAG_OWNER='***' AIRFLOW_CTX_DAG_ID='load_data_mb' AIRFLOW_CTX_TASK_ID='load_index_id_701925' AIRFLOW_CTX_EXECUTION_DATE='2024-04-28T08:06:57.479140+00:00' AIRFLOW_CTX_TRY_NUMBER='1' AIRFLOW_CTX_DAG_RUN_ID='manual__2024-04-28T08:06:57.479140+00:00'
[2024-04-28T08:07:23.971+0000] {taskinstance.py:430} INFO - ::endgroup::
[2024-04-28T08:08:31.926+0000] {logging_mixin.py:188} INFO - {'index_name': 'Общая площадь введенных в эксплуатацию жилых зданий', 'index_id': 701925, 'dic_names': ['Регионы', 'Тип местности и административное деление', 'Формы и видов собственности', 'Типы правовых единиц'], 'period_name': 'Год', 'info': 'нет новых данных'}
[2024-04-28T08:08:31.926+0000] {logging_mixin.py:188} INFO - {'index_name': 'Общая площадь введенных в эксплуатацию жилых зданий', 'index_id': 701925, 'dic_names': ['Регионы', 'Тип местности и административное деление', 'Благоустройство дома', 'Виды объектов и мощностей'], 'period_name': 'Год', 'info': 'нет новых данных'}
[2024-04-28T08:08:31.927+0000] {logging_mixin.py:188} INFO - {'index_name': 'Общая площадь введенных в эксплуатацию жилых зданий', 'index_id': 701925, 'dic_names': ['Регионы', 'Тип местности и административное деление', 'Формы и видов собственности', 'Типы правовых единиц', 'Виды объектов и мощностей'], 'period_name': 'Год', 'info': 'нет новых данных'}
[2024-04-28T08:08:31.928+0000] {logging_mixin.py:188} INFO - {'index_name': 'Общая площадь введенных в эксплуатацию жилых зданий', 'index_id': 701925, 'dic_names': ['Регионы', 'Тип местности и административное деление', 'Источник финансирования', 'Виды объектов и мощностей', 'Типы правовых единиц'], 'period_name': 'Год', 'info': 'нет новых данных'}
[2024-04-28T08:08:31.930+0000] {logging_mixin.py:188} INFO - {'index_name': 'Общая площадь введенных в эксплуатацию жилых зданий', 'index_id': 701925, 'dic_names': ['Регионы', 'Тип местности и административное деление', 'Формы и видов собственности', 'Благоустройство дома', 'Типы правовых единиц'], 'period_name': 'Год', 'info': 'нет новых данных'}
[2024-04-28T08:08:31.930+0000] {logging_mixin.py:188} INFO - {'index_name': 'Общая площадь введенных в эксплуатацию жилых зданий', 'index_id': 701925, 'dic_names': ['Регионы', 'Тип местности и административное деление', 'Формы и видов собственности', 'Виды объектов и мощностей', 'Типы правовых единиц'], 'period_name': 'Год', 'info': 'нет новых данных'}
[2024-04-28T08:08:31.931+0000] {logging_mixin.py:188} INFO - {'index_name': 'Общая площадь введенных в эксплуатацию жилых зданий', 'index_id': 701925, 'dic_names': ['Регионы', 'Тип местности и административное деление', 'Формы и видов собственности', 'Виды объектов и мощностей', 'Типы правовых единиц'], 'period_name': 'Месяц', 'info': 'нет новых данных'}
[2024-04-28T08:08:31.932+0000] {logging_mixin.py:188} INFO - {'index_name': 'Общая площадь введенных в эксплуатацию жилых зданий', 'index_id': 701925, 'dic_names': ['Регионы', 'Тип местности и административное деление', 'Формы и видов собственности', 'Виды объектов и мощностей', 'Группировки типов правовых единиц'], 'period_name': 'Месяц с накоплением', 'info': 'нет новых данных'}
[2024-04-28T08:08:31.933+0000] {logging_mixin.py:188} INFO - {'index_name': 'Общая площадь введенных в эксплуатацию жилых зданий', 'index_id': 701925, 'dic_names': ['Регионы', 'Тип местности и административное деление', 'Формы и видов собственности', 'Виды объектов и мощностей', 'Типы правовых единиц'], 'period_name': 'Месяц с накоплением', 'info': 'нет новых данных'}
[2024-04-28T08:08:31.933+0000] {logging_mixin.py:188} INFO - {'index_name': 'Общая площадь введенных в эксплуатацию жилых зданий', 'index_id': 701925, 'dic_names': ['Регионы', 'Источник финансирования'], 'period_name': 'Месяц', 'info': 'нет новых данных'}
[2024-04-28T08:08:31.934+0000] {logging_mixin.py:188} INFO - {'index_name': 'Общая площадь введенных в эксплуатацию жилых зданий', 'index_id': 701925, 'dic_names': ['Регионы', 'Тип местности и административное деление', 'Формы и видов собственности', 'Типы правовых единиц', 'Виды объектов и мощностей'], 'period_name': 'Месяц', 'info': 'нет новых данных'}
[2024-04-28T08:08:31.935+0000] {logging_mixin.py:188} INFO - {'index_name': 'Общая площадь введенных в эксплуатацию жилых зданий', 'index_id': 701925, 'dic_names': ['Регионы', 'Источник финансирования'], 'period_name': 'Месяц с накоплением', 'info': 'нет новых данных'}
[2024-04-28T08:08:31.936+0000] {logging_mixin.py:188} INFO - {'index_name': 'Общая площадь введенных в эксплуатацию жилых зданий', 'index_id': 701925, 'dic_names': ['Регионы', 'Тип местности и административное деление', 'Формы и видов собственности', 'Типы правовых единиц', 'Виды объектов и мощностей'], 'period_name': 'Месяц с накоплением', 'info': 'нет новых данных'}
[2024-04-28T08:08:31.937+0000] {python.py:237} INFO - Done. Returned value was: None
[2024-04-28T08:08:31.938+0000] {taskinstance.py:441} INFO - ::group::Post task execution logs
[2024-04-28T08:08:31.950+0000] {taskinstance.py:1205} INFO - Marking task as SUCCESS. dag_id=load_data_mb, task_id=load_index_id_701925, execution_date=20240428T080657, start_date=20240428T080723, end_date=20240428T080831
[2024-04-28T08:08:32.008+0000] {local_task_job_runner.py:240} INFO - Task exited with return code 0
[2024-04-28T08:08:32.038+0000] {taskinstance.py:3482} INFO - 0 downstream tasks scheduled from follow-on schedule check
[2024-04-28T08:08:32.044+0000] {local_task_job_runner.py:222} INFO - ::endgroup::
