[2024-05-14T10:12:57.838+0000] {local_task_job_runner.py:120} INFO - ::group::Pre task execution logs
[2024-05-14T10:12:57.885+0000] {taskinstance.py:2073} INFO - Dependencies all met for dep_context=non-requeueable deps ti=<TaskInstance: load_data_mb.load_index_id_701925 scheduled__2024-05-13T00:00:00+00:00 [queued]>
[2024-05-14T10:12:57.900+0000] {taskinstance.py:2073} INFO - Dependencies all met for dep_context=requeueable deps ti=<TaskInstance: load_data_mb.load_index_id_701925 scheduled__2024-05-13T00:00:00+00:00 [queued]>
[2024-05-14T10:12:57.902+0000] {taskinstance.py:2303} INFO - Starting attempt 1 of 1
[2024-05-14T10:12:57.925+0000] {taskinstance.py:2327} INFO - Executing <Task(PythonOperator): load_index_id_701925> on 2024-05-13 00:00:00+00:00
[2024-05-14T10:12:57.937+0000] {logging_mixin.py:188} WARNING - /home/***/.local/lib/python3.12/site-packages/***/task/task_runner/standard_task_runner.py:61 DeprecationWarning: This process (pid=601) is multi-threaded, use of fork() may lead to deadlocks in the child.
[2024-05-14T10:12:57.935+0000] {standard_task_runner.py:90} INFO - Running: ['***', 'tasks', 'run', 'load_data_mb', 'load_index_id_701925', 'scheduled__2024-05-13T00:00:00+00:00', '--job-id', '542', '--raw', '--subdir', 'DAGS_FOLDER/load_data_mb.py', '--cfg-path', '/tmp/tmpfy560jkw']
[2024-05-14T10:12:57.939+0000] {standard_task_runner.py:63} INFO - Started process 602 to run task
[2024-05-14T10:12:57.939+0000] {standard_task_runner.py:91} INFO - Job 542: Subtask load_index_id_701925
[2024-05-14T10:12:58.009+0000] {task_command.py:426} INFO - Running <TaskInstance: load_data_mb.load_index_id_701925 scheduled__2024-05-13T00:00:00+00:00 [running]> on host d933ead87eb5
[2024-05-14T10:12:58.148+0000] {taskinstance.py:2644} INFO - Exporting env vars: AIRFLOW_CTX_DAG_OWNER='***' AIRFLOW_CTX_DAG_ID='load_data_mb' AIRFLOW_CTX_TASK_ID='load_index_id_701925' AIRFLOW_CTX_EXECUTION_DATE='2024-05-13T00:00:00+00:00' AIRFLOW_CTX_TRY_NUMBER='1' AIRFLOW_CTX_DAG_RUN_ID='scheduled__2024-05-13T00:00:00+00:00'
[2024-05-14T10:12:58.150+0000] {taskinstance.py:430} INFO - ::endgroup::
[2024-05-14T10:14:23.981+0000] {logging_mixin.py:188} INFO - {'index_name': 'Общая площадь введенных в эксплуатацию жилых зданий', 'index_id': 701925, 'dic_names': ['Регионы', 'Тип местности и административное деление', 'Формы и видов собственности', 'Типы правовых единиц'], 'period_name': 'Год', 'info': 'нет новых данных'}
[2024-05-14T10:14:23.982+0000] {logging_mixin.py:188} INFO - {'index_name': 'Общая площадь введенных в эксплуатацию жилых зданий', 'index_id': 701925, 'dic_names': ['Регионы', 'Тип местности и административное деление', 'Благоустройство дома', 'Виды объектов и мощностей'], 'period_name': 'Год', 'info': 'нет новых данных'}
[2024-05-14T10:14:23.982+0000] {logging_mixin.py:188} INFO - {'index_name': 'Общая площадь введенных в эксплуатацию жилых зданий', 'index_id': 701925, 'dic_names': ['Регионы', 'Тип местности и административное деление', 'Формы и видов собственности', 'Типы правовых единиц', 'Виды объектов и мощностей'], 'period_name': 'Год', 'info': 'нет новых данных'}
[2024-05-14T10:14:23.983+0000] {logging_mixin.py:188} INFO - {'index_name': 'Общая площадь введенных в эксплуатацию жилых зданий', 'index_id': 701925, 'dic_names': ['Регионы', 'Тип местности и административное деление', 'Источник финансирования', 'Виды объектов и мощностей', 'Типы правовых единиц'], 'period_name': 'Год', 'info': 'нет новых данных'}
[2024-05-14T10:14:23.984+0000] {logging_mixin.py:188} INFO - {'index_name': 'Общая площадь введенных в эксплуатацию жилых зданий', 'index_id': 701925, 'dic_names': ['Регионы', 'Тип местности и административное деление', 'Формы и видов собственности', 'Благоустройство дома', 'Типы правовых единиц'], 'period_name': 'Год', 'info': 'нет новых данных'}
[2024-05-14T10:14:23.985+0000] {logging_mixin.py:188} INFO - {'index_name': 'Общая площадь введенных в эксплуатацию жилых зданий', 'index_id': 701925, 'dic_names': ['Регионы', 'Тип местности и административное деление', 'Формы и видов собственности', 'Виды объектов и мощностей', 'Типы правовых единиц'], 'period_name': 'Год', 'info': 'нет новых данных'}
[2024-05-14T10:14:23.985+0000] {logging_mixin.py:188} INFO - {'index_name': 'Общая площадь введенных в эксплуатацию жилых зданий', 'index_id': 701925, 'dic_names': ['Регионы', 'Тип местности и административное деление', 'Формы и видов собственности', 'Виды объектов и мощностей', 'Типы правовых единиц'], 'period_name': 'Месяц', 'info': 'нет новых данных'}
[2024-05-14T10:14:23.986+0000] {logging_mixin.py:188} INFO - {'index_name': 'Общая площадь введенных в эксплуатацию жилых зданий', 'index_id': 701925, 'dic_names': ['Регионы', 'Тип местности и административное деление', 'Формы и видов собственности', 'Виды объектов и мощностей', 'Группировки типов правовых единиц'], 'period_name': 'Месяц с накоплением', 'info': 'нет новых данных'}
[2024-05-14T10:14:23.987+0000] {logging_mixin.py:188} INFO - {'index_name': 'Общая площадь введенных в эксплуатацию жилых зданий', 'index_id': 701925, 'dic_names': ['Регионы', 'Тип местности и административное деление', 'Формы и видов собственности', 'Виды объектов и мощностей', 'Типы правовых единиц'], 'period_name': 'Месяц с накоплением', 'info': 'нет новых данных'}
[2024-05-14T10:14:23.988+0000] {logging_mixin.py:188} INFO - {'index_name': 'Общая площадь введенных в эксплуатацию жилых зданий', 'index_id': 701925, 'dic_names': ['Регионы', 'Источник финансирования'], 'period_name': 'Месяц', 'info': 'нет новых данных'}
[2024-05-14T10:14:23.989+0000] {logging_mixin.py:188} INFO - {'index_name': 'Общая площадь введенных в эксплуатацию жилых зданий', 'index_id': 701925, 'dic_names': ['Регионы', 'Тип местности и административное деление', 'Формы и видов собственности', 'Типы правовых единиц', 'Виды объектов и мощностей'], 'period_name': 'Месяц', 'info': 'нет новых данных'}
[2024-05-14T10:14:23.990+0000] {logging_mixin.py:188} INFO - {'index_name': 'Общая площадь введенных в эксплуатацию жилых зданий', 'index_id': 701925, 'dic_names': ['Регионы', 'Источник финансирования'], 'period_name': 'Месяц с накоплением', 'info': 'нет новых данных'}
[2024-05-14T10:14:23.990+0000] {logging_mixin.py:188} INFO - {'index_name': 'Общая площадь введенных в эксплуатацию жилых зданий', 'index_id': 701925, 'dic_names': ['Регионы', 'Тип местности и административное деление', 'Формы и видов собственности', 'Типы правовых единиц', 'Виды объектов и мощностей'], 'period_name': 'Месяц с накоплением', 'info': 'нет новых данных'}
[2024-05-14T10:14:23.991+0000] {python.py:237} INFO - Done. Returned value was: None
[2024-05-14T10:14:23.992+0000] {taskinstance.py:441} INFO - ::group::Post task execution logs
[2024-05-14T10:14:24.006+0000] {taskinstance.py:1205} INFO - Marking task as SUCCESS. dag_id=load_data_mb, task_id=load_index_id_701925, execution_date=20240513T000000, start_date=20240514T101257, end_date=20240514T101424
[2024-05-14T10:14:24.048+0000] {local_task_job_runner.py:240} INFO - Task exited with return code 0
[2024-05-14T10:14:24.074+0000] {taskinstance.py:3482} INFO - 0 downstream tasks scheduled from follow-on schedule check
[2024-05-14T10:14:24.080+0000] {local_task_job_runner.py:222} INFO - ::endgroup::
