[2024-05-02T08:21:28.418+0000] {local_task_job_runner.py:120} INFO - ::group::Pre task execution logs
[2024-05-02T08:21:28.473+0000] {taskinstance.py:2073} INFO - Dependencies all met for dep_context=non-requeueable deps ti=<TaskInstance: load_data_mb.load_index_id_702041 scheduled__2024-04-30T00:00:00+00:00 [queued]>
[2024-05-02T08:21:28.490+0000] {taskinstance.py:2073} INFO - Dependencies all met for dep_context=requeueable deps ti=<TaskInstance: load_data_mb.load_index_id_702041 scheduled__2024-04-30T00:00:00+00:00 [queued]>
[2024-05-02T08:21:28.491+0000] {taskinstance.py:2303} INFO - Starting attempt 1 of 1
[2024-05-02T08:21:28.515+0000] {taskinstance.py:2327} INFO - Executing <Task(PythonOperator): load_index_id_702041> on 2024-04-30 00:00:00+00:00
[2024-05-02T08:21:28.527+0000] {standard_task_runner.py:90} INFO - Running: ['***', 'tasks', 'run', 'load_data_mb', 'load_index_id_702041', 'scheduled__2024-04-30T00:00:00+00:00', '--job-id', '417', '--raw', '--subdir', 'DAGS_FOLDER/load_data_mb.py', '--cfg-path', '/tmp/tmp92voivr1']
[2024-05-02T08:21:28.531+0000] {standard_task_runner.py:91} INFO - Job 417: Subtask load_index_id_702041
[2024-05-02T08:21:28.533+0000] {logging_mixin.py:188} WARNING - /home/***/.local/lib/python3.12/site-packages/***/task/task_runner/standard_task_runner.py:61 DeprecationWarning: This process (pid=780) is multi-threaded, use of fork() may lead to deadlocks in the child.
[2024-05-02T08:21:28.535+0000] {standard_task_runner.py:63} INFO - Started process 781 to run task
[2024-05-02T08:21:28.681+0000] {task_command.py:426} INFO - Running <TaskInstance: load_data_mb.load_index_id_702041 scheduled__2024-04-30T00:00:00+00:00 [running]> on host d933ead87eb5
[2024-05-02T08:21:29.014+0000] {taskinstance.py:2644} INFO - Exporting env vars: AIRFLOW_CTX_DAG_OWNER='***' AIRFLOW_CTX_DAG_ID='load_data_mb' AIRFLOW_CTX_TASK_ID='load_index_id_702041' AIRFLOW_CTX_EXECUTION_DATE='2024-04-30T00:00:00+00:00' AIRFLOW_CTX_TRY_NUMBER='1' AIRFLOW_CTX_DAG_RUN_ID='scheduled__2024-04-30T00:00:00+00:00'
[2024-05-02T08:21:29.016+0000] {taskinstance.py:430} INFO - ::endgroup::
[2024-05-02T08:21:39.521+0000] {logging_mixin.py:188} INFO - {'index_name': 'Индекс физического объема розничной торговли', 'index_id': 702041, 'dic_names': ['Регионы', 'Тип местности и административное деление', 'Виды товаров', 'Соотнесение периодов', 'Типы правовых единиц', 'Услуги внутренней торговли'], 'period_name': 'Год', 'info': 'ошибка талдау', 'error_code': 500}
[2024-05-02T08:21:39.524+0000] {logging_mixin.py:188} INFO - {'index_name': 'Индекс физического объема розничной торговли', 'index_id': 702041, 'dic_names': ['Регионы', 'Тип местности и административное деление', 'Соотнесение периодов', 'Структура товаров для месячной формы'], 'period_name': 'Месяц с накоплением', 'info': 'ошибка талдау', 'error_code': 500}
[2024-05-02T08:21:39.526+0000] {logging_mixin.py:188} INFO - {'index_name': 'Индекс физического объема розничной торговли', 'index_id': 702041, 'dic_names': ['Регионы', 'Торгующие предприятия, организации, рынки и индивидуальные предприниматели', 'Соотнесение периодов'], 'period_name': 'Месяц', 'info': 'ошибка талдау', 'error_code': 500}
[2024-05-02T08:21:39.528+0000] {logging_mixin.py:188} INFO - {'index_name': 'Индекс физического объема розничной торговли', 'index_id': 702041, 'dic_names': ['Регионы', 'Тип местности и административное деление', 'Соотнесение периодов', 'Структура товаров для месячной формы'], 'period_name': 'Месяц', 'info': 'ошибка талдау', 'error_code': 500}
[2024-05-02T08:21:39.531+0000] {logging_mixin.py:188} INFO - {'index_name': 'Индекс физического объема розничной торговли', 'index_id': 702041, 'dic_names': ['Регионы', 'Торгующие предприятия, организации, рынки и индивидуальные предприниматели', 'Соотнесение периодов'], 'period_name': 'Месяц с накоплением', 'info': 'ошибка талдау', 'error_code': 500}
[2024-05-02T08:21:39.533+0000] {python.py:237} INFO - Done. Returned value was: None
[2024-05-02T08:21:39.536+0000] {taskinstance.py:441} INFO - ::group::Post task execution logs
[2024-05-02T08:21:39.572+0000] {taskinstance.py:1205} INFO - Marking task as SUCCESS. dag_id=load_data_mb, task_id=load_index_id_702041, execution_date=20240430T000000, start_date=20240502T082128, end_date=20240502T082139
[2024-05-02T08:21:39.683+0000] {local_task_job_runner.py:240} INFO - Task exited with return code 0
[2024-05-02T08:21:39.735+0000] {taskinstance.py:3482} INFO - 0 downstream tasks scheduled from follow-on schedule check
[2024-05-02T08:21:39.741+0000] {local_task_job_runner.py:222} INFO - ::endgroup::
