[2024-04-27T19:40:21.322+0000] {local_task_job_runner.py:120} INFO - ::group::Pre task execution logs
[2024-04-27T19:40:21.369+0000] {taskinstance.py:2073} INFO - Dependencies all met for dep_context=non-requeueable deps ti=<TaskInstance: load_data_mb.load_index_id_2979005 manual__2024-04-27T19:40:19.829370+00:00 [queued]>
[2024-04-27T19:40:21.383+0000] {taskinstance.py:2073} INFO - Dependencies all met for dep_context=requeueable deps ti=<TaskInstance: load_data_mb.load_index_id_2979005 manual__2024-04-27T19:40:19.829370+00:00 [queued]>
[2024-04-27T19:40:21.385+0000] {taskinstance.py:2303} INFO - Starting attempt 1 of 4
[2024-04-27T19:40:21.411+0000] {taskinstance.py:2327} INFO - Executing <Task(PythonOperator): load_index_id_2979005> on 2024-04-27 19:40:19.829370+00:00
[2024-04-27T19:40:21.424+0000] {standard_task_runner.py:90} INFO - Running: ['***', 'tasks', 'run', 'load_data_mb', 'load_index_id_2979005', 'manual__2024-04-27T19:40:19.829370+00:00', '--job-id', '222', '--raw', '--subdir', 'DAGS_FOLDER/python_op.py', '--cfg-path', '/tmp/tmphr5wne7c']
[2024-04-27T19:40:21.431+0000] {standard_task_runner.py:91} INFO - Job 222: Subtask load_index_id_2979005
[2024-04-27T19:40:21.438+0000] {logging_mixin.py:188} WARNING - /home/***/.local/lib/python3.12/site-packages/***/task/task_runner/standard_task_runner.py:61 DeprecationWarning: This process (pid=1268) is multi-threaded, use of fork() may lead to deadlocks in the child.
[2024-04-27T19:40:21.440+0000] {standard_task_runner.py:63} INFO - Started process 1269 to run task
[2024-04-27T19:40:21.513+0000] {task_command.py:426} INFO - Running <TaskInstance: load_data_mb.load_index_id_2979005 manual__2024-04-27T19:40:19.829370+00:00 [running]> on host d933ead87eb5
[2024-04-27T19:40:21.659+0000] {taskinstance.py:2644} INFO - Exporting env vars: AIRFLOW_CTX_DAG_OWNER='***' AIRFLOW_CTX_DAG_ID='load_data_mb' AIRFLOW_CTX_TASK_ID='load_index_id_2979005' AIRFLOW_CTX_EXECUTION_DATE='2024-04-27T19:40:19.829370+00:00' AIRFLOW_CTX_TRY_NUMBER='1' AIRFLOW_CTX_DAG_RUN_ID='manual__2024-04-27T19:40:19.829370+00:00'
[2024-04-27T19:40:21.661+0000] {taskinstance.py:430} INFO - ::endgroup::
[2024-04-27T19:40:31.153+0000] {logging_mixin.py:188} INFO - {'index_name': 'индекс физического объема валового внутреннего продукта методом производства', 'dic_names': ['Регионы'], 'period_name': 'Квартал с накоплением', 'info': 'нет новых данных'}
[2024-04-27T19:40:31.154+0000] {logging_mixin.py:188} INFO - {'index_name': 'индекс физического объема валового внутреннего продукта методом производства', 'dic_names': ['Регионы'], 'period_name': 'Месяц с накоплением', 'info': 'нет новых данных'}
[2024-04-27T19:40:31.156+0000] {logging_mixin.py:188} INFO - {'index_name': 'индекс физического объема валового внутреннего продукта методом производства', 'dic_names': ['Регионы'], 'period_name': 'Год', 'info': 'загружены актуальные данные'}
[2024-04-27T19:40:31.157+0000] {python.py:237} INFO - Done. Returned value was: None
[2024-04-27T19:40:31.159+0000] {taskinstance.py:441} INFO - ::group::Post task execution logs
[2024-04-27T19:40:31.184+0000] {taskinstance.py:1205} INFO - Marking task as SUCCESS. dag_id=load_data_mb, task_id=load_index_id_2979005, execution_date=20240427T194019, start_date=20240427T194021, end_date=20240427T194031
[2024-04-27T19:40:31.248+0000] {local_task_job_runner.py:240} INFO - Task exited with return code 0
[2024-04-27T19:40:31.275+0000] {taskinstance.py:3482} INFO - 0 downstream tasks scheduled from follow-on schedule check
[2024-04-27T19:40:31.281+0000] {local_task_job_runner.py:222} INFO - ::endgroup::
