[2024-05-14T10:00:59.994+0000] {local_task_job_runner.py:120} INFO - ::group::Pre task execution logs
[2024-05-14T10:01:00.055+0000] {taskinstance.py:2073} INFO - Dependencies all met for dep_context=non-requeueable deps ti=<TaskInstance: load_data_mb.load_index_id_701625 scheduled__2024-05-02T00:00:00+00:00 [queued]>
[2024-05-14T10:01:00.071+0000] {taskinstance.py:2073} INFO - Dependencies all met for dep_context=requeueable deps ti=<TaskInstance: load_data_mb.load_index_id_701625 scheduled__2024-05-02T00:00:00+00:00 [queued]>
[2024-05-14T10:01:00.073+0000] {taskinstance.py:2303} INFO - Starting attempt 1 of 1
[2024-05-14T10:01:00.095+0000] {taskinstance.py:2327} INFO - Executing <Task(PythonOperator): load_index_id_701625> on 2024-05-02 00:00:00+00:00
[2024-05-14T10:01:00.104+0000] {standard_task_runner.py:90} INFO - Running: ['***', 'tasks', 'run', 'load_data_mb', 'load_index_id_701625', 'scheduled__2024-05-02T00:00:00+00:00', '--job-id', '505', '--raw', '--subdir', 'DAGS_FOLDER/load_data_mb.py', '--cfg-path', '/tmp/tmp4ggunmlr']
[2024-05-14T10:01:00.110+0000] {standard_task_runner.py:91} INFO - Job 505: Subtask load_index_id_701625
[2024-05-14T10:01:00.112+0000] {logging_mixin.py:188} WARNING - /home/***/.local/lib/python3.12/site-packages/***/task/task_runner/standard_task_runner.py:61 DeprecationWarning: This process (pid=267) is multi-threaded, use of fork() may lead to deadlocks in the child.
[2024-05-14T10:01:00.113+0000] {standard_task_runner.py:63} INFO - Started process 268 to run task
[2024-05-14T10:01:00.180+0000] {task_command.py:426} INFO - Running <TaskInstance: load_data_mb.load_index_id_701625 scheduled__2024-05-02T00:00:00+00:00 [running]> on host d933ead87eb5
[2024-05-14T10:01:00.321+0000] {taskinstance.py:2644} INFO - Exporting env vars: AIRFLOW_CTX_DAG_OWNER='***' AIRFLOW_CTX_DAG_ID='load_data_mb' AIRFLOW_CTX_TASK_ID='load_index_id_701625' AIRFLOW_CTX_EXECUTION_DATE='2024-05-02T00:00:00+00:00' AIRFLOW_CTX_TRY_NUMBER='1' AIRFLOW_CTX_DAG_RUN_ID='scheduled__2024-05-02T00:00:00+00:00'
[2024-05-14T10:01:00.323+0000] {taskinstance.py:430} INFO - ::endgroup::
[2024-05-14T10:01:14.758+0000] {logging_mixin.py:188} INFO - {'index_name': 'Индексы промышленного производства по промышленной продукции', 'index_id': 701625, 'dic_names': ['Регионы', 'Тип местности и административное деление', 'Виды деятельности', 'Соотнесение периодов', 'Виды экономической деятельности'], 'period_name': 'Год', 'info': 'нет новых данных'}
[2024-05-14T10:01:14.759+0000] {logging_mixin.py:188} INFO - {'index_name': 'Индексы промышленного производства по промышленной продукции', 'index_id': 701625, 'dic_names': ['Регионы', 'Виды экономической деятельности', 'Тип местности и административное деление', 'Размерность юридических лиц, филиалов и представительств, а также субъектов индивидуального предпринимательства по численности работников', 'Формы и видов собственности', 'Соотнесение периодов'], 'period_name': 'Месяц с накоплением', 'info': 'нет новых данных'}
[2024-05-14T10:01:14.760+0000] {logging_mixin.py:188} INFO - {'index_name': 'Индексы промышленного производства по промышленной продукции', 'index_id': 701625, 'dic_names': ['Регионы', 'Виды экономической деятельности', 'Соотнесение периодов'], 'period_name': 'Месяц с накоплением', 'info': 'нет новых данных'}
[2024-05-14T10:01:14.761+0000] {logging_mixin.py:188} INFO - {'index_name': 'Индексы промышленного производства по промышленной продукции', 'index_id': 701625, 'dic_names': ['Регионы', 'Виды экономической деятельности', 'Соотнесение периодов'], 'period_name': 'Год', 'info': 'нет новых данных'}
[2024-05-14T10:01:14.762+0000] {logging_mixin.py:188} INFO - {'index_name': 'Индексы промышленного производства по промышленной продукции', 'index_id': 701625, 'dic_names': ['Регионы', 'Виды экономической деятельности', 'Тип местности и административное деление', 'Размерность юридических лиц, филиалов и представительств, а также субъектов индивидуального предпринимательства по численности работников', 'Формы и видов собственности', 'Соотнесение периодов'], 'period_name': 'Месяц', 'info': 'нет новых данных'}
[2024-05-14T10:01:14.762+0000] {logging_mixin.py:188} INFO - {'index_name': 'Индексы промышленного производства по промышленной продукции', 'index_id': 701625, 'dic_names': ['Регионы', 'Виды экономической деятельности', 'Соотнесение периодов'], 'period_name': 'Месяц', 'info': 'нет новых данных'}
[2024-05-14T10:01:14.763+0000] {python.py:237} INFO - Done. Returned value was: None
[2024-05-14T10:01:14.764+0000] {taskinstance.py:441} INFO - ::group::Post task execution logs
[2024-05-14T10:01:14.779+0000] {taskinstance.py:1205} INFO - Marking task as SUCCESS. dag_id=load_data_mb, task_id=load_index_id_701625, execution_date=20240502T000000, start_date=20240514T100100, end_date=20240514T100114
[2024-05-14T10:01:14.833+0000] {local_task_job_runner.py:240} INFO - Task exited with return code 0
[2024-05-14T10:01:14.878+0000] {taskinstance.py:3482} INFO - 0 downstream tasks scheduled from follow-on schedule check
[2024-05-14T10:01:14.883+0000] {local_task_job_runner.py:222} INFO - ::endgroup::
