[2024-05-02T08:24:08.361+0000] {local_task_job_runner.py:120} INFO - ::group::Pre task execution logs
[2024-05-02T08:24:08.410+0000] {taskinstance.py:2073} INFO - Dependencies all met for dep_context=non-requeueable deps ti=<TaskInstance: load_data_mb.load_index_id_702974 scheduled__2024-05-01T00:00:00+00:00 [queued]>
[2024-05-02T08:24:08.427+0000] {taskinstance.py:2073} INFO - Dependencies all met for dep_context=requeueable deps ti=<TaskInstance: load_data_mb.load_index_id_702974 scheduled__2024-05-01T00:00:00+00:00 [queued]>
[2024-05-02T08:24:08.428+0000] {taskinstance.py:2303} INFO - Starting attempt 1 of 1
[2024-05-02T08:24:08.453+0000] {taskinstance.py:2327} INFO - Executing <Task(PythonOperator): load_index_id_702974> on 2024-05-01 00:00:00+00:00
[2024-05-02T08:24:08.463+0000] {standard_task_runner.py:90} INFO - Running: ['***', 'tasks', 'run', 'load_data_mb', 'load_index_id_702974', 'scheduled__2024-05-01T00:00:00+00:00', '--job-id', '427', '--raw', '--subdir', 'DAGS_FOLDER/load_data_mb.py', '--cfg-path', '/tmp/tmp0qjpb22x']
[2024-05-02T08:24:08.467+0000] {standard_task_runner.py:91} INFO - Job 427: Subtask load_index_id_702974
[2024-05-02T08:24:08.469+0000] {logging_mixin.py:188} WARNING - /home/***/.local/lib/python3.12/site-packages/***/task/task_runner/standard_task_runner.py:61 DeprecationWarning: This process (pid=861) is multi-threaded, use of fork() may lead to deadlocks in the child.
[2024-05-02T08:24:08.471+0000] {standard_task_runner.py:63} INFO - Started process 862 to run task
[2024-05-02T08:24:08.538+0000] {task_command.py:426} INFO - Running <TaskInstance: load_data_mb.load_index_id_702974 scheduled__2024-05-01T00:00:00+00:00 [running]> on host d933ead87eb5
[2024-05-02T08:24:08.834+0000] {taskinstance.py:2644} INFO - Exporting env vars: AIRFLOW_CTX_DAG_OWNER='***' AIRFLOW_CTX_DAG_ID='load_data_mb' AIRFLOW_CTX_TASK_ID='load_index_id_702974' AIRFLOW_CTX_EXECUTION_DATE='2024-05-01T00:00:00+00:00' AIRFLOW_CTX_TRY_NUMBER='1' AIRFLOW_CTX_DAG_RUN_ID='scheduled__2024-05-01T00:00:00+00:00'
[2024-05-02T08:24:08.836+0000] {taskinstance.py:430} INFO - ::endgroup::
[2024-05-02T08:24:26.069+0000] {logging_mixin.py:188} INFO - {'index_name': 'индекс номинальной заработной платы', 'index_id': 702974, 'dic_names': ['Регионы', 'Виды экономической деятельности', 'Размерность предприятий', 'Категории работников', 'По полу', 'Соотнесение периодов'], 'period_name': 'Год', 'info': 'ошибка талдау', 'error_code': 500}
[2024-05-02T08:24:26.071+0000] {logging_mixin.py:188} INFO - {'index_name': 'индекс номинальной заработной платы', 'index_id': 702974, 'dic_names': ['Регионы', 'Виды экономической деятельности', 'Размерность предприятий', 'Соотнесение периодов'], 'period_name': 'Квартал', 'info': 'ошибка талдау', 'error_code': 500}
[2024-05-02T08:24:26.072+0000] {logging_mixin.py:188} INFO - {'index_name': 'индекс номинальной заработной платы', 'index_id': 702974, 'dic_names': ['Регионы', 'Виды экономической деятельности', 'Тип местности и административное деление', 'Размерность предприятий', 'По полу', 'Соотнесение периодов'], 'period_name': 'Квартал', 'info': 'ошибка талдау', 'error_code': 500}
[2024-05-02T08:24:26.073+0000] {logging_mixin.py:188} INFO - {'index_name': 'индекс номинальной заработной платы', 'index_id': 702974, 'dic_names': ['Регионы', 'Виды экономической деятельности', 'Размерность предприятий', 'Соотнесение периодов'], 'period_name': 'Месяц', 'info': 'ошибка талдау', 'error_code': 500}
[2024-05-02T08:24:26.074+0000] {logging_mixin.py:188} INFO - {'index_name': 'индекс номинальной заработной платы', 'index_id': 702974, 'dic_names': ['Регионы', 'Виды экономической деятельности', 'Размерность предприятий', 'Соотнесение периодов'], 'period_name': 'Квартал с накоплением', 'info': 'ошибка талдау', 'error_code': 500}
[2024-05-02T08:24:26.075+0000] {logging_mixin.py:188} INFO - {'index_name': 'индекс номинальной заработной платы', 'index_id': 702974, 'dic_names': ['Регионы', 'Виды экономической деятельности', 'Тип местности и административное деление', 'Размерность предприятий', 'По полу', 'Соотнесение периодов'], 'period_name': 'Квартал с накоплением', 'info': 'ошибка талдау', 'error_code': 500}
[2024-05-02T08:24:26.076+0000] {logging_mixin.py:188} INFO - {'index_name': 'индекс номинальной заработной платы', 'index_id': 702974, 'dic_names': ['Регионы', 'Виды экономической деятельности', 'Размерность предприятий', 'Соотнесение периодов'], 'period_name': 'Месяц с накоплением', 'info': 'ошибка талдау', 'error_code': 500}
[2024-05-02T08:24:26.077+0000] {logging_mixin.py:188} INFO - {'index_name': 'индекс номинальной заработной платы', 'index_id': 702974, 'dic_names': ['Регионы', 'Виды экономической деятельности', 'Размерность предприятий', 'По полу', 'Соотнесение периодов'], 'period_name': 'Год', 'info': 'ошибка талдау', 'error_code': 500}
[2024-05-02T08:24:26.079+0000] {python.py:237} INFO - Done. Returned value was: None
[2024-05-02T08:24:26.081+0000] {taskinstance.py:441} INFO - ::group::Post task execution logs
[2024-05-02T08:24:26.099+0000] {taskinstance.py:1205} INFO - Marking task as SUCCESS. dag_id=load_data_mb, task_id=load_index_id_702974, execution_date=20240501T000000, start_date=20240502T082408, end_date=20240502T082426
[2024-05-02T08:24:26.158+0000] {local_task_job_runner.py:240} INFO - Task exited with return code 0
[2024-05-02T08:24:26.218+0000] {taskinstance.py:3482} INFO - 0 downstream tasks scheduled from follow-on schedule check
[2024-05-02T08:24:26.226+0000] {local_task_job_runner.py:222} INFO - ::endgroup::
