[2024-05-04T23:16:05.988+0000] {local_task_job_runner.py:120} INFO - ::group::Pre task execution logs
[2024-05-04T23:16:06.042+0000] {taskinstance.py:2073} INFO - Dependencies all met for dep_context=non-requeueable deps ti=<TaskInstance: load_data_mb.load_index_id_701276 scheduled__2024-05-02T00:00:00+00:00 [queued]>
[2024-05-04T23:16:06.056+0000] {taskinstance.py:2073} INFO - Dependencies all met for dep_context=requeueable deps ti=<TaskInstance: load_data_mb.load_index_id_701276 scheduled__2024-05-02T00:00:00+00:00 [queued]>
[2024-05-04T23:16:06.058+0000] {taskinstance.py:2303} INFO - Starting attempt 1 of 1
[2024-05-04T23:16:06.085+0000] {taskinstance.py:2327} INFO - Executing <Task(PythonOperator): load_index_id_701276> on 2024-05-02 00:00:00+00:00
[2024-05-04T23:16:06.097+0000] {standard_task_runner.py:90} INFO - Running: ['***', 'tasks', 'run', 'load_data_mb', 'load_index_id_701276', 'scheduled__2024-05-02T00:00:00+00:00', '--job-id', '457', '--raw', '--subdir', 'DAGS_FOLDER/load_data_mb.py', '--cfg-path', '/tmp/tmp99fwlxa_']
[2024-05-04T23:16:06.100+0000] {standard_task_runner.py:91} INFO - Job 457: Subtask load_index_id_701276
[2024-05-04T23:16:06.108+0000] {logging_mixin.py:188} WARNING - /home/***/.local/lib/python3.12/site-packages/***/task/task_runner/standard_task_runner.py:61 DeprecationWarning: This process (pid=174) is multi-threaded, use of fork() may lead to deadlocks in the child.
[2024-05-04T23:16:06.110+0000] {standard_task_runner.py:63} INFO - Started process 177 to run task
[2024-05-04T23:16:06.187+0000] {task_command.py:426} INFO - Running <TaskInstance: load_data_mb.load_index_id_701276 scheduled__2024-05-02T00:00:00+00:00 [running]> on host d933ead87eb5
[2024-05-04T23:16:06.431+0000] {taskinstance.py:2644} INFO - Exporting env vars: AIRFLOW_CTX_DAG_OWNER='***' AIRFLOW_CTX_DAG_ID='load_data_mb' AIRFLOW_CTX_TASK_ID='load_index_id_701276' AIRFLOW_CTX_EXECUTION_DATE='2024-05-02T00:00:00+00:00' AIRFLOW_CTX_TRY_NUMBER='1' AIRFLOW_CTX_DAG_RUN_ID='scheduled__2024-05-02T00:00:00+00:00'
[2024-05-04T23:16:06.433+0000] {taskinstance.py:430} INFO - ::endgroup::
[2024-05-04T23:46:46.361+0000] {logging_mixin.py:188} INFO - {'index_name': 'валовой сбор отдельных сельскохозяйственных культур в весе после доработки', 'index_id': 701276, 'dic_names': ['Регионы', 'Виды земель', 'Категории сельхозтоваропроизводителей', 'Растениеводство'], 'period_name': 'Год', 'info': 'ошибка талдау', 'error_code': 504}
[2024-05-04T23:46:46.421+0000] {logging_mixin.py:188} INFO - {'index_name': 'валовой сбор отдельных сельскохозяйственных культур в весе после доработки', 'index_id': 701276, 'dic_names': ['Регионы', 'Формы и видов собственности', 'Виды земель', 'Категории сельхозтоваропроизводителей', 'Растениеводство'], 'period_name': 'Один раз в год', 'info': 'ошибка талдау', 'error_code': 504}
[2024-05-04T23:46:46.424+0000] {logging_mixin.py:188} INFO - {'index_name': 'валовой сбор отдельных сельскохозяйственных культур в весе после доработки', 'index_id': 701276, 'dic_names': ['Регионы', 'Размерность юридических лиц, филиалов и представительств, а также субъектов индивидуального предпринимательства по численности работников', 'Виды земель', 'Категории сельхозтоваропроизводителей', 'Растениеводство'], 'period_name': 'Один раз в год', 'info': 'ошибка талдау', 'error_code': 504}
[2024-05-04T23:46:46.426+0000] {logging_mixin.py:188} INFO - {'index_name': 'валовой сбор отдельных сельскохозяйственных культур в весе после доработки', 'index_id': 701276, 'dic_names': ['Регионы', 'Виды земель', 'Категории сельхозтоваропроизводителей', 'Растениеводство'], 'period_name': 'Один раз в год', 'info': 'ошибка талдау', 'error_code': 504}
[2024-05-04T23:46:46.430+0000] {logging_mixin.py:188} INFO - {'index_name': 'валовой сбор отдельных сельскохозяйственных культур в весе после доработки', 'index_id': 701276, 'dic_names': ['Регионы', 'Виды земель', 'Категории сельхозтоваропроизводителей', 'Сектора экономики', 'Растениеводство'], 'period_name': 'Один раз в год', 'info': 'ошибка талдау', 'error_code': 504}
[2024-05-04T23:46:46.434+0000] {logging_mixin.py:188} INFO - {'index_name': 'валовой сбор отдельных сельскохозяйственных культур в весе после доработки', 'index_id': 701276, 'dic_names': ['Регионы', 'Организационно-правовые формы хозяйствования', 'Виды земель', 'Категории сельхозтоваропроизводителей', 'Растениеводство'], 'period_name': 'Один раз в год', 'info': 'ошибка талдау', 'error_code': 504}
[2024-05-04T23:46:46.454+0000] {python.py:237} INFO - Done. Returned value was: None
[2024-05-04T23:46:46.494+0000] {taskinstance.py:441} INFO - ::group::Post task execution logs
[2024-05-04T23:46:46.695+0000] {taskinstance.py:1205} INFO - Marking task as SUCCESS. dag_id=load_data_mb, task_id=load_index_id_701276, execution_date=20240502T000000, start_date=20240504T231606, end_date=20240504T234646
[2024-05-04T23:46:46.868+0000] {local_task_job_runner.py:240} INFO - Task exited with return code 0
[2024-05-04T23:46:47.032+0000] {taskinstance.py:3482} INFO - 0 downstream tasks scheduled from follow-on schedule check
[2024-05-04T23:46:47.038+0000] {local_task_job_runner.py:222} INFO - ::endgroup::
