[2024-04-29T19:16:13.620+0000] {local_task_job_runner.py:120} INFO - ::group::Pre task execution logs
[2024-04-29T19:16:13.743+0000] {taskinstance.py:2073} INFO - Dependencies all met for dep_context=non-requeueable deps ti=<TaskInstance: load_data_mb.load_index_id_4023004 scheduled__2024-04-28T00:00:00+00:00 [queued]>
[2024-04-29T19:16:13.768+0000] {taskinstance.py:2073} INFO - Dependencies all met for dep_context=requeueable deps ti=<TaskInstance: load_data_mb.load_index_id_4023004 scheduled__2024-04-28T00:00:00+00:00 [queued]>
[2024-04-29T19:16:13.770+0000] {taskinstance.py:2303} INFO - Starting attempt 1 of 1
[2024-04-29T19:16:13.824+0000] {taskinstance.py:2327} INFO - Executing <Task(PythonOperator): load_index_id_4023004> on 2024-04-28 00:00:00+00:00
[2024-04-29T19:16:13.840+0000] {standard_task_runner.py:90} INFO - Running: ['***', 'tasks', 'run', 'load_data_mb', 'load_index_id_4023004', 'scheduled__2024-04-28T00:00:00+00:00', '--job-id', '360', '--raw', '--subdir', 'DAGS_FOLDER/load_data_mb.py', '--cfg-path', '/tmp/tmplc35al1h']
[2024-04-29T19:16:13.846+0000] {standard_task_runner.py:91} INFO - Job 360: Subtask load_index_id_4023004
[2024-04-29T19:16:13.850+0000] {logging_mixin.py:188} WARNING - /home/***/.local/lib/python3.12/site-packages/***/task/task_runner/standard_task_runner.py:61 DeprecationWarning: This process (pid=649) is multi-threaded, use of fork() may lead to deadlocks in the child.
[2024-04-29T19:16:13.851+0000] {standard_task_runner.py:63} INFO - Started process 650 to run task
[2024-04-29T19:16:13.950+0000] {task_command.py:426} INFO - Running <TaskInstance: load_data_mb.load_index_id_4023004 scheduled__2024-04-28T00:00:00+00:00 [running]> on host d933ead87eb5
[2024-04-29T19:16:14.110+0000] {taskinstance.py:2644} INFO - Exporting env vars: AIRFLOW_CTX_DAG_OWNER='***' AIRFLOW_CTX_DAG_ID='load_data_mb' AIRFLOW_CTX_TASK_ID='load_index_id_4023004' AIRFLOW_CTX_EXECUTION_DATE='2024-04-28T00:00:00+00:00' AIRFLOW_CTX_TRY_NUMBER='1' AIRFLOW_CTX_DAG_RUN_ID='scheduled__2024-04-28T00:00:00+00:00'
[2024-04-29T19:16:14.111+0000] {taskinstance.py:430} INFO - ::endgroup::
[2024-04-29T19:16:22.603+0000] {logging_mixin.py:188} INFO - {'index_name': 'индекс производительности труда', 'index_id': 4023004, 'dic_names': ['Регионы'], 'period_name': 'Год', 'info': 'нет новых данных'}
[2024-04-29T19:16:22.604+0000] {logging_mixin.py:188} INFO - {'index_name': 'индекс производительности труда', 'index_id': 4023004, 'dic_names': ['Регионы', 'Виды экономической деятельности'], 'period_name': 'Год', 'info': 'нет новых данных'}
[2024-04-29T19:16:22.606+0000] {logging_mixin.py:188} INFO - {'index_name': 'индекс производительности труда', 'index_id': 4023004, 'dic_names': ['Регионы'], 'period_name': 'Квартал с накоплением', 'info': 'нет новых данных'}
[2024-04-29T19:16:22.607+0000] {logging_mixin.py:188} INFO - {'index_name': 'индекс производительности труда', 'index_id': 4023004, 'dic_names': ['Регионы', 'Виды экономической деятельности'], 'period_name': 'Квартал с накоплением', 'info': 'нет новых данных'}
[2024-04-29T19:16:22.609+0000] {python.py:237} INFO - Done. Returned value was: None
[2024-04-29T19:16:22.610+0000] {taskinstance.py:441} INFO - ::group::Post task execution logs
[2024-04-29T19:16:22.626+0000] {taskinstance.py:1205} INFO - Marking task as SUCCESS. dag_id=load_data_mb, task_id=load_index_id_4023004, execution_date=20240428T000000, start_date=20240429T191613, end_date=20240429T191622
[2024-04-29T19:16:22.661+0000] {local_task_job_runner.py:240} INFO - Task exited with return code 0
[2024-04-29T19:16:22.684+0000] {taskinstance.py:3482} INFO - 0 downstream tasks scheduled from follow-on schedule check
[2024-04-29T19:16:22.690+0000] {local_task_job_runner.py:222} INFO - ::endgroup::
