[2024-06-06T21:38:48.563+0000] {local_task_job_runner.py:120} INFO - ::group::Pre task execution logs
[2024-06-06T21:38:48.680+0000] {taskinstance.py:2073} INFO - Dependencies all met for dep_context=non-requeueable deps ti=<TaskInstance: load_data_mb.load_index_id_701276 manual__2024-06-06T21:33:24.677077+00:00 [queued]>
[2024-06-06T21:38:48.721+0000] {taskinstance.py:2073} INFO - Dependencies all met for dep_context=requeueable deps ti=<TaskInstance: load_data_mb.load_index_id_701276 manual__2024-06-06T21:33:24.677077+00:00 [queued]>
[2024-06-06T21:38:48.726+0000] {taskinstance.py:2303} INFO - Starting attempt 1 of 1
[2024-06-06T21:38:48.817+0000] {taskinstance.py:2327} INFO - Executing <Task(PythonOperator): load_index_id_701276> on 2024-06-06 21:33:24.677077+00:00
[2024-06-06T21:38:48.870+0000] {standard_task_runner.py:90} INFO - Running: ['***', 'tasks', 'run', 'load_data_mb', 'load_index_id_701276', 'manual__2024-06-06T21:33:24.677077+00:00', '--job-id', '8', '--raw', '--subdir', 'DAGS_FOLDER/load_data_mb.py', '--cfg-path', '/tmp/tmpcfewfd2o']
[2024-06-06T21:38:48.882+0000] {standard_task_runner.py:91} INFO - Job 8: Subtask load_index_id_701276
[2024-06-06T21:38:48.881+0000] {logging_mixin.py:188} WARNING - /home/***/.local/lib/python3.12/site-packages/***/task/task_runner/standard_task_runner.py:61 DeprecationWarning: This process (pid=844) is multi-threaded, use of fork() may lead to deadlocks in the child.
[2024-06-06T21:38:48.884+0000] {standard_task_runner.py:63} INFO - Started process 845 to run task
[2024-06-06T21:38:49.338+0000] {task_command.py:426} INFO - Running <TaskInstance: load_data_mb.load_index_id_701276 manual__2024-06-06T21:33:24.677077+00:00 [running]> on host e6f094d2943c
[2024-06-06T21:38:50.282+0000] {taskinstance.py:2644} INFO - Exporting env vars: AIRFLOW_CTX_DAG_OWNER='***' AIRFLOW_CTX_DAG_ID='load_data_mb' AIRFLOW_CTX_TASK_ID='load_index_id_701276' AIRFLOW_CTX_EXECUTION_DATE='2024-06-06T21:33:24.677077+00:00' AIRFLOW_CTX_TRY_NUMBER='1' AIRFLOW_CTX_DAG_RUN_ID='manual__2024-06-06T21:33:24.677077+00:00'
[2024-06-06T21:38:50.310+0000] {taskinstance.py:430} INFO - ::endgroup::
[2024-06-06T22:45:04.920+0000] {logging_mixin.py:188} INFO - {'index_name': 'валовой сбор отдельных сельскохозяйственных культур в весе после доработки', 'index_id': 701276, 'dic_names': ['Регионы', 'Виды земель', 'Категории сельхозтоваропроизводителей', 'Растениеводство'], 'period_name': 'Год', 'info': 'нет новых данных'}
[2024-06-06T22:45:04.971+0000] {logging_mixin.py:188} INFO - {'index_name': 'валовой сбор отдельных сельскохозяйственных культур в весе после доработки', 'index_id': 701276, 'dic_names': ['Регионы', 'Формы и видов собственности', 'Виды земель', 'Категории сельхозтоваропроизводителей', 'Растениеводство'], 'period_name': 'Один раз в год', 'info': 'ошибка талдау', 'error_code': 504}
[2024-06-06T22:45:04.973+0000] {logging_mixin.py:188} INFO - {'index_name': 'валовой сбор отдельных сельскохозяйственных культур в весе после доработки', 'index_id': 701276, 'dic_names': ['Регионы', 'Размерность юридических лиц, филиалов и представительств, а также субъектов индивидуального предпринимательства по численности работников', 'Виды земель', 'Категории сельхозтоваропроизводителей', 'Растениеводство'], 'period_name': 'Один раз в год', 'info': 'ошибка талдау', 'error_code': 504}
[2024-06-06T22:45:04.974+0000] {logging_mixin.py:188} INFO - {'index_name': 'валовой сбор отдельных сельскохозяйственных культур в весе после доработки', 'index_id': 701276, 'dic_names': ['Регионы', 'Виды земель', 'Категории сельхозтоваропроизводителей', 'Растениеводство'], 'period_name': 'Один раз в год', 'info': 'ошибка талдау', 'error_code': 504}
[2024-06-06T22:45:04.977+0000] {logging_mixin.py:188} INFO - {'index_name': 'валовой сбор отдельных сельскохозяйственных культур в весе после доработки', 'index_id': 701276, 'dic_names': ['Регионы', 'Виды земель', 'Категории сельхозтоваропроизводителей', 'Сектора экономики', 'Растениеводство'], 'period_name': 'Один раз в год', 'info': 'ошибка талдау', 'error_code': 502}
[2024-06-06T22:45:04.978+0000] {logging_mixin.py:188} INFO - {'index_name': 'валовой сбор отдельных сельскохозяйственных культур в весе после доработки', 'index_id': 701276, 'dic_names': ['Регионы', 'Организационно-правовые формы хозяйствования', 'Виды земель', 'Категории сельхозтоваропроизводителей', 'Растениеводство'], 'period_name': 'Один раз в год', 'info': 'ошибка талдау', 'error_code': 500}
[2024-06-06T22:45:04.996+0000] {python.py:237} INFO - Done. Returned value was: None
[2024-06-06T22:45:05.037+0000] {taskinstance.py:441} INFO - ::group::Post task execution logs
[2024-06-06T22:45:05.310+0000] {taskinstance.py:1205} INFO - Marking task as SUCCESS. dag_id=load_data_mb, task_id=load_index_id_701276, execution_date=20240606T213324, start_date=20240606T213848, end_date=20240606T224505
[2024-06-06T22:45:05.504+0000] {local_task_job_runner.py:240} INFO - Task exited with return code 0
[2024-06-06T22:45:05.676+0000] {taskinstance.py:3482} INFO - 0 downstream tasks scheduled from follow-on schedule check
[2024-06-06T22:45:05.683+0000] {local_task_job_runner.py:222} INFO - ::endgroup::
