[2024-05-14T10:01:16.263+0000] {local_task_job_runner.py:120} INFO - ::group::Pre task execution logs
[2024-05-14T10:01:16.308+0000] {taskinstance.py:2073} INFO - Dependencies all met for dep_context=non-requeueable deps ti=<TaskInstance: load_data_mb.load_index_id_701227 scheduled__2024-05-02T00:00:00+00:00 [queued]>
[2024-05-14T10:01:16.325+0000] {taskinstance.py:2073} INFO - Dependencies all met for dep_context=requeueable deps ti=<TaskInstance: load_data_mb.load_index_id_701227 scheduled__2024-05-02T00:00:00+00:00 [queued]>
[2024-05-14T10:01:16.326+0000] {taskinstance.py:2303} INFO - Starting attempt 1 of 1
[2024-05-14T10:01:16.351+0000] {taskinstance.py:2327} INFO - Executing <Task(PythonOperator): load_index_id_701227> on 2024-05-02 00:00:00+00:00
[2024-05-14T10:01:16.360+0000] {standard_task_runner.py:90} INFO - Running: ['***', 'tasks', 'run', 'load_data_mb', 'load_index_id_701227', 'scheduled__2024-05-02T00:00:00+00:00', '--job-id', '506', '--raw', '--subdir', 'DAGS_FOLDER/load_data_mb.py', '--cfg-path', '/tmp/tmpyyroqj6e']
[2024-05-14T10:01:16.364+0000] {standard_task_runner.py:91} INFO - Job 506: Subtask load_index_id_701227
[2024-05-14T10:01:16.379+0000] {logging_mixin.py:188} WARNING - /home/***/.local/lib/python3.12/site-packages/***/task/task_runner/standard_task_runner.py:61 DeprecationWarning: This process (pid=269) is multi-threaded, use of fork() may lead to deadlocks in the child.
[2024-05-14T10:01:16.380+0000] {standard_task_runner.py:63} INFO - Started process 270 to run task
[2024-05-14T10:01:16.435+0000] {task_command.py:426} INFO - Running <TaskInstance: load_data_mb.load_index_id_701227 scheduled__2024-05-02T00:00:00+00:00 [running]> on host d933ead87eb5
[2024-05-14T10:01:16.569+0000] {taskinstance.py:2644} INFO - Exporting env vars: AIRFLOW_CTX_DAG_OWNER='***' AIRFLOW_CTX_DAG_ID='load_data_mb' AIRFLOW_CTX_TASK_ID='load_index_id_701227' AIRFLOW_CTX_EXECUTION_DATE='2024-05-02T00:00:00+00:00' AIRFLOW_CTX_TRY_NUMBER='1' AIRFLOW_CTX_DAG_RUN_ID='scheduled__2024-05-02T00:00:00+00:00'
[2024-05-14T10:01:16.570+0000] {taskinstance.py:430} INFO - ::endgroup::
[2024-05-14T10:01:34.914+0000] {logging_mixin.py:188} INFO - {'index_name': 'Индекс физического объема валовой продукции растениеводства', 'index_id': 701227, 'dic_names': ['Регионы', 'Категории сельхозтоваропроизводителей', 'Соотнесение периодов'], 'period_name': 'Год', 'info': 'ошибка талдау', 'error_code': 503}
[2024-05-14T10:01:34.917+0000] {logging_mixin.py:188} INFO - {'index_name': 'Индекс физического объема валовой продукции растениеводства', 'index_id': 701227, 'dic_names': ['Регионы', 'Виды экономической деятельности', 'Категории сельхозтоваропроизводителей'], 'period_name': 'Год', 'info': 'нет новых данных'}
[2024-05-14T10:01:34.921+0000] {logging_mixin.py:188} INFO - {'index_name': 'Индекс физического объема валовой продукции растениеводства', 'index_id': 701227, 'dic_names': ['Регионы', 'Виды экономической деятельности', 'Категории сельхозтоваропроизводителей', 'Соотнесение периодов'], 'period_name': 'Год', 'info': 'нет новых данных'}
[2024-05-14T10:01:34.926+0000] {logging_mixin.py:188} INFO - {'index_name': 'Индекс физического объема валовой продукции растениеводства', 'index_id': 701227, 'date_ids': [1014, 1015, 1016], 'dic_names': ['Регионы', 'Категории сельхозтоваропроизводителей', 'Соотнесение периодов'], 'period_name': 'Месяц', 'info': 'загружены актуальные данные'}
[2024-05-14T10:01:34.931+0000] {logging_mixin.py:188} INFO - {'index_name': 'Индекс физического объема валовой продукции растениеводства', 'index_id': 701227, 'date_ids': [1041, 1040, 1039], 'dic_names': ['Регионы', 'Категории сельхозтоваропроизводителей', 'Соотнесение периодов'], 'period_name': 'Месяц с накоплением', 'info': 'загружены актуальные данные'}
[2024-05-14T10:01:34.939+0000] {python.py:237} INFO - Done. Returned value was: None
[2024-05-14T10:01:34.945+0000] {taskinstance.py:441} INFO - ::group::Post task execution logs
[2024-05-14T10:01:35.048+0000] {taskinstance.py:1205} INFO - Marking task as SUCCESS. dag_id=load_data_mb, task_id=load_index_id_701227, execution_date=20240502T000000, start_date=20240514T100116, end_date=20240514T100135
[2024-05-14T10:01:35.185+0000] {local_task_job_runner.py:240} INFO - Task exited with return code 0
[2024-05-14T10:01:35.233+0000] {taskinstance.py:3482} INFO - 0 downstream tasks scheduled from follow-on schedule check
[2024-05-14T10:01:35.251+0000] {local_task_job_runner.py:222} INFO - ::endgroup::
