[2024-04-28T08:09:36.672+0000] {local_task_job_runner.py:120} INFO - ::group::Pre task execution logs
[2024-04-28T08:09:36.728+0000] {taskinstance.py:2073} INFO - Dependencies all met for dep_context=non-requeueable deps ti=<TaskInstance: load_data_mb.load_index_id_702022 manual__2024-04-28T08:06:57.479140+00:00 [queued]>
[2024-04-28T08:09:36.741+0000] {taskinstance.py:2073} INFO - Dependencies all met for dep_context=requeueable deps ti=<TaskInstance: load_data_mb.load_index_id_702022 manual__2024-04-28T08:06:57.479140+00:00 [queued]>
[2024-04-28T08:09:36.742+0000] {taskinstance.py:2303} INFO - Starting attempt 1 of 1
[2024-04-28T08:09:36.772+0000] {taskinstance.py:2327} INFO - Executing <Task(PythonOperator): load_index_id_702022> on 2024-04-28 08:06:57.479140+00:00
[2024-04-28T08:09:36.787+0000] {standard_task_runner.py:90} INFO - Running: ['***', 'tasks', 'run', 'load_data_mb', 'load_index_id_702022', 'manual__2024-04-28T08:06:57.479140+00:00', '--job-id', '280', '--raw', '--subdir', 'DAGS_FOLDER/load_data_mb.py', '--cfg-path', '/tmp/tmpui48arg1']
[2024-04-28T08:09:36.791+0000] {standard_task_runner.py:91} INFO - Job 280: Subtask load_index_id_702022
[2024-04-28T08:09:36.801+0000] {logging_mixin.py:188} WARNING - /home/***/.local/lib/python3.12/site-packages/***/task/task_runner/standard_task_runner.py:61 DeprecationWarning: This process (pid=17956) is multi-threaded, use of fork() may lead to deadlocks in the child.
[2024-04-28T08:09:36.803+0000] {standard_task_runner.py:63} INFO - Started process 17957 to run task
[2024-04-28T08:09:36.886+0000] {task_command.py:426} INFO - Running <TaskInstance: load_data_mb.load_index_id_702022 manual__2024-04-28T08:06:57.479140+00:00 [running]> on host d933ead87eb5
[2024-04-28T08:09:37.342+0000] {taskinstance.py:2644} INFO - Exporting env vars: AIRFLOW_CTX_DAG_OWNER='***' AIRFLOW_CTX_DAG_ID='load_data_mb' AIRFLOW_CTX_TASK_ID='load_index_id_702022' AIRFLOW_CTX_EXECUTION_DATE='2024-04-28T08:06:57.479140+00:00' AIRFLOW_CTX_TRY_NUMBER='1' AIRFLOW_CTX_DAG_RUN_ID='manual__2024-04-28T08:06:57.479140+00:00'
[2024-04-28T08:09:37.347+0000] {taskinstance.py:430} INFO - ::endgroup::
[2024-04-28T08:09:44.417+0000] {logging_mixin.py:188} INFO - {'index_name': 'Индекс физического объема оптовой торговли', 'index_id': 702022, 'dic_names': ['Регионы', 'Тип местности и административное деление', 'Виды товаров', 'Соотнесение периодов', 'Типы правовых единиц', 'Услуги внутренней торговли'], 'period_name': 'Год', 'info': 'нет новых данных'}
[2024-04-28T08:09:44.419+0000] {logging_mixin.py:188} INFO - {'index_name': 'Индекс физического объема оптовой торговли', 'index_id': 702022, 'dic_names': ['Регионы', 'Торгующие предприятия, организации, рынки и индивидуальные предприниматели', 'Соотнесение периодов'], 'period_name': 'Месяц', 'info': 'нет новых данных'}
[2024-04-28T08:09:44.420+0000] {logging_mixin.py:188} INFO - {'index_name': 'Индекс физического объема оптовой торговли', 'index_id': 702022, 'dic_names': ['Регионы', 'Торгующие предприятия, организации, рынки и индивидуальные предприниматели', 'Соотнесение периодов'], 'period_name': 'Месяц с накоплением', 'info': 'нет новых данных'}
[2024-04-28T08:09:44.421+0000] {python.py:237} INFO - Done. Returned value was: None
[2024-04-28T08:09:44.423+0000] {taskinstance.py:441} INFO - ::group::Post task execution logs
[2024-04-28T08:09:44.439+0000] {taskinstance.py:1205} INFO - Marking task as SUCCESS. dag_id=load_data_mb, task_id=load_index_id_702022, execution_date=20240428T080657, start_date=20240428T080936, end_date=20240428T080944
[2024-04-28T08:09:44.516+0000] {local_task_job_runner.py:240} INFO - Task exited with return code 0
[2024-04-28T08:09:44.551+0000] {taskinstance.py:3482} INFO - 0 downstream tasks scheduled from follow-on schedule check
[2024-04-28T08:09:44.557+0000] {local_task_job_runner.py:222} INFO - ::endgroup::
