[2024-05-14T10:04:02.694+0000] {local_task_job_runner.py:120} INFO - ::group::Pre task execution logs
[2024-05-14T10:04:02.767+0000] {taskinstance.py:2073} INFO - Dependencies all met for dep_context=non-requeueable deps ti=<TaskInstance: load_data_mb.load_index_id_4023003 scheduled__2024-05-02T00:00:00+00:00 [queued]>
[2024-05-14T10:04:02.785+0000] {taskinstance.py:2073} INFO - Dependencies all met for dep_context=requeueable deps ti=<TaskInstance: load_data_mb.load_index_id_4023003 scheduled__2024-05-02T00:00:00+00:00 [queued]>
[2024-05-14T10:04:02.786+0000] {taskinstance.py:2303} INFO - Starting attempt 1 of 1
[2024-05-14T10:04:02.805+0000] {taskinstance.py:2327} INFO - Executing <Task(PythonOperator): load_index_id_4023003> on 2024-05-02 00:00:00+00:00
[2024-05-14T10:04:02.813+0000] {standard_task_runner.py:90} INFO - Running: ['***', 'tasks', 'run', 'load_data_mb', 'load_index_id_4023003', 'scheduled__2024-05-02T00:00:00+00:00', '--job-id', '513', '--raw', '--subdir', 'DAGS_FOLDER/load_data_mb.py', '--cfg-path', '/tmp/tmpn4pd2kh_']
[2024-05-14T10:04:02.816+0000] {standard_task_runner.py:91} INFO - Job 513: Subtask load_index_id_4023003
[2024-05-14T10:04:02.819+0000] {logging_mixin.py:188} WARNING - /home/***/.local/lib/python3.12/site-packages/***/task/task_runner/standard_task_runner.py:61 DeprecationWarning: This process (pid=350) is multi-threaded, use of fork() may lead to deadlocks in the child.
[2024-05-14T10:04:02.821+0000] {standard_task_runner.py:63} INFO - Started process 351 to run task
[2024-05-14T10:04:02.880+0000] {task_command.py:426} INFO - Running <TaskInstance: load_data_mb.load_index_id_4023003 scheduled__2024-05-02T00:00:00+00:00 [running]> on host d933ead87eb5
[2024-05-14T10:04:03.026+0000] {taskinstance.py:2644} INFO - Exporting env vars: AIRFLOW_CTX_DAG_OWNER='***' AIRFLOW_CTX_DAG_ID='load_data_mb' AIRFLOW_CTX_TASK_ID='load_index_id_4023003' AIRFLOW_CTX_EXECUTION_DATE='2024-05-02T00:00:00+00:00' AIRFLOW_CTX_TRY_NUMBER='1' AIRFLOW_CTX_DAG_RUN_ID='scheduled__2024-05-02T00:00:00+00:00'
[2024-05-14T10:04:03.028+0000] {taskinstance.py:430} INFO - ::endgroup::
[2024-05-14T10:04:17.589+0000] {logging_mixin.py:188} INFO - {'index_name': 'Производительность труда ', 'index_id': 4023003, 'date_ids': [994], 'dic_names': ['Регионы', 'Виды экономической деятельности'], 'period_name': 'Год', 'info': 'загружены актуальные данные'}
[2024-05-14T10:04:17.591+0000] {logging_mixin.py:188} INFO - {'index_name': 'Производительность труда ', 'index_id': 4023003, 'date_ids': [994], 'dic_names': ['Регионы'], 'period_name': 'Год', 'info': 'загружены актуальные данные'}
[2024-05-14T10:04:17.592+0000] {logging_mixin.py:188} INFO - {'index_name': 'Производительность труда ', 'index_id': 4023003, 'dic_names': ['Регионы', 'Виды экономической деятельности'], 'period_name': 'Квартал с накоплением', 'info': 'нет новых данных'}
[2024-05-14T10:04:17.592+0000] {logging_mixin.py:188} INFO - {'index_name': 'Производительность труда ', 'index_id': 4023003, 'dic_names': ['Регионы'], 'period_name': 'Квартал с накоплением', 'info': 'нет новых данных'}
[2024-05-14T10:04:17.593+0000] {python.py:237} INFO - Done. Returned value was: None
[2024-05-14T10:04:17.595+0000] {taskinstance.py:441} INFO - ::group::Post task execution logs
[2024-05-14T10:04:17.616+0000] {taskinstance.py:1205} INFO - Marking task as SUCCESS. dag_id=load_data_mb, task_id=load_index_id_4023003, execution_date=20240502T000000, start_date=20240514T100402, end_date=20240514T100417
[2024-05-14T10:04:17.684+0000] {local_task_job_runner.py:240} INFO - Task exited with return code 0
[2024-05-14T10:04:17.715+0000] {taskinstance.py:3482} INFO - 0 downstream tasks scheduled from follow-on schedule check
[2024-05-14T10:04:17.719+0000] {local_task_job_runner.py:222} INFO - ::endgroup::
