[2024-06-11T21:29:04.723+0000] {local_task_job_runner.py:120} INFO - ::group::Pre task execution logs
[2024-06-11T21:29:04.788+0000] {taskinstance.py:2073} INFO - Dependencies all met for dep_context=non-requeueable deps ti=<TaskInstance: load_data_mb.load_index_id_704449 scheduled__2024-06-10T00:00:00+00:00 [queued]>
[2024-06-11T21:29:04.806+0000] {taskinstance.py:2073} INFO - Dependencies all met for dep_context=requeueable deps ti=<TaskInstance: load_data_mb.load_index_id_704449 scheduled__2024-06-10T00:00:00+00:00 [queued]>
[2024-06-11T21:29:04.807+0000] {taskinstance.py:2303} INFO - Starting attempt 1 of 1
[2024-06-11T21:29:04.833+0000] {taskinstance.py:2327} INFO - Executing <Task(PythonOperator): load_index_id_704449> on 2024-06-10 00:00:00+00:00
[2024-06-11T21:29:04.847+0000] {standard_task_runner.py:90} INFO - Running: ['***', 'tasks', 'run', 'load_data_mb', 'load_index_id_704449', 'scheduled__2024-06-10T00:00:00+00:00', '--job-id', '136', '--raw', '--subdir', 'DAGS_FOLDER/load_data_mb.py', '--cfg-path', '/tmp/tmpkqy7nsbp']
[2024-06-11T21:29:04.851+0000] {standard_task_runner.py:91} INFO - Job 136: Subtask load_index_id_704449
[2024-06-11T21:29:04.853+0000] {logging_mixin.py:188} WARNING - /home/***/.local/lib/python3.12/site-packages/***/task/task_runner/standard_task_runner.py:61 DeprecationWarning: This process (pid=257) is multi-threaded, use of fork() may lead to deadlocks in the child.
[2024-06-11T21:29:04.854+0000] {standard_task_runner.py:63} INFO - Started process 258 to run task
[2024-06-11T21:29:04.973+0000] {task_command.py:426} INFO - Running <TaskInstance: load_data_mb.load_index_id_704449 scheduled__2024-06-10T00:00:00+00:00 [running]> on host e6f094d2943c
[2024-06-11T21:29:05.189+0000] {taskinstance.py:2644} INFO - Exporting env vars: AIRFLOW_CTX_DAG_OWNER='***' AIRFLOW_CTX_DAG_ID='load_data_mb' AIRFLOW_CTX_TASK_ID='load_index_id_704449' AIRFLOW_CTX_EXECUTION_DATE='2024-06-10T00:00:00+00:00' AIRFLOW_CTX_TRY_NUMBER='1' AIRFLOW_CTX_DAG_RUN_ID='scheduled__2024-06-10T00:00:00+00:00'
[2024-06-11T21:29:05.190+0000] {taskinstance.py:430} INFO - ::endgroup::
[2024-06-11T21:29:05.263+0000] {logging_mixin.py:188} INFO - Ошибка в коде или неверный json
[2024-06-11T21:29:05.266+0000] {taskinstance.py:441} INFO - ::group::Post task execution logs
[2024-06-11T21:29:05.268+0000] {taskinstance.py:2892} ERROR - Task failed due to SystemExit(1)
[2024-06-11T21:29:05.296+0000] {taskinstance.py:1205} INFO - Marking task as FAILED. dag_id=load_data_mb, task_id=load_index_id_704449, execution_date=20240610T000000, start_date=20240611T212904, end_date=20240611T212905
[2024-06-11T21:29:05.318+0000] {standard_task_runner.py:110} ERROR - Failed to execute job 136 for task load_index_id_704449 (Task failed due to SystemExit(1); 258)
[2024-06-11T21:29:05.353+0000] {local_task_job_runner.py:240} INFO - Task exited with return code 1
[2024-06-11T21:29:05.377+0000] {taskinstance.py:3482} INFO - 0 downstream tasks scheduled from follow-on schedule check
[2024-06-11T21:29:05.381+0000] {local_task_job_runner.py:222} INFO - ::endgroup::
[2024-06-11T21:30:29.289+0000] {local_task_job_runner.py:120} INFO - ::group::Pre task execution logs
[2024-06-11T21:30:29.372+0000] {taskinstance.py:2073} INFO - Dependencies all met for dep_context=non-requeueable deps ti=<TaskInstance: load_data_mb.load_index_id_704449 scheduled__2024-06-10T00:00:00+00:00 [queued]>
[2024-06-11T21:30:29.400+0000] {taskinstance.py:2073} INFO - Dependencies all met for dep_context=requeueable deps ti=<TaskInstance: load_data_mb.load_index_id_704449 scheduled__2024-06-10T00:00:00+00:00 [queued]>
[2024-06-11T21:30:29.401+0000] {taskinstance.py:2303} INFO - Starting attempt 1 of 1
[2024-06-11T21:30:29.430+0000] {taskinstance.py:2327} INFO - Executing <Task(PythonOperator): load_index_id_704449> on 2024-06-10 00:00:00+00:00
[2024-06-11T21:30:29.449+0000] {logging_mixin.py:188} WARNING - /home/***/.local/lib/python3.12/site-packages/***/task/task_runner/standard_task_runner.py:61 DeprecationWarning: This process (pid=363) is multi-threaded, use of fork() may lead to deadlocks in the child.
[2024-06-11T21:30:29.447+0000] {standard_task_runner.py:90} INFO - Running: ['***', 'tasks', 'run', 'load_data_mb', 'load_index_id_704449', 'scheduled__2024-06-10T00:00:00+00:00', '--job-id', '175', '--raw', '--subdir', 'DAGS_FOLDER/load_data_mb.py', '--cfg-path', '/tmp/tmp0ahhw5ws']
[2024-06-11T21:30:29.452+0000] {standard_task_runner.py:63} INFO - Started process 367 to run task
[2024-06-11T21:30:29.453+0000] {standard_task_runner.py:91} INFO - Job 175: Subtask load_index_id_704449
[2024-06-11T21:30:29.579+0000] {task_command.py:426} INFO - Running <TaskInstance: load_data_mb.load_index_id_704449 scheduled__2024-06-10T00:00:00+00:00 [running]> on host e6f094d2943c
[2024-06-11T21:30:29.882+0000] {taskinstance.py:2644} INFO - Exporting env vars: AIRFLOW_CTX_DAG_OWNER='***' AIRFLOW_CTX_DAG_ID='load_data_mb' AIRFLOW_CTX_TASK_ID='load_index_id_704449' AIRFLOW_CTX_EXECUTION_DATE='2024-06-10T00:00:00+00:00' AIRFLOW_CTX_TRY_NUMBER='1' AIRFLOW_CTX_DAG_RUN_ID='scheduled__2024-06-10T00:00:00+00:00'
[2024-06-11T21:30:29.883+0000] {taskinstance.py:430} INFO - ::endgroup::
[2024-06-11T21:30:29.943+0000] {logging_mixin.py:188} INFO - Ошибка в коде или неверный json
[2024-06-11T21:30:29.945+0000] {taskinstance.py:441} INFO - ::group::Post task execution logs
[2024-06-11T21:30:29.946+0000] {taskinstance.py:2892} ERROR - Task failed due to SystemExit(1)
[2024-06-11T21:30:29.957+0000] {taskinstance.py:1205} INFO - Marking task as FAILED. dag_id=load_data_mb, task_id=load_index_id_704449, execution_date=20240610T000000, start_date=20240611T213029, end_date=20240611T213029
[2024-06-11T21:30:29.972+0000] {standard_task_runner.py:110} ERROR - Failed to execute job 175 for task load_index_id_704449 (Task failed due to SystemExit(1); 367)
[2024-06-11T21:30:30.001+0000] {local_task_job_runner.py:240} INFO - Task exited with return code 1
[2024-06-11T21:30:30.032+0000] {taskinstance.py:3482} INFO - 0 downstream tasks scheduled from follow-on schedule check
[2024-06-11T21:30:30.035+0000] {local_task_job_runner.py:222} INFO - ::endgroup::
[2024-06-11T21:31:20.043+0000] {local_task_job_runner.py:120} INFO - ::group::Pre task execution logs
[2024-06-11T21:31:20.130+0000] {taskinstance.py:2073} INFO - Dependencies all met for dep_context=non-requeueable deps ti=<TaskInstance: load_data_mb.load_index_id_704449 scheduled__2024-06-10T00:00:00+00:00 [queued]>
[2024-06-11T21:31:20.156+0000] {taskinstance.py:2073} INFO - Dependencies all met for dep_context=requeueable deps ti=<TaskInstance: load_data_mb.load_index_id_704449 scheduled__2024-06-10T00:00:00+00:00 [queued]>
[2024-06-11T21:31:20.157+0000] {taskinstance.py:2303} INFO - Starting attempt 1 of 1
[2024-06-11T21:31:20.200+0000] {taskinstance.py:2327} INFO - Executing <Task(PythonOperator): load_index_id_704449> on 2024-06-10 00:00:00+00:00
[2024-06-11T21:31:20.222+0000] {standard_task_runner.py:90} INFO - Running: ['***', 'tasks', 'run', 'load_data_mb', 'load_index_id_704449', 'scheduled__2024-06-10T00:00:00+00:00', '--job-id', '186', '--raw', '--subdir', 'DAGS_FOLDER/load_data_mb.py', '--cfg-path', '/tmp/tmpgcbhml1v']
[2024-06-11T21:31:20.225+0000] {logging_mixin.py:188} WARNING - /home/***/.local/lib/python3.12/site-packages/***/task/task_runner/standard_task_runner.py:61 DeprecationWarning: This process (pid=400) is multi-threaded, use of fork() may lead to deadlocks in the child.
[2024-06-11T21:31:20.227+0000] {standard_task_runner.py:91} INFO - Job 186: Subtask load_index_id_704449
[2024-06-11T21:31:20.227+0000] {standard_task_runner.py:63} INFO - Started process 401 to run task
[2024-06-11T21:31:20.327+0000] {task_command.py:426} INFO - Running <TaskInstance: load_data_mb.load_index_id_704449 scheduled__2024-06-10T00:00:00+00:00 [running]> on host e6f094d2943c
[2024-06-11T21:31:20.508+0000] {taskinstance.py:2644} INFO - Exporting env vars: AIRFLOW_CTX_DAG_OWNER='***' AIRFLOW_CTX_DAG_ID='load_data_mb' AIRFLOW_CTX_TASK_ID='load_index_id_704449' AIRFLOW_CTX_EXECUTION_DATE='2024-06-10T00:00:00+00:00' AIRFLOW_CTX_TRY_NUMBER='1' AIRFLOW_CTX_DAG_RUN_ID='scheduled__2024-06-10T00:00:00+00:00'
[2024-06-11T21:31:20.510+0000] {taskinstance.py:430} INFO - ::endgroup::
[2024-06-11T21:31:20.586+0000] {logging_mixin.py:188} INFO - Ошибка в коде или неверный json
[2024-06-11T21:31:20.590+0000] {taskinstance.py:441} INFO - ::group::Post task execution logs
[2024-06-11T21:31:20.593+0000] {taskinstance.py:2892} ERROR - Task failed due to SystemExit(1)
[2024-06-11T21:31:20.614+0000] {taskinstance.py:1205} INFO - Marking task as FAILED. dag_id=load_data_mb, task_id=load_index_id_704449, execution_date=20240610T000000, start_date=20240611T213120, end_date=20240611T213120
[2024-06-11T21:31:20.669+0000] {standard_task_runner.py:110} ERROR - Failed to execute job 186 for task load_index_id_704449 (Task failed due to SystemExit(1); 401)
[2024-06-11T21:31:20.726+0000] {local_task_job_runner.py:240} INFO - Task exited with return code 1
[2024-06-11T21:31:20.847+0000] {taskinstance.py:3482} INFO - 0 downstream tasks scheduled from follow-on schedule check
[2024-06-11T21:31:20.868+0000] {local_task_job_runner.py:222} INFO - ::endgroup::
[2024-06-11T21:41:26.722+0000] {local_task_job_runner.py:120} INFO - ::group::Pre task execution logs
[2024-06-11T21:41:26.821+0000] {taskinstance.py:2073} INFO - Dependencies all met for dep_context=non-requeueable deps ti=<TaskInstance: load_data_mb.load_index_id_704449 scheduled__2024-06-10T00:00:00+00:00 [queued]>
[2024-06-11T21:41:26.837+0000] {taskinstance.py:2073} INFO - Dependencies all met for dep_context=requeueable deps ti=<TaskInstance: load_data_mb.load_index_id_704449 scheduled__2024-06-10T00:00:00+00:00 [queued]>
[2024-06-11T21:41:26.837+0000] {taskinstance.py:2303} INFO - Starting attempt 1 of 1
[2024-06-11T21:41:26.868+0000] {taskinstance.py:2327} INFO - Executing <Task(PythonOperator): load_index_id_704449> on 2024-06-10 00:00:00+00:00
[2024-06-11T21:41:26.884+0000] {standard_task_runner.py:90} INFO - Running: ['***', 'tasks', 'run', 'load_data_mb', 'load_index_id_704449', 'scheduled__2024-06-10T00:00:00+00:00', '--job-id', '243', '--raw', '--subdir', 'DAGS_FOLDER/load_data.py', '--cfg-path', '/tmp/tmpnbssw89k']
[2024-06-11T21:41:26.889+0000] {standard_task_runner.py:91} INFO - Job 243: Subtask load_index_id_704449
[2024-06-11T21:41:26.890+0000] {logging_mixin.py:188} WARNING - /home/***/.local/lib/python3.12/site-packages/***/task/task_runner/standard_task_runner.py:61 DeprecationWarning: This process (pid=217) is multi-threaded, use of fork() may lead to deadlocks in the child.
[2024-06-11T21:41:26.892+0000] {standard_task_runner.py:63} INFO - Started process 218 to run task
[2024-06-11T21:41:26.962+0000] {task_command.py:426} INFO - Running <TaskInstance: load_data_mb.load_index_id_704449 scheduled__2024-06-10T00:00:00+00:00 [running]> on host 8195540d7f15
[2024-06-11T21:41:27.088+0000] {taskinstance.py:2644} INFO - Exporting env vars: AIRFLOW_CTX_DAG_OWNER='***' AIRFLOW_CTX_DAG_ID='load_data_mb' AIRFLOW_CTX_TASK_ID='load_index_id_704449' AIRFLOW_CTX_EXECUTION_DATE='2024-06-10T00:00:00+00:00' AIRFLOW_CTX_TRY_NUMBER='1' AIRFLOW_CTX_DAG_RUN_ID='scheduled__2024-06-10T00:00:00+00:00'
[2024-06-11T21:41:27.090+0000] {taskinstance.py:430} INFO - ::endgroup::
[2024-06-11T21:41:27.141+0000] {taskinstance.py:441} INFO - ::group::Post task execution logs
[2024-06-11T21:41:27.142+0000] {taskinstance.py:2890} ERROR - Task failed with exception
Traceback (most recent call last):
  File "/home/airflow/.local/lib/python3.12/site-packages/airflow/models/taskinstance.py", line 465, in _execute_task
    result = _execute_callable(context=context, **execute_callable_kwargs)
             ^^^^^^^^^^^^^^^^^^^^^^^^^^^^^^^^^^^^^^^^^^^^^^^^^^^^^^^^^^^^^
  File "/home/airflow/.local/lib/python3.12/site-packages/airflow/models/taskinstance.py", line 432, in _execute_callable
    return execute_callable(context=context, **execute_callable_kwargs)
           ^^^^^^^^^^^^^^^^^^^^^^^^^^^^^^^^^^^^^^^^^^^^^^^^^^^^^^^^^^^^
  File "/home/airflow/.local/lib/python3.12/site-packages/airflow/models/baseoperator.py", line 400, in wrapper
    return func(self, *args, **kwargs)
           ^^^^^^^^^^^^^^^^^^^^^^^^^^^
  File "/home/airflow/.local/lib/python3.12/site-packages/airflow/operators/python.py", line 235, in execute
    return_value = self.execute_callable()
                   ^^^^^^^^^^^^^^^^^^^^^^^
  File "/home/airflow/.local/lib/python3.12/site-packages/airflow/operators/python.py", line 252, in execute_callable
    return self.python_callable(*self.op_args, **self.op_kwargs)
           ^^^^^^^^^^^^^^^^^^^^^^^^^^^^^^^^^^^^^^^^^^^^^^^^^^^^^
  File "/opt/airflow/dags/load_data.py", line 19, in load_index
    print(response.json()["info"])
          ~~~~~~~~~~~~~~~^^^^^^^^
KeyError: 'info'
[2024-06-11T21:41:27.161+0000] {taskinstance.py:1205} INFO - Marking task as FAILED. dag_id=load_data_mb, task_id=load_index_id_704449, execution_date=20240610T000000, start_date=20240611T214126, end_date=20240611T214127
[2024-06-11T21:41:27.182+0000] {standard_task_runner.py:110} ERROR - Failed to execute job 243 for task load_index_id_704449 ('info'; 218)
[2024-06-11T21:41:27.228+0000] {local_task_job_runner.py:240} INFO - Task exited with return code 1
[2024-06-11T21:41:27.255+0000] {taskinstance.py:3482} INFO - 0 downstream tasks scheduled from follow-on schedule check
[2024-06-11T21:41:27.261+0000] {local_task_job_runner.py:222} INFO - ::endgroup::
