[2024-04-27T22:29:24.194+0000] {local_task_job_runner.py:120} INFO - ::group::Pre task execution logs
[2024-04-27T22:29:24.300+0000] {taskinstance.py:2073} INFO - Dependencies all met for dep_context=non-requeueable deps ti=<TaskInstance: load_data_mb.load_index_id_701276 manual__2024-04-27T22:29:22.335793+00:00 [queued]>
[2024-04-27T22:29:24.324+0000] {taskinstance.py:2073} INFO - Dependencies all met for dep_context=requeueable deps ti=<TaskInstance: load_data_mb.load_index_id_701276 manual__2024-04-27T22:29:22.335793+00:00 [queued]>
[2024-04-27T22:29:24.326+0000] {taskinstance.py:2303} INFO - Starting attempt 1 of 1
[2024-04-27T22:29:24.362+0000] {taskinstance.py:2327} INFO - Executing <Task(PythonOperator): load_index_id_701276> on 2024-04-27 22:29:22.335793+00:00
[2024-04-27T22:29:24.377+0000] {standard_task_runner.py:90} INFO - Running: ['***', 'tasks', 'run', 'load_data_mb', 'load_index_id_701276', 'manual__2024-04-27T22:29:22.335793+00:00', '--job-id', '241', '--raw', '--subdir', 'DAGS_FOLDER/load_data_mb.py', '--cfg-path', '/tmp/tmp9q61rfad']
[2024-04-27T22:29:24.382+0000] {standard_task_runner.py:91} INFO - Job 241: Subtask load_index_id_701276
[2024-04-27T22:29:24.398+0000] {logging_mixin.py:188} WARNING - /home/***/.local/lib/python3.12/site-packages/***/task/task_runner/standard_task_runner.py:61 DeprecationWarning: This process (pid=5004) is multi-threaded, use of fork() may lead to deadlocks in the child.
[2024-04-27T22:29:24.402+0000] {standard_task_runner.py:63} INFO - Started process 5005 to run task
[2024-04-27T22:29:24.493+0000] {task_command.py:426} INFO - Running <TaskInstance: load_data_mb.load_index_id_701276 manual__2024-04-27T22:29:22.335793+00:00 [running]> on host d933ead87eb5
[2024-04-27T22:29:24.666+0000] {taskinstance.py:2644} INFO - Exporting env vars: AIRFLOW_CTX_DAG_OWNER='***' AIRFLOW_CTX_DAG_ID='load_data_mb' AIRFLOW_CTX_TASK_ID='load_index_id_701276' AIRFLOW_CTX_EXECUTION_DATE='2024-04-27T22:29:22.335793+00:00' AIRFLOW_CTX_TRY_NUMBER='1' AIRFLOW_CTX_DAG_RUN_ID='manual__2024-04-27T22:29:22.335793+00:00'
[2024-04-27T22:29:24.669+0000] {taskinstance.py:430} INFO - ::endgroup::
[2024-04-27T22:32:33.330+0000] {local_task_job_runner.py:310} WARNING - State of this instance has been externally set to None. Terminating instance.
[2024-04-27T22:32:33.363+0000] {local_task_job_runner.py:222} INFO - ::endgroup::
[2024-04-27T22:32:33.413+0000] {process_utils.py:132} INFO - Sending 15 to group 5005. PIDs of all processes in the group: [5005]
[2024-04-27T22:32:33.421+0000] {process_utils.py:87} INFO - Sending the signal 15 to group 5005
[2024-04-27T22:32:33.440+0000] {taskinstance.py:2607} ERROR - Received SIGTERM. Terminating subprocesses.
[2024-04-27T22:32:33.509+0000] {taskinstance.py:441} INFO - ::group::Post task execution logs
[2024-04-27T22:32:33.668+0000] {taskinstance.py:2890} ERROR - Task failed with exception
Traceback (most recent call last):
  File "/home/airflow/.local/lib/python3.12/site-packages/airflow/models/taskinstance.py", line 465, in _execute_task
    result = _execute_callable(context=context, **execute_callable_kwargs)
             ^^^^^^^^^^^^^^^^^^^^^^^^^^^^^^^^^^^^^^^^^^^^^^^^^^^^^^^^^^^^^
  File "/home/airflow/.local/lib/python3.12/site-packages/airflow/models/taskinstance.py", line 432, in _execute_callable
    return execute_callable(context=context, **execute_callable_kwargs)
           ^^^^^^^^^^^^^^^^^^^^^^^^^^^^^^^^^^^^^^^^^^^^^^^^^^^^^^^^^^^^
  File "/home/airflow/.local/lib/python3.12/site-packages/airflow/models/baseoperator.py", line 400, in wrapper
    return func(self, *args, **kwargs)
           ^^^^^^^^^^^^^^^^^^^^^^^^^^^
  File "/home/airflow/.local/lib/python3.12/site-packages/airflow/operators/python.py", line 235, in execute
    return_value = self.execute_callable()
                   ^^^^^^^^^^^^^^^^^^^^^^^
  File "/home/airflow/.local/lib/python3.12/site-packages/airflow/operators/python.py", line 252, in execute_callable
    return self.python_callable(*self.op_args, **self.op_kwargs)
           ^^^^^^^^^^^^^^^^^^^^^^^^^^^^^^^^^^^^^^^^^^^^^^^^^^^^^
  File "/opt/airflow/dags/load_data_mb.py", line 18, in load_index
    response = requests.post(url, headers=headers, json=data)
               ^^^^^^^^^^^^^^^^^^^^^^^^^^^^^^^^^^^^^^^^^^^^^^
  File "/home/airflow/.local/lib/python3.12/site-packages/requests/api.py", line 115, in post
    return request("post", url, data=data, json=json, **kwargs)
           ^^^^^^^^^^^^^^^^^^^^^^^^^^^^^^^^^^^^^^^^^^^^^^^^^^^^
  File "/home/airflow/.local/lib/python3.12/site-packages/requests/api.py", line 59, in request
    return session.request(method=method, url=url, **kwargs)
           ^^^^^^^^^^^^^^^^^^^^^^^^^^^^^^^^^^^^^^^^^^^^^^^^^
  File "/home/airflow/.local/lib/python3.12/site-packages/requests/sessions.py", line 589, in request
    resp = self.send(prep, **send_kwargs)
           ^^^^^^^^^^^^^^^^^^^^^^^^^^^^^^
  File "/home/airflow/.local/lib/python3.12/site-packages/requests/sessions.py", line 703, in send
    r = adapter.send(request, **kwargs)
        ^^^^^^^^^^^^^^^^^^^^^^^^^^^^^^^
  File "/home/airflow/.local/lib/python3.12/site-packages/requests/adapters.py", line 486, in send
    resp = conn.urlopen(
           ^^^^^^^^^^^^^
  File "/home/airflow/.local/lib/python3.12/site-packages/urllib3/connectionpool.py", line 715, in urlopen
    httplib_response = self._make_request(
                       ^^^^^^^^^^^^^^^^^^^
  File "/home/airflow/.local/lib/python3.12/site-packages/urllib3/connectionpool.py", line 467, in _make_request
    six.raise_from(e, None)
  File "<string>", line 3, in raise_from
  File "/home/airflow/.local/lib/python3.12/site-packages/urllib3/connectionpool.py", line 462, in _make_request
    httplib_response = conn.getresponse()
                       ^^^^^^^^^^^^^^^^^^
  File "/usr/local/lib/python3.12/http/client.py", line 1423, in getresponse
    response.begin()
  File "/usr/local/lib/python3.12/http/client.py", line 331, in begin
    version, status, reason = self._read_status()
                              ^^^^^^^^^^^^^^^^^^^
  File "/usr/local/lib/python3.12/http/client.py", line 292, in _read_status
    line = str(self.fp.readline(_MAXLINE + 1), "iso-8859-1")
               ^^^^^^^^^^^^^^^^^^^^^^^^^^^^^^
  File "/usr/local/lib/python3.12/socket.py", line 707, in readinto
    return self._sock.recv_into(b)
           ^^^^^^^^^^^^^^^^^^^^^^^
  File "/home/airflow/.local/lib/python3.12/site-packages/airflow/models/taskinstance.py", line 2609, in signal_handler
    raise AirflowTaskTerminated("Task received SIGTERM signal")
airflow.exceptions.AirflowTaskTerminated: Task received SIGTERM signal
[2024-04-27T22:32:33.743+0000] {taskinstance.py:1205} INFO - Marking task as FAILED. dag_id=load_data_mb, task_id=load_index_id_701276, execution_date=20240427T222922, start_date=20240427T222924, end_date=20240427T223233
[2024-04-27T22:32:33.889+0000] {standard_task_runner.py:110} ERROR - Failed to execute job 241 for task load_index_id_701276 ((psycopg2.errors.ForeignKeyViolation) insert or update on table "task_fail" violates foreign key constraint "task_fail_ti_fkey"
DETAIL:  Key (dag_id, task_id, run_id, map_index)=(load_data_mb, load_index_id_701276, manual__2024-04-27T22:29:22.335793+00:00, -1) is not present in table "task_instance".

[SQL: INSERT INTO task_fail (task_id, dag_id, run_id, map_index, start_date, end_date, duration) VALUES (%(task_id)s, %(dag_id)s, %(run_id)s, %(map_index)s, %(start_date)s, %(end_date)s, %(duration)s) RETURNING task_fail.id]
[parameters: {'task_id': 'load_index_id_701276', 'dag_id': 'load_data_mb', 'run_id': 'manual__2024-04-27T22:29:22.335793+00:00', 'map_index': -1, 'start_date': datetime.datetime(2024, 4, 27, 22, 29, 24, 302530, tzinfo=Timezone('UTC')), 'end_date': datetime.datetime(2024, 4, 27, 22, 32, 33, 729762, tzinfo=Timezone('UTC')), 'duration': 189}]
(Background on this error at: https://sqlalche.me/e/14/gkpj); 5005)
[2024-04-27T22:32:33.949+0000] {process_utils.py:80} INFO - Process psutil.Process(pid=5005, status='terminated', exitcode=1, started='22:29:23') (5005) terminated with exit code 1
