[2024-05-14T10:16:13.512+0000] {local_task_job_runner.py:120} INFO - ::group::Pre task execution logs
[2024-05-14T10:16:13.558+0000] {taskinstance.py:2073} INFO - Dependencies all met for dep_context=non-requeueable deps ti=<TaskInstance: load_data_mb.load_index_id_4023004 scheduled__2024-05-13T00:00:00+00:00 [queued]>
[2024-05-14T10:16:13.573+0000] {taskinstance.py:2073} INFO - Dependencies all met for dep_context=requeueable deps ti=<TaskInstance: load_data_mb.load_index_id_4023004 scheduled__2024-05-13T00:00:00+00:00 [queued]>
[2024-05-14T10:16:13.574+0000] {taskinstance.py:2303} INFO - Starting attempt 1 of 1
[2024-05-14T10:16:13.598+0000] {taskinstance.py:2327} INFO - Executing <Task(PythonOperator): load_index_id_4023004> on 2024-05-13 00:00:00+00:00
[2024-05-14T10:16:13.608+0000] {standard_task_runner.py:90} INFO - Running: ['***', 'tasks', 'run', 'load_data_mb', 'load_index_id_4023004', 'scheduled__2024-05-13T00:00:00+00:00', '--job-id', '548', '--raw', '--subdir', 'DAGS_FOLDER/load_data_mb.py', '--cfg-path', '/tmp/tmp7wmm8i4z']
[2024-05-14T10:16:13.612+0000] {standard_task_runner.py:91} INFO - Job 548: Subtask load_index_id_4023004
[2024-05-14T10:16:13.613+0000] {logging_mixin.py:188} WARNING - /home/***/.local/lib/python3.12/site-packages/***/task/task_runner/standard_task_runner.py:61 DeprecationWarning: This process (pid=679) is multi-threaded, use of fork() may lead to deadlocks in the child.
[2024-05-14T10:16:13.614+0000] {standard_task_runner.py:63} INFO - Started process 680 to run task
[2024-05-14T10:16:13.680+0000] {task_command.py:426} INFO - Running <TaskInstance: load_data_mb.load_index_id_4023004 scheduled__2024-05-13T00:00:00+00:00 [running]> on host d933ead87eb5
[2024-05-14T10:16:13.812+0000] {taskinstance.py:2644} INFO - Exporting env vars: AIRFLOW_CTX_DAG_OWNER='***' AIRFLOW_CTX_DAG_ID='load_data_mb' AIRFLOW_CTX_TASK_ID='load_index_id_4023004' AIRFLOW_CTX_EXECUTION_DATE='2024-05-13T00:00:00+00:00' AIRFLOW_CTX_TRY_NUMBER='1' AIRFLOW_CTX_DAG_RUN_ID='scheduled__2024-05-13T00:00:00+00:00'
[2024-05-14T10:16:13.813+0000] {taskinstance.py:430} INFO - ::endgroup::
[2024-05-14T10:16:52.993+0000] {logging_mixin.py:188} INFO - {'index_name': 'индекс производительности труда', 'index_id': 4023004, 'dic_names': ['Регионы'], 'period_name': 'Год', 'info': 'нет новых данных'}
[2024-05-14T10:16:52.995+0000] {logging_mixin.py:188} INFO - {'index_name': 'индекс производительности труда', 'index_id': 4023004, 'dic_names': ['Регионы', 'Виды экономической деятельности'], 'period_name': 'Год', 'info': 'нет новых данных'}
[2024-05-14T10:16:52.996+0000] {logging_mixin.py:188} INFO - {'index_name': 'индекс производительности труда', 'index_id': 4023004, 'dic_names': ['Регионы'], 'period_name': 'Квартал с накоплением', 'info': 'нет новых данных'}
[2024-05-14T10:16:52.997+0000] {logging_mixin.py:188} INFO - {'index_name': 'индекс производительности труда', 'index_id': 4023004, 'dic_names': ['Регионы', 'Виды экономической деятельности'], 'period_name': 'Квартал с накоплением', 'info': 'нет новых данных'}
[2024-05-14T10:16:52.998+0000] {python.py:237} INFO - Done. Returned value was: None
[2024-05-14T10:16:52.999+0000] {taskinstance.py:441} INFO - ::group::Post task execution logs
[2024-05-14T10:16:53.018+0000] {taskinstance.py:1205} INFO - Marking task as SUCCESS. dag_id=load_data_mb, task_id=load_index_id_4023004, execution_date=20240513T000000, start_date=20240514T101613, end_date=20240514T101653
[2024-05-14T10:16:53.071+0000] {local_task_job_runner.py:240} INFO - Task exited with return code 0
[2024-05-14T10:16:53.100+0000] {taskinstance.py:3482} INFO - 0 downstream tasks scheduled from follow-on schedule check
[2024-05-14T10:16:53.106+0000] {local_task_job_runner.py:222} INFO - ::endgroup::
