[2024-04-25T21:14:43.753+0000] {local_task_job_runner.py:120} INFO - ::group::Pre task execution logs
[2024-04-25T21:14:43.802+0000] {taskinstance.py:2073} INFO - Dependencies all met for dep_context=non-requeueable deps ti=<TaskInstance: my_dag.task_1 manual__2024-04-25T21:14:42.515218+00:00 [queued]>
[2024-04-25T21:14:43.816+0000] {taskinstance.py:2073} INFO - Dependencies all met for dep_context=requeueable deps ti=<TaskInstance: my_dag.task_1 manual__2024-04-25T21:14:42.515218+00:00 [queued]>
[2024-04-25T21:14:43.817+0000] {taskinstance.py:2303} INFO - Starting attempt 1 of 4
[2024-04-25T21:14:43.841+0000] {taskinstance.py:2327} INFO - Executing <Task(PythonOperator): task_1> on 2024-04-25 21:14:42.515218+00:00
[2024-04-25T21:14:43.853+0000] {standard_task_runner.py:90} INFO - Running: ['***', 'tasks', 'run', 'my_dag', 'task_1', 'manual__2024-04-25T21:14:42.515218+00:00', '--job-id', '148', '--raw', '--subdir', 'DAGS_FOLDER/python_op.py', '--cfg-path', '/tmp/tmpqv99jqey']
[2024-04-25T21:14:43.856+0000] {logging_mixin.py:188} WARNING - /home/***/.local/lib/python3.12/site-packages/***/task/task_runner/standard_task_runner.py:61 DeprecationWarning: This process (pid=1894) is multi-threaded, use of fork() may lead to deadlocks in the child.
[2024-04-25T21:14:43.856+0000] {standard_task_runner.py:91} INFO - Job 148: Subtask task_1
[2024-04-25T21:14:43.857+0000] {standard_task_runner.py:63} INFO - Started process 1895 to run task
[2024-04-25T21:14:43.927+0000] {task_command.py:426} INFO - Running <TaskInstance: my_dag.task_1 manual__2024-04-25T21:14:42.515218+00:00 [running]> on host f9a12f9b65d4
[2024-04-25T21:14:44.105+0000] {taskinstance.py:2644} INFO - Exporting env vars: AIRFLOW_CTX_DAG_OWNER='***' AIRFLOW_CTX_DAG_ID='my_dag' AIRFLOW_CTX_TASK_ID='task_1' AIRFLOW_CTX_EXECUTION_DATE='2024-04-25T21:14:42.515218+00:00' AIRFLOW_CTX_TRY_NUMBER='1' AIRFLOW_CTX_DAG_RUN_ID='manual__2024-04-25T21:14:42.515218+00:00'
[2024-04-25T21:14:44.107+0000] {taskinstance.py:430} INFO - ::endgroup::
[2024-04-25T21:14:44.140+0000] {logging_mixin.py:188} INFO - 1
[2024-04-25T21:14:49.141+0000] {logging_mixin.py:188} INFO - test
[2024-04-25T21:14:49.143+0000] {python.py:237} INFO - Done. Returned value was: None
[2024-04-25T21:14:49.144+0000] {taskinstance.py:441} INFO - ::group::Post task execution logs
[2024-04-25T21:14:49.157+0000] {taskinstance.py:1205} INFO - Marking task as SUCCESS. dag_id=my_dag, task_id=task_1, execution_date=20240425T211442, start_date=20240425T211443, end_date=20240425T211449
[2024-04-25T21:14:49.194+0000] {local_task_job_runner.py:240} INFO - Task exited with return code 0
[2024-04-25T21:14:49.215+0000] {taskinstance.py:3482} INFO - 0 downstream tasks scheduled from follow-on schedule check
[2024-04-25T21:14:49.220+0000] {local_task_job_runner.py:222} INFO - ::endgroup::
