[2024-06-11T21:34:00.475+0000] {local_task_job_runner.py:120} INFO - ::group::Pre task execution logs
[2024-06-11T21:34:00.544+0000] {taskinstance.py:2073} INFO - Dependencies all met for dep_context=non-requeueable deps ti=<TaskInstance: load_data_mb.load_index_id_701852 manual__2024-06-11T21:33:17.294204+00:00 [queued]>
[2024-06-11T21:34:00.563+0000] {taskinstance.py:2073} INFO - Dependencies all met for dep_context=requeueable deps ti=<TaskInstance: load_data_mb.load_index_id_701852 manual__2024-06-11T21:33:17.294204+00:00 [queued]>
[2024-06-11T21:34:00.565+0000] {taskinstance.py:2303} INFO - Starting attempt 1 of 1
[2024-06-11T21:34:00.590+0000] {taskinstance.py:2327} INFO - Executing <Task(PythonOperator): load_index_id_701852> on 2024-06-11 21:33:17.294204+00:00
[2024-06-11T21:34:00.601+0000] {logging_mixin.py:188} WARNING - /home/***/.local/lib/python3.12/site-packages/***/task/task_runner/standard_task_runner.py:61 DeprecationWarning: This process (pid=587) is multi-threaded, use of fork() may lead to deadlocks in the child.
[2024-06-11T21:34:00.599+0000] {standard_task_runner.py:90} INFO - Running: ['***', 'tasks', 'run', 'load_data_mb', 'load_index_id_701852', 'manual__2024-06-11T21:33:17.294204+00:00', '--job-id', '234', '--raw', '--subdir', 'DAGS_FOLDER/load_data_mb.py', '--cfg-path', '/tmp/tmprf7tuz1x']
[2024-06-11T21:34:00.603+0000] {standard_task_runner.py:63} INFO - Started process 588 to run task
[2024-06-11T21:34:00.603+0000] {standard_task_runner.py:91} INFO - Job 234: Subtask load_index_id_701852
[2024-06-11T21:34:00.672+0000] {task_command.py:426} INFO - Running <TaskInstance: load_data_mb.load_index_id_701852 manual__2024-06-11T21:33:17.294204+00:00 [running]> on host e6f094d2943c
[2024-06-11T21:34:00.802+0000] {taskinstance.py:2644} INFO - Exporting env vars: AIRFLOW_CTX_DAG_OWNER='***' AIRFLOW_CTX_DAG_ID='load_data_mb' AIRFLOW_CTX_TASK_ID='load_index_id_701852' AIRFLOW_CTX_EXECUTION_DATE='2024-06-11T21:33:17.294204+00:00' AIRFLOW_CTX_TRY_NUMBER='1' AIRFLOW_CTX_DAG_RUN_ID='manual__2024-06-11T21:33:17.294204+00:00'
[2024-06-11T21:34:00.804+0000] {taskinstance.py:430} INFO - ::endgroup::
[2024-06-11T21:34:00.857+0000] {logging_mixin.py:188} INFO - Ошибка в коде или неверный json
[2024-06-11T21:34:00.858+0000] {taskinstance.py:441} INFO - ::group::Post task execution logs
[2024-06-11T21:34:00.859+0000] {taskinstance.py:2892} ERROR - Task failed due to SystemExit(1)
[2024-06-11T21:34:00.869+0000] {taskinstance.py:1205} INFO - Marking task as FAILED. dag_id=load_data_mb, task_id=load_index_id_701852, execution_date=20240611T213317, start_date=20240611T213400, end_date=20240611T213400
[2024-06-11T21:34:00.886+0000] {standard_task_runner.py:110} ERROR - Failed to execute job 234 for task load_index_id_701852 (Task failed due to SystemExit(1); 588)
[2024-06-11T21:34:00.898+0000] {local_task_job_runner.py:240} INFO - Task exited with return code 1
[2024-06-11T21:34:00.936+0000] {taskinstance.py:3482} INFO - 0 downstream tasks scheduled from follow-on schedule check
[2024-06-11T21:34:00.944+0000] {local_task_job_runner.py:222} INFO - ::endgroup::
