[2024-04-28T08:06:59.405+0000] {local_task_job_runner.py:120} INFO - ::group::Pre task execution logs
[2024-04-28T08:06:59.466+0000] {taskinstance.py:2073} INFO - Dependencies all met for dep_context=non-requeueable deps ti=<TaskInstance: load_data_mb.load_index_id_701227 manual__2024-04-28T08:06:57.479140+00:00 [queued]>
[2024-04-28T08:06:59.483+0000] {taskinstance.py:2073} INFO - Dependencies all met for dep_context=requeueable deps ti=<TaskInstance: load_data_mb.load_index_id_701227 manual__2024-04-28T08:06:57.479140+00:00 [queued]>
[2024-04-28T08:06:59.484+0000] {taskinstance.py:2303} INFO - Starting attempt 1 of 1
[2024-04-28T08:06:59.519+0000] {taskinstance.py:2327} INFO - Executing <Task(PythonOperator): load_index_id_701227> on 2024-04-28 08:06:57.479140+00:00
[2024-04-28T08:06:59.535+0000] {standard_task_runner.py:90} INFO - Running: ['***', 'tasks', 'run', 'load_data_mb', 'load_index_id_701227', 'manual__2024-04-28T08:06:57.479140+00:00', '--job-id', '276', '--raw', '--subdir', 'DAGS_FOLDER/load_data_mb.py', '--cfg-path', '/tmp/tmpzdu21tnt']
[2024-04-28T08:06:59.541+0000] {standard_task_runner.py:91} INFO - Job 276: Subtask load_index_id_701227
[2024-04-28T08:06:59.561+0000] {logging_mixin.py:188} WARNING - /home/***/.local/lib/python3.12/site-packages/***/task/task_runner/standard_task_runner.py:61 DeprecationWarning: This process (pid=17892) is multi-threaded, use of fork() may lead to deadlocks in the child.
[2024-04-28T08:06:59.564+0000] {standard_task_runner.py:63} INFO - Started process 17893 to run task
[2024-04-28T08:06:59.636+0000] {task_command.py:426} INFO - Running <TaskInstance: load_data_mb.load_index_id_701227 manual__2024-04-28T08:06:57.479140+00:00 [running]> on host d933ead87eb5
[2024-04-28T08:06:59.810+0000] {taskinstance.py:2644} INFO - Exporting env vars: AIRFLOW_CTX_DAG_OWNER='***' AIRFLOW_CTX_DAG_ID='load_data_mb' AIRFLOW_CTX_TASK_ID='load_index_id_701227' AIRFLOW_CTX_EXECUTION_DATE='2024-04-28T08:06:57.479140+00:00' AIRFLOW_CTX_TRY_NUMBER='1' AIRFLOW_CTX_DAG_RUN_ID='manual__2024-04-28T08:06:57.479140+00:00'
[2024-04-28T08:06:59.812+0000] {taskinstance.py:430} INFO - ::endgroup::
[2024-04-28T08:07:10.659+0000] {logging_mixin.py:188} INFO - {'index_name': 'Индекс физического объема валовой продукции растениеводства', 'index_id': 701227, 'dic_names': ['Регионы', 'Категории сельхозтоваропроизводителей', 'Соотнесение периодов'], 'period_name': 'Год', 'info': 'нет новых данных'}
[2024-04-28T08:07:10.660+0000] {logging_mixin.py:188} INFO - {'index_name': 'Индекс физического объема валовой продукции растениеводства', 'index_id': 701227, 'dic_names': ['Регионы', 'Виды экономической деятельности', 'Категории сельхозтоваропроизводителей'], 'period_name': 'Год', 'info': 'нет новых данных'}
[2024-04-28T08:07:10.661+0000] {logging_mixin.py:188} INFO - {'index_name': 'Индекс физического объема валовой продукции растениеводства', 'index_id': 701227, 'dic_names': ['Регионы', 'Виды экономической деятельности', 'Категории сельхозтоваропроизводителей', 'Соотнесение периодов'], 'period_name': 'Год', 'info': 'нет новых данных'}
[2024-04-28T08:07:10.662+0000] {logging_mixin.py:188} INFO - {'index_name': 'Индекс физического объема валовой продукции растениеводства', 'index_id': 701227, 'dic_names': ['Регионы', 'Категории сельхозтоваропроизводителей', 'Соотнесение периодов'], 'period_name': 'Месяц', 'info': 'нет новых данных'}
[2024-04-28T08:07:10.662+0000] {logging_mixin.py:188} INFO - {'index_name': 'Индекс физического объема валовой продукции растениеводства', 'index_id': 701227, 'dic_names': ['Регионы', 'Категории сельхозтоваропроизводителей', 'Соотнесение периодов'], 'period_name': 'Месяц с накоплением', 'info': 'нет новых данных'}
[2024-04-28T08:07:10.664+0000] {python.py:237} INFO - Done. Returned value was: None
[2024-04-28T08:07:10.665+0000] {taskinstance.py:441} INFO - ::group::Post task execution logs
[2024-04-28T08:07:10.681+0000] {taskinstance.py:1205} INFO - Marking task as SUCCESS. dag_id=load_data_mb, task_id=load_index_id_701227, execution_date=20240428T080657, start_date=20240428T080659, end_date=20240428T080710
[2024-04-28T08:07:10.739+0000] {local_task_job_runner.py:240} INFO - Task exited with return code 0
[2024-04-28T08:07:10.781+0000] {taskinstance.py:3482} INFO - 0 downstream tasks scheduled from follow-on schedule check
[2024-04-28T08:07:10.787+0000] {local_task_job_runner.py:222} INFO - ::endgroup::
