[2024-04-27T20:58:15.766+0000] {local_task_job_runner.py:120} INFO - ::group::Pre task execution logs
[2024-04-27T20:58:15.838+0000] {taskinstance.py:2073} INFO - Dependencies all met for dep_context=non-requeueable deps ti=<TaskInstance: load_data_mb.load_index_id_2709379 manual__2024-04-27T20:56:26.984943+00:00 [queued]>
[2024-04-27T20:58:15.852+0000] {taskinstance.py:2073} INFO - Dependencies all met for dep_context=requeueable deps ti=<TaskInstance: load_data_mb.load_index_id_2709379 manual__2024-04-27T20:56:26.984943+00:00 [queued]>
[2024-04-27T20:58:15.853+0000] {taskinstance.py:2303} INFO - Starting attempt 1 of 4
[2024-04-27T20:58:15.878+0000] {taskinstance.py:2327} INFO - Executing <Task(PythonOperator): load_index_id_2709379> on 2024-04-27 20:56:26.984943+00:00
[2024-04-27T20:58:15.887+0000] {standard_task_runner.py:90} INFO - Running: ['***', 'tasks', 'run', 'load_data_mb', 'load_index_id_2709379', 'manual__2024-04-27T20:56:26.984943+00:00', '--job-id', '233', '--raw', '--subdir', 'DAGS_FOLDER/python_op.py', '--cfg-path', '/tmp/tmpmr_v5ln0']
[2024-04-27T20:58:15.891+0000] {standard_task_runner.py:91} INFO - Job 233: Subtask load_index_id_2709379
[2024-04-27T20:58:15.901+0000] {logging_mixin.py:188} WARNING - /home/***/.local/lib/python3.12/site-packages/***/task/task_runner/standard_task_runner.py:61 DeprecationWarning: This process (pid=2991) is multi-threaded, use of fork() may lead to deadlocks in the child.
[2024-04-27T20:58:15.903+0000] {standard_task_runner.py:63} INFO - Started process 2992 to run task
[2024-04-27T20:58:15.966+0000] {task_command.py:426} INFO - Running <TaskInstance: load_data_mb.load_index_id_2709379 manual__2024-04-27T20:56:26.984943+00:00 [running]> on host d933ead87eb5
[2024-04-27T20:58:16.263+0000] {taskinstance.py:2644} INFO - Exporting env vars: AIRFLOW_CTX_DAG_OWNER='***' AIRFLOW_CTX_DAG_ID='load_data_mb' AIRFLOW_CTX_TASK_ID='load_index_id_2709379' AIRFLOW_CTX_EXECUTION_DATE='2024-04-27T20:56:26.984943+00:00' AIRFLOW_CTX_TRY_NUMBER='1' AIRFLOW_CTX_DAG_RUN_ID='manual__2024-04-27T20:56:26.984943+00:00'
[2024-04-27T20:58:16.271+0000] {taskinstance.py:430} INFO - ::endgroup::
[2024-04-27T20:58:24.877+0000] {logging_mixin.py:188} INFO - {'index_name': 'Валовой внутренний продукт методом производства', 'dic_names': ['Регионы'], 'period_name': 'Квартал с накоплением', 'info': 'нет новых данных'}
[2024-04-27T20:58:24.879+0000] {logging_mixin.py:188} INFO - {'index_name': 'Валовой внутренний продукт методом производства', 'dic_names': ['Регионы'], 'period_name': 'Год', 'info': 'загружены актуальные данные'}
[2024-04-27T20:58:24.880+0000] {python.py:237} INFO - Done. Returned value was: None
[2024-04-27T20:58:24.882+0000] {taskinstance.py:441} INFO - ::group::Post task execution logs
[2024-04-27T20:58:24.912+0000] {taskinstance.py:1205} INFO - Marking task as SUCCESS. dag_id=load_data_mb, task_id=load_index_id_2709379, execution_date=20240427T205626, start_date=20240427T205815, end_date=20240427T205824
[2024-04-27T20:58:24.995+0000] {local_task_job_runner.py:240} INFO - Task exited with return code 0
[2024-04-27T20:58:25.041+0000] {taskinstance.py:3482} INFO - 0 downstream tasks scheduled from follow-on schedule check
[2024-04-27T20:58:25.068+0000] {local_task_job_runner.py:222} INFO - ::endgroup::
