[2024-04-25T21:15:34.525+0000] {local_task_job_runner.py:120} INFO - ::group::Pre task execution logs
[2024-04-25T21:15:34.566+0000] {taskinstance.py:2073} INFO - Dependencies all met for dep_context=non-requeueable deps ti=<TaskInstance: my_dag.task_9 manual__2024-04-25T21:14:42.515218+00:00 [queued]>
[2024-04-25T21:15:34.578+0000] {taskinstance.py:2073} INFO - Dependencies all met for dep_context=requeueable deps ti=<TaskInstance: my_dag.task_9 manual__2024-04-25T21:14:42.515218+00:00 [queued]>
[2024-04-25T21:15:34.579+0000] {taskinstance.py:2303} INFO - Starting attempt 1 of 4
[2024-04-25T21:15:34.599+0000] {taskinstance.py:2327} INFO - Executing <Task(PythonOperator): task_9> on 2024-04-25 21:14:42.515218+00:00
[2024-04-25T21:15:34.608+0000] {standard_task_runner.py:90} INFO - Running: ['***', 'tasks', 'run', 'my_dag', 'task_9', 'manual__2024-04-25T21:14:42.515218+00:00', '--job-id', '156', '--raw', '--subdir', 'DAGS_FOLDER/python_op.py', '--cfg-path', '/tmp/tmp_w19bwfy']
[2024-04-25T21:15:34.613+0000] {standard_task_runner.py:91} INFO - Job 156: Subtask task_9
[2024-04-25T21:15:34.614+0000] {logging_mixin.py:188} WARNING - /home/***/.local/lib/python3.12/site-packages/***/task/task_runner/standard_task_runner.py:61 DeprecationWarning: This process (pid=1931) is multi-threaded, use of fork() may lead to deadlocks in the child.
[2024-04-25T21:15:34.615+0000] {standard_task_runner.py:63} INFO - Started process 1932 to run task
[2024-04-25T21:15:34.677+0000] {task_command.py:426} INFO - Running <TaskInstance: my_dag.task_9 manual__2024-04-25T21:14:42.515218+00:00 [running]> on host f9a12f9b65d4
[2024-04-25T21:15:34.816+0000] {taskinstance.py:2644} INFO - Exporting env vars: AIRFLOW_CTX_DAG_OWNER='***' AIRFLOW_CTX_DAG_ID='my_dag' AIRFLOW_CTX_TASK_ID='task_9' AIRFLOW_CTX_EXECUTION_DATE='2024-04-25T21:14:42.515218+00:00' AIRFLOW_CTX_TRY_NUMBER='1' AIRFLOW_CTX_DAG_RUN_ID='manual__2024-04-25T21:14:42.515218+00:00'
[2024-04-25T21:15:34.818+0000] {taskinstance.py:430} INFO - ::endgroup::
[2024-04-25T21:15:34.837+0000] {logging_mixin.py:188} INFO - 9
[2024-04-25T21:15:39.838+0000] {logging_mixin.py:188} INFO - test
[2024-04-25T21:15:39.839+0000] {python.py:237} INFO - Done. Returned value was: None
[2024-04-25T21:15:39.841+0000] {taskinstance.py:441} INFO - ::group::Post task execution logs
[2024-04-25T21:15:39.855+0000] {taskinstance.py:1205} INFO - Marking task as SUCCESS. dag_id=my_dag, task_id=task_9, execution_date=20240425T211442, start_date=20240425T211534, end_date=20240425T211539
[2024-04-25T21:15:39.909+0000] {local_task_job_runner.py:240} INFO - Task exited with return code 0
[2024-04-25T21:15:39.938+0000] {taskinstance.py:3482} INFO - 0 downstream tasks scheduled from follow-on schedule check
[2024-04-25T21:15:39.944+0000] {local_task_job_runner.py:222} INFO - ::endgroup::
