[2024-04-25T21:07:03.438+0000] {local_task_job_runner.py:120} INFO - ::group::Pre task execution logs
[2024-04-25T21:07:03.497+0000] {taskinstance.py:2073} INFO - Dependencies all met for dep_context=non-requeueable deps ti=<TaskInstance: my_dag.task_8 manual__2024-04-25T21:06:27.847577+00:00 [queued]>
[2024-04-25T21:07:03.515+0000] {taskinstance.py:2073} INFO - Dependencies all met for dep_context=requeueable deps ti=<TaskInstance: my_dag.task_8 manual__2024-04-25T21:06:27.847577+00:00 [queued]>
[2024-04-25T21:07:03.516+0000] {taskinstance.py:2303} INFO - Starting attempt 1 of 4
[2024-04-25T21:07:03.541+0000] {taskinstance.py:2327} INFO - Executing <Task(PythonOperator): task_8> on 2024-04-25 21:06:27.847577+00:00
[2024-04-25T21:07:03.555+0000] {logging_mixin.py:188} WARNING - /home/***/.local/lib/python3.12/site-packages/***/task/task_runner/standard_task_runner.py:61 DeprecationWarning: This process (pid=1580) is multi-threaded, use of fork() may lead to deadlocks in the child.
[2024-04-25T21:07:03.557+0000] {standard_task_runner.py:63} INFO - Started process 1582 to run task
[2024-04-25T21:07:03.555+0000] {standard_task_runner.py:90} INFO - Running: ['***', 'tasks', 'run', 'my_dag', 'task_8', 'manual__2024-04-25T21:06:27.847577+00:00', '--job-id', '136', '--raw', '--subdir', 'DAGS_FOLDER/python_op.py', '--cfg-path', '/tmp/tmpph2zjkps']
[2024-04-25T21:07:03.559+0000] {standard_task_runner.py:91} INFO - Job 136: Subtask task_8
[2024-04-25T21:07:03.662+0000] {task_command.py:426} INFO - Running <TaskInstance: my_dag.task_8 manual__2024-04-25T21:06:27.847577+00:00 [running]> on host f9a12f9b65d4
[2024-04-25T21:07:03.884+0000] {taskinstance.py:2644} INFO - Exporting env vars: AIRFLOW_CTX_DAG_OWNER='***' AIRFLOW_CTX_DAG_ID='my_dag' AIRFLOW_CTX_TASK_ID='task_8' AIRFLOW_CTX_EXECUTION_DATE='2024-04-25T21:06:27.847577+00:00' AIRFLOW_CTX_TRY_NUMBER='1' AIRFLOW_CTX_DAG_RUN_ID='manual__2024-04-25T21:06:27.847577+00:00'
[2024-04-25T21:07:03.886+0000] {taskinstance.py:430} INFO - ::endgroup::
[2024-04-25T21:07:03.914+0000] {logging_mixin.py:188} INFO - 8
[2024-04-25T21:07:18.915+0000] {logging_mixin.py:188} INFO - test
[2024-04-25T21:07:18.916+0000] {python.py:237} INFO - Done. Returned value was: None
[2024-04-25T21:07:18.918+0000] {taskinstance.py:441} INFO - ::group::Post task execution logs
[2024-04-25T21:07:18.934+0000] {taskinstance.py:1205} INFO - Marking task as SUCCESS. dag_id=my_dag, task_id=task_8, execution_date=20240425T210627, start_date=20240425T210703, end_date=20240425T210718
[2024-04-25T21:07:18.997+0000] {local_task_job_runner.py:240} INFO - Task exited with return code 0
[2024-04-25T21:07:19.050+0000] {taskinstance.py:3482} INFO - 0 downstream tasks scheduled from follow-on schedule check
[2024-04-25T21:07:19.056+0000] {local_task_job_runner.py:222} INFO - ::endgroup::
