[2024-06-11T21:45:39.659+0000] {local_task_job_runner.py:120} INFO - ::group::Pre task execution logs
[2024-06-11T21:45:39.710+0000] {taskinstance.py:2073} INFO - Dependencies all met for dep_context=non-requeueable deps ti=<TaskInstance: load_data_mb.load_index_id_701925 manual__2024-06-11T21:41:03.459046+00:00 [queued]>
[2024-06-11T21:45:39.726+0000] {taskinstance.py:2073} INFO - Dependencies all met for dep_context=requeueable deps ti=<TaskInstance: load_data_mb.load_index_id_701925 manual__2024-06-11T21:41:03.459046+00:00 [queued]>
[2024-06-11T21:45:39.727+0000] {taskinstance.py:2303} INFO - Starting attempt 1 of 1
[2024-06-11T21:45:39.757+0000] {taskinstance.py:2327} INFO - Executing <Task(PythonOperator): load_index_id_701925> on 2024-06-11 21:41:03.459046+00:00
[2024-06-11T21:45:39.769+0000] {standard_task_runner.py:90} INFO - Running: ['***', 'tasks', 'run', 'load_data_mb', 'load_index_id_701925', 'manual__2024-06-11T21:41:03.459046+00:00', '--job-id', '286', '--raw', '--subdir', 'DAGS_FOLDER/load_data.py', '--cfg-path', '/tmp/tmpk3scl9om']
[2024-06-11T21:45:39.775+0000] {standard_task_runner.py:91} INFO - Job 286: Subtask load_index_id_701925
[2024-06-11T21:45:39.778+0000] {logging_mixin.py:188} WARNING - /home/***/.local/lib/python3.12/site-packages/***/task/task_runner/standard_task_runner.py:61 DeprecationWarning: This process (pid=247) is multi-threaded, use of fork() may lead to deadlocks in the child.
[2024-06-11T21:45:39.781+0000] {standard_task_runner.py:63} INFO - Started process 248 to run task
[2024-06-11T21:45:39.879+0000] {task_command.py:426} INFO - Running <TaskInstance: load_data_mb.load_index_id_701925 manual__2024-06-11T21:41:03.459046+00:00 [running]> on host f7fd8afd804e
[2024-06-11T21:45:40.017+0000] {taskinstance.py:2644} INFO - Exporting env vars: AIRFLOW_CTX_DAG_OWNER='***' AIRFLOW_CTX_DAG_ID='load_data_mb' AIRFLOW_CTX_TASK_ID='load_index_id_701925' AIRFLOW_CTX_EXECUTION_DATE='2024-06-11T21:41:03.459046+00:00' AIRFLOW_CTX_TRY_NUMBER='1' AIRFLOW_CTX_DAG_RUN_ID='manual__2024-06-11T21:41:03.459046+00:00'
[2024-06-11T21:45:40.018+0000] {taskinstance.py:430} INFO - ::endgroup::
[2024-06-11T21:45:40.076+0000] {logging_mixin.py:188} INFO - Ошибка в коде или неверный json
[2024-06-11T21:45:40.077+0000] {taskinstance.py:441} INFO - ::group::Post task execution logs
[2024-06-11T21:45:40.078+0000] {taskinstance.py:2892} ERROR - Task failed due to SystemExit(1)
[2024-06-11T21:45:40.092+0000] {taskinstance.py:1205} INFO - Marking task as FAILED. dag_id=load_data_mb, task_id=load_index_id_701925, execution_date=20240611T214103, start_date=20240611T214539, end_date=20240611T214540
[2024-06-11T21:45:40.112+0000] {standard_task_runner.py:110} ERROR - Failed to execute job 286 for task load_index_id_701925 (Task failed due to SystemExit(1); 248)
[2024-06-11T21:45:40.159+0000] {local_task_job_runner.py:240} INFO - Task exited with return code 1
[2024-06-11T21:45:40.185+0000] {taskinstance.py:3482} INFO - 0 downstream tasks scheduled from follow-on schedule check
[2024-06-11T21:45:40.191+0000] {local_task_job_runner.py:222} INFO - ::endgroup::
