[2024-04-25T22:12:27.976+0000] {local_task_job_runner.py:120} INFO - ::group::Pre task execution logs
[2024-04-25T22:12:28.088+0000] {taskinstance.py:2073} INFO - Dependencies all met for dep_context=non-requeueable deps ti=<TaskInstance: my_dag.load_index_id_701063 manual__2024-04-25T21:50:13.326842+00:00 [queued]>
[2024-04-25T22:12:28.103+0000] {taskinstance.py:2073} INFO - Dependencies all met for dep_context=requeueable deps ti=<TaskInstance: my_dag.load_index_id_701063 manual__2024-04-25T21:50:13.326842+00:00 [queued]>
[2024-04-25T22:12:28.104+0000] {taskinstance.py:2303} INFO - Starting attempt 1 of 4
[2024-04-25T22:12:28.137+0000] {taskinstance.py:2327} INFO - Executing <Task(PythonOperator): load_index_id_701063> on 2024-04-25 21:50:13.326842+00:00
[2024-04-25T22:12:28.149+0000] {standard_task_runner.py:90} INFO - Running: ['***', 'tasks', 'run', 'my_dag', 'load_index_id_701063', 'manual__2024-04-25T21:50:13.326842+00:00', '--job-id', '163', '--raw', '--subdir', 'DAGS_FOLDER/python_op.py', '--cfg-path', '/tmp/tmpqz43vtnc']
[2024-04-25T22:12:28.153+0000] {standard_task_runner.py:91} INFO - Job 163: Subtask load_index_id_701063
[2024-04-25T22:12:28.160+0000] {logging_mixin.py:188} WARNING - /home/***/.local/lib/python3.12/site-packages/***/task/task_runner/standard_task_runner.py:61 DeprecationWarning: This process (pid=3902) is multi-threaded, use of fork() may lead to deadlocks in the child.
[2024-04-25T22:12:28.162+0000] {standard_task_runner.py:63} INFO - Started process 3903 to run task
[2024-04-25T22:12:28.256+0000] {task_command.py:426} INFO - Running <TaskInstance: my_dag.load_index_id_701063 manual__2024-04-25T21:50:13.326842+00:00 [running]> on host f9a12f9b65d4
[2024-04-25T22:12:28.484+0000] {taskinstance.py:2644} INFO - Exporting env vars: AIRFLOW_CTX_DAG_OWNER='***' AIRFLOW_CTX_DAG_ID='my_dag' AIRFLOW_CTX_TASK_ID='load_index_id_701063' AIRFLOW_CTX_EXECUTION_DATE='2024-04-25T21:50:13.326842+00:00' AIRFLOW_CTX_TRY_NUMBER='1' AIRFLOW_CTX_DAG_RUN_ID='manual__2024-04-25T21:50:13.326842+00:00'
[2024-04-25T22:12:28.485+0000] {taskinstance.py:430} INFO - ::endgroup::
[2024-04-25T22:12:28.523+0000] {logging_mixin.py:188} INFO - test1
[2024-04-25T22:12:36.221+0000] {logging_mixin.py:188} INFO - test2
[2024-04-25T22:12:36.223+0000] {logging_mixin.py:188} INFO - {"status":"success","info":[{"index_name":"Конечный спрос в ТРИ, ТЗВ","dic_names":["Регионы","Продукция по видам экономической деятельности"],"period_name":"Год","info":"ошибка талдау","error_code":500},{"index_name":"Конечный спрос в ТРИ, ТЗВ","dic_names":["Регионы","Виды корректировочных статей таблиц «Ресурсы-Использование» и «Затраты-Выпуск»"],"period_name":"Год","info":"ошибка талдау","error_code":500}]}
[2024-04-25T22:12:36.224+0000] {python.py:237} INFO - Done. Returned value was: None
[2024-04-25T22:12:36.225+0000] {taskinstance.py:441} INFO - ::group::Post task execution logs
[2024-04-25T22:12:36.240+0000] {taskinstance.py:1205} INFO - Marking task as SUCCESS. dag_id=my_dag, task_id=load_index_id_701063, execution_date=20240425T215013, start_date=20240425T221228, end_date=20240425T221236
[2024-04-25T22:12:36.309+0000] {local_task_job_runner.py:240} INFO - Task exited with return code 0
[2024-04-25T22:12:36.340+0000] {taskinstance.py:3482} INFO - 0 downstream tasks scheduled from follow-on schedule check
[2024-04-25T22:12:36.347+0000] {local_task_job_runner.py:222} INFO - ::endgroup::
