[2024-04-27T18:26:05.659+0000] {local_task_job_runner.py:120} INFO - ::group::Pre task execution logs
[2024-04-27T18:26:05.715+0000] {taskinstance.py:2073} INFO - Dependencies all met for dep_context=non-requeueable deps ti=<TaskInstance: my_dag.load_index_id_701063 scheduled__2024-04-26T00:00:00+00:00 [queued]>
[2024-04-27T18:26:05.729+0000] {taskinstance.py:2073} INFO - Dependencies all met for dep_context=requeueable deps ti=<TaskInstance: my_dag.load_index_id_701063 scheduled__2024-04-26T00:00:00+00:00 [queued]>
[2024-04-27T18:26:05.730+0000] {taskinstance.py:2303} INFO - Starting attempt 1 of 4
[2024-04-27T18:26:05.756+0000] {taskinstance.py:2327} INFO - Executing <Task(PythonOperator): load_index_id_701063> on 2024-04-26 00:00:00+00:00
[2024-04-27T18:26:05.770+0000] {standard_task_runner.py:90} INFO - Running: ['***', 'tasks', 'run', 'my_dag', 'load_index_id_701063', 'scheduled__2024-04-26T00:00:00+00:00', '--job-id', '175', '--raw', '--subdir', 'DAGS_FOLDER/python_op.py', '--cfg-path', '/tmp/tmp7gq_f6ck']
[2024-04-27T18:26:05.775+0000] {standard_task_runner.py:91} INFO - Job 175: Subtask load_index_id_701063
[2024-04-27T18:26:05.778+0000] {logging_mixin.py:188} WARNING - /home/***/.local/lib/python3.12/site-packages/***/task/task_runner/standard_task_runner.py:61 DeprecationWarning: This process (pid=184) is multi-threaded, use of fork() may lead to deadlocks in the child.
[2024-04-27T18:26:05.780+0000] {standard_task_runner.py:63} INFO - Started process 185 to run task
[2024-04-27T18:26:05.846+0000] {task_command.py:426} INFO - Running <TaskInstance: my_dag.load_index_id_701063 scheduled__2024-04-26T00:00:00+00:00 [running]> on host f9a12f9b65d4
[2024-04-27T18:26:05.966+0000] {taskinstance.py:2644} INFO - Exporting env vars: AIRFLOW_CTX_DAG_OWNER='***' AIRFLOW_CTX_DAG_ID='my_dag' AIRFLOW_CTX_TASK_ID='load_index_id_701063' AIRFLOW_CTX_EXECUTION_DATE='2024-04-26T00:00:00+00:00' AIRFLOW_CTX_TRY_NUMBER='1' AIRFLOW_CTX_DAG_RUN_ID='scheduled__2024-04-26T00:00:00+00:00'
[2024-04-27T18:26:05.967+0000] {taskinstance.py:430} INFO - ::endgroup::
[2024-04-27T18:26:05.984+0000] {logging_mixin.py:188} INFO - test1
[2024-04-27T18:26:10.188+0000] {logging_mixin.py:188} INFO - test2
[2024-04-27T18:26:10.190+0000] {logging_mixin.py:188} INFO - {"status":"success","info":[{"index_name":"Конечный спрос в ТРИ, ТЗВ","dic_names":["Регионы","Продукция по видам экономической деятельности"],"period_name":"Год","info":"ошибка талдау","error_code":500},{"index_name":"Конечный спрос в ТРИ, ТЗВ","dic_names":["Регионы","Виды корректировочных статей таблиц «Ресурсы-Использование» и «Затраты-Выпуск»"],"period_name":"Год","info":"ошибка талдау","error_code":500}]}
[2024-04-27T18:26:10.191+0000] {python.py:237} INFO - Done. Returned value was: None
[2024-04-27T18:26:10.192+0000] {taskinstance.py:441} INFO - ::group::Post task execution logs
[2024-04-27T18:26:10.206+0000] {taskinstance.py:1205} INFO - Marking task as SUCCESS. dag_id=my_dag, task_id=load_index_id_701063, execution_date=20240426T000000, start_date=20240427T182605, end_date=20240427T182610
[2024-04-27T18:26:10.262+0000] {local_task_job_runner.py:240} INFO - Task exited with return code 0
[2024-04-27T18:26:10.287+0000] {taskinstance.py:3482} INFO - 0 downstream tasks scheduled from follow-on schedule check
[2024-04-27T18:26:10.291+0000] {local_task_job_runner.py:222} INFO - ::endgroup::
