[2024-04-27T19:20:06.670+0000] {local_task_job_runner.py:120} INFO - ::group::Pre task execution logs
[2024-04-27T19:20:06.858+0000] {taskinstance.py:2073} INFO - Dependencies all met for dep_context=non-requeueable deps ti=<TaskInstance: load_data_mb.load_index_id_2979005 manual__2024-04-27T19:19:13.871454+00:00 [queued]>
[2024-04-27T19:20:06.892+0000] {taskinstance.py:2073} INFO - Dependencies all met for dep_context=requeueable deps ti=<TaskInstance: load_data_mb.load_index_id_2979005 manual__2024-04-27T19:19:13.871454+00:00 [queued]>
[2024-04-27T19:20:06.893+0000] {taskinstance.py:2303} INFO - Starting attempt 1 of 4
[2024-04-27T19:20:06.935+0000] {taskinstance.py:2327} INFO - Executing <Task(PythonOperator): load_index_id_2979005> on 2024-04-27 19:19:13.871454+00:00
[2024-04-27T19:20:06.971+0000] {logging_mixin.py:188} WARNING - /home/***/.local/lib/python3.12/site-packages/***/task/task_runner/standard_task_runner.py:61 DeprecationWarning: This process (pid=673) is multi-threaded, use of fork() may lead to deadlocks in the child.
[2024-04-27T19:20:06.974+0000] {standard_task_runner.py:63} INFO - Started process 674 to run task
[2024-04-27T19:20:06.952+0000] {standard_task_runner.py:90} INFO - Running: ['***', 'tasks', 'run', 'load_data_mb', 'load_index_id_2979005', 'manual__2024-04-27T19:19:13.871454+00:00', '--job-id', '198', '--raw', '--subdir', 'DAGS_FOLDER/python_op.py', '--cfg-path', '/tmp/tmpfsw2dan0']
[2024-04-27T19:20:06.983+0000] {standard_task_runner.py:91} INFO - Job 198: Subtask load_index_id_2979005
[2024-04-27T19:20:07.327+0000] {task_command.py:426} INFO - Running <TaskInstance: load_data_mb.load_index_id_2979005 manual__2024-04-27T19:19:13.871454+00:00 [running]> on host d933ead87eb5
[2024-04-27T19:20:07.783+0000] {taskinstance.py:2644} INFO - Exporting env vars: AIRFLOW_CTX_DAG_OWNER='***' AIRFLOW_CTX_DAG_ID='load_data_mb' AIRFLOW_CTX_TASK_ID='load_index_id_2979005' AIRFLOW_CTX_EXECUTION_DATE='2024-04-27T19:19:13.871454+00:00' AIRFLOW_CTX_TRY_NUMBER='1' AIRFLOW_CTX_DAG_RUN_ID='manual__2024-04-27T19:19:13.871454+00:00'
[2024-04-27T19:20:07.789+0000] {taskinstance.py:430} INFO - ::endgroup::
[2024-04-27T19:20:17.364+0000] {logging_mixin.py:188} INFO - {"status":"success","info":[{"index_name":"индекс физического объема валового внутреннего продукта методом производства","dic_names":["Регионы"],"period_name":"Квартал с накоплением","info":"нет новых данных"},{"index_name":"индекс физического объема валового внутреннего продукта методом производства","dic_names":["Регионы"],"period_name":"Месяц с накоплением","info":"нет новых данных"},{"index_name":"индекс физического объема валового внутреннего продукта методом производства","dic_names":["Регионы"],"period_name":"Год","info":"загружены актуальные данные"}]}
[2024-04-27T19:20:17.366+0000] {logging_mixin.py:188} INFO - <bound method Response.json of <Response [201]>>
[2024-04-27T19:20:17.366+0000] {python.py:237} INFO - Done. Returned value was: None
[2024-04-27T19:20:17.367+0000] {taskinstance.py:441} INFO - ::group::Post task execution logs
[2024-04-27T19:20:17.382+0000] {taskinstance.py:1205} INFO - Marking task as SUCCESS. dag_id=load_data_mb, task_id=load_index_id_2979005, execution_date=20240427T191913, start_date=20240427T192006, end_date=20240427T192017
[2024-04-27T19:20:17.441+0000] {local_task_job_runner.py:240} INFO - Task exited with return code 0
[2024-04-27T19:20:17.466+0000] {taskinstance.py:3482} INFO - 0 downstream tasks scheduled from follow-on schedule check
[2024-04-27T19:20:17.473+0000] {local_task_job_runner.py:222} INFO - ::endgroup::
