[2024-06-11T21:29:35.258+0000] {local_task_job_runner.py:120} INFO - ::group::Pre task execution logs
[2024-06-11T21:29:35.318+0000] {taskinstance.py:2073} INFO - Dependencies all met for dep_context=non-requeueable deps ti=<TaskInstance: load_data_mb.load_index_id_701925 scheduled__2024-06-10T00:00:00+00:00 [queued]>
[2024-06-11T21:29:35.338+0000] {taskinstance.py:2073} INFO - Dependencies all met for dep_context=requeueable deps ti=<TaskInstance: load_data_mb.load_index_id_701925 scheduled__2024-06-10T00:00:00+00:00 [queued]>
[2024-06-11T21:29:35.339+0000] {taskinstance.py:2303} INFO - Starting attempt 1 of 1
[2024-06-11T21:29:35.368+0000] {taskinstance.py:2327} INFO - Executing <Task(PythonOperator): load_index_id_701925> on 2024-06-10 00:00:00+00:00
[2024-06-11T21:29:35.377+0000] {standard_task_runner.py:90} INFO - Running: ['***', 'tasks', 'run', 'load_data_mb', 'load_index_id_701925', 'scheduled__2024-06-10T00:00:00+00:00', '--job-id', '147', '--raw', '--subdir', 'DAGS_FOLDER/load_data_mb.py', '--cfg-path', '/tmp/tmpgewo_59q']
[2024-06-11T21:29:35.380+0000] {standard_task_runner.py:91} INFO - Job 147: Subtask load_index_id_701925
[2024-06-11T21:29:35.381+0000] {logging_mixin.py:188} WARNING - /home/***/.local/lib/python3.12/site-packages/***/task/task_runner/standard_task_runner.py:61 DeprecationWarning: This process (pid=290) is multi-threaded, use of fork() may lead to deadlocks in the child.
[2024-06-11T21:29:35.383+0000] {standard_task_runner.py:63} INFO - Started process 291 to run task
[2024-06-11T21:29:35.438+0000] {task_command.py:426} INFO - Running <TaskInstance: load_data_mb.load_index_id_701925 scheduled__2024-06-10T00:00:00+00:00 [running]> on host e6f094d2943c
[2024-06-11T21:29:35.571+0000] {taskinstance.py:2644} INFO - Exporting env vars: AIRFLOW_CTX_DAG_OWNER='***' AIRFLOW_CTX_DAG_ID='load_data_mb' AIRFLOW_CTX_TASK_ID='load_index_id_701925' AIRFLOW_CTX_EXECUTION_DATE='2024-06-10T00:00:00+00:00' AIRFLOW_CTX_TRY_NUMBER='1' AIRFLOW_CTX_DAG_RUN_ID='scheduled__2024-06-10T00:00:00+00:00'
[2024-06-11T21:29:35.573+0000] {taskinstance.py:430} INFO - ::endgroup::
[2024-06-11T21:29:35.636+0000] {logging_mixin.py:188} INFO - Ошибка в коде или неверный json
[2024-06-11T21:29:35.638+0000] {taskinstance.py:441} INFO - ::group::Post task execution logs
[2024-06-11T21:29:35.639+0000] {taskinstance.py:2892} ERROR - Task failed due to SystemExit(1)
[2024-06-11T21:29:35.651+0000] {taskinstance.py:1205} INFO - Marking task as FAILED. dag_id=load_data_mb, task_id=load_index_id_701925, execution_date=20240610T000000, start_date=20240611T212935, end_date=20240611T212935
[2024-06-11T21:29:35.677+0000] {standard_task_runner.py:110} ERROR - Failed to execute job 147 for task load_index_id_701925 (Task failed due to SystemExit(1); 291)
[2024-06-11T21:29:35.719+0000] {local_task_job_runner.py:240} INFO - Task exited with return code 1
[2024-06-11T21:29:35.753+0000] {taskinstance.py:3482} INFO - 0 downstream tasks scheduled from follow-on schedule check
[2024-06-11T21:29:35.759+0000] {local_task_job_runner.py:222} INFO - ::endgroup::
[2024-06-11T21:31:35.535+0000] {local_task_job_runner.py:120} INFO - ::group::Pre task execution logs
[2024-06-11T21:31:35.586+0000] {taskinstance.py:2073} INFO - Dependencies all met for dep_context=non-requeueable deps ti=<TaskInstance: load_data_mb.load_index_id_701925 scheduled__2024-06-10T00:00:00+00:00 [queued]>
[2024-06-11T21:31:35.602+0000] {taskinstance.py:2073} INFO - Dependencies all met for dep_context=requeueable deps ti=<TaskInstance: load_data_mb.load_index_id_701925 scheduled__2024-06-10T00:00:00+00:00 [queued]>
[2024-06-11T21:31:35.603+0000] {taskinstance.py:2303} INFO - Starting attempt 1 of 1
[2024-06-11T21:31:35.626+0000] {taskinstance.py:2327} INFO - Executing <Task(PythonOperator): load_index_id_701925> on 2024-06-10 00:00:00+00:00
[2024-06-11T21:31:35.638+0000] {logging_mixin.py:188} WARNING - /home/***/.local/lib/python3.12/site-packages/***/task/task_runner/standard_task_runner.py:61 DeprecationWarning: This process (pid=433) is multi-threaded, use of fork() may lead to deadlocks in the child.
[2024-06-11T21:31:35.636+0000] {standard_task_runner.py:90} INFO - Running: ['***', 'tasks', 'run', 'load_data_mb', 'load_index_id_701925', 'scheduled__2024-06-10T00:00:00+00:00', '--job-id', '197', '--raw', '--subdir', 'DAGS_FOLDER/load_data_mb.py', '--cfg-path', '/tmp/tmpm0kyjaw7']
[2024-06-11T21:31:35.640+0000] {standard_task_runner.py:63} INFO - Started process 434 to run task
[2024-06-11T21:31:35.640+0000] {standard_task_runner.py:91} INFO - Job 197: Subtask load_index_id_701925
[2024-06-11T21:31:35.709+0000] {task_command.py:426} INFO - Running <TaskInstance: load_data_mb.load_index_id_701925 scheduled__2024-06-10T00:00:00+00:00 [running]> on host e6f094d2943c
[2024-06-11T21:31:35.829+0000] {taskinstance.py:2644} INFO - Exporting env vars: AIRFLOW_CTX_DAG_OWNER='***' AIRFLOW_CTX_DAG_ID='load_data_mb' AIRFLOW_CTX_TASK_ID='load_index_id_701925' AIRFLOW_CTX_EXECUTION_DATE='2024-06-10T00:00:00+00:00' AIRFLOW_CTX_TRY_NUMBER='1' AIRFLOW_CTX_DAG_RUN_ID='scheduled__2024-06-10T00:00:00+00:00'
[2024-06-11T21:31:35.832+0000] {taskinstance.py:430} INFO - ::endgroup::
[2024-06-11T21:31:35.885+0000] {logging_mixin.py:188} INFO - Ошибка в коде или неверный json
[2024-06-11T21:31:35.886+0000] {taskinstance.py:441} INFO - ::group::Post task execution logs
[2024-06-11T21:31:35.887+0000] {taskinstance.py:2892} ERROR - Task failed due to SystemExit(1)
[2024-06-11T21:31:35.902+0000] {taskinstance.py:1205} INFO - Marking task as FAILED. dag_id=load_data_mb, task_id=load_index_id_701925, execution_date=20240610T000000, start_date=20240611T213135, end_date=20240611T213135
[2024-06-11T21:31:35.927+0000] {standard_task_runner.py:110} ERROR - Failed to execute job 197 for task load_index_id_701925 (Task failed due to SystemExit(1); 434)
[2024-06-11T21:31:35.976+0000] {local_task_job_runner.py:240} INFO - Task exited with return code 1
[2024-06-11T21:31:36.011+0000] {taskinstance.py:3482} INFO - 0 downstream tasks scheduled from follow-on schedule check
[2024-06-11T21:31:36.017+0000] {local_task_job_runner.py:222} INFO - ::endgroup::
[2024-06-11T21:44:51.694+0000] {local_task_job_runner.py:120} INFO - ::group::Pre task execution logs
[2024-06-11T21:44:51.767+0000] {taskinstance.py:2073} INFO - Dependencies all met for dep_context=non-requeueable deps ti=<TaskInstance: load_data_mb.load_index_id_701925 scheduled__2024-06-10T00:00:00+00:00 [queued]>
[2024-06-11T21:44:51.784+0000] {taskinstance.py:2073} INFO - Dependencies all met for dep_context=requeueable deps ti=<TaskInstance: load_data_mb.load_index_id_701925 scheduled__2024-06-10T00:00:00+00:00 [queued]>
[2024-06-11T21:44:51.785+0000] {taskinstance.py:2303} INFO - Starting attempt 1 of 1
[2024-06-11T21:44:51.877+0000] {taskinstance.py:2327} INFO - Executing <Task(PythonOperator): load_index_id_701925> on 2024-06-10 00:00:00+00:00
[2024-06-11T21:44:51.896+0000] {standard_task_runner.py:90} INFO - Running: ['***', 'tasks', 'run', 'load_data_mb', 'load_index_id_701925', 'scheduled__2024-06-10T00:00:00+00:00', '--job-id', '256', '--raw', '--subdir', 'DAGS_FOLDER/load_data.py', '--cfg-path', '/tmp/tmpye8d1t6t']
[2024-06-11T21:44:51.903+0000] {standard_task_runner.py:91} INFO - Job 256: Subtask load_index_id_701925
[2024-06-11T21:44:51.905+0000] {logging_mixin.py:188} WARNING - /home/***/.local/lib/python3.12/site-packages/***/task/task_runner/standard_task_runner.py:61 DeprecationWarning: This process (pid=167) is multi-threaded, use of fork() may lead to deadlocks in the child.
[2024-06-11T21:44:51.907+0000] {standard_task_runner.py:63} INFO - Started process 169 to run task
[2024-06-11T21:44:52.097+0000] {task_command.py:426} INFO - Running <TaskInstance: load_data_mb.load_index_id_701925 scheduled__2024-06-10T00:00:00+00:00 [running]> on host f7fd8afd804e
[2024-06-11T21:44:52.301+0000] {taskinstance.py:2644} INFO - Exporting env vars: AIRFLOW_CTX_DAG_OWNER='***' AIRFLOW_CTX_DAG_ID='load_data_mb' AIRFLOW_CTX_TASK_ID='load_index_id_701925' AIRFLOW_CTX_EXECUTION_DATE='2024-06-10T00:00:00+00:00' AIRFLOW_CTX_TRY_NUMBER='1' AIRFLOW_CTX_DAG_RUN_ID='scheduled__2024-06-10T00:00:00+00:00'
[2024-06-11T21:44:52.310+0000] {taskinstance.py:430} INFO - ::endgroup::
[2024-06-11T21:44:52.611+0000] {logging_mixin.py:188} INFO - Ошибка в коде или неверный json
[2024-06-11T21:44:52.613+0000] {taskinstance.py:441} INFO - ::group::Post task execution logs
[2024-06-11T21:44:52.614+0000] {taskinstance.py:2892} ERROR - Task failed due to SystemExit(1)
[2024-06-11T21:44:52.629+0000] {taskinstance.py:1205} INFO - Marking task as FAILED. dag_id=load_data_mb, task_id=load_index_id_701925, execution_date=20240610T000000, start_date=20240611T214451, end_date=20240611T214452
[2024-06-11T21:44:52.800+0000] {standard_task_runner.py:110} ERROR - Failed to execute job 256 for task load_index_id_701925 (Task failed due to SystemExit(1); 169)
[2024-06-11T21:44:52.836+0000] {local_task_job_runner.py:240} INFO - Task exited with return code 1
[2024-06-11T21:44:52.860+0000] {taskinstance.py:3482} INFO - 0 downstream tasks scheduled from follow-on schedule check
[2024-06-11T21:44:52.949+0000] {local_task_job_runner.py:222} INFO - ::endgroup::
