[2024-04-28T12:41:03.036+0000] {local_task_job_runner.py:120} INFO - ::group::Pre task execution logs
[2024-04-28T12:41:03.094+0000] {taskinstance.py:2073} INFO - Dependencies all met for dep_context=non-requeueable deps ti=<TaskInstance: load_data_mb.load_index_id_704448 manual__2024-04-28T12:25:28.517410+00:00 [queued]>
[2024-04-28T12:41:03.107+0000] {taskinstance.py:2073} INFO - Dependencies all met for dep_context=requeueable deps ti=<TaskInstance: load_data_mb.load_index_id_704448 manual__2024-04-28T12:25:28.517410+00:00 [queued]>
[2024-04-28T12:41:03.109+0000] {taskinstance.py:2303} INFO - Starting attempt 1 of 1
[2024-04-28T12:41:03.134+0000] {taskinstance.py:2327} INFO - Executing <Task(PythonOperator): load_index_id_704448> on 2024-04-28 12:25:28.517410+00:00
[2024-04-28T12:41:03.147+0000] {standard_task_runner.py:90} INFO - Running: ['***', 'tasks', 'run', 'load_data_mb', 'load_index_id_704448', 'manual__2024-04-28T12:25:28.517410+00:00', '--job-id', '311', '--raw', '--subdir', 'DAGS_FOLDER/load_data_mb.py', '--cfg-path', '/tmp/tmpmmcphqt1']
[2024-04-28T12:41:03.152+0000] {standard_task_runner.py:91} INFO - Job 311: Subtask load_index_id_704448
[2024-04-28T12:41:03.169+0000] {logging_mixin.py:188} WARNING - /home/***/.local/lib/python3.12/site-packages/***/task/task_runner/standard_task_runner.py:61 DeprecationWarning: This process (pid=23938) is multi-threaded, use of fork() may lead to deadlocks in the child.
[2024-04-28T12:41:03.171+0000] {standard_task_runner.py:63} INFO - Started process 23939 to run task
[2024-04-28T12:41:03.244+0000] {task_command.py:426} INFO - Running <TaskInstance: load_data_mb.load_index_id_704448 manual__2024-04-28T12:25:28.517410+00:00 [running]> on host d933ead87eb5
[2024-04-28T12:41:03.409+0000] {taskinstance.py:2644} INFO - Exporting env vars: AIRFLOW_CTX_DAG_OWNER='***' AIRFLOW_CTX_DAG_ID='load_data_mb' AIRFLOW_CTX_TASK_ID='load_index_id_704448' AIRFLOW_CTX_EXECUTION_DATE='2024-04-28T12:25:28.517410+00:00' AIRFLOW_CTX_TRY_NUMBER='1' AIRFLOW_CTX_DAG_RUN_ID='manual__2024-04-28T12:25:28.517410+00:00'
[2024-04-28T12:41:03.411+0000] {taskinstance.py:430} INFO - ::endgroup::
[2024-04-28T12:41:09.877+0000] {logging_mixin.py:188} INFO - {'index_name': 'индекс номинальных денежных доходов', 'index_id': 704448, 'dic_names': ['Регионы'], 'period_name': 'Год', 'info': 'нет новых данных'}
[2024-04-28T12:41:09.879+0000] {logging_mixin.py:188} INFO - {'index_name': 'индекс номинальных денежных доходов', 'index_id': 704448, 'dic_names': ['Регионы'], 'period_name': 'Квартал', 'info': 'нет новых данных'}
[2024-04-28T12:41:09.879+0000] {logging_mixin.py:188} INFO - {'index_name': 'индекс номинальных денежных доходов', 'index_id': 704448, 'dic_names': ['Регионы'], 'period_name': 'Месяц', 'info': 'нет новых данных'}
[2024-04-28T12:41:09.880+0000] {python.py:237} INFO - Done. Returned value was: None
[2024-04-28T12:41:09.881+0000] {taskinstance.py:441} INFO - ::group::Post task execution logs
[2024-04-28T12:41:09.895+0000] {taskinstance.py:1205} INFO - Marking task as SUCCESS. dag_id=load_data_mb, task_id=load_index_id_704448, execution_date=20240428T122528, start_date=20240428T124103, end_date=20240428T124109
[2024-04-28T12:41:09.930+0000] {local_task_job_runner.py:240} INFO - Task exited with return code 0
[2024-04-28T12:41:09.958+0000] {taskinstance.py:3482} INFO - 0 downstream tasks scheduled from follow-on schedule check
[2024-04-28T12:41:09.963+0000] {local_task_job_runner.py:222} INFO - ::endgroup::
