[2024-06-11T21:29:41.210+0000] {local_task_job_runner.py:120} INFO - ::group::Pre task execution logs
[2024-06-11T21:29:41.260+0000] {taskinstance.py:2073} INFO - Dependencies all met for dep_context=non-requeueable deps ti=<TaskInstance: load_data_mb.load_index_id_4023004 scheduled__2024-06-10T00:00:00+00:00 [queued]>
[2024-06-11T21:29:41.274+0000] {taskinstance.py:2073} INFO - Dependencies all met for dep_context=requeueable deps ti=<TaskInstance: load_data_mb.load_index_id_4023004 scheduled__2024-06-10T00:00:00+00:00 [queued]>
[2024-06-11T21:29:41.275+0000] {taskinstance.py:2303} INFO - Starting attempt 1 of 1
[2024-06-11T21:29:41.294+0000] {taskinstance.py:2327} INFO - Executing <Task(PythonOperator): load_index_id_4023004> on 2024-06-10 00:00:00+00:00
[2024-06-11T21:29:41.304+0000] {logging_mixin.py:188} WARNING - /home/***/.local/lib/python3.12/site-packages/***/task/task_runner/standard_task_runner.py:61 DeprecationWarning: This process (pid=300) is multi-threaded, use of fork() may lead to deadlocks in the child.
[2024-06-11T21:29:41.306+0000] {standard_task_runner.py:63} INFO - Started process 301 to run task
[2024-06-11T21:29:41.304+0000] {standard_task_runner.py:90} INFO - Running: ['***', 'tasks', 'run', 'load_data_mb', 'load_index_id_4023004', 'scheduled__2024-06-10T00:00:00+00:00', '--job-id', '152', '--raw', '--subdir', 'DAGS_FOLDER/load_data_mb.py', '--cfg-path', '/tmp/tmp1qb_dm9u']
[2024-06-11T21:29:41.307+0000] {standard_task_runner.py:91} INFO - Job 152: Subtask load_index_id_4023004
[2024-06-11T21:29:41.372+0000] {task_command.py:426} INFO - Running <TaskInstance: load_data_mb.load_index_id_4023004 scheduled__2024-06-10T00:00:00+00:00 [running]> on host e6f094d2943c
[2024-06-11T21:29:41.505+0000] {taskinstance.py:2644} INFO - Exporting env vars: AIRFLOW_CTX_DAG_OWNER='***' AIRFLOW_CTX_DAG_ID='load_data_mb' AIRFLOW_CTX_TASK_ID='load_index_id_4023004' AIRFLOW_CTX_EXECUTION_DATE='2024-06-10T00:00:00+00:00' AIRFLOW_CTX_TRY_NUMBER='1' AIRFLOW_CTX_DAG_RUN_ID='scheduled__2024-06-10T00:00:00+00:00'
[2024-06-11T21:29:41.506+0000] {taskinstance.py:430} INFO - ::endgroup::
[2024-06-11T21:29:41.557+0000] {logging_mixin.py:188} INFO - Ошибка в коде или неверный json
[2024-06-11T21:29:41.558+0000] {taskinstance.py:441} INFO - ::group::Post task execution logs
[2024-06-11T21:29:41.559+0000] {taskinstance.py:2892} ERROR - Task failed due to SystemExit(1)
[2024-06-11T21:29:41.569+0000] {taskinstance.py:1205} INFO - Marking task as FAILED. dag_id=load_data_mb, task_id=load_index_id_4023004, execution_date=20240610T000000, start_date=20240611T212941, end_date=20240611T212941
[2024-06-11T21:29:41.584+0000] {standard_task_runner.py:110} ERROR - Failed to execute job 152 for task load_index_id_4023004 (Task failed due to SystemExit(1); 301)
[2024-06-11T21:29:41.601+0000] {local_task_job_runner.py:240} INFO - Task exited with return code 1
[2024-06-11T21:29:41.624+0000] {taskinstance.py:3482} INFO - 0 downstream tasks scheduled from follow-on schedule check
[2024-06-11T21:29:41.629+0000] {local_task_job_runner.py:222} INFO - ::endgroup::
[2024-06-11T21:30:04.790+0000] {local_task_job_runner.py:120} INFO - ::group::Pre task execution logs
[2024-06-11T21:30:04.877+0000] {taskinstance.py:2073} INFO - Dependencies all met for dep_context=non-requeueable deps ti=<TaskInstance: load_data_mb.load_index_id_4023004 scheduled__2024-06-10T00:00:00+00:00 [queued]>
[2024-06-11T21:30:04.908+0000] {taskinstance.py:2073} INFO - Dependencies all met for dep_context=requeueable deps ti=<TaskInstance: load_data_mb.load_index_id_4023004 scheduled__2024-06-10T00:00:00+00:00 [queued]>
[2024-06-11T21:30:04.910+0000] {taskinstance.py:2303} INFO - Starting attempt 1 of 1
[2024-06-11T21:30:04.966+0000] {taskinstance.py:2327} INFO - Executing <Task(PythonOperator): load_index_id_4023004> on 2024-06-10 00:00:00+00:00
[2024-06-11T21:30:04.989+0000] {logging_mixin.py:188} WARNING - /home/***/.local/lib/python3.12/site-packages/***/task/task_runner/standard_task_runner.py:61 DeprecationWarning: This process (pid=329) is multi-threaded, use of fork() may lead to deadlocks in the child.
[2024-06-11T21:30:04.986+0000] {standard_task_runner.py:90} INFO - Running: ['***', 'tasks', 'run', 'load_data_mb', 'load_index_id_4023004', 'scheduled__2024-06-10T00:00:00+00:00', '--job-id', '161', '--raw', '--subdir', 'DAGS_FOLDER/load_data_mb.py', '--cfg-path', '/tmp/tmps05kbvu9']
[2024-06-11T21:30:04.991+0000] {standard_task_runner.py:63} INFO - Started process 330 to run task
[2024-06-11T21:30:04.992+0000] {standard_task_runner.py:91} INFO - Job 161: Subtask load_index_id_4023004
[2024-06-11T21:30:05.125+0000] {task_command.py:426} INFO - Running <TaskInstance: load_data_mb.load_index_id_4023004 scheduled__2024-06-10T00:00:00+00:00 [running]> on host e6f094d2943c
[2024-06-11T21:30:05.291+0000] {taskinstance.py:2644} INFO - Exporting env vars: AIRFLOW_CTX_DAG_OWNER='***' AIRFLOW_CTX_DAG_ID='load_data_mb' AIRFLOW_CTX_TASK_ID='load_index_id_4023004' AIRFLOW_CTX_EXECUTION_DATE='2024-06-10T00:00:00+00:00' AIRFLOW_CTX_TRY_NUMBER='1' AIRFLOW_CTX_DAG_RUN_ID='scheduled__2024-06-10T00:00:00+00:00'
[2024-06-11T21:30:05.292+0000] {taskinstance.py:430} INFO - ::endgroup::
[2024-06-11T21:30:05.346+0000] {logging_mixin.py:188} INFO - Ошибка в коде или неверный json
[2024-06-11T21:30:05.347+0000] {taskinstance.py:441} INFO - ::group::Post task execution logs
[2024-06-11T21:30:05.348+0000] {taskinstance.py:2892} ERROR - Task failed due to SystemExit(1)
[2024-06-11T21:30:05.362+0000] {taskinstance.py:1205} INFO - Marking task as FAILED. dag_id=load_data_mb, task_id=load_index_id_4023004, execution_date=20240610T000000, start_date=20240611T213004, end_date=20240611T213005
[2024-06-11T21:30:05.383+0000] {standard_task_runner.py:110} ERROR - Failed to execute job 161 for task load_index_id_4023004 (Task failed due to SystemExit(1); 330)
[2024-06-11T21:30:05.409+0000] {local_task_job_runner.py:240} INFO - Task exited with return code 1
[2024-06-11T21:30:05.437+0000] {taskinstance.py:3482} INFO - 0 downstream tasks scheduled from follow-on schedule check
[2024-06-11T21:30:05.444+0000] {local_task_job_runner.py:222} INFO - ::endgroup::
[2024-06-11T21:31:46.798+0000] {local_task_job_runner.py:120} INFO - ::group::Pre task execution logs
[2024-06-11T21:31:46.857+0000] {taskinstance.py:2073} INFO - Dependencies all met for dep_context=non-requeueable deps ti=<TaskInstance: load_data_mb.load_index_id_4023004 scheduled__2024-06-10T00:00:00+00:00 [queued]>
[2024-06-11T21:31:46.873+0000] {taskinstance.py:2073} INFO - Dependencies all met for dep_context=requeueable deps ti=<TaskInstance: load_data_mb.load_index_id_4023004 scheduled__2024-06-10T00:00:00+00:00 [queued]>
[2024-06-11T21:31:46.874+0000] {taskinstance.py:2303} INFO - Starting attempt 1 of 1
[2024-06-11T21:31:46.896+0000] {taskinstance.py:2327} INFO - Executing <Task(PythonOperator): load_index_id_4023004> on 2024-06-10 00:00:00+00:00
[2024-06-11T21:31:46.907+0000] {logging_mixin.py:188} WARNING - /home/***/.local/lib/python3.12/site-packages/***/task/task_runner/standard_task_runner.py:61 DeprecationWarning: This process (pid=445) is multi-threaded, use of fork() may lead to deadlocks in the child.
[2024-06-11T21:31:46.905+0000] {standard_task_runner.py:90} INFO - Running: ['***', 'tasks', 'run', 'load_data_mb', 'load_index_id_4023004', 'scheduled__2024-06-10T00:00:00+00:00', '--job-id', '203', '--raw', '--subdir', 'DAGS_FOLDER/load_data_mb.py', '--cfg-path', '/tmp/tmp7y5jloat']
[2024-06-11T21:31:46.908+0000] {standard_task_runner.py:63} INFO - Started process 446 to run task
[2024-06-11T21:31:46.908+0000] {standard_task_runner.py:91} INFO - Job 203: Subtask load_index_id_4023004
[2024-06-11T21:31:46.969+0000] {task_command.py:426} INFO - Running <TaskInstance: load_data_mb.load_index_id_4023004 scheduled__2024-06-10T00:00:00+00:00 [running]> on host e6f094d2943c
[2024-06-11T21:31:47.111+0000] {taskinstance.py:2644} INFO - Exporting env vars: AIRFLOW_CTX_DAG_OWNER='***' AIRFLOW_CTX_DAG_ID='load_data_mb' AIRFLOW_CTX_TASK_ID='load_index_id_4023004' AIRFLOW_CTX_EXECUTION_DATE='2024-06-10T00:00:00+00:00' AIRFLOW_CTX_TRY_NUMBER='1' AIRFLOW_CTX_DAG_RUN_ID='scheduled__2024-06-10T00:00:00+00:00'
[2024-06-11T21:31:47.113+0000] {taskinstance.py:430} INFO - ::endgroup::
[2024-06-11T21:31:47.167+0000] {logging_mixin.py:188} INFO - Ошибка в коде или неверный json
[2024-06-11T21:31:47.168+0000] {taskinstance.py:441} INFO - ::group::Post task execution logs
[2024-06-11T21:31:47.169+0000] {taskinstance.py:2892} ERROR - Task failed due to SystemExit(1)
[2024-06-11T21:31:47.180+0000] {taskinstance.py:1205} INFO - Marking task as FAILED. dag_id=load_data_mb, task_id=load_index_id_4023004, execution_date=20240610T000000, start_date=20240611T213146, end_date=20240611T213147
[2024-06-11T21:31:47.199+0000] {standard_task_runner.py:110} ERROR - Failed to execute job 203 for task load_index_id_4023004 (Task failed due to SystemExit(1); 446)
[2024-06-11T21:31:47.244+0000] {local_task_job_runner.py:240} INFO - Task exited with return code 1
[2024-06-11T21:31:47.273+0000] {taskinstance.py:3482} INFO - 0 downstream tasks scheduled from follow-on schedule check
[2024-06-11T21:31:47.279+0000] {local_task_job_runner.py:222} INFO - ::endgroup::
[2024-06-11T21:45:00.903+0000] {local_task_job_runner.py:120} INFO - ::group::Pre task execution logs
[2024-06-11T21:45:00.969+0000] {taskinstance.py:2073} INFO - Dependencies all met for dep_context=non-requeueable deps ti=<TaskInstance: load_data_mb.load_index_id_4023004 scheduled__2024-06-10T00:00:00+00:00 [queued]>
[2024-06-11T21:45:00.991+0000] {taskinstance.py:2073} INFO - Dependencies all met for dep_context=requeueable deps ti=<TaskInstance: load_data_mb.load_index_id_4023004 scheduled__2024-06-10T00:00:00+00:00 [queued]>
[2024-06-11T21:45:00.992+0000] {taskinstance.py:2303} INFO - Starting attempt 1 of 1
[2024-06-11T21:45:01.028+0000] {taskinstance.py:2327} INFO - Executing <Task(PythonOperator): load_index_id_4023004> on 2024-06-10 00:00:00+00:00
[2024-06-11T21:45:01.041+0000] {standard_task_runner.py:90} INFO - Running: ['***', 'tasks', 'run', 'load_data_mb', 'load_index_id_4023004', 'scheduled__2024-06-10T00:00:00+00:00', '--job-id', '262', '--raw', '--subdir', 'DAGS_FOLDER/load_data.py', '--cfg-path', '/tmp/tmpocmuj615']
[2024-06-11T21:45:01.048+0000] {standard_task_runner.py:91} INFO - Job 262: Subtask load_index_id_4023004
[2024-06-11T21:45:01.050+0000] {logging_mixin.py:188} WARNING - /home/***/.local/lib/python3.12/site-packages/***/task/task_runner/standard_task_runner.py:61 DeprecationWarning: This process (pid=188) is multi-threaded, use of fork() may lead to deadlocks in the child.
[2024-06-11T21:45:01.052+0000] {standard_task_runner.py:63} INFO - Started process 189 to run task
[2024-06-11T21:45:01.128+0000] {task_command.py:426} INFO - Running <TaskInstance: load_data_mb.load_index_id_4023004 scheduled__2024-06-10T00:00:00+00:00 [running]> on host f7fd8afd804e
[2024-06-11T21:45:01.270+0000] {taskinstance.py:2644} INFO - Exporting env vars: AIRFLOW_CTX_DAG_OWNER='***' AIRFLOW_CTX_DAG_ID='load_data_mb' AIRFLOW_CTX_TASK_ID='load_index_id_4023004' AIRFLOW_CTX_EXECUTION_DATE='2024-06-10T00:00:00+00:00' AIRFLOW_CTX_TRY_NUMBER='1' AIRFLOW_CTX_DAG_RUN_ID='scheduled__2024-06-10T00:00:00+00:00'
[2024-06-11T21:45:01.272+0000] {taskinstance.py:430} INFO - ::endgroup::
[2024-06-11T21:45:01.346+0000] {logging_mixin.py:188} INFO - Ошибка в коде или неверный json
[2024-06-11T21:45:01.348+0000] {taskinstance.py:441} INFO - ::group::Post task execution logs
[2024-06-11T21:45:01.352+0000] {taskinstance.py:2892} ERROR - Task failed due to SystemExit(1)
[2024-06-11T21:45:01.373+0000] {taskinstance.py:1205} INFO - Marking task as FAILED. dag_id=load_data_mb, task_id=load_index_id_4023004, execution_date=20240610T000000, start_date=20240611T214500, end_date=20240611T214501
[2024-06-11T21:45:01.401+0000] {standard_task_runner.py:110} ERROR - Failed to execute job 262 for task load_index_id_4023004 (Task failed due to SystemExit(1); 189)
[2024-06-11T21:45:01.430+0000] {local_task_job_runner.py:240} INFO - Task exited with return code 1
[2024-06-11T21:45:01.462+0000] {taskinstance.py:3482} INFO - 0 downstream tasks scheduled from follow-on schedule check
[2024-06-11T21:45:01.469+0000] {local_task_job_runner.py:222} INFO - ::endgroup::
