[2024-05-02T08:20:23.698+0000] {local_task_job_runner.py:120} INFO - ::group::Pre task execution logs
[2024-05-02T08:20:23.745+0000] {taskinstance.py:2073} INFO - Dependencies all met for dep_context=non-requeueable deps ti=<TaskInstance: load_data_mb.load_index_id_701925 scheduled__2024-04-30T00:00:00+00:00 [queued]>
[2024-05-02T08:20:23.760+0000] {taskinstance.py:2073} INFO - Dependencies all met for dep_context=requeueable deps ti=<TaskInstance: load_data_mb.load_index_id_701925 scheduled__2024-04-30T00:00:00+00:00 [queued]>
[2024-05-02T08:20:23.761+0000] {taskinstance.py:2303} INFO - Starting attempt 1 of 1
[2024-05-02T08:20:23.784+0000] {taskinstance.py:2327} INFO - Executing <Task(PythonOperator): load_index_id_701925> on 2024-04-30 00:00:00+00:00
[2024-05-02T08:20:23.795+0000] {standard_task_runner.py:90} INFO - Running: ['***', 'tasks', 'run', 'load_data_mb', 'load_index_id_701925', 'scheduled__2024-04-30T00:00:00+00:00', '--job-id', '414', '--raw', '--subdir', 'DAGS_FOLDER/load_data_mb.py', '--cfg-path', '/tmp/tmpnb3rxp2h']
[2024-05-02T08:20:23.799+0000] {standard_task_runner.py:91} INFO - Job 414: Subtask load_index_id_701925
[2024-05-02T08:20:23.801+0000] {logging_mixin.py:188} WARNING - /home/***/.local/lib/python3.12/site-packages/***/task/task_runner/standard_task_runner.py:61 DeprecationWarning: This process (pid=752) is multi-threaded, use of fork() may lead to deadlocks in the child.
[2024-05-02T08:20:23.803+0000] {standard_task_runner.py:63} INFO - Started process 753 to run task
[2024-05-02T08:20:23.887+0000] {task_command.py:426} INFO - Running <TaskInstance: load_data_mb.load_index_id_701925 scheduled__2024-04-30T00:00:00+00:00 [running]> on host d933ead87eb5
[2024-05-02T08:20:24.061+0000] {taskinstance.py:2644} INFO - Exporting env vars: AIRFLOW_CTX_DAG_OWNER='***' AIRFLOW_CTX_DAG_ID='load_data_mb' AIRFLOW_CTX_TASK_ID='load_index_id_701925' AIRFLOW_CTX_EXECUTION_DATE='2024-04-30T00:00:00+00:00' AIRFLOW_CTX_TRY_NUMBER='1' AIRFLOW_CTX_DAG_RUN_ID='scheduled__2024-04-30T00:00:00+00:00'
[2024-05-02T08:20:24.062+0000] {taskinstance.py:430} INFO - ::endgroup::
[2024-05-02T08:20:51.701+0000] {logging_mixin.py:188} INFO - {'index_name': 'Общая площадь введенных в эксплуатацию жилых зданий', 'index_id': 701925, 'dic_names': ['Регионы', 'Тип местности и административное деление', 'Формы и видов собственности', 'Типы правовых единиц'], 'period_name': 'Год', 'info': 'ошибка талдау', 'error_code': 500}
[2024-05-02T08:20:51.705+0000] {logging_mixin.py:188} INFO - {'index_name': 'Общая площадь введенных в эксплуатацию жилых зданий', 'index_id': 701925, 'dic_names': ['Регионы', 'Тип местности и административное деление', 'Благоустройство дома', 'Виды объектов и мощностей'], 'period_name': 'Год', 'info': 'ошибка талдау', 'error_code': 500}
[2024-05-02T08:20:51.710+0000] {logging_mixin.py:188} INFO - {'index_name': 'Общая площадь введенных в эксплуатацию жилых зданий', 'index_id': 701925, 'dic_names': ['Регионы', 'Тип местности и административное деление', 'Формы и видов собственности', 'Типы правовых единиц', 'Виды объектов и мощностей'], 'period_name': 'Год', 'info': 'ошибка талдау', 'error_code': 500}
[2024-05-02T08:20:51.714+0000] {logging_mixin.py:188} INFO - {'index_name': 'Общая площадь введенных в эксплуатацию жилых зданий', 'index_id': 701925, 'dic_names': ['Регионы', 'Тип местности и административное деление', 'Источник финансирования', 'Виды объектов и мощностей', 'Типы правовых единиц'], 'period_name': 'Год', 'info': 'ошибка талдау', 'error_code': 500}
[2024-05-02T08:20:51.717+0000] {logging_mixin.py:188} INFO - {'index_name': 'Общая площадь введенных в эксплуатацию жилых зданий', 'index_id': 701925, 'dic_names': ['Регионы', 'Тип местности и административное деление', 'Формы и видов собственности', 'Благоустройство дома', 'Типы правовых единиц'], 'period_name': 'Год', 'info': 'ошибка талдау', 'error_code': 500}
[2024-05-02T08:20:51.720+0000] {logging_mixin.py:188} INFO - {'index_name': 'Общая площадь введенных в эксплуатацию жилых зданий', 'index_id': 701925, 'dic_names': ['Регионы', 'Тип местности и административное деление', 'Формы и видов собственности', 'Виды объектов и мощностей', 'Типы правовых единиц'], 'period_name': 'Год', 'info': 'ошибка талдау', 'error_code': 500}
[2024-05-02T08:20:51.723+0000] {logging_mixin.py:188} INFO - {'index_name': 'Общая площадь введенных в эксплуатацию жилых зданий', 'index_id': 701925, 'dic_names': ['Регионы', 'Тип местности и административное деление', 'Формы и видов собственности', 'Виды объектов и мощностей', 'Типы правовых единиц'], 'period_name': 'Месяц', 'info': 'ошибка талдау', 'error_code': 500}
[2024-05-02T08:20:51.724+0000] {logging_mixin.py:188} INFO - {'index_name': 'Общая площадь введенных в эксплуатацию жилых зданий', 'index_id': 701925, 'dic_names': ['Регионы', 'Тип местности и административное деление', 'Формы и видов собственности', 'Виды объектов и мощностей', 'Группировки типов правовых единиц'], 'period_name': 'Месяц с накоплением', 'info': 'ошибка талдау', 'error_code': 500}
[2024-05-02T08:20:51.727+0000] {logging_mixin.py:188} INFO - {'index_name': 'Общая площадь введенных в эксплуатацию жилых зданий', 'index_id': 701925, 'dic_names': ['Регионы', 'Тип местности и административное деление', 'Формы и видов собственности', 'Виды объектов и мощностей', 'Типы правовых единиц'], 'period_name': 'Месяц с накоплением', 'info': 'ошибка талдау', 'error_code': 500}
[2024-05-02T08:20:51.729+0000] {logging_mixin.py:188} INFO - {'index_name': 'Общая площадь введенных в эксплуатацию жилых зданий', 'index_id': 701925, 'dic_names': ['Регионы', 'Источник финансирования'], 'period_name': 'Месяц', 'info': 'ошибка талдау', 'error_code': 500}
[2024-05-02T08:20:51.731+0000] {logging_mixin.py:188} INFO - {'index_name': 'Общая площадь введенных в эксплуатацию жилых зданий', 'index_id': 701925, 'dic_names': ['Регионы', 'Тип местности и административное деление', 'Формы и видов собственности', 'Типы правовых единиц', 'Виды объектов и мощностей'], 'period_name': 'Месяц', 'info': 'ошибка талдау', 'error_code': 500}
[2024-05-02T08:20:51.732+0000] {logging_mixin.py:188} INFO - {'index_name': 'Общая площадь введенных в эксплуатацию жилых зданий', 'index_id': 701925, 'dic_names': ['Регионы', 'Источник финансирования'], 'period_name': 'Месяц с накоплением', 'info': 'ошибка талдау', 'error_code': 500}
[2024-05-02T08:20:51.734+0000] {logging_mixin.py:188} INFO - {'index_name': 'Общая площадь введенных в эксплуатацию жилых зданий', 'index_id': 701925, 'dic_names': ['Регионы', 'Тип местности и административное деление', 'Формы и видов собственности', 'Типы правовых единиц', 'Виды объектов и мощностей'], 'period_name': 'Месяц с накоплением', 'info': 'ошибка талдау', 'error_code': 500}
[2024-05-02T08:20:51.736+0000] {python.py:237} INFO - Done. Returned value was: None
[2024-05-02T08:20:51.738+0000] {taskinstance.py:441} INFO - ::group::Post task execution logs
[2024-05-02T08:20:51.764+0000] {taskinstance.py:1205} INFO - Marking task as SUCCESS. dag_id=load_data_mb, task_id=load_index_id_701925, execution_date=20240430T000000, start_date=20240502T082023, end_date=20240502T082051
[2024-05-02T08:20:51.831+0000] {local_task_job_runner.py:240} INFO - Task exited with return code 0
[2024-05-02T08:20:51.875+0000] {taskinstance.py:3482} INFO - 0 downstream tasks scheduled from follow-on schedule check
[2024-05-02T08:20:51.883+0000] {local_task_job_runner.py:222} INFO - ::endgroup::
