[2024-06-17T13:59:48.739+0000] {processor.py:161} INFO - Started process (PID=188) to work on /opt/airflow/dags/load_data.py
[2024-06-17T13:59:48.754+0000] {processor.py:830} INFO - Processing file /opt/airflow/dags/load_data.py for tasks to queue
[2024-06-17T13:59:48.787+0000] {logging_mixin.py:188} INFO - [2024-06-17T13:59:48.786+0000] {dagbag.py:540} INFO - Filling up the DagBag from /opt/airflow/dags/load_data.py
[2024-06-17T13:59:48.966+0000] {processor.py:840} INFO - DAG(s) 'data_load' retrieved from /opt/airflow/dags/load_data.py
[2024-06-17T13:59:50.434+0000] {logging_mixin.py:188} INFO - [2024-06-17T13:59:50.433+0000] {dag.py:3096} INFO - Sync 1 DAGs
[2024-06-17T13:59:50.950+0000] {processor.py:183} INFO - Processing /opt/airflow/dags/load_data.py took 2.352 seconds
[2024-06-17T14:00:21.372+0000] {processor.py:161} INFO - Started process (PID=202) to work on /opt/airflow/dags/load_data.py
[2024-06-17T14:00:21.380+0000] {processor.py:830} INFO - Processing file /opt/airflow/dags/load_data.py for tasks to queue
[2024-06-17T14:00:21.409+0000] {logging_mixin.py:188} INFO - [2024-06-17T14:00:21.402+0000] {dagbag.py:540} INFO - Filling up the DagBag from /opt/airflow/dags/load_data.py
[2024-06-17T14:00:21.564+0000] {processor.py:840} INFO - DAG(s) 'data_load' retrieved from /opt/airflow/dags/load_data.py
[2024-06-17T14:00:21.712+0000] {logging_mixin.py:188} INFO - [2024-06-17T14:00:21.711+0000] {dag.py:3096} INFO - Sync 1 DAGs
[2024-06-17T14:00:21.834+0000] {processor.py:183} INFO - Processing /opt/airflow/dags/load_data.py took 0.533 seconds
[2024-06-17T14:00:52.134+0000] {processor.py:161} INFO - Started process (PID=215) to work on /opt/airflow/dags/load_data.py
[2024-06-17T14:00:52.136+0000] {processor.py:830} INFO - Processing file /opt/airflow/dags/load_data.py for tasks to queue
[2024-06-17T14:00:52.142+0000] {logging_mixin.py:188} INFO - [2024-06-17T14:00:52.141+0000] {dagbag.py:540} INFO - Filling up the DagBag from /opt/airflow/dags/load_data.py
[2024-06-17T14:00:52.225+0000] {processor.py:840} INFO - DAG(s) 'data_load' retrieved from /opt/airflow/dags/load_data.py
[2024-06-17T14:00:52.430+0000] {logging_mixin.py:188} INFO - [2024-06-17T14:00:52.429+0000] {dag.py:3096} INFO - Sync 1 DAGs
[2024-06-17T14:00:52.562+0000] {processor.py:183} INFO - Processing /opt/airflow/dags/load_data.py took 0.436 seconds
[2024-06-17T14:01:22.930+0000] {processor.py:161} INFO - Started process (PID=226) to work on /opt/airflow/dags/load_data.py
[2024-06-17T14:01:22.931+0000] {processor.py:830} INFO - Processing file /opt/airflow/dags/load_data.py for tasks to queue
[2024-06-17T14:01:22.934+0000] {logging_mixin.py:188} INFO - [2024-06-17T14:01:22.934+0000] {dagbag.py:540} INFO - Filling up the DagBag from /opt/airflow/dags/load_data.py
[2024-06-17T14:01:22.975+0000] {processor.py:840} INFO - DAG(s) 'data_load' retrieved from /opt/airflow/dags/load_data.py
[2024-06-17T14:01:23.037+0000] {logging_mixin.py:188} INFO - [2024-06-17T14:01:23.037+0000] {dag.py:3096} INFO - Sync 1 DAGs
[2024-06-17T14:01:23.104+0000] {processor.py:183} INFO - Processing /opt/airflow/dags/load_data.py took 0.182 seconds
[2024-06-17T14:01:53.230+0000] {processor.py:161} INFO - Started process (PID=237) to work on /opt/airflow/dags/load_data.py
[2024-06-17T14:01:53.233+0000] {processor.py:830} INFO - Processing file /opt/airflow/dags/load_data.py for tasks to queue
[2024-06-17T14:01:53.237+0000] {logging_mixin.py:188} INFO - [2024-06-17T14:01:53.237+0000] {dagbag.py:540} INFO - Filling up the DagBag from /opt/airflow/dags/load_data.py
[2024-06-17T14:01:53.285+0000] {processor.py:840} INFO - DAG(s) 'data_load' retrieved from /opt/airflow/dags/load_data.py
[2024-06-17T14:01:53.353+0000] {logging_mixin.py:188} INFO - [2024-06-17T14:01:53.353+0000] {dag.py:3096} INFO - Sync 1 DAGs
[2024-06-17T14:01:53.431+0000] {processor.py:183} INFO - Processing /opt/airflow/dags/load_data.py took 0.215 seconds
[2024-06-17T14:02:23.665+0000] {processor.py:161} INFO - Started process (PID=248) to work on /opt/airflow/dags/load_data.py
[2024-06-17T14:02:23.666+0000] {processor.py:830} INFO - Processing file /opt/airflow/dags/load_data.py for tasks to queue
[2024-06-17T14:02:23.669+0000] {logging_mixin.py:188} INFO - [2024-06-17T14:02:23.669+0000] {dagbag.py:540} INFO - Filling up the DagBag from /opt/airflow/dags/load_data.py
[2024-06-17T14:02:23.724+0000] {processor.py:840} INFO - DAG(s) 'data_load' retrieved from /opt/airflow/dags/load_data.py
[2024-06-17T14:02:23.796+0000] {logging_mixin.py:188} INFO - [2024-06-17T14:02:23.796+0000] {dag.py:3096} INFO - Sync 1 DAGs
[2024-06-17T14:02:23.883+0000] {processor.py:183} INFO - Processing /opt/airflow/dags/load_data.py took 0.231 seconds
[2024-06-17T14:02:53.970+0000] {processor.py:161} INFO - Started process (PID=259) to work on /opt/airflow/dags/load_data.py
[2024-06-17T14:02:53.972+0000] {processor.py:830} INFO - Processing file /opt/airflow/dags/load_data.py for tasks to queue
[2024-06-17T14:02:53.976+0000] {logging_mixin.py:188} INFO - [2024-06-17T14:02:53.975+0000] {dagbag.py:540} INFO - Filling up the DagBag from /opt/airflow/dags/load_data.py
[2024-06-17T14:02:54.024+0000] {processor.py:840} INFO - DAG(s) 'data_load' retrieved from /opt/airflow/dags/load_data.py
[2024-06-17T14:02:54.090+0000] {logging_mixin.py:188} INFO - [2024-06-17T14:02:54.090+0000] {dag.py:3096} INFO - Sync 1 DAGs
[2024-06-17T14:02:54.159+0000] {processor.py:183} INFO - Processing /opt/airflow/dags/load_data.py took 0.197 seconds
[2024-06-17T14:03:24.391+0000] {processor.py:161} INFO - Started process (PID=270) to work on /opt/airflow/dags/load_data.py
[2024-06-17T14:03:24.393+0000] {processor.py:830} INFO - Processing file /opt/airflow/dags/load_data.py for tasks to queue
[2024-06-17T14:03:24.396+0000] {logging_mixin.py:188} INFO - [2024-06-17T14:03:24.395+0000] {dagbag.py:540} INFO - Filling up the DagBag from /opt/airflow/dags/load_data.py
[2024-06-17T14:03:24.439+0000] {processor.py:840} INFO - DAG(s) 'data_load' retrieved from /opt/airflow/dags/load_data.py
[2024-06-17T14:03:24.512+0000] {logging_mixin.py:188} INFO - [2024-06-17T14:03:24.512+0000] {dag.py:3096} INFO - Sync 1 DAGs
[2024-06-17T14:03:24.692+0000] {processor.py:183} INFO - Processing /opt/airflow/dags/load_data.py took 0.309 seconds
[2024-06-17T14:03:55.366+0000] {processor.py:161} INFO - Started process (PID=281) to work on /opt/airflow/dags/load_data.py
[2024-06-17T14:03:55.367+0000] {processor.py:830} INFO - Processing file /opt/airflow/dags/load_data.py for tasks to queue
[2024-06-17T14:03:55.371+0000] {logging_mixin.py:188} INFO - [2024-06-17T14:03:55.370+0000] {dagbag.py:540} INFO - Filling up the DagBag from /opt/airflow/dags/load_data.py
[2024-06-17T14:03:55.415+0000] {processor.py:840} INFO - DAG(s) 'data_load' retrieved from /opt/airflow/dags/load_data.py
[2024-06-17T14:03:55.471+0000] {logging_mixin.py:188} INFO - [2024-06-17T14:03:55.470+0000] {dag.py:3096} INFO - Sync 1 DAGs
[2024-06-17T14:03:55.566+0000] {processor.py:183} INFO - Processing /opt/airflow/dags/load_data.py took 0.208 seconds
[2024-06-17T14:04:25.850+0000] {processor.py:161} INFO - Started process (PID=292) to work on /opt/airflow/dags/load_data.py
[2024-06-17T14:04:25.852+0000] {processor.py:830} INFO - Processing file /opt/airflow/dags/load_data.py for tasks to queue
[2024-06-17T14:04:25.855+0000] {logging_mixin.py:188} INFO - [2024-06-17T14:04:25.854+0000] {dagbag.py:540} INFO - Filling up the DagBag from /opt/airflow/dags/load_data.py
[2024-06-17T14:04:25.897+0000] {processor.py:840} INFO - DAG(s) 'data_load' retrieved from /opt/airflow/dags/load_data.py
[2024-06-17T14:04:25.960+0000] {logging_mixin.py:188} INFO - [2024-06-17T14:04:25.959+0000] {dag.py:3096} INFO - Sync 1 DAGs
[2024-06-17T14:04:26.025+0000] {processor.py:183} INFO - Processing /opt/airflow/dags/load_data.py took 0.187 seconds
[2024-06-17T14:04:56.202+0000] {processor.py:161} INFO - Started process (PID=305) to work on /opt/airflow/dags/load_data.py
[2024-06-17T14:04:56.203+0000] {processor.py:830} INFO - Processing file /opt/airflow/dags/load_data.py for tasks to queue
[2024-06-17T14:04:56.207+0000] {logging_mixin.py:188} INFO - [2024-06-17T14:04:56.207+0000] {dagbag.py:540} INFO - Filling up the DagBag from /opt/airflow/dags/load_data.py
[2024-06-17T14:04:56.247+0000] {processor.py:840} INFO - DAG(s) 'data_load' retrieved from /opt/airflow/dags/load_data.py
[2024-06-17T14:04:56.329+0000] {logging_mixin.py:188} INFO - [2024-06-17T14:04:56.329+0000] {dag.py:3096} INFO - Sync 1 DAGs
[2024-06-17T14:04:56.418+0000] {processor.py:183} INFO - Processing /opt/airflow/dags/load_data.py took 0.225 seconds
[2024-06-17T14:05:26.537+0000] {processor.py:161} INFO - Started process (PID=316) to work on /opt/airflow/dags/load_data.py
[2024-06-17T14:05:26.539+0000] {processor.py:830} INFO - Processing file /opt/airflow/dags/load_data.py for tasks to queue
[2024-06-17T14:05:26.543+0000] {logging_mixin.py:188} INFO - [2024-06-17T14:05:26.543+0000] {dagbag.py:540} INFO - Filling up the DagBag from /opt/airflow/dags/load_data.py
[2024-06-17T14:05:26.583+0000] {processor.py:840} INFO - DAG(s) 'data_load' retrieved from /opt/airflow/dags/load_data.py
[2024-06-17T14:05:26.659+0000] {logging_mixin.py:188} INFO - [2024-06-17T14:05:26.659+0000] {dag.py:3096} INFO - Sync 1 DAGs
[2024-06-17T14:05:26.769+0000] {processor.py:183} INFO - Processing /opt/airflow/dags/load_data.py took 0.240 seconds
[2024-06-17T14:05:56.945+0000] {processor.py:161} INFO - Started process (PID=327) to work on /opt/airflow/dags/load_data.py
[2024-06-17T14:05:56.947+0000] {processor.py:830} INFO - Processing file /opt/airflow/dags/load_data.py for tasks to queue
[2024-06-17T14:05:56.950+0000] {logging_mixin.py:188} INFO - [2024-06-17T14:05:56.950+0000] {dagbag.py:540} INFO - Filling up the DagBag from /opt/airflow/dags/load_data.py
[2024-06-17T14:05:56.994+0000] {processor.py:840} INFO - DAG(s) 'data_load' retrieved from /opt/airflow/dags/load_data.py
[2024-06-17T14:05:57.048+0000] {logging_mixin.py:188} INFO - [2024-06-17T14:05:57.047+0000] {dag.py:3096} INFO - Sync 1 DAGs
[2024-06-17T14:05:57.105+0000] {processor.py:183} INFO - Processing /opt/airflow/dags/load_data.py took 0.169 seconds
[2024-06-17T14:06:27.283+0000] {processor.py:161} INFO - Started process (PID=338) to work on /opt/airflow/dags/load_data.py
[2024-06-17T14:06:27.284+0000] {processor.py:830} INFO - Processing file /opt/airflow/dags/load_data.py for tasks to queue
[2024-06-17T14:06:27.289+0000] {logging_mixin.py:188} INFO - [2024-06-17T14:06:27.288+0000] {dagbag.py:540} INFO - Filling up the DagBag from /opt/airflow/dags/load_data.py
[2024-06-17T14:06:27.330+0000] {processor.py:840} INFO - DAG(s) 'data_load' retrieved from /opt/airflow/dags/load_data.py
[2024-06-17T14:06:27.385+0000] {logging_mixin.py:188} INFO - [2024-06-17T14:06:27.385+0000] {dag.py:3096} INFO - Sync 1 DAGs
[2024-06-17T14:06:27.483+0000] {processor.py:183} INFO - Processing /opt/airflow/dags/load_data.py took 0.209 seconds
[2024-06-17T14:06:57.586+0000] {processor.py:161} INFO - Started process (PID=349) to work on /opt/airflow/dags/load_data.py
[2024-06-17T14:06:57.588+0000] {processor.py:830} INFO - Processing file /opt/airflow/dags/load_data.py for tasks to queue
[2024-06-17T14:06:57.591+0000] {logging_mixin.py:188} INFO - [2024-06-17T14:06:57.591+0000] {dagbag.py:540} INFO - Filling up the DagBag from /opt/airflow/dags/load_data.py
[2024-06-17T14:06:57.632+0000] {processor.py:840} INFO - DAG(s) 'data_load' retrieved from /opt/airflow/dags/load_data.py
[2024-06-17T14:06:57.687+0000] {logging_mixin.py:188} INFO - [2024-06-17T14:06:57.687+0000] {dag.py:3096} INFO - Sync 1 DAGs
[2024-06-17T14:06:57.750+0000] {processor.py:183} INFO - Processing /opt/airflow/dags/load_data.py took 0.173 seconds
[2024-06-17T14:07:27.951+0000] {processor.py:161} INFO - Started process (PID=360) to work on /opt/airflow/dags/load_data.py
[2024-06-17T14:07:27.953+0000] {processor.py:830} INFO - Processing file /opt/airflow/dags/load_data.py for tasks to queue
[2024-06-17T14:07:27.957+0000] {logging_mixin.py:188} INFO - [2024-06-17T14:07:27.956+0000] {dagbag.py:540} INFO - Filling up the DagBag from /opt/airflow/dags/load_data.py
[2024-06-17T14:07:27.991+0000] {processor.py:840} INFO - DAG(s) 'data_load' retrieved from /opt/airflow/dags/load_data.py
[2024-06-17T14:07:28.047+0000] {logging_mixin.py:188} INFO - [2024-06-17T14:07:28.047+0000] {dag.py:3096} INFO - Sync 1 DAGs
[2024-06-17T14:07:28.139+0000] {processor.py:183} INFO - Processing /opt/airflow/dags/load_data.py took 0.196 seconds
[2024-06-17T14:07:58.237+0000] {processor.py:161} INFO - Started process (PID=371) to work on /opt/airflow/dags/load_data.py
[2024-06-17T14:07:58.238+0000] {processor.py:830} INFO - Processing file /opt/airflow/dags/load_data.py for tasks to queue
[2024-06-17T14:07:58.243+0000] {logging_mixin.py:188} INFO - [2024-06-17T14:07:58.242+0000] {dagbag.py:540} INFO - Filling up the DagBag from /opt/airflow/dags/load_data.py
[2024-06-17T14:07:58.332+0000] {processor.py:840} INFO - DAG(s) 'data_load' retrieved from /opt/airflow/dags/load_data.py
[2024-06-17T14:07:58.484+0000] {logging_mixin.py:188} INFO - [2024-06-17T14:07:58.483+0000] {dag.py:3096} INFO - Sync 1 DAGs
[2024-06-17T14:07:58.612+0000] {processor.py:183} INFO - Processing /opt/airflow/dags/load_data.py took 0.384 seconds
[2024-06-17T14:08:28.886+0000] {processor.py:161} INFO - Started process (PID=382) to work on /opt/airflow/dags/load_data.py
[2024-06-17T14:08:28.887+0000] {processor.py:830} INFO - Processing file /opt/airflow/dags/load_data.py for tasks to queue
[2024-06-17T14:08:28.891+0000] {logging_mixin.py:188} INFO - [2024-06-17T14:08:28.890+0000] {dagbag.py:540} INFO - Filling up the DagBag from /opt/airflow/dags/load_data.py
[2024-06-17T14:08:28.930+0000] {processor.py:840} INFO - DAG(s) 'data_load' retrieved from /opt/airflow/dags/load_data.py
[2024-06-17T14:08:28.992+0000] {logging_mixin.py:188} INFO - [2024-06-17T14:08:28.991+0000] {dag.py:3096} INFO - Sync 1 DAGs
[2024-06-17T14:08:29.059+0000] {processor.py:183} INFO - Processing /opt/airflow/dags/load_data.py took 0.182 seconds
[2024-06-17T14:08:59.127+0000] {processor.py:161} INFO - Started process (PID=393) to work on /opt/airflow/dags/load_data.py
[2024-06-17T14:08:59.129+0000] {processor.py:830} INFO - Processing file /opt/airflow/dags/load_data.py for tasks to queue
[2024-06-17T14:08:59.131+0000] {logging_mixin.py:188} INFO - [2024-06-17T14:08:59.131+0000] {dagbag.py:540} INFO - Filling up the DagBag from /opt/airflow/dags/load_data.py
[2024-06-17T14:08:59.169+0000] {processor.py:840} INFO - DAG(s) 'data_load' retrieved from /opt/airflow/dags/load_data.py
[2024-06-17T14:08:59.231+0000] {logging_mixin.py:188} INFO - [2024-06-17T14:08:59.230+0000] {dag.py:3096} INFO - Sync 1 DAGs
[2024-06-17T14:08:59.292+0000] {processor.py:183} INFO - Processing /opt/airflow/dags/load_data.py took 0.175 seconds
[2024-06-17T14:09:29.546+0000] {processor.py:161} INFO - Started process (PID=404) to work on /opt/airflow/dags/load_data.py
[2024-06-17T14:09:29.550+0000] {processor.py:830} INFO - Processing file /opt/airflow/dags/load_data.py for tasks to queue
[2024-06-17T14:09:29.553+0000] {logging_mixin.py:188} INFO - [2024-06-17T14:09:29.552+0000] {dagbag.py:540} INFO - Filling up the DagBag from /opt/airflow/dags/load_data.py
[2024-06-17T14:09:29.588+0000] {processor.py:840} INFO - DAG(s) 'data_load' retrieved from /opt/airflow/dags/load_data.py
[2024-06-17T14:09:29.646+0000] {logging_mixin.py:188} INFO - [2024-06-17T14:09:29.646+0000] {dag.py:3096} INFO - Sync 1 DAGs
[2024-06-17T14:09:29.705+0000] {processor.py:183} INFO - Processing /opt/airflow/dags/load_data.py took 0.176 seconds
[2024-06-17T14:09:59.845+0000] {processor.py:161} INFO - Started process (PID=415) to work on /opt/airflow/dags/load_data.py
[2024-06-17T14:09:59.846+0000] {processor.py:830} INFO - Processing file /opt/airflow/dags/load_data.py for tasks to queue
[2024-06-17T14:09:59.849+0000] {logging_mixin.py:188} INFO - [2024-06-17T14:09:59.849+0000] {dagbag.py:540} INFO - Filling up the DagBag from /opt/airflow/dags/load_data.py
[2024-06-17T14:09:59.893+0000] {processor.py:840} INFO - DAG(s) 'data_load' retrieved from /opt/airflow/dags/load_data.py
[2024-06-17T14:09:59.981+0000] {logging_mixin.py:188} INFO - [2024-06-17T14:09:59.980+0000] {dag.py:3096} INFO - Sync 1 DAGs
[2024-06-17T14:10:00.128+0000] {processor.py:183} INFO - Processing /opt/airflow/dags/load_data.py took 0.297 seconds
[2024-06-17T14:10:30.246+0000] {processor.py:161} INFO - Started process (PID=426) to work on /opt/airflow/dags/load_data.py
[2024-06-17T14:10:30.249+0000] {processor.py:830} INFO - Processing file /opt/airflow/dags/load_data.py for tasks to queue
[2024-06-17T14:10:30.254+0000] {logging_mixin.py:188} INFO - [2024-06-17T14:10:30.253+0000] {dagbag.py:540} INFO - Filling up the DagBag from /opt/airflow/dags/load_data.py
[2024-06-17T14:10:30.304+0000] {processor.py:840} INFO - DAG(s) 'data_load' retrieved from /opt/airflow/dags/load_data.py
[2024-06-17T14:10:30.374+0000] {logging_mixin.py:188} INFO - [2024-06-17T14:10:30.373+0000] {dag.py:3096} INFO - Sync 1 DAGs
[2024-06-17T14:10:30.454+0000] {processor.py:183} INFO - Processing /opt/airflow/dags/load_data.py took 0.221 seconds
[2024-06-17T14:11:00.904+0000] {processor.py:161} INFO - Started process (PID=437) to work on /opt/airflow/dags/load_data.py
[2024-06-17T14:11:00.907+0000] {processor.py:830} INFO - Processing file /opt/airflow/dags/load_data.py for tasks to queue
[2024-06-17T14:11:00.913+0000] {logging_mixin.py:188} INFO - [2024-06-17T14:11:00.912+0000] {dagbag.py:540} INFO - Filling up the DagBag from /opt/airflow/dags/load_data.py
[2024-06-17T14:11:01.050+0000] {processor.py:840} INFO - DAG(s) 'data_load' retrieved from /opt/airflow/dags/load_data.py
[2024-06-17T14:11:01.352+0000] {logging_mixin.py:188} INFO - [2024-06-17T14:11:01.351+0000] {dag.py:3096} INFO - Sync 1 DAGs
[2024-06-17T14:11:01.671+0000] {processor.py:183} INFO - Processing /opt/airflow/dags/load_data.py took 0.806 seconds
[2024-06-17T14:11:32.185+0000] {processor.py:161} INFO - Started process (PID=448) to work on /opt/airflow/dags/load_data.py
[2024-06-17T14:11:32.187+0000] {processor.py:830} INFO - Processing file /opt/airflow/dags/load_data.py for tasks to queue
[2024-06-17T14:11:32.192+0000] {logging_mixin.py:188} INFO - [2024-06-17T14:11:32.190+0000] {dagbag.py:540} INFO - Filling up the DagBag from /opt/airflow/dags/load_data.py
[2024-06-17T14:11:32.235+0000] {processor.py:840} INFO - DAG(s) 'data_load' retrieved from /opt/airflow/dags/load_data.py
[2024-06-17T14:11:33.063+0000] {logging_mixin.py:188} INFO - [2024-06-17T14:11:33.063+0000] {dag.py:3096} INFO - Sync 1 DAGs
[2024-06-17T14:11:33.279+0000] {processor.py:183} INFO - Processing /opt/airflow/dags/load_data.py took 1.120 seconds
[2024-06-17T14:12:03.450+0000] {processor.py:161} INFO - Started process (PID=459) to work on /opt/airflow/dags/load_data.py
[2024-06-17T14:12:03.452+0000] {processor.py:830} INFO - Processing file /opt/airflow/dags/load_data.py for tasks to queue
[2024-06-17T14:12:03.456+0000] {logging_mixin.py:188} INFO - [2024-06-17T14:12:03.455+0000] {dagbag.py:540} INFO - Filling up the DagBag from /opt/airflow/dags/load_data.py
[2024-06-17T14:12:03.504+0000] {processor.py:840} INFO - DAG(s) 'data_load' retrieved from /opt/airflow/dags/load_data.py
[2024-06-17T14:12:03.651+0000] {logging_mixin.py:188} INFO - [2024-06-17T14:12:03.650+0000] {dag.py:3096} INFO - Sync 1 DAGs
[2024-06-17T14:12:03.936+0000] {processor.py:183} INFO - Processing /opt/airflow/dags/load_data.py took 0.498 seconds
[2024-06-17T14:12:34.470+0000] {processor.py:161} INFO - Started process (PID=470) to work on /opt/airflow/dags/load_data.py
[2024-06-17T14:12:34.473+0000] {processor.py:830} INFO - Processing file /opt/airflow/dags/load_data.py for tasks to queue
[2024-06-17T14:12:34.487+0000] {logging_mixin.py:188} INFO - [2024-06-17T14:12:34.485+0000] {dagbag.py:540} INFO - Filling up the DagBag from /opt/airflow/dags/load_data.py
[2024-06-17T14:12:34.598+0000] {processor.py:840} INFO - DAG(s) 'data_load' retrieved from /opt/airflow/dags/load_data.py
[2024-06-17T14:12:34.781+0000] {logging_mixin.py:188} INFO - [2024-06-17T14:12:34.780+0000] {dag.py:3096} INFO - Sync 1 DAGs
[2024-06-17T14:12:34.983+0000] {processor.py:183} INFO - Processing /opt/airflow/dags/load_data.py took 0.538 seconds
[2024-06-17T14:13:05.302+0000] {processor.py:161} INFO - Started process (PID=481) to work on /opt/airflow/dags/load_data.py
[2024-06-17T14:13:05.304+0000] {processor.py:830} INFO - Processing file /opt/airflow/dags/load_data.py for tasks to queue
[2024-06-17T14:13:05.308+0000] {logging_mixin.py:188} INFO - [2024-06-17T14:13:05.307+0000] {dagbag.py:540} INFO - Filling up the DagBag from /opt/airflow/dags/load_data.py
[2024-06-17T14:13:05.346+0000] {processor.py:840} INFO - DAG(s) 'data_load' retrieved from /opt/airflow/dags/load_data.py
[2024-06-17T14:13:05.413+0000] {logging_mixin.py:188} INFO - [2024-06-17T14:13:05.412+0000] {dag.py:3096} INFO - Sync 1 DAGs
[2024-06-17T14:13:05.479+0000] {processor.py:183} INFO - Processing /opt/airflow/dags/load_data.py took 0.185 seconds
[2024-06-17T14:13:35.738+0000] {processor.py:161} INFO - Started process (PID=492) to work on /opt/airflow/dags/load_data.py
[2024-06-17T14:13:35.740+0000] {processor.py:830} INFO - Processing file /opt/airflow/dags/load_data.py for tasks to queue
[2024-06-17T14:13:35.744+0000] {logging_mixin.py:188} INFO - [2024-06-17T14:13:35.743+0000] {dagbag.py:540} INFO - Filling up the DagBag from /opt/airflow/dags/load_data.py
[2024-06-17T14:13:35.783+0000] {processor.py:840} INFO - DAG(s) 'data_load' retrieved from /opt/airflow/dags/load_data.py
[2024-06-17T14:13:35.877+0000] {logging_mixin.py:188} INFO - [2024-06-17T14:13:35.876+0000] {dag.py:3096} INFO - Sync 1 DAGs
[2024-06-17T14:13:35.966+0000] {processor.py:183} INFO - Processing /opt/airflow/dags/load_data.py took 0.238 seconds
[2024-06-17T14:14:06.290+0000] {processor.py:161} INFO - Started process (PID=503) to work on /opt/airflow/dags/load_data.py
[2024-06-17T14:14:06.294+0000] {processor.py:830} INFO - Processing file /opt/airflow/dags/load_data.py for tasks to queue
[2024-06-17T14:14:06.304+0000] {logging_mixin.py:188} INFO - [2024-06-17T14:14:06.303+0000] {dagbag.py:540} INFO - Filling up the DagBag from /opt/airflow/dags/load_data.py
[2024-06-17T14:14:06.343+0000] {processor.py:840} INFO - DAG(s) 'data_load' retrieved from /opt/airflow/dags/load_data.py
[2024-06-17T14:14:06.404+0000] {logging_mixin.py:188} INFO - [2024-06-17T14:14:06.404+0000] {dag.py:3096} INFO - Sync 1 DAGs
[2024-06-17T14:14:06.464+0000] {processor.py:183} INFO - Processing /opt/airflow/dags/load_data.py took 0.185 seconds
[2024-06-17T14:14:36.549+0000] {processor.py:161} INFO - Started process (PID=514) to work on /opt/airflow/dags/load_data.py
[2024-06-17T14:14:36.550+0000] {processor.py:830} INFO - Processing file /opt/airflow/dags/load_data.py for tasks to queue
[2024-06-17T14:14:36.556+0000] {logging_mixin.py:188} INFO - [2024-06-17T14:14:36.554+0000] {dagbag.py:540} INFO - Filling up the DagBag from /opt/airflow/dags/load_data.py
[2024-06-17T14:14:36.600+0000] {processor.py:840} INFO - DAG(s) 'data_load' retrieved from /opt/airflow/dags/load_data.py
[2024-06-17T14:14:36.664+0000] {logging_mixin.py:188} INFO - [2024-06-17T14:14:36.664+0000] {dag.py:3096} INFO - Sync 1 DAGs
[2024-06-17T14:14:36.761+0000] {processor.py:183} INFO - Processing /opt/airflow/dags/load_data.py took 0.223 seconds
[2024-06-17T14:15:07.515+0000] {processor.py:161} INFO - Started process (PID=525) to work on /opt/airflow/dags/load_data.py
[2024-06-17T14:15:07.522+0000] {processor.py:830} INFO - Processing file /opt/airflow/dags/load_data.py for tasks to queue
[2024-06-17T14:15:07.534+0000] {logging_mixin.py:188} INFO - [2024-06-17T14:15:07.531+0000] {dagbag.py:540} INFO - Filling up the DagBag from /opt/airflow/dags/load_data.py
[2024-06-17T14:15:07.724+0000] {processor.py:840} INFO - DAG(s) 'data_load' retrieved from /opt/airflow/dags/load_data.py
[2024-06-17T14:15:08.088+0000] {logging_mixin.py:188} INFO - [2024-06-17T14:15:08.085+0000] {dag.py:3096} INFO - Sync 1 DAGs
[2024-06-17T14:15:08.408+0000] {processor.py:183} INFO - Processing /opt/airflow/dags/load_data.py took 0.923 seconds
[2024-06-17T14:15:38.976+0000] {processor.py:161} INFO - Started process (PID=535) to work on /opt/airflow/dags/load_data.py
[2024-06-17T14:15:38.980+0000] {processor.py:830} INFO - Processing file /opt/airflow/dags/load_data.py for tasks to queue
[2024-06-17T14:15:38.986+0000] {logging_mixin.py:188} INFO - [2024-06-17T14:15:38.985+0000] {dagbag.py:540} INFO - Filling up the DagBag from /opt/airflow/dags/load_data.py
[2024-06-17T14:15:39.037+0000] {processor.py:840} INFO - DAG(s) 'data_load' retrieved from /opt/airflow/dags/load_data.py
[2024-06-17T14:15:39.097+0000] {logging_mixin.py:188} INFO - [2024-06-17T14:15:39.097+0000] {dag.py:3096} INFO - Sync 1 DAGs
[2024-06-17T14:15:39.168+0000] {processor.py:183} INFO - Processing /opt/airflow/dags/load_data.py took 0.215 seconds
[2024-06-17T14:16:09.421+0000] {processor.py:161} INFO - Started process (PID=546) to work on /opt/airflow/dags/load_data.py
[2024-06-17T14:16:09.423+0000] {processor.py:830} INFO - Processing file /opt/airflow/dags/load_data.py for tasks to queue
[2024-06-17T14:16:09.426+0000] {logging_mixin.py:188} INFO - [2024-06-17T14:16:09.426+0000] {dagbag.py:540} INFO - Filling up the DagBag from /opt/airflow/dags/load_data.py
[2024-06-17T14:16:09.465+0000] {processor.py:840} INFO - DAG(s) 'data_load' retrieved from /opt/airflow/dags/load_data.py
[2024-06-17T14:16:09.520+0000] {logging_mixin.py:188} INFO - [2024-06-17T14:16:09.520+0000] {dag.py:3096} INFO - Sync 1 DAGs
[2024-06-17T14:16:09.580+0000] {processor.py:183} INFO - Processing /opt/airflow/dags/load_data.py took 0.168 seconds
[2024-06-17T14:16:39.884+0000] {processor.py:161} INFO - Started process (PID=557) to work on /opt/airflow/dags/load_data.py
[2024-06-17T14:16:39.887+0000] {processor.py:830} INFO - Processing file /opt/airflow/dags/load_data.py for tasks to queue
[2024-06-17T14:16:39.899+0000] {logging_mixin.py:188} INFO - [2024-06-17T14:16:39.898+0000] {dagbag.py:540} INFO - Filling up the DagBag from /opt/airflow/dags/load_data.py
[2024-06-17T14:16:39.955+0000] {processor.py:840} INFO - DAG(s) 'data_load' retrieved from /opt/airflow/dags/load_data.py
[2024-06-17T14:16:40.205+0000] {logging_mixin.py:188} INFO - [2024-06-17T14:16:40.202+0000] {dag.py:3096} INFO - Sync 1 DAGs
[2024-06-17T14:16:40.414+0000] {processor.py:183} INFO - Processing /opt/airflow/dags/load_data.py took 0.566 seconds
[2024-06-17T14:17:10.808+0000] {processor.py:161} INFO - Started process (PID=568) to work on /opt/airflow/dags/load_data.py
[2024-06-17T14:17:10.810+0000] {processor.py:830} INFO - Processing file /opt/airflow/dags/load_data.py for tasks to queue
[2024-06-17T14:17:10.814+0000] {logging_mixin.py:188} INFO - [2024-06-17T14:17:10.813+0000] {dagbag.py:540} INFO - Filling up the DagBag from /opt/airflow/dags/load_data.py
[2024-06-17T14:17:10.855+0000] {processor.py:840} INFO - DAG(s) 'data_load' retrieved from /opt/airflow/dags/load_data.py
[2024-06-17T14:17:10.922+0000] {logging_mixin.py:188} INFO - [2024-06-17T14:17:10.922+0000] {dag.py:3096} INFO - Sync 1 DAGs
[2024-06-17T14:17:11.193+0000] {processor.py:183} INFO - Processing /opt/airflow/dags/load_data.py took 0.398 seconds
[2024-06-17T14:17:41.519+0000] {processor.py:161} INFO - Started process (PID=579) to work on /opt/airflow/dags/load_data.py
[2024-06-17T14:17:41.525+0000] {processor.py:830} INFO - Processing file /opt/airflow/dags/load_data.py for tasks to queue
[2024-06-17T14:17:41.532+0000] {logging_mixin.py:188} INFO - [2024-06-17T14:17:41.530+0000] {dagbag.py:540} INFO - Filling up the DagBag from /opt/airflow/dags/load_data.py
[2024-06-17T14:17:41.665+0000] {processor.py:840} INFO - DAG(s) 'data_load' retrieved from /opt/airflow/dags/load_data.py
[2024-06-17T14:17:41.970+0000] {logging_mixin.py:188} INFO - [2024-06-17T14:17:41.969+0000] {dag.py:3096} INFO - Sync 1 DAGs
[2024-06-17T14:17:42.155+0000] {processor.py:183} INFO - Processing /opt/airflow/dags/load_data.py took 0.686 seconds
[2024-06-17T14:18:12.648+0000] {processor.py:161} INFO - Started process (PID=590) to work on /opt/airflow/dags/load_data.py
[2024-06-17T14:18:12.652+0000] {processor.py:830} INFO - Processing file /opt/airflow/dags/load_data.py for tasks to queue
[2024-06-17T14:18:12.669+0000] {logging_mixin.py:188} INFO - [2024-06-17T14:18:12.667+0000] {dagbag.py:540} INFO - Filling up the DagBag from /opt/airflow/dags/load_data.py
[2024-06-17T14:18:12.848+0000] {processor.py:840} INFO - DAG(s) 'data_load' retrieved from /opt/airflow/dags/load_data.py
[2024-06-17T14:18:13.118+0000] {logging_mixin.py:188} INFO - [2024-06-17T14:18:13.117+0000] {dag.py:3096} INFO - Sync 1 DAGs
[2024-06-17T14:18:13.408+0000] {processor.py:183} INFO - Processing /opt/airflow/dags/load_data.py took 0.783 seconds
[2024-06-17T14:18:43.721+0000] {processor.py:161} INFO - Started process (PID=601) to work on /opt/airflow/dags/load_data.py
[2024-06-17T14:18:43.728+0000] {processor.py:830} INFO - Processing file /opt/airflow/dags/load_data.py for tasks to queue
[2024-06-17T14:18:43.732+0000] {logging_mixin.py:188} INFO - [2024-06-17T14:18:43.731+0000] {dagbag.py:540} INFO - Filling up the DagBag from /opt/airflow/dags/load_data.py
[2024-06-17T14:18:43.785+0000] {processor.py:840} INFO - DAG(s) 'data_load' retrieved from /opt/airflow/dags/load_data.py
[2024-06-17T14:18:43.851+0000] {logging_mixin.py:188} INFO - [2024-06-17T14:18:43.851+0000] {dag.py:3096} INFO - Sync 1 DAGs
[2024-06-17T14:18:43.932+0000] {processor.py:183} INFO - Processing /opt/airflow/dags/load_data.py took 0.226 seconds
[2024-06-17T14:19:14.298+0000] {processor.py:161} INFO - Started process (PID=612) to work on /opt/airflow/dags/load_data.py
[2024-06-17T14:19:14.301+0000] {processor.py:830} INFO - Processing file /opt/airflow/dags/load_data.py for tasks to queue
[2024-06-17T14:19:14.304+0000] {logging_mixin.py:188} INFO - [2024-06-17T14:19:14.303+0000] {dagbag.py:540} INFO - Filling up the DagBag from /opt/airflow/dags/load_data.py
[2024-06-17T14:19:14.363+0000] {processor.py:840} INFO - DAG(s) 'data_load' retrieved from /opt/airflow/dags/load_data.py
[2024-06-17T14:19:14.440+0000] {logging_mixin.py:188} INFO - [2024-06-17T14:19:14.439+0000] {dag.py:3096} INFO - Sync 1 DAGs
[2024-06-17T14:19:14.543+0000] {processor.py:183} INFO - Processing /opt/airflow/dags/load_data.py took 0.259 seconds
[2024-06-17T14:19:44.828+0000] {processor.py:161} INFO - Started process (PID=623) to work on /opt/airflow/dags/load_data.py
[2024-06-17T14:19:44.830+0000] {processor.py:830} INFO - Processing file /opt/airflow/dags/load_data.py for tasks to queue
[2024-06-17T14:19:44.833+0000] {logging_mixin.py:188} INFO - [2024-06-17T14:19:44.833+0000] {dagbag.py:540} INFO - Filling up the DagBag from /opt/airflow/dags/load_data.py
[2024-06-17T14:19:44.889+0000] {processor.py:840} INFO - DAG(s) 'data_load' retrieved from /opt/airflow/dags/load_data.py
[2024-06-17T14:19:45.006+0000] {logging_mixin.py:188} INFO - [2024-06-17T14:19:45.005+0000] {dag.py:3096} INFO - Sync 1 DAGs
[2024-06-17T14:19:45.099+0000] {processor.py:183} INFO - Processing /opt/airflow/dags/load_data.py took 0.279 seconds
[2024-06-17T14:20:15.359+0000] {processor.py:161} INFO - Started process (PID=634) to work on /opt/airflow/dags/load_data.py
[2024-06-17T14:20:15.361+0000] {processor.py:830} INFO - Processing file /opt/airflow/dags/load_data.py for tasks to queue
[2024-06-17T14:20:15.364+0000] {logging_mixin.py:188} INFO - [2024-06-17T14:20:15.363+0000] {dagbag.py:540} INFO - Filling up the DagBag from /opt/airflow/dags/load_data.py
[2024-06-17T14:20:15.401+0000] {processor.py:840} INFO - DAG(s) 'data_load' retrieved from /opt/airflow/dags/load_data.py
[2024-06-17T14:20:15.452+0000] {logging_mixin.py:188} INFO - [2024-06-17T14:20:15.452+0000] {dag.py:3096} INFO - Sync 1 DAGs
[2024-06-17T14:20:15.508+0000] {processor.py:183} INFO - Processing /opt/airflow/dags/load_data.py took 0.156 seconds
[2024-06-17T14:20:45.601+0000] {processor.py:161} INFO - Started process (PID=645) to work on /opt/airflow/dags/load_data.py
[2024-06-17T14:20:45.602+0000] {processor.py:830} INFO - Processing file /opt/airflow/dags/load_data.py for tasks to queue
[2024-06-17T14:20:45.605+0000] {logging_mixin.py:188} INFO - [2024-06-17T14:20:45.605+0000] {dagbag.py:540} INFO - Filling up the DagBag from /opt/airflow/dags/load_data.py
[2024-06-17T14:20:45.640+0000] {processor.py:840} INFO - DAG(s) 'data_load' retrieved from /opt/airflow/dags/load_data.py
[2024-06-17T14:20:45.734+0000] {logging_mixin.py:188} INFO - [2024-06-17T14:20:45.734+0000] {dag.py:3096} INFO - Sync 1 DAGs
[2024-06-17T14:20:45.835+0000] {processor.py:183} INFO - Processing /opt/airflow/dags/load_data.py took 0.245 seconds
[2024-06-17T14:21:16.019+0000] {processor.py:161} INFO - Started process (PID=664) to work on /opt/airflow/dags/load_data.py
[2024-06-17T14:21:16.026+0000] {processor.py:830} INFO - Processing file /opt/airflow/dags/load_data.py for tasks to queue
[2024-06-17T14:21:16.034+0000] {logging_mixin.py:188} INFO - [2024-06-17T14:21:16.033+0000] {dagbag.py:540} INFO - Filling up the DagBag from /opt/airflow/dags/load_data.py
[2024-06-17T14:21:16.082+0000] {processor.py:840} INFO - DAG(s) 'data_load' retrieved from /opt/airflow/dags/load_data.py
[2024-06-17T14:21:16.137+0000] {logging_mixin.py:188} INFO - [2024-06-17T14:21:16.137+0000] {dag.py:3096} INFO - Sync 1 DAGs
[2024-06-17T14:21:16.206+0000] {processor.py:183} INFO - Processing /opt/airflow/dags/load_data.py took 0.205 seconds
[2024-06-17T14:21:46.351+0000] {processor.py:161} INFO - Started process (PID=675) to work on /opt/airflow/dags/load_data.py
[2024-06-17T14:21:46.352+0000] {processor.py:830} INFO - Processing file /opt/airflow/dags/load_data.py for tasks to queue
[2024-06-17T14:21:46.356+0000] {logging_mixin.py:188} INFO - [2024-06-17T14:21:46.355+0000] {dagbag.py:540} INFO - Filling up the DagBag from /opt/airflow/dags/load_data.py
[2024-06-17T14:21:46.405+0000] {processor.py:840} INFO - DAG(s) 'data_load' retrieved from /opt/airflow/dags/load_data.py
[2024-06-17T14:21:46.472+0000] {logging_mixin.py:188} INFO - [2024-06-17T14:21:46.472+0000] {dag.py:3096} INFO - Sync 1 DAGs
[2024-06-17T14:21:46.555+0000] {processor.py:183} INFO - Processing /opt/airflow/dags/load_data.py took 0.219 seconds
[2024-06-17T14:22:16.728+0000] {processor.py:161} INFO - Started process (PID=686) to work on /opt/airflow/dags/load_data.py
[2024-06-17T14:22:16.730+0000] {processor.py:830} INFO - Processing file /opt/airflow/dags/load_data.py for tasks to queue
[2024-06-17T14:22:16.733+0000] {logging_mixin.py:188} INFO - [2024-06-17T14:22:16.732+0000] {dagbag.py:540} INFO - Filling up the DagBag from /opt/airflow/dags/load_data.py
[2024-06-17T14:22:16.779+0000] {processor.py:840} INFO - DAG(s) 'data_load' retrieved from /opt/airflow/dags/load_data.py
[2024-06-17T14:22:16.845+0000] {logging_mixin.py:188} INFO - [2024-06-17T14:22:16.845+0000] {dag.py:3096} INFO - Sync 1 DAGs
[2024-06-17T14:22:16.917+0000] {processor.py:183} INFO - Processing /opt/airflow/dags/load_data.py took 0.201 seconds
[2024-06-17T14:22:47.020+0000] {processor.py:161} INFO - Started process (PID=697) to work on /opt/airflow/dags/load_data.py
[2024-06-17T14:22:47.022+0000] {processor.py:830} INFO - Processing file /opt/airflow/dags/load_data.py for tasks to queue
[2024-06-17T14:22:47.024+0000] {logging_mixin.py:188} INFO - [2024-06-17T14:22:47.024+0000] {dagbag.py:540} INFO - Filling up the DagBag from /opt/airflow/dags/load_data.py
[2024-06-17T14:22:47.062+0000] {processor.py:840} INFO - DAG(s) 'data_load' retrieved from /opt/airflow/dags/load_data.py
[2024-06-17T14:22:47.130+0000] {logging_mixin.py:188} INFO - [2024-06-17T14:22:47.130+0000] {dag.py:3096} INFO - Sync 1 DAGs
[2024-06-17T14:22:47.204+0000] {processor.py:183} INFO - Processing /opt/airflow/dags/load_data.py took 0.191 seconds
[2024-06-17T14:23:17.354+0000] {processor.py:161} INFO - Started process (PID=708) to work on /opt/airflow/dags/load_data.py
[2024-06-17T14:23:17.355+0000] {processor.py:830} INFO - Processing file /opt/airflow/dags/load_data.py for tasks to queue
[2024-06-17T14:23:17.358+0000] {logging_mixin.py:188} INFO - [2024-06-17T14:23:17.357+0000] {dagbag.py:540} INFO - Filling up the DagBag from /opt/airflow/dags/load_data.py
[2024-06-17T14:23:17.394+0000] {processor.py:840} INFO - DAG(s) 'data_load' retrieved from /opt/airflow/dags/load_data.py
[2024-06-17T14:23:17.447+0000] {logging_mixin.py:188} INFO - [2024-06-17T14:23:17.447+0000] {dag.py:3096} INFO - Sync 1 DAGs
[2024-06-17T14:23:17.507+0000] {processor.py:183} INFO - Processing /opt/airflow/dags/load_data.py took 0.162 seconds
[2024-06-17T14:23:47.658+0000] {processor.py:161} INFO - Started process (PID=719) to work on /opt/airflow/dags/load_data.py
[2024-06-17T14:23:47.660+0000] {processor.py:830} INFO - Processing file /opt/airflow/dags/load_data.py for tasks to queue
[2024-06-17T14:23:47.662+0000] {logging_mixin.py:188} INFO - [2024-06-17T14:23:47.662+0000] {dagbag.py:540} INFO - Filling up the DagBag from /opt/airflow/dags/load_data.py
[2024-06-17T14:23:47.699+0000] {processor.py:840} INFO - DAG(s) 'data_load' retrieved from /opt/airflow/dags/load_data.py
[2024-06-17T14:23:47.762+0000] {logging_mixin.py:188} INFO - [2024-06-17T14:23:47.762+0000] {dag.py:3096} INFO - Sync 1 DAGs
[2024-06-17T14:23:47.829+0000] {processor.py:183} INFO - Processing /opt/airflow/dags/load_data.py took 0.179 seconds
[2024-06-17T14:24:17.961+0000] {processor.py:161} INFO - Started process (PID=730) to work on /opt/airflow/dags/load_data.py
[2024-06-17T14:24:17.963+0000] {processor.py:830} INFO - Processing file /opt/airflow/dags/load_data.py for tasks to queue
[2024-06-17T14:24:17.967+0000] {logging_mixin.py:188} INFO - [2024-06-17T14:24:17.966+0000] {dagbag.py:540} INFO - Filling up the DagBag from /opt/airflow/dags/load_data.py
[2024-06-17T14:24:18.012+0000] {processor.py:840} INFO - DAG(s) 'data_load' retrieved from /opt/airflow/dags/load_data.py
[2024-06-17T14:24:18.101+0000] {logging_mixin.py:188} INFO - [2024-06-17T14:24:18.100+0000] {dag.py:3096} INFO - Sync 1 DAGs
[2024-06-17T14:24:18.193+0000] {processor.py:183} INFO - Processing /opt/airflow/dags/load_data.py took 0.244 seconds
[2024-06-17T14:24:48.267+0000] {processor.py:161} INFO - Started process (PID=741) to work on /opt/airflow/dags/load_data.py
[2024-06-17T14:24:48.269+0000] {processor.py:830} INFO - Processing file /opt/airflow/dags/load_data.py for tasks to queue
[2024-06-17T14:24:48.271+0000] {logging_mixin.py:188} INFO - [2024-06-17T14:24:48.271+0000] {dagbag.py:540} INFO - Filling up the DagBag from /opt/airflow/dags/load_data.py
[2024-06-17T14:24:48.307+0000] {processor.py:840} INFO - DAG(s) 'data_load' retrieved from /opt/airflow/dags/load_data.py
[2024-06-17T14:24:48.401+0000] {logging_mixin.py:188} INFO - [2024-06-17T14:24:48.400+0000] {dag.py:3096} INFO - Sync 1 DAGs
[2024-06-17T14:24:48.459+0000] {processor.py:183} INFO - Processing /opt/airflow/dags/load_data.py took 0.200 seconds
[2024-06-17T14:25:18.748+0000] {processor.py:161} INFO - Started process (PID=752) to work on /opt/airflow/dags/load_data.py
[2024-06-17T14:25:18.750+0000] {processor.py:830} INFO - Processing file /opt/airflow/dags/load_data.py for tasks to queue
[2024-06-17T14:25:18.752+0000] {logging_mixin.py:188} INFO - [2024-06-17T14:25:18.752+0000] {dagbag.py:540} INFO - Filling up the DagBag from /opt/airflow/dags/load_data.py
[2024-06-17T14:25:18.785+0000] {processor.py:840} INFO - DAG(s) 'data_load' retrieved from /opt/airflow/dags/load_data.py
[2024-06-17T14:25:18.849+0000] {logging_mixin.py:188} INFO - [2024-06-17T14:25:18.849+0000] {dag.py:3096} INFO - Sync 1 DAGs
[2024-06-17T14:25:18.907+0000] {processor.py:183} INFO - Processing /opt/airflow/dags/load_data.py took 0.167 seconds
[2024-06-17T14:25:48.974+0000] {processor.py:161} INFO - Started process (PID=763) to work on /opt/airflow/dags/load_data.py
[2024-06-17T14:25:48.975+0000] {processor.py:830} INFO - Processing file /opt/airflow/dags/load_data.py for tasks to queue
[2024-06-17T14:25:48.978+0000] {logging_mixin.py:188} INFO - [2024-06-17T14:25:48.978+0000] {dagbag.py:540} INFO - Filling up the DagBag from /opt/airflow/dags/load_data.py
[2024-06-17T14:25:49.019+0000] {processor.py:840} INFO - DAG(s) 'data_load' retrieved from /opt/airflow/dags/load_data.py
[2024-06-17T14:25:49.072+0000] {logging_mixin.py:188} INFO - [2024-06-17T14:25:49.072+0000] {dag.py:3096} INFO - Sync 1 DAGs
[2024-06-17T14:25:49.129+0000] {processor.py:183} INFO - Processing /opt/airflow/dags/load_data.py took 0.166 seconds
[2024-06-17T14:26:19.349+0000] {processor.py:161} INFO - Started process (PID=774) to work on /opt/airflow/dags/load_data.py
[2024-06-17T14:26:19.350+0000] {processor.py:830} INFO - Processing file /opt/airflow/dags/load_data.py for tasks to queue
[2024-06-17T14:26:19.352+0000] {logging_mixin.py:188} INFO - [2024-06-17T14:26:19.352+0000] {dagbag.py:540} INFO - Filling up the DagBag from /opt/airflow/dags/load_data.py
[2024-06-17T14:26:19.385+0000] {processor.py:840} INFO - DAG(s) 'data_load' retrieved from /opt/airflow/dags/load_data.py
[2024-06-17T14:26:19.435+0000] {logging_mixin.py:188} INFO - [2024-06-17T14:26:19.434+0000] {dag.py:3096} INFO - Sync 1 DAGs
[2024-06-17T14:26:19.490+0000] {processor.py:183} INFO - Processing /opt/airflow/dags/load_data.py took 0.148 seconds
[2024-06-17T14:26:49.563+0000] {processor.py:161} INFO - Started process (PID=785) to work on /opt/airflow/dags/load_data.py
[2024-06-17T14:26:49.564+0000] {processor.py:830} INFO - Processing file /opt/airflow/dags/load_data.py for tasks to queue
[2024-06-17T14:26:49.567+0000] {logging_mixin.py:188} INFO - [2024-06-17T14:26:49.566+0000] {dagbag.py:540} INFO - Filling up the DagBag from /opt/airflow/dags/load_data.py
[2024-06-17T14:26:49.603+0000] {processor.py:840} INFO - DAG(s) 'data_load' retrieved from /opt/airflow/dags/load_data.py
[2024-06-17T14:26:49.653+0000] {logging_mixin.py:188} INFO - [2024-06-17T14:26:49.653+0000] {dag.py:3096} INFO - Sync 1 DAGs
[2024-06-17T14:26:49.710+0000] {processor.py:183} INFO - Processing /opt/airflow/dags/load_data.py took 0.156 seconds
[2024-06-17T14:27:19.933+0000] {processor.py:161} INFO - Started process (PID=796) to work on /opt/airflow/dags/load_data.py
[2024-06-17T14:27:19.934+0000] {processor.py:830} INFO - Processing file /opt/airflow/dags/load_data.py for tasks to queue
[2024-06-17T14:27:19.937+0000] {logging_mixin.py:188} INFO - [2024-06-17T14:27:19.936+0000] {dagbag.py:540} INFO - Filling up the DagBag from /opt/airflow/dags/load_data.py
[2024-06-17T14:27:19.973+0000] {processor.py:840} INFO - DAG(s) 'data_load' retrieved from /opt/airflow/dags/load_data.py
[2024-06-17T14:27:20.031+0000] {logging_mixin.py:188} INFO - [2024-06-17T14:27:20.030+0000] {dag.py:3096} INFO - Sync 1 DAGs
[2024-06-17T14:27:20.093+0000] {processor.py:183} INFO - Processing /opt/airflow/dags/load_data.py took 0.168 seconds
[2024-06-17T14:27:50.154+0000] {processor.py:161} INFO - Started process (PID=807) to work on /opt/airflow/dags/load_data.py
[2024-06-17T14:27:50.156+0000] {processor.py:830} INFO - Processing file /opt/airflow/dags/load_data.py for tasks to queue
[2024-06-17T14:27:50.159+0000] {logging_mixin.py:188} INFO - [2024-06-17T14:27:50.158+0000] {dagbag.py:540} INFO - Filling up the DagBag from /opt/airflow/dags/load_data.py
[2024-06-17T14:27:50.202+0000] {processor.py:840} INFO - DAG(s) 'data_load' retrieved from /opt/airflow/dags/load_data.py
[2024-06-17T14:27:50.262+0000] {logging_mixin.py:188} INFO - [2024-06-17T14:27:50.261+0000] {dag.py:3096} INFO - Sync 1 DAGs
[2024-06-17T14:27:50.319+0000] {processor.py:183} INFO - Processing /opt/airflow/dags/load_data.py took 0.173 seconds
[2024-06-17T14:28:20.534+0000] {processor.py:161} INFO - Started process (PID=818) to work on /opt/airflow/dags/load_data.py
[2024-06-17T14:28:20.536+0000] {processor.py:830} INFO - Processing file /opt/airflow/dags/load_data.py for tasks to queue
[2024-06-17T14:28:20.539+0000] {logging_mixin.py:188} INFO - [2024-06-17T14:28:20.538+0000] {dagbag.py:540} INFO - Filling up the DagBag from /opt/airflow/dags/load_data.py
[2024-06-17T14:28:20.574+0000] {processor.py:840} INFO - DAG(s) 'data_load' retrieved from /opt/airflow/dags/load_data.py
[2024-06-17T14:28:20.624+0000] {logging_mixin.py:188} INFO - [2024-06-17T14:28:20.624+0000] {dag.py:3096} INFO - Sync 1 DAGs
[2024-06-17T14:28:20.677+0000] {processor.py:183} INFO - Processing /opt/airflow/dags/load_data.py took 0.149 seconds
[2024-06-17T14:28:50.757+0000] {processor.py:161} INFO - Started process (PID=829) to work on /opt/airflow/dags/load_data.py
[2024-06-17T14:28:50.759+0000] {processor.py:830} INFO - Processing file /opt/airflow/dags/load_data.py for tasks to queue
[2024-06-17T14:28:50.761+0000] {logging_mixin.py:188} INFO - [2024-06-17T14:28:50.761+0000] {dagbag.py:540} INFO - Filling up the DagBag from /opt/airflow/dags/load_data.py
[2024-06-17T14:28:50.797+0000] {processor.py:840} INFO - DAG(s) 'data_load' retrieved from /opt/airflow/dags/load_data.py
[2024-06-17T14:28:50.852+0000] {logging_mixin.py:188} INFO - [2024-06-17T14:28:50.852+0000] {dag.py:3096} INFO - Sync 1 DAGs
[2024-06-17T14:28:50.916+0000] {processor.py:183} INFO - Processing /opt/airflow/dags/load_data.py took 0.168 seconds
[2024-06-17T14:29:21.130+0000] {processor.py:161} INFO - Started process (PID=840) to work on /opt/airflow/dags/load_data.py
[2024-06-17T14:29:21.131+0000] {processor.py:830} INFO - Processing file /opt/airflow/dags/load_data.py for tasks to queue
[2024-06-17T14:29:21.134+0000] {logging_mixin.py:188} INFO - [2024-06-17T14:29:21.133+0000] {dagbag.py:540} INFO - Filling up the DagBag from /opt/airflow/dags/load_data.py
[2024-06-17T14:29:21.170+0000] {processor.py:840} INFO - DAG(s) 'data_load' retrieved from /opt/airflow/dags/load_data.py
[2024-06-17T14:29:21.222+0000] {logging_mixin.py:188} INFO - [2024-06-17T14:29:21.221+0000] {dag.py:3096} INFO - Sync 1 DAGs
[2024-06-17T14:29:21.277+0000] {processor.py:183} INFO - Processing /opt/airflow/dags/load_data.py took 0.155 seconds
[2024-06-17T14:29:51.380+0000] {processor.py:161} INFO - Started process (PID=851) to work on /opt/airflow/dags/load_data.py
[2024-06-17T14:29:51.382+0000] {processor.py:830} INFO - Processing file /opt/airflow/dags/load_data.py for tasks to queue
[2024-06-17T14:29:51.385+0000] {logging_mixin.py:188} INFO - [2024-06-17T14:29:51.384+0000] {dagbag.py:540} INFO - Filling up the DagBag from /opt/airflow/dags/load_data.py
[2024-06-17T14:29:51.424+0000] {processor.py:840} INFO - DAG(s) 'data_load' retrieved from /opt/airflow/dags/load_data.py
[2024-06-17T14:29:51.474+0000] {logging_mixin.py:188} INFO - [2024-06-17T14:29:51.473+0000] {dag.py:3096} INFO - Sync 1 DAGs
[2024-06-17T14:29:51.526+0000] {processor.py:183} INFO - Processing /opt/airflow/dags/load_data.py took 0.158 seconds
[2024-06-17T14:30:21.787+0000] {processor.py:161} INFO - Started process (PID=862) to work on /opt/airflow/dags/load_data.py
[2024-06-17T14:30:21.789+0000] {processor.py:830} INFO - Processing file /opt/airflow/dags/load_data.py for tasks to queue
[2024-06-17T14:30:21.791+0000] {logging_mixin.py:188} INFO - [2024-06-17T14:30:21.791+0000] {dagbag.py:540} INFO - Filling up the DagBag from /opt/airflow/dags/load_data.py
[2024-06-17T14:30:21.835+0000] {processor.py:840} INFO - DAG(s) 'data_load' retrieved from /opt/airflow/dags/load_data.py
[2024-06-17T14:30:21.887+0000] {logging_mixin.py:188} INFO - [2024-06-17T14:30:21.886+0000] {dag.py:3096} INFO - Sync 1 DAGs
[2024-06-17T14:30:21.952+0000] {processor.py:183} INFO - Processing /opt/airflow/dags/load_data.py took 0.172 seconds
[2024-06-17T14:30:52.194+0000] {processor.py:161} INFO - Started process (PID=873) to work on /opt/airflow/dags/load_data.py
[2024-06-17T14:30:52.195+0000] {processor.py:830} INFO - Processing file /opt/airflow/dags/load_data.py for tasks to queue
[2024-06-17T14:30:52.198+0000] {logging_mixin.py:188} INFO - [2024-06-17T14:30:52.198+0000] {dagbag.py:540} INFO - Filling up the DagBag from /opt/airflow/dags/load_data.py
[2024-06-17T14:30:52.230+0000] {processor.py:840} INFO - DAG(s) 'data_load' retrieved from /opt/airflow/dags/load_data.py
[2024-06-17T14:30:52.279+0000] {logging_mixin.py:188} INFO - [2024-06-17T14:30:52.279+0000] {dag.py:3096} INFO - Sync 1 DAGs
[2024-06-17T14:30:52.333+0000] {processor.py:183} INFO - Processing /opt/airflow/dags/load_data.py took 0.149 seconds
[2024-06-17T14:31:22.412+0000] {processor.py:161} INFO - Started process (PID=884) to work on /opt/airflow/dags/load_data.py
[2024-06-17T14:31:22.414+0000] {processor.py:830} INFO - Processing file /opt/airflow/dags/load_data.py for tasks to queue
[2024-06-17T14:31:22.417+0000] {logging_mixin.py:188} INFO - [2024-06-17T14:31:22.416+0000] {dagbag.py:540} INFO - Filling up the DagBag from /opt/airflow/dags/load_data.py
[2024-06-17T14:31:22.455+0000] {processor.py:840} INFO - DAG(s) 'data_load' retrieved from /opt/airflow/dags/load_data.py
[2024-06-17T14:31:22.506+0000] {logging_mixin.py:188} INFO - [2024-06-17T14:31:22.505+0000] {dag.py:3096} INFO - Sync 1 DAGs
[2024-06-17T14:31:22.562+0000] {processor.py:183} INFO - Processing /opt/airflow/dags/load_data.py took 0.160 seconds
[2024-06-17T14:31:52.782+0000] {processor.py:161} INFO - Started process (PID=895) to work on /opt/airflow/dags/load_data.py
[2024-06-17T14:31:52.784+0000] {processor.py:830} INFO - Processing file /opt/airflow/dags/load_data.py for tasks to queue
[2024-06-17T14:31:52.787+0000] {logging_mixin.py:188} INFO - [2024-06-17T14:31:52.786+0000] {dagbag.py:540} INFO - Filling up the DagBag from /opt/airflow/dags/load_data.py
[2024-06-17T14:31:52.822+0000] {processor.py:840} INFO - DAG(s) 'data_load' retrieved from /opt/airflow/dags/load_data.py
[2024-06-17T14:31:52.873+0000] {logging_mixin.py:188} INFO - [2024-06-17T14:31:52.873+0000] {dag.py:3096} INFO - Sync 1 DAGs
[2024-06-17T14:31:52.930+0000] {processor.py:183} INFO - Processing /opt/airflow/dags/load_data.py took 0.155 seconds
[2024-06-17T14:32:23.011+0000] {processor.py:161} INFO - Started process (PID=906) to work on /opt/airflow/dags/load_data.py
[2024-06-17T14:32:23.012+0000] {processor.py:830} INFO - Processing file /opt/airflow/dags/load_data.py for tasks to queue
[2024-06-17T14:32:23.015+0000] {logging_mixin.py:188} INFO - [2024-06-17T14:32:23.014+0000] {dagbag.py:540} INFO - Filling up the DagBag from /opt/airflow/dags/load_data.py
[2024-06-17T14:32:23.051+0000] {processor.py:840} INFO - DAG(s) 'data_load' retrieved from /opt/airflow/dags/load_data.py
[2024-06-17T14:32:23.103+0000] {logging_mixin.py:188} INFO - [2024-06-17T14:32:23.103+0000] {dag.py:3096} INFO - Sync 1 DAGs
[2024-06-17T14:32:23.170+0000] {processor.py:183} INFO - Processing /opt/airflow/dags/load_data.py took 0.168 seconds
[2024-06-17T14:32:53.443+0000] {processor.py:161} INFO - Started process (PID=917) to work on /opt/airflow/dags/load_data.py
[2024-06-17T14:32:53.444+0000] {processor.py:830} INFO - Processing file /opt/airflow/dags/load_data.py for tasks to queue
[2024-06-17T14:32:53.447+0000] {logging_mixin.py:188} INFO - [2024-06-17T14:32:53.447+0000] {dagbag.py:540} INFO - Filling up the DagBag from /opt/airflow/dags/load_data.py
[2024-06-17T14:32:53.485+0000] {processor.py:840} INFO - DAG(s) 'data_load' retrieved from /opt/airflow/dags/load_data.py
[2024-06-17T14:32:53.534+0000] {logging_mixin.py:188} INFO - [2024-06-17T14:32:53.534+0000] {dag.py:3096} INFO - Sync 1 DAGs
[2024-06-17T14:32:53.604+0000] {processor.py:183} INFO - Processing /opt/airflow/dags/load_data.py took 0.173 seconds
[2024-06-17T14:33:23.662+0000] {processor.py:161} INFO - Started process (PID=928) to work on /opt/airflow/dags/load_data.py
[2024-06-17T14:33:23.664+0000] {processor.py:830} INFO - Processing file /opt/airflow/dags/load_data.py for tasks to queue
[2024-06-17T14:33:23.666+0000] {logging_mixin.py:188} INFO - [2024-06-17T14:33:23.666+0000] {dagbag.py:540} INFO - Filling up the DagBag from /opt/airflow/dags/load_data.py
[2024-06-17T14:33:23.708+0000] {processor.py:840} INFO - DAG(s) 'data_load' retrieved from /opt/airflow/dags/load_data.py
[2024-06-17T14:33:23.762+0000] {logging_mixin.py:188} INFO - [2024-06-17T14:33:23.761+0000] {dag.py:3096} INFO - Sync 1 DAGs
[2024-06-17T14:33:23.822+0000] {processor.py:183} INFO - Processing /opt/airflow/dags/load_data.py took 0.169 seconds
[2024-06-17T14:33:54.059+0000] {processor.py:161} INFO - Started process (PID=939) to work on /opt/airflow/dags/load_data.py
[2024-06-17T14:33:54.062+0000] {processor.py:830} INFO - Processing file /opt/airflow/dags/load_data.py for tasks to queue
[2024-06-17T14:33:54.066+0000] {logging_mixin.py:188} INFO - [2024-06-17T14:33:54.065+0000] {dagbag.py:540} INFO - Filling up the DagBag from /opt/airflow/dags/load_data.py
[2024-06-17T14:33:54.113+0000] {processor.py:840} INFO - DAG(s) 'data_load' retrieved from /opt/airflow/dags/load_data.py
[2024-06-17T14:33:54.187+0000] {logging_mixin.py:188} INFO - [2024-06-17T14:33:54.186+0000] {dag.py:3096} INFO - Sync 1 DAGs
[2024-06-17T14:33:54.254+0000] {processor.py:183} INFO - Processing /opt/airflow/dags/load_data.py took 0.204 seconds
