[2024-05-14T10:02:50.863+0000] {local_task_job_runner.py:120} INFO - ::group::Pre task execution logs
[2024-05-14T10:02:50.934+0000] {taskinstance.py:2073} INFO - Dependencies all met for dep_context=non-requeueable deps ti=<TaskInstance: load_data_mb.load_index_id_702022 scheduled__2024-05-02T00:00:00+00:00 [queued]>
[2024-05-14T10:02:50.965+0000] {taskinstance.py:2073} INFO - Dependencies all met for dep_context=requeueable deps ti=<TaskInstance: load_data_mb.load_index_id_702022 scheduled__2024-05-02T00:00:00+00:00 [queued]>
[2024-05-14T10:02:50.967+0000] {taskinstance.py:2303} INFO - Starting attempt 1 of 1
[2024-05-14T10:02:50.990+0000] {taskinstance.py:2327} INFO - Executing <Task(PythonOperator): load_index_id_702022> on 2024-05-02 00:00:00+00:00
[2024-05-14T10:02:51.000+0000] {standard_task_runner.py:90} INFO - Running: ['***', 'tasks', 'run', 'load_data_mb', 'load_index_id_702022', 'scheduled__2024-05-02T00:00:00+00:00', '--job-id', '510', '--raw', '--subdir', 'DAGS_FOLDER/load_data_mb.py', '--cfg-path', '/tmp/tmp1exsyz90']
[2024-05-14T10:02:51.006+0000] {standard_task_runner.py:91} INFO - Job 510: Subtask load_index_id_702022
[2024-05-14T10:02:51.011+0000] {logging_mixin.py:188} WARNING - /home/***/.local/lib/python3.12/site-packages/***/task/task_runner/standard_task_runner.py:61 DeprecationWarning: This process (pid=310) is multi-threaded, use of fork() may lead to deadlocks in the child.
[2024-05-14T10:02:51.012+0000] {standard_task_runner.py:63} INFO - Started process 311 to run task
[2024-05-14T10:02:51.101+0000] {task_command.py:426} INFO - Running <TaskInstance: load_data_mb.load_index_id_702022 scheduled__2024-05-02T00:00:00+00:00 [running]> on host d933ead87eb5
[2024-05-14T10:02:51.253+0000] {taskinstance.py:2644} INFO - Exporting env vars: AIRFLOW_CTX_DAG_OWNER='***' AIRFLOW_CTX_DAG_ID='load_data_mb' AIRFLOW_CTX_TASK_ID='load_index_id_702022' AIRFLOW_CTX_EXECUTION_DATE='2024-05-02T00:00:00+00:00' AIRFLOW_CTX_TRY_NUMBER='1' AIRFLOW_CTX_DAG_RUN_ID='scheduled__2024-05-02T00:00:00+00:00'
[2024-05-14T10:02:51.255+0000] {taskinstance.py:430} INFO - ::endgroup::
[2024-05-14T10:03:06.684+0000] {logging_mixin.py:188} INFO - {'index_name': 'Индекс физического объема оптовой торговли', 'index_id': 702022, 'dic_names': ['Регионы', 'Тип местности и административное деление', 'Виды товаров', 'Соотнесение периодов', 'Типы правовых единиц', 'Услуги внутренней торговли'], 'period_name': 'Год', 'info': 'нет новых данных'}
[2024-05-14T10:03:06.685+0000] {logging_mixin.py:188} INFO - {'index_name': 'Индекс физического объема оптовой торговли', 'index_id': 702022, 'date_ids': [1016], 'dic_names': ['Регионы', 'Торгующие предприятия, организации, рынки и индивидуальные предприниматели', 'Соотнесение периодов'], 'period_name': 'Месяц', 'info': 'загружены актуальные данные'}
[2024-05-14T10:03:06.686+0000] {logging_mixin.py:188} INFO - {'index_name': 'Индекс физического объема оптовой торговли', 'index_id': 702022, 'date_ids': [1039], 'dic_names': ['Регионы', 'Торгующие предприятия, организации, рынки и индивидуальные предприниматели', 'Соотнесение периодов'], 'period_name': 'Месяц с накоплением', 'info': 'загружены актуальные данные'}
[2024-05-14T10:03:06.687+0000] {python.py:237} INFO - Done. Returned value was: None
[2024-05-14T10:03:06.689+0000] {taskinstance.py:441} INFO - ::group::Post task execution logs
[2024-05-14T10:03:06.715+0000] {taskinstance.py:1205} INFO - Marking task as SUCCESS. dag_id=load_data_mb, task_id=load_index_id_702022, execution_date=20240502T000000, start_date=20240514T100250, end_date=20240514T100306
[2024-05-14T10:03:06.775+0000] {local_task_job_runner.py:240} INFO - Task exited with return code 0
[2024-05-14T10:03:06.803+0000] {taskinstance.py:3482} INFO - 0 downstream tasks scheduled from follow-on schedule check
[2024-05-14T10:03:06.807+0000] {local_task_job_runner.py:222} INFO - ::endgroup::
