[2024-04-25T21:22:31.126+0000] {local_task_job_runner.py:120} INFO - ::group::Pre task execution logs
[2024-04-25T21:22:31.239+0000] {taskinstance.py:2073} INFO - Dependencies all met for dep_context=non-requeueable deps ti=<TaskInstance: my_dag.load_index_id_20372988 manual__2024-04-25T21:22:29.659263+00:00 [queued]>
[2024-04-25T21:22:31.266+0000] {taskinstance.py:2073} INFO - Dependencies all met for dep_context=requeueable deps ti=<TaskInstance: my_dag.load_index_id_20372988 manual__2024-04-25T21:22:29.659263+00:00 [queued]>
[2024-04-25T21:22:31.267+0000] {taskinstance.py:2303} INFO - Starting attempt 1 of 4
[2024-04-25T21:22:31.323+0000] {taskinstance.py:2327} INFO - Executing <Task(PythonOperator): load_index_id_20372988> on 2024-04-25 21:22:29.659263+00:00
[2024-04-25T21:22:31.342+0000] {standard_task_runner.py:90} INFO - Running: ['***', 'tasks', 'run', 'my_dag', 'load_index_id_20372988', 'manual__2024-04-25T21:22:29.659263+00:00', '--job-id', '158', '--raw', '--subdir', 'DAGS_FOLDER/python_op.py', '--cfg-path', '/tmp/tmpfrecriy5']
[2024-04-25T21:22:31.356+0000] {standard_task_runner.py:91} INFO - Job 158: Subtask load_index_id_20372988
[2024-04-25T21:22:31.358+0000] {logging_mixin.py:188} WARNING - /home/***/.local/lib/python3.12/site-packages/***/task/task_runner/standard_task_runner.py:61 DeprecationWarning: This process (pid=2280) is multi-threaded, use of fork() may lead to deadlocks in the child.
[2024-04-25T21:22:31.361+0000] {standard_task_runner.py:63} INFO - Started process 2281 to run task
[2024-04-25T21:22:31.473+0000] {task_command.py:426} INFO - Running <TaskInstance: my_dag.load_index_id_20372988 manual__2024-04-25T21:22:29.659263+00:00 [running]> on host f9a12f9b65d4
[2024-04-25T21:22:31.691+0000] {taskinstance.py:2644} INFO - Exporting env vars: AIRFLOW_CTX_DAG_OWNER='***' AIRFLOW_CTX_DAG_ID='my_dag' AIRFLOW_CTX_TASK_ID='load_index_id_20372988' AIRFLOW_CTX_EXECUTION_DATE='2024-04-25T21:22:29.659263+00:00' AIRFLOW_CTX_TRY_NUMBER='1' AIRFLOW_CTX_DAG_RUN_ID='manual__2024-04-25T21:22:29.659263+00:00'
[2024-04-25T21:22:31.692+0000] {taskinstance.py:430} INFO - ::endgroup::
[2024-04-25T21:28:14.115+0000] {local_task_job_runner.py:310} WARNING - State of this instance has been externally set to None. Terminating instance.
[2024-04-25T21:28:14.117+0000] {local_task_job_runner.py:222} INFO - ::endgroup::
[2024-04-25T21:28:14.133+0000] {process_utils.py:132} INFO - Sending 15 to group 2281. PIDs of all processes in the group: [2281]
[2024-04-25T21:28:14.136+0000] {process_utils.py:87} INFO - Sending the signal 15 to group 2281
[2024-04-25T21:28:14.137+0000] {taskinstance.py:2607} ERROR - Received SIGTERM. Terminating subprocesses.
[2024-04-25T21:28:14.142+0000] {taskinstance.py:441} INFO - ::group::Post task execution logs
[2024-04-25T21:28:14.162+0000] {taskinstance.py:2890} ERROR - Task failed with exception
Traceback (most recent call last):
  File "/home/airflow/.local/lib/python3.12/site-packages/airflow/models/taskinstance.py", line 465, in _execute_task
    result = _execute_callable(context=context, **execute_callable_kwargs)
             ^^^^^^^^^^^^^^^^^^^^^^^^^^^^^^^^^^^^^^^^^^^^^^^^^^^^^^^^^^^^^
  File "/home/airflow/.local/lib/python3.12/site-packages/airflow/models/taskinstance.py", line 432, in _execute_callable
    return execute_callable(context=context, **execute_callable_kwargs)
           ^^^^^^^^^^^^^^^^^^^^^^^^^^^^^^^^^^^^^^^^^^^^^^^^^^^^^^^^^^^^
  File "/home/airflow/.local/lib/python3.12/site-packages/airflow/models/baseoperator.py", line 400, in wrapper
    return func(self, *args, **kwargs)
           ^^^^^^^^^^^^^^^^^^^^^^^^^^^
  File "/home/airflow/.local/lib/python3.12/site-packages/airflow/operators/python.py", line 235, in execute
    return_value = self.execute_callable()
                   ^^^^^^^^^^^^^^^^^^^^^^^
  File "/home/airflow/.local/lib/python3.12/site-packages/airflow/operators/python.py", line 252, in execute_callable
    return self.python_callable(*self.op_args, **self.op_kwargs)
           ^^^^^^^^^^^^^^^^^^^^^^^^^^^^^^^^^^^^^^^^^^^^^^^^^^^^^
  File "/opt/airflow/dags/python_op.py", line 19, in load_index
    x = requests.post(url, headers=headers, json=data)
        ^^^^^^^^^^^^^^^^^^^^^^^^^^^^^^^^^^^^^^^^^^^^^^
  File "/home/airflow/.local/lib/python3.12/site-packages/requests/api.py", line 115, in post
    return request("post", url, data=data, json=json, **kwargs)
           ^^^^^^^^^^^^^^^^^^^^^^^^^^^^^^^^^^^^^^^^^^^^^^^^^^^^
  File "/home/airflow/.local/lib/python3.12/site-packages/requests/api.py", line 59, in request
    return session.request(method=method, url=url, **kwargs)
           ^^^^^^^^^^^^^^^^^^^^^^^^^^^^^^^^^^^^^^^^^^^^^^^^^
  File "/home/airflow/.local/lib/python3.12/site-packages/requests/sessions.py", line 589, in request
    resp = self.send(prep, **send_kwargs)
           ^^^^^^^^^^^^^^^^^^^^^^^^^^^^^^
  File "/home/airflow/.local/lib/python3.12/site-packages/requests/sessions.py", line 703, in send
    r = adapter.send(request, **kwargs)
        ^^^^^^^^^^^^^^^^^^^^^^^^^^^^^^^
  File "/home/airflow/.local/lib/python3.12/site-packages/requests/adapters.py", line 486, in send
    resp = conn.urlopen(
           ^^^^^^^^^^^^^
  File "/home/airflow/.local/lib/python3.12/site-packages/urllib3/connectionpool.py", line 715, in urlopen
    httplib_response = self._make_request(
                       ^^^^^^^^^^^^^^^^^^^
  File "/home/airflow/.local/lib/python3.12/site-packages/urllib3/connectionpool.py", line 467, in _make_request
    six.raise_from(e, None)
  File "<string>", line 3, in raise_from
  File "/home/airflow/.local/lib/python3.12/site-packages/urllib3/connectionpool.py", line 462, in _make_request
    httplib_response = conn.getresponse()
                       ^^^^^^^^^^^^^^^^^^
  File "/usr/local/lib/python3.12/http/client.py", line 1423, in getresponse
    response.begin()
  File "/usr/local/lib/python3.12/http/client.py", line 331, in begin
    version, status, reason = self._read_status()
                              ^^^^^^^^^^^^^^^^^^^
  File "/usr/local/lib/python3.12/http/client.py", line 292, in _read_status
    line = str(self.fp.readline(_MAXLINE + 1), "iso-8859-1")
               ^^^^^^^^^^^^^^^^^^^^^^^^^^^^^^
  File "/usr/local/lib/python3.12/socket.py", line 707, in readinto
    return self._sock.recv_into(b)
           ^^^^^^^^^^^^^^^^^^^^^^^
  File "/home/airflow/.local/lib/python3.12/site-packages/airflow/models/taskinstance.py", line 2609, in signal_handler
    raise AirflowTaskTerminated("Task received SIGTERM signal")
airflow.exceptions.AirflowTaskTerminated: Task received SIGTERM signal
[2024-04-25T21:28:14.200+0000] {taskinstance.py:1205} INFO - Marking task as UP_FOR_RETRY. dag_id=my_dag, task_id=load_index_id_20372988, execution_date=20240425T212229, start_date=20240425T212231, end_date=20240425T212814
[2024-04-25T21:28:14.247+0000] {standard_task_runner.py:110} ERROR - Failed to execute job 158 for task load_index_id_20372988 ((psycopg2.errors.ForeignKeyViolation) insert or update on table "task_fail" violates foreign key constraint "task_fail_ti_fkey"
DETAIL:  Key (dag_id, task_id, run_id, map_index)=(my_dag, load_index_id_20372988, manual__2024-04-25T21:22:29.659263+00:00, -1) is not present in table "task_instance".

[SQL: INSERT INTO task_fail (task_id, dag_id, run_id, map_index, start_date, end_date, duration) VALUES (%(task_id)s, %(dag_id)s, %(run_id)s, %(map_index)s, %(start_date)s, %(end_date)s, %(duration)s) RETURNING task_fail.id]
[parameters: {'task_id': 'load_index_id_20372988', 'dag_id': 'my_dag', 'run_id': 'manual__2024-04-25T21:22:29.659263+00:00', 'map_index': -1, 'start_date': datetime.datetime(2024, 4, 25, 21, 22, 31, 241027, tzinfo=Timezone('UTC')), 'end_date': datetime.datetime(2024, 4, 25, 21, 28, 14, 196764, tzinfo=Timezone('UTC')), 'duration': 342}]
(Background on this error at: https://sqlalche.me/e/14/gkpj); 2281)
[2024-04-25T21:28:14.271+0000] {process_utils.py:80} INFO - Process psutil.Process(pid=2281, status='terminated', exitcode=1, started='21:22:31') (2281) terminated with exit code 1
