[2024-04-27T18:26:10.704+0000] {local_task_job_runner.py:120} INFO - ::group::Pre task execution logs
[2024-04-27T18:26:10.744+0000] {taskinstance.py:2073} INFO - Dependencies all met for dep_context=non-requeueable deps ti=<TaskInstance: my_dag.load_index_id_2709379 scheduled__2024-04-26T00:00:00+00:00 [queued]>
[2024-04-27T18:26:10.756+0000] {taskinstance.py:2073} INFO - Dependencies all met for dep_context=requeueable deps ti=<TaskInstance: my_dag.load_index_id_2709379 scheduled__2024-04-26T00:00:00+00:00 [queued]>
[2024-04-27T18:26:10.757+0000] {taskinstance.py:2303} INFO - Starting attempt 1 of 4
[2024-04-27T18:26:10.776+0000] {taskinstance.py:2327} INFO - Executing <Task(PythonOperator): load_index_id_2709379> on 2024-04-26 00:00:00+00:00
[2024-04-27T18:26:10.784+0000] {standard_task_runner.py:90} INFO - Running: ['***', 'tasks', 'run', 'my_dag', 'load_index_id_2709379', 'scheduled__2024-04-26T00:00:00+00:00', '--job-id', '176', '--raw', '--subdir', 'DAGS_FOLDER/python_op.py', '--cfg-path', '/tmp/tmp7y37wxcx']
[2024-04-27T18:26:10.787+0000] {standard_task_runner.py:91} INFO - Job 176: Subtask load_index_id_2709379
[2024-04-27T18:26:10.789+0000] {logging_mixin.py:188} WARNING - /home/***/.local/lib/python3.12/site-packages/***/task/task_runner/standard_task_runner.py:61 DeprecationWarning: This process (pid=186) is multi-threaded, use of fork() may lead to deadlocks in the child.
[2024-04-27T18:26:10.791+0000] {standard_task_runner.py:63} INFO - Started process 187 to run task
[2024-04-27T18:26:10.846+0000] {task_command.py:426} INFO - Running <TaskInstance: my_dag.load_index_id_2709379 scheduled__2024-04-26T00:00:00+00:00 [running]> on host f9a12f9b65d4
[2024-04-27T18:26:11.004+0000] {taskinstance.py:2644} INFO - Exporting env vars: AIRFLOW_CTX_DAG_OWNER='***' AIRFLOW_CTX_DAG_ID='my_dag' AIRFLOW_CTX_TASK_ID='load_index_id_2709379' AIRFLOW_CTX_EXECUTION_DATE='2024-04-26T00:00:00+00:00' AIRFLOW_CTX_TRY_NUMBER='1' AIRFLOW_CTX_DAG_RUN_ID='scheduled__2024-04-26T00:00:00+00:00'
[2024-04-27T18:26:11.006+0000] {taskinstance.py:430} INFO - ::endgroup::
[2024-04-27T18:26:11.025+0000] {logging_mixin.py:188} INFO - test1
[2024-04-27T18:26:17.756+0000] {logging_mixin.py:188} INFO - test2
[2024-04-27T18:26:17.758+0000] {logging_mixin.py:188} INFO - {"status":"success","info":[{"index_name":"Валовой внутренний продукт методом производства","dic_names":["Регионы"],"period_name":"Год","info":"загружены актуальные данные"},{"index_name":"Валовой внутренний продукт методом производства","dic_names":["Регионы"],"period_name":"Квартал с накоплением","info":"нет новых данных"}]}
[2024-04-27T18:26:17.760+0000] {python.py:237} INFO - Done. Returned value was: None
[2024-04-27T18:26:17.762+0000] {taskinstance.py:441} INFO - ::group::Post task execution logs
[2024-04-27T18:26:17.776+0000] {taskinstance.py:1205} INFO - Marking task as SUCCESS. dag_id=my_dag, task_id=load_index_id_2709379, execution_date=20240426T000000, start_date=20240427T182610, end_date=20240427T182617
[2024-04-27T18:26:17.816+0000] {local_task_job_runner.py:240} INFO - Task exited with return code 0
[2024-04-27T18:26:17.835+0000] {taskinstance.py:3482} INFO - 0 downstream tasks scheduled from follow-on schedule check
[2024-04-27T18:26:17.838+0000] {local_task_job_runner.py:222} INFO - ::endgroup::
