[2024-04-30T00:03:21.512+0000] {local_task_job_runner.py:120} INFO - ::group::Pre task execution logs
[2024-04-30T00:03:21.573+0000] {taskinstance.py:2073} INFO - Dependencies all met for dep_context=non-requeueable deps ti=<TaskInstance: load_data_mb.load_index_id_703831 scheduled__2024-04-29T00:00:00+00:00 [queued]>
[2024-04-30T00:03:21.590+0000] {taskinstance.py:2073} INFO - Dependencies all met for dep_context=requeueable deps ti=<TaskInstance: load_data_mb.load_index_id_703831 scheduled__2024-04-29T00:00:00+00:00 [queued]>
[2024-04-30T00:03:21.592+0000] {taskinstance.py:2303} INFO - Starting attempt 1 of 1
[2024-04-30T00:03:21.617+0000] {taskinstance.py:2327} INFO - Executing <Task(PythonOperator): load_index_id_703831> on 2024-04-29 00:00:00+00:00
[2024-04-30T00:03:21.629+0000] {standard_task_runner.py:90} INFO - Running: ['***', 'tasks', 'run', 'load_data_mb', 'load_index_id_703831', 'scheduled__2024-04-29T00:00:00+00:00', '--job-id', '379', '--raw', '--subdir', 'DAGS_FOLDER/load_data_mb.py', '--cfg-path', '/tmp/tmp9lc74hi8']
[2024-04-30T00:03:21.634+0000] {standard_task_runner.py:91} INFO - Job 379: Subtask load_index_id_703831
[2024-04-30T00:03:21.643+0000] {logging_mixin.py:188} WARNING - /home/***/.local/lib/python3.12/site-packages/***/task/task_runner/standard_task_runner.py:61 DeprecationWarning: This process (pid=6949) is multi-threaded, use of fork() may lead to deadlocks in the child.
[2024-04-30T00:03:21.645+0000] {standard_task_runner.py:63} INFO - Started process 6950 to run task
[2024-04-30T00:03:21.728+0000] {task_command.py:426} INFO - Running <TaskInstance: load_data_mb.load_index_id_703831 scheduled__2024-04-29T00:00:00+00:00 [running]> on host d933ead87eb5
[2024-04-30T00:03:21.863+0000] {taskinstance.py:2644} INFO - Exporting env vars: AIRFLOW_CTX_DAG_OWNER='***' AIRFLOW_CTX_DAG_ID='load_data_mb' AIRFLOW_CTX_TASK_ID='load_index_id_703831' AIRFLOW_CTX_EXECUTION_DATE='2024-04-29T00:00:00+00:00' AIRFLOW_CTX_TRY_NUMBER='1' AIRFLOW_CTX_DAG_RUN_ID='scheduled__2024-04-29T00:00:00+00:00'
[2024-04-30T00:03:21.864+0000] {taskinstance.py:430} INFO - ::endgroup::
[2024-04-30T00:03:33.514+0000] {logging_mixin.py:188} INFO - {'index_name': 'Численность населения на начало периода', 'index_id': 703831, 'dic_names': ['Регионы', 'Тип местности и административное деление', 'По полу', 'Группы населения'], 'period_name': 'Год', 'info': 'ошибка талдау', 'error_code': 500}
[2024-04-30T00:03:33.515+0000] {logging_mixin.py:188} INFO - {'index_name': 'Численность населения на начало периода', 'index_id': 703831, 'dic_names': ['Регионы', 'Национальности'], 'period_name': 'Год', 'info': 'ошибка талдау', 'error_code': 500}
[2024-04-30T00:03:33.516+0000] {logging_mixin.py:188} INFO - {'index_name': 'Численность населения на начало периода', 'index_id': 703831, 'dic_names': ['Регионы', 'Тип местности и административное деление', 'По полу', 'Отдельные возрастные группы'], 'period_name': 'Год', 'info': 'ошибка талдау', 'error_code': 500}
[2024-04-30T00:03:33.516+0000] {logging_mixin.py:188} INFO - {'index_name': 'Численность населения на начало периода', 'index_id': 703831, 'dic_names': ['Регионы', 'Тип местности и административное деление'], 'period_name': 'Месяц', 'info': 'ошибка талдау', 'error_code': 500}
[2024-04-30T00:03:33.517+0000] {logging_mixin.py:188} INFO - {'index_name': 'Численность населения на начало периода', 'index_id': 703831, 'dic_names': ['Регионы', 'По полу'], 'period_name': 'Месяц', 'info': 'ошибка талдау', 'error_code': 500}
[2024-04-30T00:03:33.518+0000] {python.py:237} INFO - Done. Returned value was: None
[2024-04-30T00:03:33.519+0000] {taskinstance.py:441} INFO - ::group::Post task execution logs
[2024-04-30T00:03:33.531+0000] {taskinstance.py:1205} INFO - Marking task as SUCCESS. dag_id=load_data_mb, task_id=load_index_id_703831, execution_date=20240429T000000, start_date=20240430T000321, end_date=20240430T000333
[2024-04-30T00:03:33.582+0000] {local_task_job_runner.py:240} INFO - Task exited with return code 0
[2024-04-30T00:03:33.600+0000] {taskinstance.py:3482} INFO - 0 downstream tasks scheduled from follow-on schedule check
[2024-04-30T00:03:33.607+0000] {local_task_job_runner.py:222} INFO - ::endgroup::
