[2024-06-11T21:29:38.639+0000] {local_task_job_runner.py:120} INFO - ::group::Pre task execution logs
[2024-06-11T21:29:38.684+0000] {taskinstance.py:2073} INFO - Dependencies all met for dep_context=non-requeueable deps ti=<TaskInstance: load_data_mb.load_index_id_700917 scheduled__2024-06-10T00:00:00+00:00 [queued]>
[2024-06-11T21:29:38.697+0000] {taskinstance.py:2073} INFO - Dependencies all met for dep_context=requeueable deps ti=<TaskInstance: load_data_mb.load_index_id_700917 scheduled__2024-06-10T00:00:00+00:00 [queued]>
[2024-06-11T21:29:38.698+0000] {taskinstance.py:2303} INFO - Starting attempt 1 of 1
[2024-06-11T21:29:38.721+0000] {taskinstance.py:2327} INFO - Executing <Task(PythonOperator): load_index_id_700917> on 2024-06-10 00:00:00+00:00
[2024-06-11T21:29:38.731+0000] {logging_mixin.py:188} WARNING - /home/***/.local/lib/python3.12/site-packages/***/task/task_runner/standard_task_runner.py:61 DeprecationWarning: This process (pid=296) is multi-threaded, use of fork() may lead to deadlocks in the child.
[2024-06-11T21:29:38.733+0000] {standard_task_runner.py:63} INFO - Started process 297 to run task
[2024-06-11T21:29:38.730+0000] {standard_task_runner.py:90} INFO - Running: ['***', 'tasks', 'run', 'load_data_mb', 'load_index_id_700917', 'scheduled__2024-06-10T00:00:00+00:00', '--job-id', '150', '--raw', '--subdir', 'DAGS_FOLDER/load_data_mb.py', '--cfg-path', '/tmp/tmp8wvia6dd']
[2024-06-11T21:29:38.740+0000] {standard_task_runner.py:91} INFO - Job 150: Subtask load_index_id_700917
[2024-06-11T21:29:38.813+0000] {task_command.py:426} INFO - Running <TaskInstance: load_data_mb.load_index_id_700917 scheduled__2024-06-10T00:00:00+00:00 [running]> on host e6f094d2943c
[2024-06-11T21:29:38.944+0000] {taskinstance.py:2644} INFO - Exporting env vars: AIRFLOW_CTX_DAG_OWNER='***' AIRFLOW_CTX_DAG_ID='load_data_mb' AIRFLOW_CTX_TASK_ID='load_index_id_700917' AIRFLOW_CTX_EXECUTION_DATE='2024-06-10T00:00:00+00:00' AIRFLOW_CTX_TRY_NUMBER='1' AIRFLOW_CTX_DAG_RUN_ID='scheduled__2024-06-10T00:00:00+00:00'
[2024-06-11T21:29:38.945+0000] {taskinstance.py:430} INFO - ::endgroup::
[2024-06-11T21:29:39.000+0000] {logging_mixin.py:188} INFO - Ошибка в коде или неверный json
[2024-06-11T21:29:39.001+0000] {taskinstance.py:441} INFO - ::group::Post task execution logs
[2024-06-11T21:29:39.002+0000] {taskinstance.py:2892} ERROR - Task failed due to SystemExit(1)
[2024-06-11T21:29:39.014+0000] {taskinstance.py:1205} INFO - Marking task as FAILED. dag_id=load_data_mb, task_id=load_index_id_700917, execution_date=20240610T000000, start_date=20240611T212938, end_date=20240611T212939
[2024-06-11T21:29:39.033+0000] {standard_task_runner.py:110} ERROR - Failed to execute job 150 for task load_index_id_700917 (Task failed due to SystemExit(1); 297)
[2024-06-11T21:29:39.075+0000] {local_task_job_runner.py:240} INFO - Task exited with return code 1
[2024-06-11T21:29:39.102+0000] {taskinstance.py:3482} INFO - 0 downstream tasks scheduled from follow-on schedule check
[2024-06-11T21:29:39.109+0000] {local_task_job_runner.py:222} INFO - ::endgroup::
[2024-06-11T21:30:01.967+0000] {local_task_job_runner.py:120} INFO - ::group::Pre task execution logs
[2024-06-11T21:30:02.017+0000] {taskinstance.py:2073} INFO - Dependencies all met for dep_context=non-requeueable deps ti=<TaskInstance: load_data_mb.load_index_id_700917 scheduled__2024-06-10T00:00:00+00:00 [queued]>
[2024-06-11T21:30:02.030+0000] {taskinstance.py:2073} INFO - Dependencies all met for dep_context=requeueable deps ti=<TaskInstance: load_data_mb.load_index_id_700917 scheduled__2024-06-10T00:00:00+00:00 [queued]>
[2024-06-11T21:30:02.030+0000] {taskinstance.py:2303} INFO - Starting attempt 1 of 1
[2024-06-11T21:30:02.049+0000] {taskinstance.py:2327} INFO - Executing <Task(PythonOperator): load_index_id_700917> on 2024-06-10 00:00:00+00:00
[2024-06-11T21:30:02.058+0000] {logging_mixin.py:188} WARNING - /home/***/.local/lib/python3.12/site-packages/***/task/task_runner/standard_task_runner.py:61 DeprecationWarning: This process (pid=325) is multi-threaded, use of fork() may lead to deadlocks in the child.
[2024-06-11T21:30:02.060+0000] {standard_task_runner.py:63} INFO - Started process 326 to run task
[2024-06-11T21:30:02.058+0000] {standard_task_runner.py:90} INFO - Running: ['***', 'tasks', 'run', 'load_data_mb', 'load_index_id_700917', 'scheduled__2024-06-10T00:00:00+00:00', '--job-id', '159', '--raw', '--subdir', 'DAGS_FOLDER/load_data_mb.py', '--cfg-path', '/tmp/tmp0t7y7i9c']
[2024-06-11T21:30:02.061+0000] {standard_task_runner.py:91} INFO - Job 159: Subtask load_index_id_700917
[2024-06-11T21:30:02.127+0000] {task_command.py:426} INFO - Running <TaskInstance: load_data_mb.load_index_id_700917 scheduled__2024-06-10T00:00:00+00:00 [running]> on host e6f094d2943c
[2024-06-11T21:30:02.246+0000] {taskinstance.py:2644} INFO - Exporting env vars: AIRFLOW_CTX_DAG_OWNER='***' AIRFLOW_CTX_DAG_ID='load_data_mb' AIRFLOW_CTX_TASK_ID='load_index_id_700917' AIRFLOW_CTX_EXECUTION_DATE='2024-06-10T00:00:00+00:00' AIRFLOW_CTX_TRY_NUMBER='1' AIRFLOW_CTX_DAG_RUN_ID='scheduled__2024-06-10T00:00:00+00:00'
[2024-06-11T21:30:02.247+0000] {taskinstance.py:430} INFO - ::endgroup::
[2024-06-11T21:30:02.304+0000] {logging_mixin.py:188} INFO - Ошибка в коде или неверный json
[2024-06-11T21:30:02.305+0000] {taskinstance.py:441} INFO - ::group::Post task execution logs
[2024-06-11T21:30:02.306+0000] {taskinstance.py:2892} ERROR - Task failed due to SystemExit(1)
[2024-06-11T21:30:02.321+0000] {taskinstance.py:1205} INFO - Marking task as FAILED. dag_id=load_data_mb, task_id=load_index_id_700917, execution_date=20240610T000000, start_date=20240611T213002, end_date=20240611T213002
[2024-06-11T21:30:02.343+0000] {standard_task_runner.py:110} ERROR - Failed to execute job 159 for task load_index_id_700917 (Task failed due to SystemExit(1); 326)
[2024-06-11T21:30:02.356+0000] {local_task_job_runner.py:240} INFO - Task exited with return code 1
[2024-06-11T21:30:02.391+0000] {taskinstance.py:3482} INFO - 0 downstream tasks scheduled from follow-on schedule check
[2024-06-11T21:30:02.395+0000] {local_task_job_runner.py:222} INFO - ::endgroup::
[2024-06-11T21:31:43.364+0000] {local_task_job_runner.py:120} INFO - ::group::Pre task execution logs
[2024-06-11T21:31:43.431+0000] {taskinstance.py:2073} INFO - Dependencies all met for dep_context=non-requeueable deps ti=<TaskInstance: load_data_mb.load_index_id_700917 scheduled__2024-06-10T00:00:00+00:00 [queued]>
[2024-06-11T21:31:43.446+0000] {taskinstance.py:2073} INFO - Dependencies all met for dep_context=requeueable deps ti=<TaskInstance: load_data_mb.load_index_id_700917 scheduled__2024-06-10T00:00:00+00:00 [queued]>
[2024-06-11T21:31:43.447+0000] {taskinstance.py:2303} INFO - Starting attempt 1 of 1
[2024-06-11T21:31:43.470+0000] {taskinstance.py:2327} INFO - Executing <Task(PythonOperator): load_index_id_700917> on 2024-06-10 00:00:00+00:00
[2024-06-11T21:31:43.483+0000] {logging_mixin.py:188} WARNING - /home/***/.local/lib/python3.12/site-packages/***/task/task_runner/standard_task_runner.py:61 DeprecationWarning: This process (pid=441) is multi-threaded, use of fork() may lead to deadlocks in the child.
[2024-06-11T21:31:43.479+0000] {standard_task_runner.py:90} INFO - Running: ['***', 'tasks', 'run', 'load_data_mb', 'load_index_id_700917', 'scheduled__2024-06-10T00:00:00+00:00', '--job-id', '201', '--raw', '--subdir', 'DAGS_FOLDER/load_data_mb.py', '--cfg-path', '/tmp/tmpfmt7rvha']
[2024-06-11T21:31:43.485+0000] {standard_task_runner.py:63} INFO - Started process 442 to run task
[2024-06-11T21:31:43.485+0000] {standard_task_runner.py:91} INFO - Job 201: Subtask load_index_id_700917
[2024-06-11T21:31:43.569+0000] {task_command.py:426} INFO - Running <TaskInstance: load_data_mb.load_index_id_700917 scheduled__2024-06-10T00:00:00+00:00 [running]> on host e6f094d2943c
[2024-06-11T21:31:43.758+0000] {taskinstance.py:2644} INFO - Exporting env vars: AIRFLOW_CTX_DAG_OWNER='***' AIRFLOW_CTX_DAG_ID='load_data_mb' AIRFLOW_CTX_TASK_ID='load_index_id_700917' AIRFLOW_CTX_EXECUTION_DATE='2024-06-10T00:00:00+00:00' AIRFLOW_CTX_TRY_NUMBER='1' AIRFLOW_CTX_DAG_RUN_ID='scheduled__2024-06-10T00:00:00+00:00'
[2024-06-11T21:31:43.760+0000] {taskinstance.py:430} INFO - ::endgroup::
[2024-06-11T21:31:43.836+0000] {logging_mixin.py:188} INFO - Ошибка в коде или неверный json
[2024-06-11T21:31:43.837+0000] {taskinstance.py:441} INFO - ::group::Post task execution logs
[2024-06-11T21:31:43.839+0000] {taskinstance.py:2892} ERROR - Task failed due to SystemExit(1)
[2024-06-11T21:31:43.856+0000] {taskinstance.py:1205} INFO - Marking task as FAILED. dag_id=load_data_mb, task_id=load_index_id_700917, execution_date=20240610T000000, start_date=20240611T213143, end_date=20240611T213143
[2024-06-11T21:31:43.884+0000] {standard_task_runner.py:110} ERROR - Failed to execute job 201 for task load_index_id_700917 (Task failed due to SystemExit(1); 442)
[2024-06-11T21:31:43.902+0000] {local_task_job_runner.py:240} INFO - Task exited with return code 1
[2024-06-11T21:31:43.928+0000] {taskinstance.py:3482} INFO - 0 downstream tasks scheduled from follow-on schedule check
[2024-06-11T21:31:43.934+0000] {local_task_job_runner.py:222} INFO - ::endgroup::
[2024-06-11T21:44:58.535+0000] {local_task_job_runner.py:120} INFO - ::group::Pre task execution logs
[2024-06-11T21:44:58.592+0000] {taskinstance.py:2073} INFO - Dependencies all met for dep_context=non-requeueable deps ti=<TaskInstance: load_data_mb.load_index_id_700917 scheduled__2024-06-10T00:00:00+00:00 [queued]>
[2024-06-11T21:44:58.611+0000] {taskinstance.py:2073} INFO - Dependencies all met for dep_context=requeueable deps ti=<TaskInstance: load_data_mb.load_index_id_700917 scheduled__2024-06-10T00:00:00+00:00 [queued]>
[2024-06-11T21:44:58.613+0000] {taskinstance.py:2303} INFO - Starting attempt 1 of 1
[2024-06-11T21:44:58.640+0000] {taskinstance.py:2327} INFO - Executing <Task(PythonOperator): load_index_id_700917> on 2024-06-10 00:00:00+00:00
[2024-06-11T21:44:58.657+0000] {logging_mixin.py:188} WARNING - /home/***/.local/lib/python3.12/site-packages/***/task/task_runner/standard_task_runner.py:61 DeprecationWarning: This process (pid=184) is multi-threaded, use of fork() may lead to deadlocks in the child.
[2024-06-11T21:44:58.654+0000] {standard_task_runner.py:90} INFO - Running: ['***', 'tasks', 'run', 'load_data_mb', 'load_index_id_700917', 'scheduled__2024-06-10T00:00:00+00:00', '--job-id', '260', '--raw', '--subdir', 'DAGS_FOLDER/load_data.py', '--cfg-path', '/tmp/tmpa9cwd7_0']
[2024-06-11T21:44:58.660+0000] {standard_task_runner.py:63} INFO - Started process 185 to run task
[2024-06-11T21:44:58.660+0000] {standard_task_runner.py:91} INFO - Job 260: Subtask load_index_id_700917
[2024-06-11T21:44:58.761+0000] {task_command.py:426} INFO - Running <TaskInstance: load_data_mb.load_index_id_700917 scheduled__2024-06-10T00:00:00+00:00 [running]> on host f7fd8afd804e
[2024-06-11T21:44:58.937+0000] {taskinstance.py:2644} INFO - Exporting env vars: AIRFLOW_CTX_DAG_OWNER='***' AIRFLOW_CTX_DAG_ID='load_data_mb' AIRFLOW_CTX_TASK_ID='load_index_id_700917' AIRFLOW_CTX_EXECUTION_DATE='2024-06-10T00:00:00+00:00' AIRFLOW_CTX_TRY_NUMBER='1' AIRFLOW_CTX_DAG_RUN_ID='scheduled__2024-06-10T00:00:00+00:00'
[2024-06-11T21:44:58.941+0000] {taskinstance.py:430} INFO - ::endgroup::
[2024-06-11T21:44:59.011+0000] {logging_mixin.py:188} INFO - Ошибка в коде или неверный json
[2024-06-11T21:44:59.012+0000] {taskinstance.py:441} INFO - ::group::Post task execution logs
[2024-06-11T21:44:59.013+0000] {taskinstance.py:2892} ERROR - Task failed due to SystemExit(1)
[2024-06-11T21:44:59.028+0000] {taskinstance.py:1205} INFO - Marking task as FAILED. dag_id=load_data_mb, task_id=load_index_id_700917, execution_date=20240610T000000, start_date=20240611T214458, end_date=20240611T214459
[2024-06-11T21:44:59.060+0000] {standard_task_runner.py:110} ERROR - Failed to execute job 260 for task load_index_id_700917 (Task failed due to SystemExit(1); 185)
[2024-06-11T21:44:59.117+0000] {local_task_job_runner.py:240} INFO - Task exited with return code 1
[2024-06-11T21:44:59.151+0000] {taskinstance.py:3482} INFO - 0 downstream tasks scheduled from follow-on schedule check
[2024-06-11T21:44:59.159+0000] {local_task_job_runner.py:222} INFO - ::endgroup::
