[2024-05-15T07:21:43.205+0000] {local_task_job_runner.py:120} INFO - ::group::Pre task execution logs
[2024-05-15T07:21:43.257+0000] {taskinstance.py:2073} INFO - Dependencies all met for dep_context=non-requeueable deps ti=<TaskInstance: load_data_mb.load_index_id_702041 scheduled__2024-05-14T00:00:00+00:00 [queued]>
[2024-05-15T07:21:43.276+0000] {taskinstance.py:2073} INFO - Dependencies all met for dep_context=requeueable deps ti=<TaskInstance: load_data_mb.load_index_id_702041 scheduled__2024-05-14T00:00:00+00:00 [queued]>
[2024-05-15T07:21:43.278+0000] {taskinstance.py:2303} INFO - Starting attempt 1 of 1
[2024-05-15T07:21:43.306+0000] {taskinstance.py:2327} INFO - Executing <Task(PythonOperator): load_index_id_702041> on 2024-05-14 00:00:00+00:00
[2024-05-15T07:21:43.316+0000] {standard_task_runner.py:90} INFO - Running: ['***', 'tasks', 'run', 'load_data_mb', 'load_index_id_702041', 'scheduled__2024-05-14T00:00:00+00:00', '--job-id', '572', '--raw', '--subdir', 'DAGS_FOLDER/load_data_mb.py', '--cfg-path', '/tmp/tmpyd1ez1sm']
[2024-05-15T07:21:43.321+0000] {standard_task_runner.py:91} INFO - Job 572: Subtask load_index_id_702041
[2024-05-15T07:21:43.322+0000] {logging_mixin.py:188} WARNING - /home/***/.local/lib/python3.12/site-packages/***/task/task_runner/standard_task_runner.py:61 DeprecationWarning: This process (pid=466) is multi-threaded, use of fork() may lead to deadlocks in the child.
[2024-05-15T07:21:43.324+0000] {standard_task_runner.py:63} INFO - Started process 467 to run task
[2024-05-15T07:21:43.413+0000] {task_command.py:426} INFO - Running <TaskInstance: load_data_mb.load_index_id_702041 scheduled__2024-05-14T00:00:00+00:00 [running]> on host d933ead87eb5
[2024-05-15T07:21:43.605+0000] {taskinstance.py:2644} INFO - Exporting env vars: AIRFLOW_CTX_DAG_OWNER='***' AIRFLOW_CTX_DAG_ID='load_data_mb' AIRFLOW_CTX_TASK_ID='load_index_id_702041' AIRFLOW_CTX_EXECUTION_DATE='2024-05-14T00:00:00+00:00' AIRFLOW_CTX_TRY_NUMBER='1' AIRFLOW_CTX_DAG_RUN_ID='scheduled__2024-05-14T00:00:00+00:00'
[2024-05-15T07:21:43.607+0000] {taskinstance.py:430} INFO - ::endgroup::
[2024-05-15T07:21:56.020+0000] {logging_mixin.py:188} INFO - {'index_name': 'Индекс физического объема розничной торговли', 'index_id': 702041, 'dic_names': ['Регионы', 'Тип местности и административное деление', 'Виды товаров', 'Соотнесение периодов', 'Типы правовых единиц', 'Услуги внутренней торговли'], 'period_name': 'Год', 'info': 'нет новых данных'}
[2024-05-15T07:21:56.021+0000] {logging_mixin.py:188} INFO - {'index_name': 'Индекс физического объема розничной торговли', 'index_id': 702041, 'dic_names': ['Регионы', 'Торгующие предприятия, организации, рынки и индивидуальные предприниматели', 'Соотнесение периодов'], 'period_name': 'Месяц', 'info': 'нет новых данных'}
[2024-05-15T07:21:56.022+0000] {logging_mixin.py:188} INFO - {'index_name': 'Индекс физического объема розничной торговли', 'index_id': 702041, 'dic_names': ['Регионы', 'Тип местности и административное деление', 'Соотнесение периодов', 'Структура товаров для месячной формы'], 'period_name': 'Месяц', 'info': 'нет новых данных'}
[2024-05-15T07:21:56.023+0000] {logging_mixin.py:188} INFO - {'index_name': 'Индекс физического объема розничной торговли', 'index_id': 702041, 'dic_names': ['Регионы', 'Торгующие предприятия, организации, рынки и индивидуальные предприниматели', 'Соотнесение периодов'], 'period_name': 'Месяц с накоплением', 'info': 'нет новых данных'}
[2024-05-15T07:21:56.024+0000] {logging_mixin.py:188} INFO - {'index_name': 'Индекс физического объема розничной торговли', 'index_id': 702041, 'dic_names': ['Регионы', 'Тип местности и административное деление', 'Соотнесение периодов', 'Структура товаров для месячной формы'], 'period_name': 'Месяц с накоплением', 'info': 'нет новых данных'}
[2024-05-15T07:21:56.025+0000] {python.py:237} INFO - Done. Returned value was: None
[2024-05-15T07:21:56.027+0000] {taskinstance.py:441} INFO - ::group::Post task execution logs
[2024-05-15T07:21:56.042+0000] {taskinstance.py:1205} INFO - Marking task as SUCCESS. dag_id=load_data_mb, task_id=load_index_id_702041, execution_date=20240514T000000, start_date=20240515T072143, end_date=20240515T072156
[2024-05-15T07:21:56.107+0000] {local_task_job_runner.py:240} INFO - Task exited with return code 0
[2024-05-15T07:21:56.131+0000] {taskinstance.py:3482} INFO - 0 downstream tasks scheduled from follow-on schedule check
[2024-05-15T07:21:56.139+0000] {local_task_job_runner.py:222} INFO - ::endgroup::
