[2024-04-28T12:42:39.243+0000] {local_task_job_runner.py:120} INFO - ::group::Pre task execution logs
[2024-04-28T12:42:39.292+0000] {taskinstance.py:2073} INFO - Dependencies all met for dep_context=non-requeueable deps ti=<TaskInstance: load_data_mb.load_index_id_701625 manual__2024-04-28T12:25:28.517410+00:00 [queued]>
[2024-04-28T12:42:39.306+0000] {taskinstance.py:2073} INFO - Dependencies all met for dep_context=requeueable deps ti=<TaskInstance: load_data_mb.load_index_id_701625 manual__2024-04-28T12:25:28.517410+00:00 [queued]>
[2024-04-28T12:42:39.307+0000] {taskinstance.py:2303} INFO - Starting attempt 1 of 1
[2024-04-28T12:42:39.336+0000] {taskinstance.py:2327} INFO - Executing <Task(PythonOperator): load_index_id_701625> on 2024-04-28 12:25:28.517410+00:00
[2024-04-28T12:42:39.348+0000] {standard_task_runner.py:90} INFO - Running: ['***', 'tasks', 'run', 'load_data_mb', 'load_index_id_701625', 'manual__2024-04-28T12:25:28.517410+00:00', '--job-id', '320', '--raw', '--subdir', 'DAGS_FOLDER/load_data_mb.py', '--cfg-path', '/tmp/tmptblmf566']
[2024-04-28T12:42:39.352+0000] {standard_task_runner.py:91} INFO - Job 320: Subtask load_index_id_701625
[2024-04-28T12:42:39.371+0000] {logging_mixin.py:188} WARNING - /home/***/.local/lib/python3.12/site-packages/***/task/task_runner/standard_task_runner.py:61 DeprecationWarning: This process (pid=23995) is multi-threaded, use of fork() may lead to deadlocks in the child.
[2024-04-28T12:42:39.372+0000] {standard_task_runner.py:63} INFO - Started process 23996 to run task
[2024-04-28T12:42:39.417+0000] {task_command.py:426} INFO - Running <TaskInstance: load_data_mb.load_index_id_701625 manual__2024-04-28T12:25:28.517410+00:00 [running]> on host d933ead87eb5
[2024-04-28T12:42:39.540+0000] {taskinstance.py:2644} INFO - Exporting env vars: AIRFLOW_CTX_DAG_OWNER='***' AIRFLOW_CTX_DAG_ID='load_data_mb' AIRFLOW_CTX_TASK_ID='load_index_id_701625' AIRFLOW_CTX_EXECUTION_DATE='2024-04-28T12:25:28.517410+00:00' AIRFLOW_CTX_TRY_NUMBER='1' AIRFLOW_CTX_DAG_RUN_ID='manual__2024-04-28T12:25:28.517410+00:00'
[2024-04-28T12:42:39.541+0000] {taskinstance.py:430} INFO - ::endgroup::
[2024-04-28T12:42:52.660+0000] {logging_mixin.py:188} INFO - {'index_name': 'Индексы промышленного производства по промышленной продукции', 'index_id': 701625, 'dic_names': ['Регионы', 'Тип местности и административное деление', 'Виды деятельности', 'Соотнесение периодов', 'Виды экономической деятельности'], 'period_name': 'Год', 'info': 'нет новых данных'}
[2024-04-28T12:42:52.665+0000] {logging_mixin.py:188} INFO - {'index_name': 'Индексы промышленного производства по промышленной продукции', 'index_id': 701625, 'dic_names': ['Регионы', 'Виды экономической деятельности', 'Тип местности и административное деление', 'Размерность юридических лиц, филиалов и представительств, а также субъектов индивидуального предпринимательства по численности работников', 'Формы и видов собственности', 'Соотнесение периодов'], 'period_name': 'Месяц с накоплением', 'info': 'нет новых данных'}
[2024-04-28T12:42:52.666+0000] {logging_mixin.py:188} INFO - {'index_name': 'Индексы промышленного производства по промышленной продукции', 'index_id': 701625, 'dic_names': ['Регионы', 'Виды экономической деятельности', 'Соотнесение периодов'], 'period_name': 'Месяц с накоплением', 'info': 'нет новых данных'}
[2024-04-28T12:42:52.667+0000] {logging_mixin.py:188} INFO - {'index_name': 'Индексы промышленного производства по промышленной продукции', 'index_id': 701625, 'dic_names': ['Регионы', 'Виды экономической деятельности', 'Соотнесение периодов'], 'period_name': 'Год', 'info': 'нет новых данных'}
[2024-04-28T12:42:52.668+0000] {logging_mixin.py:188} INFO - {'index_name': 'Индексы промышленного производства по промышленной продукции', 'index_id': 701625, 'dic_names': ['Регионы', 'Виды экономической деятельности', 'Соотнесение периодов'], 'period_name': 'Месяц', 'info': 'нет новых данных'}
[2024-04-28T12:42:52.669+0000] {logging_mixin.py:188} INFO - {'index_name': 'Индексы промышленного производства по промышленной продукции', 'index_id': 701625, 'dic_names': ['Регионы', 'Виды экономической деятельности', 'Тип местности и административное деление', 'Размерность юридических лиц, филиалов и представительств, а также субъектов индивидуального предпринимательства по численности работников', 'Формы и видов собственности', 'Соотнесение периодов'], 'period_name': 'Месяц', 'info': 'нет новых данных'}
[2024-04-28T12:42:52.670+0000] {python.py:237} INFO - Done. Returned value was: None
[2024-04-28T12:42:52.671+0000] {taskinstance.py:441} INFO - ::group::Post task execution logs
[2024-04-28T12:42:52.682+0000] {taskinstance.py:1205} INFO - Marking task as SUCCESS. dag_id=load_data_mb, task_id=load_index_id_701625, execution_date=20240428T122528, start_date=20240428T124239, end_date=20240428T124252
[2024-04-28T12:42:52.728+0000] {local_task_job_runner.py:240} INFO - Task exited with return code 0
[2024-04-28T12:42:52.754+0000] {taskinstance.py:3482} INFO - 0 downstream tasks scheduled from follow-on schedule check
[2024-04-28T12:42:52.763+0000] {local_task_job_runner.py:222} INFO - ::endgroup::
