[2024-04-28T12:42:26.332+0000] {local_task_job_runner.py:120} INFO - ::group::Pre task execution logs
[2024-04-28T12:42:26.391+0000] {taskinstance.py:2073} INFO - Dependencies all met for dep_context=non-requeueable deps ti=<TaskInstance: load_data_mb.load_index_id_703831 manual__2024-04-28T12:25:28.517410+00:00 [queued]>
[2024-04-28T12:42:26.407+0000] {taskinstance.py:2073} INFO - Dependencies all met for dep_context=requeueable deps ti=<TaskInstance: load_data_mb.load_index_id_703831 manual__2024-04-28T12:25:28.517410+00:00 [queued]>
[2024-04-28T12:42:26.408+0000] {taskinstance.py:2303} INFO - Starting attempt 1 of 1
[2024-04-28T12:42:26.437+0000] {taskinstance.py:2327} INFO - Executing <Task(PythonOperator): load_index_id_703831> on 2024-04-28 12:25:28.517410+00:00
[2024-04-28T12:42:26.454+0000] {standard_task_runner.py:90} INFO - Running: ['***', 'tasks', 'run', 'load_data_mb', 'load_index_id_703831', 'manual__2024-04-28T12:25:28.517410+00:00', '--job-id', '319', '--raw', '--subdir', 'DAGS_FOLDER/load_data_mb.py', '--cfg-path', '/tmp/tmp6ec3tbfr']
[2024-04-28T12:42:26.463+0000] {standard_task_runner.py:91} INFO - Job 319: Subtask load_index_id_703831
[2024-04-28T12:42:26.474+0000] {logging_mixin.py:188} WARNING - /home/***/.local/lib/python3.12/site-packages/***/task/task_runner/standard_task_runner.py:61 DeprecationWarning: This process (pid=23987) is multi-threaded, use of fork() may lead to deadlocks in the child.
[2024-04-28T12:42:26.476+0000] {standard_task_runner.py:63} INFO - Started process 23988 to run task
[2024-04-28T12:42:26.564+0000] {task_command.py:426} INFO - Running <TaskInstance: load_data_mb.load_index_id_703831 manual__2024-04-28T12:25:28.517410+00:00 [running]> on host d933ead87eb5
[2024-04-28T12:42:26.731+0000] {taskinstance.py:2644} INFO - Exporting env vars: AIRFLOW_CTX_DAG_OWNER='***' AIRFLOW_CTX_DAG_ID='load_data_mb' AIRFLOW_CTX_TASK_ID='load_index_id_703831' AIRFLOW_CTX_EXECUTION_DATE='2024-04-28T12:25:28.517410+00:00' AIRFLOW_CTX_TRY_NUMBER='1' AIRFLOW_CTX_DAG_RUN_ID='manual__2024-04-28T12:25:28.517410+00:00'
[2024-04-28T12:42:26.733+0000] {taskinstance.py:430} INFO - ::endgroup::
[2024-04-28T12:42:38.023+0000] {logging_mixin.py:188} INFO - {'index_name': 'Численность населения на начало периода', 'index_id': 703831, 'dic_names': ['Регионы', 'Тип местности и административное деление', 'По полу', 'Группы населения'], 'period_name': 'Год', 'info': 'нет новых данных'}
[2024-04-28T12:42:38.025+0000] {logging_mixin.py:188} INFO - {'index_name': 'Численность населения на начало периода', 'index_id': 703831, 'dic_names': ['Регионы', 'Национальности'], 'period_name': 'Год', 'info': 'нет новых данных'}
[2024-04-28T12:42:38.026+0000] {logging_mixin.py:188} INFO - {'index_name': 'Численность населения на начало периода', 'index_id': 703831, 'dic_names': ['Регионы', 'Тип местности и административное деление', 'По полу', 'Отдельные возрастные группы'], 'period_name': 'Год', 'info': 'нет новых данных'}
[2024-04-28T12:42:38.027+0000] {logging_mixin.py:188} INFO - {'index_name': 'Численность населения на начало периода', 'index_id': 703831, 'dic_names': ['Регионы', 'Тип местности и административное деление'], 'period_name': 'Месяц', 'info': 'нет новых данных'}
[2024-04-28T12:42:38.027+0000] {logging_mixin.py:188} INFO - {'index_name': 'Численность населения на начало периода', 'index_id': 703831, 'dic_names': ['Регионы', 'По полу'], 'period_name': 'Месяц', 'info': 'нет новых данных'}
[2024-04-28T12:42:38.028+0000] {python.py:237} INFO - Done. Returned value was: None
[2024-04-28T12:42:38.029+0000] {taskinstance.py:441} INFO - ::group::Post task execution logs
[2024-04-28T12:42:38.041+0000] {taskinstance.py:1205} INFO - Marking task as SUCCESS. dag_id=load_data_mb, task_id=load_index_id_703831, execution_date=20240428T122528, start_date=20240428T124226, end_date=20240428T124238
[2024-04-28T12:42:38.069+0000] {local_task_job_runner.py:240} INFO - Task exited with return code 0
[2024-04-28T12:42:38.097+0000] {taskinstance.py:3482} INFO - 0 downstream tasks scheduled from follow-on schedule check
[2024-04-28T12:42:38.102+0000] {local_task_job_runner.py:222} INFO - ::endgroup::
