[2024-04-27T19:36:09.525+0000] {local_task_job_runner.py:120} INFO - ::group::Pre task execution logs
[2024-04-27T19:36:09.598+0000] {taskinstance.py:2073} INFO - Dependencies all met for dep_context=non-requeueable deps ti=<TaskInstance: load_data_mb.load_index_id_20372988 manual__2024-04-27T19:35:43.429665+00:00 [queued]>
[2024-04-27T19:36:09.621+0000] {taskinstance.py:2073} INFO - Dependencies all met for dep_context=requeueable deps ti=<TaskInstance: load_data_mb.load_index_id_20372988 manual__2024-04-27T19:35:43.429665+00:00 [queued]>
[2024-04-27T19:36:09.623+0000] {taskinstance.py:2303} INFO - Starting attempt 1 of 4
[2024-04-27T19:36:09.658+0000] {taskinstance.py:2327} INFO - Executing <Task(PythonOperator): load_index_id_20372988> on 2024-04-27 19:35:43.429665+00:00
[2024-04-27T19:36:09.675+0000] {standard_task_runner.py:90} INFO - Running: ['***', 'tasks', 'run', 'load_data_mb', 'load_index_id_20372988', 'manual__2024-04-27T19:35:43.429665+00:00', '--job-id', '221', '--raw', '--subdir', 'DAGS_FOLDER/python_op.py', '--cfg-path', '/tmp/tmporb65_pj']
[2024-04-27T19:36:09.681+0000] {standard_task_runner.py:91} INFO - Job 221: Subtask load_index_id_20372988
[2024-04-27T19:36:09.683+0000] {logging_mixin.py:188} WARNING - /home/***/.local/lib/python3.12/site-packages/***/task/task_runner/standard_task_runner.py:61 DeprecationWarning: This process (pid=1172) is multi-threaded, use of fork() may lead to deadlocks in the child.
[2024-04-27T19:36:09.685+0000] {standard_task_runner.py:63} INFO - Started process 1173 to run task
[2024-04-27T19:36:09.788+0000] {task_command.py:426} INFO - Running <TaskInstance: load_data_mb.load_index_id_20372988 manual__2024-04-27T19:35:43.429665+00:00 [running]> on host d933ead87eb5
[2024-04-27T19:36:09.997+0000] {taskinstance.py:2644} INFO - Exporting env vars: AIRFLOW_CTX_DAG_OWNER='***' AIRFLOW_CTX_DAG_ID='load_data_mb' AIRFLOW_CTX_TASK_ID='load_index_id_20372988' AIRFLOW_CTX_EXECUTION_DATE='2024-04-27T19:35:43.429665+00:00' AIRFLOW_CTX_TRY_NUMBER='1' AIRFLOW_CTX_DAG_RUN_ID='manual__2024-04-27T19:35:43.429665+00:00'
[2024-04-27T19:36:10.001+0000] {taskinstance.py:430} INFO - ::endgroup::
[2024-04-27T19:36:37.647+0000] {logging_mixin.py:188} INFO - {'index_name': 'доля респондентов, отметивших, что правоохранительные органы патрулируют (на машине или пешком) по улицам в районе их проживания ', 'dic_names': ['Регионы', 'Тип местности и административное деление', 'Частота патрулирования', 'Национальности'], 'period_name': 'Два раза в год', 'info': 'нет новых данных'}
[2024-04-27T19:36:37.648+0000] {logging_mixin.py:188} INFO - {'index_name': 'доля респондентов, отметивших, что правоохранительные органы патрулируют (на машине или пешком) по улицам в районе их проживания ', 'dic_names': ['Регионы', 'Тип местности и административное деление', 'Частота патрулирования', 'Уровни образования'], 'period_name': 'Два раза в год', 'info': 'нет новых данных'}
[2024-04-27T19:36:37.649+0000] {logging_mixin.py:188} INFO - {'index_name': 'доля респондентов, отметивших, что правоохранительные органы патрулируют (на машине или пешком) по улицам в районе их проживания ', 'dic_names': ['Регионы', 'Тип местности и административное деление', 'Частота патрулирования', 'Семейное положение'], 'period_name': 'Два раза в год', 'info': 'нет новых данных'}
[2024-04-27T19:36:37.650+0000] {logging_mixin.py:188} INFO - {'index_name': 'доля респондентов, отметивших, что правоохранительные органы патрулируют (на машине или пешком) по улицам в районе их проживания ', 'dic_names': ['Регионы', 'Тип местности и административное деление', 'Частота патрулирования', 'По полу'], 'period_name': 'Два раза в год', 'info': 'нет новых данных'}
[2024-04-27T19:36:37.651+0000] {logging_mixin.py:188} INFO - {'index_name': 'доля респондентов, отметивших, что правоохранительные органы патрулируют (на машине или пешком) по улицам в районе их проживания ', 'dic_names': ['Регионы', 'Тип местности и административное деление', 'Занятость', 'Частота патрулирования'], 'period_name': 'Два раза в год', 'info': 'нет новых данных'}
[2024-04-27T19:36:37.651+0000] {logging_mixin.py:188} INFO - {'index_name': 'доля респондентов, отметивших, что правоохранительные органы патрулируют (на машине или пешком) по улицам в районе их проживания ', 'dic_names': ['Регионы', 'Тип местности и административное деление', 'Возраст', 'Частота патрулирования'], 'period_name': 'Два раза в год', 'info': 'нет новых данных'}
[2024-04-27T19:36:37.652+0000] {logging_mixin.py:188} INFO - {'index_name': 'доля респондентов, отметивших, что правоохранительные органы патрулируют (на машине или пешком) по улицам в районе их проживания ', 'dic_names': ['Регионы', 'Тип местности и административное деление', 'Частота патрулирования', 'Национальности'], 'period_name': 'Один раз в год', 'info': 'нет новых данных'}
[2024-04-27T19:36:37.653+0000] {logging_mixin.py:188} INFO - {'index_name': 'доля респондентов, отметивших, что правоохранительные органы патрулируют (на машине или пешком) по улицам в районе их проживания ', 'dic_names': ['Регионы', 'Тип местности и административное деление', 'Частота патрулирования', 'По полу'], 'period_name': 'Один раз в год', 'info': 'нет новых данных'}
[2024-04-27T19:36:37.654+0000] {logging_mixin.py:188} INFO - {'index_name': 'доля респондентов, отметивших, что правоохранительные органы патрулируют (на машине или пешком) по улицам в районе их проживания ', 'dic_names': ['Регионы', 'Тип местности и административное деление', 'Частота патрулирования', 'Семейное положение'], 'period_name': 'Один раз в год', 'info': 'нет новых данных'}
[2024-04-27T19:36:37.655+0000] {logging_mixin.py:188} INFO - {'index_name': 'доля респондентов, отметивших, что правоохранительные органы патрулируют (на машине или пешком) по улицам в районе их проживания ', 'dic_names': ['Регионы', 'Тип местности и административное деление', 'Занятость', 'Частота патрулирования'], 'period_name': 'Один раз в год', 'info': 'нет новых данных'}
[2024-04-27T19:36:37.655+0000] {logging_mixin.py:188} INFO - {'index_name': 'доля респондентов, отметивших, что правоохранительные органы патрулируют (на машине или пешком) по улицам в районе их проживания ', 'dic_names': ['Регионы', 'Тип местности и административное деление', 'Частота патрулирования', 'Уровни образования'], 'period_name': 'Один раз в год', 'info': 'нет новых данных'}
[2024-04-27T19:36:37.656+0000] {logging_mixin.py:188} INFO - {'index_name': 'доля респондентов, отметивших, что правоохранительные органы патрулируют (на машине или пешком) по улицам в районе их проживания ', 'dic_names': ['Регионы', 'Тип местности и административное деление', 'Возраст', 'Частота патрулирования'], 'period_name': 'Один раз в год', 'info': 'нет новых данных'}
[2024-04-27T19:36:37.657+0000] {python.py:237} INFO - Done. Returned value was: None
[2024-04-27T19:36:37.658+0000] {taskinstance.py:441} INFO - ::group::Post task execution logs
[2024-04-27T19:36:37.749+0000] {taskinstance.py:1205} INFO - Marking task as SUCCESS. dag_id=load_data_mb, task_id=load_index_id_20372988, execution_date=20240427T193543, start_date=20240427T193609, end_date=20240427T193637
[2024-04-27T19:36:37.945+0000] {local_task_job_runner.py:240} INFO - Task exited with return code 0
[2024-04-27T19:36:37.971+0000] {taskinstance.py:3482} INFO - 0 downstream tasks scheduled from follow-on schedule check
[2024-04-27T19:36:38.071+0000] {local_task_job_runner.py:222} INFO - ::endgroup::
