[2024-05-14T10:07:46.621+0000] {local_task_job_runner.py:120} INFO - ::group::Pre task execution logs
[2024-05-14T10:07:46.774+0000] {taskinstance.py:2073} INFO - Dependencies all met for dep_context=non-requeueable deps ti=<TaskInstance: load_data_mb.load_index_id_703039 scheduled__2024-05-13T00:00:00+00:00 [queued]>
[2024-05-14T10:07:46.939+0000] {taskinstance.py:2073} INFO - Dependencies all met for dep_context=requeueable deps ti=<TaskInstance: load_data_mb.load_index_id_703039 scheduled__2024-05-13T00:00:00+00:00 [queued]>
[2024-05-14T10:07:46.955+0000] {taskinstance.py:2303} INFO - Starting attempt 1 of 1
[2024-05-14T10:07:47.843+0000] {taskinstance.py:2327} INFO - Executing <Task(PythonOperator): load_index_id_703039> on 2024-05-13 00:00:00+00:00
[2024-05-14T10:07:47.865+0000] {standard_task_runner.py:90} INFO - Running: ['***', 'tasks', 'run', 'load_data_mb', 'load_index_id_703039', 'scheduled__2024-05-13T00:00:00+00:00', '--job-id', '523', '--raw', '--subdir', 'DAGS_FOLDER/load_data_mb.py', '--cfg-path', '/tmp/tmp5u8rva29']
[2024-05-14T10:07:47.895+0000] {standard_task_runner.py:91} INFO - Job 523: Subtask load_index_id_703039
[2024-05-14T10:07:47.899+0000] {logging_mixin.py:188} WARNING - /home/***/.local/lib/python3.12/site-packages/***/task/task_runner/standard_task_runner.py:61 DeprecationWarning: This process (pid=447) is multi-threaded, use of fork() may lead to deadlocks in the child.
[2024-05-14T10:07:47.902+0000] {standard_task_runner.py:63} INFO - Started process 448 to run task
[2024-05-14T10:07:48.133+0000] {task_command.py:426} INFO - Running <TaskInstance: load_data_mb.load_index_id_703039 scheduled__2024-05-13T00:00:00+00:00 [running]> on host d933ead87eb5
[2024-05-14T10:07:48.551+0000] {taskinstance.py:2644} INFO - Exporting env vars: AIRFLOW_CTX_DAG_OWNER='***' AIRFLOW_CTX_DAG_ID='load_data_mb' AIRFLOW_CTX_TASK_ID='load_index_id_703039' AIRFLOW_CTX_EXECUTION_DATE='2024-05-13T00:00:00+00:00' AIRFLOW_CTX_TRY_NUMBER='1' AIRFLOW_CTX_DAG_RUN_ID='scheduled__2024-05-13T00:00:00+00:00'
[2024-05-14T10:07:48.553+0000] {taskinstance.py:430} INFO - ::endgroup::
[2024-05-14T10:07:55.146+0000] {logging_mixin.py:188} INFO - {'index_name': 'Индекс цен предприятий-производителей промышленной продукции (товаров, услуг)', 'index_id': 703039, 'dic_names': ['Регионы', 'Соотнесение периодов', 'Страны', 'Виды экономической деятельности', 'Перечень промышленной продукции'], 'period_name': 'Квартал', 'info': 'ошибка талдау', 'error_code': 500}
[2024-05-14T10:07:55.149+0000] {logging_mixin.py:188} INFO - {'index_name': 'Индекс цен предприятий-производителей промышленной продукции (товаров, услуг)', 'index_id': 703039, 'dic_names': ['Регионы', 'Соотнесение периодов', 'Страны', 'Виды экономической деятельности', 'Перечень промышленной продукции'], 'period_name': 'Месяц', 'info': 'ошибка талдау', 'error_code': 500}
[2024-05-14T10:07:55.150+0000] {logging_mixin.py:188} INFO - {'index_name': 'Индекс цен предприятий-производителей промышленной продукции (товаров, услуг)', 'index_id': 703039, 'dic_names': ['Регионы', 'Соотнесение периодов', 'Страны', 'Виды экономической деятельности', 'Перечень промышленной продукции'], 'period_name': 'Месяц с накоплением', 'info': 'ошибка талдау', 'error_code': 500}
[2024-05-14T10:07:55.152+0000] {python.py:237} INFO - Done. Returned value was: None
[2024-05-14T10:07:55.154+0000] {taskinstance.py:441} INFO - ::group::Post task execution logs
[2024-05-14T10:07:55.179+0000] {taskinstance.py:1205} INFO - Marking task as SUCCESS. dag_id=load_data_mb, task_id=load_index_id_703039, execution_date=20240513T000000, start_date=20240514T100746, end_date=20240514T100755
[2024-05-14T10:07:55.255+0000] {local_task_job_runner.py:240} INFO - Task exited with return code 0
[2024-05-14T10:07:55.287+0000] {taskinstance.py:3482} INFO - 0 downstream tasks scheduled from follow-on schedule check
[2024-05-14T10:07:55.293+0000] {local_task_job_runner.py:222} INFO - ::endgroup::
