[2024-04-30T00:02:50.923+0000] {local_task_job_runner.py:120} INFO - ::group::Pre task execution logs
[2024-04-30T00:02:50.972+0000] {taskinstance.py:2073} INFO - Dependencies all met for dep_context=non-requeueable deps ti=<TaskInstance: load_data_mb.load_index_id_701188 scheduled__2024-04-29T00:00:00+00:00 [queued]>
[2024-04-30T00:02:50.985+0000] {taskinstance.py:2073} INFO - Dependencies all met for dep_context=requeueable deps ti=<TaskInstance: load_data_mb.load_index_id_701188 scheduled__2024-04-29T00:00:00+00:00 [queued]>
[2024-04-30T00:02:50.987+0000] {taskinstance.py:2303} INFO - Starting attempt 1 of 1
[2024-04-30T00:02:51.009+0000] {taskinstance.py:2327} INFO - Executing <Task(PythonOperator): load_index_id_701188> on 2024-04-29 00:00:00+00:00
[2024-04-30T00:02:51.019+0000] {standard_task_runner.py:90} INFO - Running: ['***', 'tasks', 'run', 'load_data_mb', 'load_index_id_701188', 'scheduled__2024-04-29T00:00:00+00:00', '--job-id', '377', '--raw', '--subdir', 'DAGS_FOLDER/load_data_mb.py', '--cfg-path', '/tmp/tmpvs3uryng']
[2024-04-30T00:02:51.023+0000] {standard_task_runner.py:91} INFO - Job 377: Subtask load_index_id_701188
[2024-04-30T00:02:51.033+0000] {logging_mixin.py:188} WARNING - /home/***/.local/lib/python3.12/site-packages/***/task/task_runner/standard_task_runner.py:61 DeprecationWarning: This process (pid=6934) is multi-threaded, use of fork() may lead to deadlocks in the child.
[2024-04-30T00:02:51.035+0000] {standard_task_runner.py:63} INFO - Started process 6935 to run task
[2024-04-30T00:02:51.102+0000] {task_command.py:426} INFO - Running <TaskInstance: load_data_mb.load_index_id_701188 scheduled__2024-04-29T00:00:00+00:00 [running]> on host d933ead87eb5
[2024-04-30T00:02:51.297+0000] {taskinstance.py:2644} INFO - Exporting env vars: AIRFLOW_CTX_DAG_OWNER='***' AIRFLOW_CTX_DAG_ID='load_data_mb' AIRFLOW_CTX_TASK_ID='load_index_id_701188' AIRFLOW_CTX_EXECUTION_DATE='2024-04-29T00:00:00+00:00' AIRFLOW_CTX_TRY_NUMBER='1' AIRFLOW_CTX_DAG_RUN_ID='scheduled__2024-04-29T00:00:00+00:00'
[2024-04-30T00:02:51.300+0000] {taskinstance.py:430} INFO - ::endgroup::
[2024-04-30T00:02:59.810+0000] {logging_mixin.py:188} INFO - {'index_name': 'Валовой выпуск продукции (услуг) сельского, лесного и рыбного хозяйства', 'index_id': 701188, 'dic_names': ['Регионы', 'Виды ценовых измерений'], 'period_name': 'Год', 'info': 'нет новых данных'}
[2024-04-30T00:02:59.811+0000] {logging_mixin.py:188} INFO - {'index_name': 'Валовой выпуск продукции (услуг) сельского, лесного и рыбного хозяйства', 'index_id': 701188, 'dic_names': ['Виды экономической деятельности', 'Виды ценовых измерений'], 'period_name': 'Год', 'info': 'нет новых данных'}
[2024-04-30T00:02:59.812+0000] {logging_mixin.py:188} INFO - {'index_name': 'Валовой выпуск продукции (услуг) сельского, лесного и рыбного хозяйства', 'index_id': 701188, 'dic_names': ['Регионы', 'Категории сельхозтоваропроизводителей', 'Виды ценовых измерений'], 'period_name': 'Месяц', 'info': 'нет новых данных'}
[2024-04-30T00:02:59.813+0000] {logging_mixin.py:188} INFO - {'index_name': 'Валовой выпуск продукции (услуг) сельского, лесного и рыбного хозяйства', 'index_id': 701188, 'dic_names': ['Регионы', 'Категории сельхозтоваропроизводителей', 'Виды ценовых измерений'], 'period_name': 'Месяц с накоплением', 'info': 'нет новых данных'}
[2024-04-30T00:02:59.813+0000] {python.py:237} INFO - Done. Returned value was: None
[2024-04-30T00:02:59.814+0000] {taskinstance.py:441} INFO - ::group::Post task execution logs
[2024-04-30T00:02:59.829+0000] {taskinstance.py:1205} INFO - Marking task as SUCCESS. dag_id=load_data_mb, task_id=load_index_id_701188, execution_date=20240429T000000, start_date=20240430T000250, end_date=20240430T000259
[2024-04-30T00:02:59.869+0000] {local_task_job_runner.py:240} INFO - Task exited with return code 0
[2024-04-30T00:02:59.891+0000] {taskinstance.py:3482} INFO - 0 downstream tasks scheduled from follow-on schedule check
[2024-04-30T00:02:59.896+0000] {local_task_job_runner.py:222} INFO - ::endgroup::
