[2024-06-11T21:29:20.064+0000] {local_task_job_runner.py:120} INFO - ::group::Pre task execution logs
[2024-06-11T21:29:20.132+0000] {taskinstance.py:2073} INFO - Dependencies all met for dep_context=non-requeueable deps ti=<TaskInstance: load_data_mb.load_index_id_2709380 scheduled__2024-06-10T00:00:00+00:00 [queued]>
[2024-06-11T21:29:20.147+0000] {taskinstance.py:2073} INFO - Dependencies all met for dep_context=requeueable deps ti=<TaskInstance: load_data_mb.load_index_id_2709380 scheduled__2024-06-10T00:00:00+00:00 [queued]>
[2024-06-11T21:29:20.148+0000] {taskinstance.py:2303} INFO - Starting attempt 1 of 1
[2024-06-11T21:29:20.178+0000] {taskinstance.py:2327} INFO - Executing <Task(PythonOperator): load_index_id_2709380> on 2024-06-10 00:00:00+00:00
[2024-06-11T21:29:20.191+0000] {standard_task_runner.py:90} INFO - Running: ['***', 'tasks', 'run', 'load_data_mb', 'load_index_id_2709380', 'scheduled__2024-06-10T00:00:00+00:00', '--job-id', '140', '--raw', '--subdir', 'DAGS_FOLDER/load_data_mb.py', '--cfg-path', '/tmp/tmpcb70kpb8']
[2024-06-11T21:29:20.216+0000] {logging_mixin.py:188} WARNING - /home/***/.local/lib/python3.12/site-packages/***/task/task_runner/standard_task_runner.py:61 DeprecationWarning: This process (pid=265) is multi-threaded, use of fork() may lead to deadlocks in the child.
[2024-06-11T21:29:20.229+0000] {standard_task_runner.py:91} INFO - Job 140: Subtask load_index_id_2709380
[2024-06-11T21:29:20.229+0000] {standard_task_runner.py:63} INFO - Started process 266 to run task
[2024-06-11T21:29:20.412+0000] {task_command.py:426} INFO - Running <TaskInstance: load_data_mb.load_index_id_2709380 scheduled__2024-06-10T00:00:00+00:00 [running]> on host e6f094d2943c
[2024-06-11T21:29:20.789+0000] {taskinstance.py:2644} INFO - Exporting env vars: AIRFLOW_CTX_DAG_OWNER='***' AIRFLOW_CTX_DAG_ID='load_data_mb' AIRFLOW_CTX_TASK_ID='load_index_id_2709380' AIRFLOW_CTX_EXECUTION_DATE='2024-06-10T00:00:00+00:00' AIRFLOW_CTX_TRY_NUMBER='1' AIRFLOW_CTX_DAG_RUN_ID='scheduled__2024-06-10T00:00:00+00:00'
[2024-06-11T21:29:20.792+0000] {taskinstance.py:430} INFO - ::endgroup::
[2024-06-11T21:29:20.907+0000] {logging_mixin.py:188} INFO - Ошибка в коде или неверный json
[2024-06-11T21:29:20.912+0000] {taskinstance.py:441} INFO - ::group::Post task execution logs
[2024-06-11T21:29:20.915+0000] {taskinstance.py:2892} ERROR - Task failed due to SystemExit(1)
[2024-06-11T21:29:21.049+0000] {taskinstance.py:1205} INFO - Marking task as FAILED. dag_id=load_data_mb, task_id=load_index_id_2709380, execution_date=20240610T000000, start_date=20240611T212920, end_date=20240611T212921
[2024-06-11T21:29:21.133+0000] {standard_task_runner.py:110} ERROR - Failed to execute job 140 for task load_index_id_2709380 (Task failed due to SystemExit(1); 266)
[2024-06-11T21:29:21.177+0000] {local_task_job_runner.py:240} INFO - Task exited with return code 1
[2024-06-11T21:29:21.234+0000] {taskinstance.py:3482} INFO - 0 downstream tasks scheduled from follow-on schedule check
[2024-06-11T21:29:21.245+0000] {local_task_job_runner.py:222} INFO - ::endgroup::
[2024-06-11T21:30:17.146+0000] {local_task_job_runner.py:120} INFO - ::group::Pre task execution logs
[2024-06-11T21:30:17.216+0000] {taskinstance.py:2073} INFO - Dependencies all met for dep_context=non-requeueable deps ti=<TaskInstance: load_data_mb.load_index_id_2709380 scheduled__2024-06-10T00:00:00+00:00 [queued]>
[2024-06-11T21:30:17.233+0000] {taskinstance.py:2073} INFO - Dependencies all met for dep_context=requeueable deps ti=<TaskInstance: load_data_mb.load_index_id_2709380 scheduled__2024-06-10T00:00:00+00:00 [queued]>
[2024-06-11T21:30:17.234+0000] {taskinstance.py:2303} INFO - Starting attempt 1 of 1
[2024-06-11T21:30:17.255+0000] {taskinstance.py:2327} INFO - Executing <Task(PythonOperator): load_index_id_2709380> on 2024-06-10 00:00:00+00:00
[2024-06-11T21:30:17.267+0000] {logging_mixin.py:188} WARNING - /home/***/.local/lib/python3.12/site-packages/***/task/task_runner/standard_task_runner.py:61 DeprecationWarning: This process (pid=343) is multi-threaded, use of fork() may lead to deadlocks in the child.
[2024-06-11T21:30:17.266+0000] {standard_task_runner.py:90} INFO - Running: ['***', 'tasks', 'run', 'load_data_mb', 'load_index_id_2709380', 'scheduled__2024-06-10T00:00:00+00:00', '--job-id', '168', '--raw', '--subdir', 'DAGS_FOLDER/load_data_mb.py', '--cfg-path', '/tmp/tmph6djlo1_']
[2024-06-11T21:30:17.269+0000] {standard_task_runner.py:63} INFO - Started process 344 to run task
[2024-06-11T21:30:17.269+0000] {standard_task_runner.py:91} INFO - Job 168: Subtask load_index_id_2709380
[2024-06-11T21:30:17.345+0000] {task_command.py:426} INFO - Running <TaskInstance: load_data_mb.load_index_id_2709380 scheduled__2024-06-10T00:00:00+00:00 [running]> on host e6f094d2943c
[2024-06-11T21:30:17.501+0000] {taskinstance.py:2644} INFO - Exporting env vars: AIRFLOW_CTX_DAG_OWNER='***' AIRFLOW_CTX_DAG_ID='load_data_mb' AIRFLOW_CTX_TASK_ID='load_index_id_2709380' AIRFLOW_CTX_EXECUTION_DATE='2024-06-10T00:00:00+00:00' AIRFLOW_CTX_TRY_NUMBER='1' AIRFLOW_CTX_DAG_RUN_ID='scheduled__2024-06-10T00:00:00+00:00'
[2024-06-11T21:30:17.503+0000] {taskinstance.py:430} INFO - ::endgroup::
[2024-06-11T21:30:17.560+0000] {logging_mixin.py:188} INFO - Ошибка в коде или неверный json
[2024-06-11T21:30:17.561+0000] {taskinstance.py:441} INFO - ::group::Post task execution logs
[2024-06-11T21:30:17.562+0000] {taskinstance.py:2892} ERROR - Task failed due to SystemExit(1)
[2024-06-11T21:30:17.572+0000] {taskinstance.py:1205} INFO - Marking task as FAILED. dag_id=load_data_mb, task_id=load_index_id_2709380, execution_date=20240610T000000, start_date=20240611T213017, end_date=20240611T213017
[2024-06-11T21:30:17.595+0000] {standard_task_runner.py:110} ERROR - Failed to execute job 168 for task load_index_id_2709380 (Task failed due to SystemExit(1); 344)
[2024-06-11T21:30:17.645+0000] {local_task_job_runner.py:240} INFO - Task exited with return code 1
[2024-06-11T21:30:17.671+0000] {taskinstance.py:3482} INFO - 0 downstream tasks scheduled from follow-on schedule check
[2024-06-11T21:30:17.675+0000] {local_task_job_runner.py:222} INFO - ::endgroup::
[2024-06-11T21:31:26.541+0000] {local_task_job_runner.py:120} INFO - ::group::Pre task execution logs
[2024-06-11T21:31:26.621+0000] {taskinstance.py:2073} INFO - Dependencies all met for dep_context=non-requeueable deps ti=<TaskInstance: load_data_mb.load_index_id_2709380 scheduled__2024-06-10T00:00:00+00:00 [queued]>
[2024-06-11T21:31:26.643+0000] {taskinstance.py:2073} INFO - Dependencies all met for dep_context=requeueable deps ti=<TaskInstance: load_data_mb.load_index_id_2709380 scheduled__2024-06-10T00:00:00+00:00 [queued]>
[2024-06-11T21:31:26.644+0000] {taskinstance.py:2303} INFO - Starting attempt 1 of 1
[2024-06-11T21:31:26.673+0000] {taskinstance.py:2327} INFO - Executing <Task(PythonOperator): load_index_id_2709380> on 2024-06-10 00:00:00+00:00
[2024-06-11T21:31:26.685+0000] {logging_mixin.py:188} WARNING - /home/***/.local/lib/python3.12/site-packages/***/task/task_runner/standard_task_runner.py:61 DeprecationWarning: This process (pid=414) is multi-threaded, use of fork() may lead to deadlocks in the child.
[2024-06-11T21:31:26.684+0000] {standard_task_runner.py:90} INFO - Running: ['***', 'tasks', 'run', 'load_data_mb', 'load_index_id_2709380', 'scheduled__2024-06-10T00:00:00+00:00', '--job-id', '190', '--raw', '--subdir', 'DAGS_FOLDER/load_data_mb.py', '--cfg-path', '/tmp/tmp5xi3r0sz']
[2024-06-11T21:31:26.687+0000] {standard_task_runner.py:63} INFO - Started process 415 to run task
[2024-06-11T21:31:26.688+0000] {standard_task_runner.py:91} INFO - Job 190: Subtask load_index_id_2709380
[2024-06-11T21:31:26.780+0000] {task_command.py:426} INFO - Running <TaskInstance: load_data_mb.load_index_id_2709380 scheduled__2024-06-10T00:00:00+00:00 [running]> on host e6f094d2943c
[2024-06-11T21:31:26.917+0000] {taskinstance.py:2644} INFO - Exporting env vars: AIRFLOW_CTX_DAG_OWNER='***' AIRFLOW_CTX_DAG_ID='load_data_mb' AIRFLOW_CTX_TASK_ID='load_index_id_2709380' AIRFLOW_CTX_EXECUTION_DATE='2024-06-10T00:00:00+00:00' AIRFLOW_CTX_TRY_NUMBER='1' AIRFLOW_CTX_DAG_RUN_ID='scheduled__2024-06-10T00:00:00+00:00'
[2024-06-11T21:31:26.919+0000] {taskinstance.py:430} INFO - ::endgroup::
[2024-06-11T21:31:26.977+0000] {logging_mixin.py:188} INFO - Ошибка в коде или неверный json
[2024-06-11T21:31:26.978+0000] {taskinstance.py:441} INFO - ::group::Post task execution logs
[2024-06-11T21:31:26.980+0000] {taskinstance.py:2892} ERROR - Task failed due to SystemExit(1)
[2024-06-11T21:31:26.999+0000] {taskinstance.py:1205} INFO - Marking task as FAILED. dag_id=load_data_mb, task_id=load_index_id_2709380, execution_date=20240610T000000, start_date=20240611T213126, end_date=20240611T213126
[2024-06-11T21:31:27.031+0000] {standard_task_runner.py:110} ERROR - Failed to execute job 190 for task load_index_id_2709380 (Task failed due to SystemExit(1); 415)
[2024-06-11T21:31:27.064+0000] {local_task_job_runner.py:240} INFO - Task exited with return code 1
[2024-06-11T21:31:27.094+0000] {taskinstance.py:3482} INFO - 0 downstream tasks scheduled from follow-on schedule check
[2024-06-11T21:31:27.104+0000] {local_task_job_runner.py:222} INFO - ::endgroup::
[2024-06-11T21:41:31.620+0000] {local_task_job_runner.py:120} INFO - ::group::Pre task execution logs
[2024-06-11T21:41:31.662+0000] {taskinstance.py:2073} INFO - Dependencies all met for dep_context=non-requeueable deps ti=<TaskInstance: load_data_mb.load_index_id_2709380 scheduled__2024-06-10T00:00:00+00:00 [queued]>
[2024-06-11T21:41:31.675+0000] {taskinstance.py:2073} INFO - Dependencies all met for dep_context=requeueable deps ti=<TaskInstance: load_data_mb.load_index_id_2709380 scheduled__2024-06-10T00:00:00+00:00 [queued]>
[2024-06-11T21:41:31.676+0000] {taskinstance.py:2303} INFO - Starting attempt 1 of 1
[2024-06-11T21:41:31.696+0000] {taskinstance.py:2327} INFO - Executing <Task(PythonOperator): load_index_id_2709380> on 2024-06-10 00:00:00+00:00
[2024-06-11T21:41:31.705+0000] {standard_task_runner.py:90} INFO - Running: ['***', 'tasks', 'run', 'load_data_mb', 'load_index_id_2709380', 'scheduled__2024-06-10T00:00:00+00:00', '--job-id', '247', '--raw', '--subdir', 'DAGS_FOLDER/load_data.py', '--cfg-path', '/tmp/tmp93f14zpk']
[2024-06-11T21:41:31.709+0000] {standard_task_runner.py:91} INFO - Job 247: Subtask load_index_id_2709380
[2024-06-11T21:41:31.710+0000] {logging_mixin.py:188} WARNING - /home/***/.local/lib/python3.12/site-packages/***/task/task_runner/standard_task_runner.py:61 DeprecationWarning: This process (pid=230) is multi-threaded, use of fork() may lead to deadlocks in the child.
[2024-06-11T21:41:31.712+0000] {standard_task_runner.py:63} INFO - Started process 231 to run task
[2024-06-11T21:41:31.784+0000] {task_command.py:426} INFO - Running <TaskInstance: load_data_mb.load_index_id_2709380 scheduled__2024-06-10T00:00:00+00:00 [running]> on host 8195540d7f15
[2024-06-11T21:41:31.909+0000] {taskinstance.py:2644} INFO - Exporting env vars: AIRFLOW_CTX_DAG_OWNER='***' AIRFLOW_CTX_DAG_ID='load_data_mb' AIRFLOW_CTX_TASK_ID='load_index_id_2709380' AIRFLOW_CTX_EXECUTION_DATE='2024-06-10T00:00:00+00:00' AIRFLOW_CTX_TRY_NUMBER='1' AIRFLOW_CTX_DAG_RUN_ID='scheduled__2024-06-10T00:00:00+00:00'
[2024-06-11T21:41:31.910+0000] {taskinstance.py:430} INFO - ::endgroup::
[2024-06-11T21:41:31.959+0000] {taskinstance.py:441} INFO - ::group::Post task execution logs
[2024-06-11T21:41:31.960+0000] {taskinstance.py:2890} ERROR - Task failed with exception
Traceback (most recent call last):
  File "/home/airflow/.local/lib/python3.12/site-packages/airflow/models/taskinstance.py", line 465, in _execute_task
    result = _execute_callable(context=context, **execute_callable_kwargs)
             ^^^^^^^^^^^^^^^^^^^^^^^^^^^^^^^^^^^^^^^^^^^^^^^^^^^^^^^^^^^^^
  File "/home/airflow/.local/lib/python3.12/site-packages/airflow/models/taskinstance.py", line 432, in _execute_callable
    return execute_callable(context=context, **execute_callable_kwargs)
           ^^^^^^^^^^^^^^^^^^^^^^^^^^^^^^^^^^^^^^^^^^^^^^^^^^^^^^^^^^^^
  File "/home/airflow/.local/lib/python3.12/site-packages/airflow/models/baseoperator.py", line 400, in wrapper
    return func(self, *args, **kwargs)
           ^^^^^^^^^^^^^^^^^^^^^^^^^^^
  File "/home/airflow/.local/lib/python3.12/site-packages/airflow/operators/python.py", line 235, in execute
    return_value = self.execute_callable()
                   ^^^^^^^^^^^^^^^^^^^^^^^
  File "/home/airflow/.local/lib/python3.12/site-packages/airflow/operators/python.py", line 252, in execute_callable
    return self.python_callable(*self.op_args, **self.op_kwargs)
           ^^^^^^^^^^^^^^^^^^^^^^^^^^^^^^^^^^^^^^^^^^^^^^^^^^^^^
  File "/opt/airflow/dags/load_data.py", line 19, in load_index
    print(response.json()["info"])
          ~~~~~~~~~~~~~~~^^^^^^^^
KeyError: 'info'
[2024-06-11T21:41:31.977+0000] {taskinstance.py:1205} INFO - Marking task as FAILED. dag_id=load_data_mb, task_id=load_index_id_2709380, execution_date=20240610T000000, start_date=20240611T214131, end_date=20240611T214131
[2024-06-11T21:41:31.998+0000] {standard_task_runner.py:110} ERROR - Failed to execute job 247 for task load_index_id_2709380 ('info'; 231)
[2024-06-11T21:41:32.048+0000] {local_task_job_runner.py:240} INFO - Task exited with return code 1
[2024-06-11T21:41:32.083+0000] {taskinstance.py:3482} INFO - 0 downstream tasks scheduled from follow-on schedule check
[2024-06-11T21:41:32.089+0000] {local_task_job_runner.py:222} INFO - ::endgroup::
