[2024-04-25T21:14:01.260+0000] {local_task_job_runner.py:120} INFO - ::group::Pre task execution logs
[2024-04-25T21:14:01.308+0000] {taskinstance.py:2073} INFO - Dependencies all met for dep_context=non-requeueable deps ti=<TaskInstance: my_dag.task_6 manual__2024-04-25T21:13:50.626031+00:00 [queued]>
[2024-04-25T21:14:01.321+0000] {taskinstance.py:2073} INFO - Dependencies all met for dep_context=requeueable deps ti=<TaskInstance: my_dag.task_6 manual__2024-04-25T21:13:50.626031+00:00 [queued]>
[2024-04-25T21:14:01.322+0000] {taskinstance.py:2303} INFO - Starting attempt 1 of 4
[2024-04-25T21:14:01.345+0000] {taskinstance.py:2327} INFO - Executing <Task(PythonOperator): task_6> on 2024-04-25 21:13:50.626031+00:00
[2024-04-25T21:14:01.356+0000] {standard_task_runner.py:90} INFO - Running: ['***', 'tasks', 'run', 'my_dag', 'task_6', 'manual__2024-04-25T21:13:50.626031+00:00', '--job-id', '144', '--raw', '--subdir', 'DAGS_FOLDER/python_op.py', '--cfg-path', '/tmp/tmp61kbtnkc']
[2024-04-25T21:14:01.360+0000] {standard_task_runner.py:91} INFO - Job 144: Subtask task_6
[2024-04-25T21:14:01.360+0000] {logging_mixin.py:188} WARNING - /home/***/.local/lib/python3.12/site-packages/***/task/task_runner/standard_task_runner.py:61 DeprecationWarning: This process (pid=1823) is multi-threaded, use of fork() may lead to deadlocks in the child.
[2024-04-25T21:14:01.362+0000] {standard_task_runner.py:63} INFO - Started process 1824 to run task
[2024-04-25T21:14:01.431+0000] {task_command.py:426} INFO - Running <TaskInstance: my_dag.task_6 manual__2024-04-25T21:13:50.626031+00:00 [running]> on host f9a12f9b65d4
[2024-04-25T21:14:01.544+0000] {taskinstance.py:2644} INFO - Exporting env vars: AIRFLOW_CTX_DAG_OWNER='***' AIRFLOW_CTX_DAG_ID='my_dag' AIRFLOW_CTX_TASK_ID='task_6' AIRFLOW_CTX_EXECUTION_DATE='2024-04-25T21:13:50.626031+00:00' AIRFLOW_CTX_TRY_NUMBER='1' AIRFLOW_CTX_DAG_RUN_ID='manual__2024-04-25T21:13:50.626031+00:00'
[2024-04-25T21:14:01.546+0000] {taskinstance.py:430} INFO - ::endgroup::
[2024-04-25T21:14:01.562+0000] {logging_mixin.py:188} INFO - 6
[2024-04-25T21:14:01.563+0000] {logging_mixin.py:188} INFO - test
[2024-04-25T21:14:01.564+0000] {python.py:237} INFO - Done. Returned value was: None
[2024-04-25T21:14:01.566+0000] {taskinstance.py:441} INFO - ::group::Post task execution logs
[2024-04-25T21:14:01.577+0000] {taskinstance.py:1205} INFO - Marking task as SUCCESS. dag_id=my_dag, task_id=task_6, execution_date=20240425T211350, start_date=20240425T211401, end_date=20240425T211401
[2024-04-25T21:14:01.618+0000] {local_task_job_runner.py:240} INFO - Task exited with return code 0
[2024-04-25T21:14:01.647+0000] {taskinstance.py:3482} INFO - 0 downstream tasks scheduled from follow-on schedule check
[2024-04-25T21:14:01.653+0000] {local_task_job_runner.py:222} INFO - ::endgroup::
