[2024-04-29T19:28:49.130+0000] {local_task_job_runner.py:120} INFO - ::group::Pre task execution logs
[2024-04-29T19:28:49.408+0000] {taskinstance.py:2073} INFO - Dependencies all met for dep_context=non-requeueable deps ti=<TaskInstance: load_data_mb.load_index_id_701852 scheduled__2024-04-28T00:00:00+00:00 [queued]>
[2024-04-29T19:28:49.443+0000] {taskinstance.py:2073} INFO - Dependencies all met for dep_context=requeueable deps ti=<TaskInstance: load_data_mb.load_index_id_701852 scheduled__2024-04-28T00:00:00+00:00 [queued]>
[2024-04-29T19:28:49.444+0000] {taskinstance.py:2303} INFO - Starting attempt 1 of 1
[2024-04-29T19:28:49.505+0000] {taskinstance.py:2327} INFO - Executing <Task(PythonOperator): load_index_id_701852> on 2024-04-28 00:00:00+00:00
[2024-04-29T19:28:49.532+0000] {standard_task_runner.py:90} INFO - Running: ['***', 'tasks', 'run', 'load_data_mb', 'load_index_id_701852', 'scheduled__2024-04-28T00:00:00+00:00', '--job-id', '362', '--raw', '--subdir', 'DAGS_FOLDER/load_data_mb.py', '--cfg-path', '/tmp/tmpq71jonq3']
[2024-04-29T19:28:49.561+0000] {standard_task_runner.py:91} INFO - Job 362: Subtask load_index_id_701852
[2024-04-29T19:28:49.579+0000] {logging_mixin.py:188} WARNING - /home/***/.local/lib/python3.12/site-packages/***/task/task_runner/standard_task_runner.py:61 DeprecationWarning: This process (pid=922) is multi-threaded, use of fork() may lead to deadlocks in the child.
[2024-04-29T19:28:49.581+0000] {standard_task_runner.py:63} INFO - Started process 923 to run task
[2024-04-29T19:28:49.844+0000] {task_command.py:426} INFO - Running <TaskInstance: load_data_mb.load_index_id_701852 scheduled__2024-04-28T00:00:00+00:00 [running]> on host d933ead87eb5
[2024-04-29T19:28:50.031+0000] {taskinstance.py:2644} INFO - Exporting env vars: AIRFLOW_CTX_DAG_OWNER='***' AIRFLOW_CTX_DAG_ID='load_data_mb' AIRFLOW_CTX_TASK_ID='load_index_id_701852' AIRFLOW_CTX_EXECUTION_DATE='2024-04-28T00:00:00+00:00' AIRFLOW_CTX_TRY_NUMBER='1' AIRFLOW_CTX_DAG_RUN_ID='scheduled__2024-04-28T00:00:00+00:00'
[2024-04-29T19:28:50.033+0000] {taskinstance.py:430} INFO - ::endgroup::
[2024-04-29T19:29:10.150+0000] {logging_mixin.py:188} INFO - {'index_name': 'индекс физического объема инвестиций в основной капитал по направлениям использования', 'index_id': 701852, 'dic_names': ['Регионы', 'Виды экономической деятельности', 'Тип местности и административное деление', 'Формы и видов собственности', 'Соотнесение периодов'], 'period_name': 'Год', 'info': 'нет новых данных'}
[2024-04-29T19:29:10.151+0000] {logging_mixin.py:188} INFO - {'index_name': 'индекс физического объема инвестиций в основной капитал по направлениям использования', 'index_id': 701852, 'dic_names': ['Регионы', 'Виды экономической деятельности', 'Тип местности и административное деление', 'Формы и видов собственности', 'Соотнесение периодов'], 'period_name': 'Месяц с накоплением', 'info': 'нет новых данных'}
[2024-04-29T19:29:10.152+0000] {logging_mixin.py:188} INFO - {'index_name': 'индекс физического объема инвестиций в основной капитал по направлениям использования', 'index_id': 701852, 'dic_names': ['Регионы', 'Виды экономической деятельности', 'Тип местности и административное деление', 'Размерность юридических лиц, филиалов и представительств, а также субъектов индивидуального предпринимательства по численности работников', 'Соотнесение периодов'], 'period_name': 'Месяц с накоплением', 'info': 'нет новых данных'}
[2024-04-29T19:29:10.153+0000] {logging_mixin.py:188} INFO - {'index_name': 'индекс физического объема инвестиций в основной капитал по направлениям использования', 'index_id': 701852, 'dic_names': ['Регионы', 'Тип местности и административное деление', 'Соотнесение периодов', 'Виды экономической деятельности'], 'period_name': 'Месяц с накоплением', 'info': 'нет новых данных'}
[2024-04-29T19:29:10.153+0000] {logging_mixin.py:188} INFO - {'index_name': 'индекс физического объема инвестиций в основной капитал по направлениям использования', 'index_id': 701852, 'dic_names': ['Регионы', 'Формы и видов собственности', 'Соотнесение периодов', 'Виды экономической деятельности'], 'period_name': 'Месяц с накоплением', 'info': 'нет новых данных'}
[2024-04-29T19:29:10.154+0000] {logging_mixin.py:188} INFO - {'index_name': 'индекс физического объема инвестиций в основной капитал по направлениям использования', 'index_id': 701852, 'dic_names': ['Регионы', 'Размерность юридических лиц, филиалов и представительств, а также субъектов индивидуального предпринимательства по численности работников', 'Соотнесение периодов', 'Виды экономической деятельности'], 'period_name': 'Месяц с накоплением', 'info': 'нет новых данных'}
[2024-04-29T19:29:10.155+0000] {logging_mixin.py:188} INFO - {'index_name': 'индекс физического объема инвестиций в основной капитал по направлениям использования', 'index_id': 701852, 'dic_names': ['Регионы', 'Виды экономической деятельности', 'Тип местности и административное деление', 'Размерность юридических лиц, филиалов и представительств, а также субъектов индивидуального предпринимательства по численности работников', 'Формы и видов собственности', 'Соотнесение периодов'], 'period_name': 'Месяц с накоплением', 'info': 'нет новых данных'}
[2024-04-29T19:29:10.156+0000] {python.py:237} INFO - Done. Returned value was: None
[2024-04-29T19:29:10.157+0000] {taskinstance.py:441} INFO - ::group::Post task execution logs
[2024-04-29T19:29:10.170+0000] {taskinstance.py:1205} INFO - Marking task as SUCCESS. dag_id=load_data_mb, task_id=load_index_id_701852, execution_date=20240428T000000, start_date=20240429T192849, end_date=20240429T192910
[2024-04-29T19:29:10.208+0000] {local_task_job_runner.py:240} INFO - Task exited with return code 0
[2024-04-29T19:29:10.227+0000] {taskinstance.py:3482} INFO - 0 downstream tasks scheduled from follow-on schedule check
[2024-04-29T19:29:10.233+0000] {local_task_job_runner.py:222} INFO - ::endgroup::
