[2024-04-28T08:07:12.838+0000] {local_task_job_runner.py:120} INFO - ::group::Pre task execution logs
[2024-04-28T08:07:12.913+0000] {taskinstance.py:2073} INFO - Dependencies all met for dep_context=non-requeueable deps ti=<TaskInstance: load_data_mb.load_index_id_701228 manual__2024-04-28T08:06:57.479140+00:00 [queued]>
[2024-04-28T08:07:12.930+0000] {taskinstance.py:2073} INFO - Dependencies all met for dep_context=requeueable deps ti=<TaskInstance: load_data_mb.load_index_id_701228 manual__2024-04-28T08:06:57.479140+00:00 [queued]>
[2024-04-28T08:07:12.931+0000] {taskinstance.py:2303} INFO - Starting attempt 1 of 1
[2024-04-28T08:07:12.955+0000] {taskinstance.py:2327} INFO - Executing <Task(PythonOperator): load_index_id_701228> on 2024-04-28 08:06:57.479140+00:00
[2024-04-28T08:07:12.965+0000] {standard_task_runner.py:90} INFO - Running: ['***', 'tasks', 'run', 'load_data_mb', 'load_index_id_701228', 'manual__2024-04-28T08:06:57.479140+00:00', '--job-id', '277', '--raw', '--subdir', 'DAGS_FOLDER/load_data_mb.py', '--cfg-path', '/tmp/tmpci3n2a7j']
[2024-04-28T08:07:12.969+0000] {standard_task_runner.py:91} INFO - Job 277: Subtask load_index_id_701228
[2024-04-28T08:07:12.980+0000] {logging_mixin.py:188} WARNING - /home/***/.local/lib/python3.12/site-packages/***/task/task_runner/standard_task_runner.py:61 DeprecationWarning: This process (pid=17899) is multi-threaded, use of fork() may lead to deadlocks in the child.
[2024-04-28T08:07:12.981+0000] {standard_task_runner.py:63} INFO - Started process 17900 to run task
[2024-04-28T08:07:13.056+0000] {task_command.py:426} INFO - Running <TaskInstance: load_data_mb.load_index_id_701228 manual__2024-04-28T08:06:57.479140+00:00 [running]> on host d933ead87eb5
[2024-04-28T08:07:13.216+0000] {taskinstance.py:2644} INFO - Exporting env vars: AIRFLOW_CTX_DAG_OWNER='***' AIRFLOW_CTX_DAG_ID='load_data_mb' AIRFLOW_CTX_TASK_ID='load_index_id_701228' AIRFLOW_CTX_EXECUTION_DATE='2024-04-28T08:06:57.479140+00:00' AIRFLOW_CTX_TRY_NUMBER='1' AIRFLOW_CTX_DAG_RUN_ID='manual__2024-04-28T08:06:57.479140+00:00'
[2024-04-28T08:07:13.218+0000] {taskinstance.py:430} INFO - ::endgroup::
[2024-04-28T08:07:21.902+0000] {logging_mixin.py:188} INFO - {'index_name': 'Индекс физического объема валовой продукции животноводства', 'index_id': 701228, 'dic_names': ['Регионы', 'Категории сельхозтоваропроизводителей', 'Соотнесение периодов'], 'period_name': 'Год', 'info': 'нет новых данных'}
[2024-04-28T08:07:21.903+0000] {logging_mixin.py:188} INFO - {'index_name': 'Индекс физического объема валовой продукции животноводства', 'index_id': 701228, 'dic_names': ['Регионы', 'Виды экономической деятельности', 'Категории сельхозтоваропроизводителей', 'Соотнесение периодов'], 'period_name': 'Год', 'info': 'нет новых данных'}
[2024-04-28T08:07:21.904+0000] {logging_mixin.py:188} INFO - {'index_name': 'Индекс физического объема валовой продукции животноводства', 'index_id': 701228, 'dic_names': ['Регионы', 'Категории сельхозтоваропроизводителей', 'Соотнесение периодов'], 'period_name': 'Месяц', 'info': 'нет новых данных'}
[2024-04-28T08:07:21.904+0000] {logging_mixin.py:188} INFO - {'index_name': 'Индекс физического объема валовой продукции животноводства', 'index_id': 701228, 'dic_names': ['Регионы', 'Категории сельхозтоваропроизводителей', 'Соотнесение периодов'], 'period_name': 'Месяц с накоплением', 'info': 'нет новых данных'}
[2024-04-28T08:07:21.905+0000] {python.py:237} INFO - Done. Returned value was: None
[2024-04-28T08:07:21.906+0000] {taskinstance.py:441} INFO - ::group::Post task execution logs
[2024-04-28T08:07:21.920+0000] {taskinstance.py:1205} INFO - Marking task as SUCCESS. dag_id=load_data_mb, task_id=load_index_id_701228, execution_date=20240428T080657, start_date=20240428T080712, end_date=20240428T080721
[2024-04-28T08:07:21.972+0000] {local_task_job_runner.py:240} INFO - Task exited with return code 0
[2024-04-28T08:07:21.998+0000] {taskinstance.py:3482} INFO - 0 downstream tasks scheduled from follow-on schedule check
[2024-04-28T08:07:22.003+0000] {local_task_job_runner.py:222} INFO - ::endgroup::
