[2024-05-15T07:23:22.090+0000] {local_task_job_runner.py:120} INFO - ::group::Pre task execution logs
[2024-05-15T07:23:22.193+0000] {taskinstance.py:2073} INFO - Dependencies all met for dep_context=non-requeueable deps ti=<TaskInstance: load_data_mb.load_index_id_701852 scheduled__2024-05-14T00:00:00+00:00 [queued]>
[2024-05-15T07:23:22.222+0000] {taskinstance.py:2073} INFO - Dependencies all met for dep_context=requeueable deps ti=<TaskInstance: load_data_mb.load_index_id_701852 scheduled__2024-05-14T00:00:00+00:00 [queued]>
[2024-05-15T07:23:22.225+0000] {taskinstance.py:2303} INFO - Starting attempt 1 of 1
[2024-05-15T07:23:22.256+0000] {taskinstance.py:2327} INFO - Executing <Task(PythonOperator): load_index_id_701852> on 2024-05-14 00:00:00+00:00
[2024-05-15T07:23:22.269+0000] {standard_task_runner.py:90} INFO - Running: ['***', 'tasks', 'run', 'load_data_mb', 'load_index_id_701852', 'scheduled__2024-05-14T00:00:00+00:00', '--job-id', '577', '--raw', '--subdir', 'DAGS_FOLDER/load_data_mb.py', '--cfg-path', '/tmp/tmpk9lm6l6o']
[2024-05-15T07:23:22.275+0000] {standard_task_runner.py:91} INFO - Job 577: Subtask load_index_id_701852
[2024-05-15T07:23:22.278+0000] {logging_mixin.py:188} WARNING - /home/***/.local/lib/python3.12/site-packages/***/task/task_runner/standard_task_runner.py:61 DeprecationWarning: This process (pid=509) is multi-threaded, use of fork() may lead to deadlocks in the child.
[2024-05-15T07:23:22.282+0000] {standard_task_runner.py:63} INFO - Started process 510 to run task
[2024-05-15T07:23:22.374+0000] {task_command.py:426} INFO - Running <TaskInstance: load_data_mb.load_index_id_701852 scheduled__2024-05-14T00:00:00+00:00 [running]> on host d933ead87eb5
[2024-05-15T07:23:22.565+0000] {taskinstance.py:2644} INFO - Exporting env vars: AIRFLOW_CTX_DAG_OWNER='***' AIRFLOW_CTX_DAG_ID='load_data_mb' AIRFLOW_CTX_TASK_ID='load_index_id_701852' AIRFLOW_CTX_EXECUTION_DATE='2024-05-14T00:00:00+00:00' AIRFLOW_CTX_TRY_NUMBER='1' AIRFLOW_CTX_DAG_RUN_ID='scheduled__2024-05-14T00:00:00+00:00'
[2024-05-15T07:23:22.567+0000] {taskinstance.py:430} INFO - ::endgroup::
[2024-05-15T07:23:42.128+0000] {logging_mixin.py:188} INFO - {'index_name': 'индекс физического объема инвестиций в основной капитал по направлениям использования', 'index_id': 701852, 'dic_names': ['Регионы', 'Виды экономической деятельности', 'Тип местности и административное деление', 'Формы и видов собственности', 'Соотнесение периодов'], 'period_name': 'Год', 'info': 'нет новых данных'}
[2024-05-15T07:23:42.132+0000] {logging_mixin.py:188} INFO - {'index_name': 'индекс физического объема инвестиций в основной капитал по направлениям использования', 'index_id': 701852, 'dic_names': ['Регионы', 'Виды экономической деятельности', 'Тип местности и административное деление', 'Формы и видов собственности', 'Соотнесение периодов'], 'period_name': 'Месяц с накоплением', 'info': 'нет новых данных'}
[2024-05-15T07:23:42.133+0000] {logging_mixin.py:188} INFO - {'index_name': 'индекс физического объема инвестиций в основной капитал по направлениям использования', 'index_id': 701852, 'dic_names': ['Регионы', 'Виды экономической деятельности', 'Тип местности и административное деление', 'Размерность юридических лиц, филиалов и представительств, а также субъектов индивидуального предпринимательства по численности работников', 'Соотнесение периодов'], 'period_name': 'Месяц с накоплением', 'info': 'нет новых данных'}
[2024-05-15T07:23:42.135+0000] {logging_mixin.py:188} INFO - {'index_name': 'индекс физического объема инвестиций в основной капитал по направлениям использования', 'index_id': 701852, 'dic_names': ['Регионы', 'Тип местности и административное деление', 'Соотнесение периодов', 'Виды экономической деятельности'], 'period_name': 'Месяц с накоплением', 'info': 'нет новых данных'}
[2024-05-15T07:23:42.136+0000] {logging_mixin.py:188} INFO - {'index_name': 'индекс физического объема инвестиций в основной капитал по направлениям использования', 'index_id': 701852, 'dic_names': ['Регионы', 'Формы и видов собственности', 'Соотнесение периодов', 'Виды экономической деятельности'], 'period_name': 'Месяц с накоплением', 'info': 'нет новых данных'}
[2024-05-15T07:23:42.138+0000] {logging_mixin.py:188} INFO - {'index_name': 'индекс физического объема инвестиций в основной капитал по направлениям использования', 'index_id': 701852, 'dic_names': ['Регионы', 'Размерность юридических лиц, филиалов и представительств, а также субъектов индивидуального предпринимательства по численности работников', 'Соотнесение периодов', 'Виды экономической деятельности'], 'period_name': 'Месяц с накоплением', 'info': 'нет новых данных'}
[2024-05-15T07:23:42.139+0000] {logging_mixin.py:188} INFO - {'index_name': 'индекс физического объема инвестиций в основной капитал по направлениям использования', 'index_id': 701852, 'dic_names': ['Регионы', 'Виды экономической деятельности', 'Тип местности и административное деление', 'Размерность юридических лиц, филиалов и представительств, а также субъектов индивидуального предпринимательства по численности работников', 'Формы и видов собственности', 'Соотнесение периодов'], 'period_name': 'Месяц с накоплением', 'info': 'нет новых данных'}
[2024-05-15T07:23:42.142+0000] {python.py:237} INFO - Done. Returned value was: None
[2024-05-15T07:23:42.143+0000] {taskinstance.py:441} INFO - ::group::Post task execution logs
[2024-05-15T07:23:42.165+0000] {taskinstance.py:1205} INFO - Marking task as SUCCESS. dag_id=load_data_mb, task_id=load_index_id_701852, execution_date=20240514T000000, start_date=20240515T072322, end_date=20240515T072342
[2024-05-15T07:23:42.221+0000] {local_task_job_runner.py:240} INFO - Task exited with return code 0
[2024-05-15T07:23:42.258+0000] {taskinstance.py:3482} INFO - 0 downstream tasks scheduled from follow-on schedule check
[2024-05-15T07:23:42.267+0000] {local_task_job_runner.py:222} INFO - ::endgroup::
