[2024-04-25T20:38:21.490+0000] {local_task_job_runner.py:120} INFO - ::group::Pre task execution logs
[2024-04-25T20:38:21.743+0000] {taskinstance.py:2073} INFO - Dependencies all met for dep_context=non-requeueable deps ti=<TaskInstance: my_dag.task_0 manual__2024-04-25T20:38:18.642040+00:00 [queued]>
[2024-04-25T20:38:21.803+0000] {taskinstance.py:2073} INFO - Dependencies all met for dep_context=requeueable deps ti=<TaskInstance: my_dag.task_0 manual__2024-04-25T20:38:18.642040+00:00 [queued]>
[2024-04-25T20:38:21.806+0000] {taskinstance.py:2303} INFO - Starting attempt 1 of 4
[2024-04-25T20:38:22.009+0000] {taskinstance.py:2327} INFO - Executing <Task(PythonOperator): task_0> on 2024-04-25 20:38:18.642040+00:00
[2024-04-25T20:38:22.115+0000] {standard_task_runner.py:90} INFO - Running: ['***', 'tasks', 'run', 'my_dag', 'task_0', 'manual__2024-04-25T20:38:18.642040+00:00', '--job-id', '89', '--raw', '--subdir', 'DAGS_FOLDER/python_op.py', '--cfg-path', '/tmp/tmprcok_s5n']
[2024-04-25T20:38:22.149+0000] {logging_mixin.py:188} WARNING - /home/***/.local/lib/python3.12/site-packages/***/task/task_runner/standard_task_runner.py:61 DeprecationWarning: This process (pid=518) is multi-threaded, use of fork() may lead to deadlocks in the child.
[2024-04-25T20:38:22.163+0000] {standard_task_runner.py:91} INFO - Job 89: Subtask task_0
[2024-04-25T20:38:22.164+0000] {standard_task_runner.py:63} INFO - Started process 523 to run task
[2024-04-25T20:38:22.599+0000] {task_command.py:426} INFO - Running <TaskInstance: my_dag.task_0 manual__2024-04-25T20:38:18.642040+00:00 [running]> on host f9a12f9b65d4
[2024-04-25T20:38:23.228+0000] {taskinstance.py:2644} INFO - Exporting env vars: AIRFLOW_CTX_DAG_OWNER='***' AIRFLOW_CTX_DAG_ID='my_dag' AIRFLOW_CTX_TASK_ID='task_0' AIRFLOW_CTX_EXECUTION_DATE='2024-04-25T20:38:18.642040+00:00' AIRFLOW_CTX_TRY_NUMBER='1' AIRFLOW_CTX_DAG_RUN_ID='manual__2024-04-25T20:38:18.642040+00:00'
[2024-04-25T20:38:23.233+0000] {taskinstance.py:430} INFO - ::endgroup::
[2024-04-25T20:38:23.362+0000] {taskinstance.py:441} INFO - ::group::Post task execution logs
[2024-04-25T20:38:23.364+0000] {taskinstance.py:2890} ERROR - Task failed with exception
Traceback (most recent call last):
  File "/home/airflow/.local/lib/python3.12/site-packages/airflow/models/taskinstance.py", line 465, in _execute_task
    result = _execute_callable(context=context, **execute_callable_kwargs)
             ^^^^^^^^^^^^^^^^^^^^^^^^^^^^^^^^^^^^^^^^^^^^^^^^^^^^^^^^^^^^^
  File "/home/airflow/.local/lib/python3.12/site-packages/airflow/models/taskinstance.py", line 432, in _execute_callable
    return execute_callable(context=context, **execute_callable_kwargs)
           ^^^^^^^^^^^^^^^^^^^^^^^^^^^^^^^^^^^^^^^^^^^^^^^^^^^^^^^^^^^^
  File "/home/airflow/.local/lib/python3.12/site-packages/airflow/models/baseoperator.py", line 400, in wrapper
    return func(self, *args, **kwargs)
           ^^^^^^^^^^^^^^^^^^^^^^^^^^^
  File "/home/airflow/.local/lib/python3.12/site-packages/airflow/operators/python.py", line 235, in execute
    return_value = self.execute_callable()
                   ^^^^^^^^^^^^^^^^^^^^^^^
  File "/home/airflow/.local/lib/python3.12/site-packages/airflow/operators/python.py", line 252, in execute_callable
    return self.python_callable(*self.op_args, **self.op_kwargs)
           ^^^^^^^^^^^^^^^^^^^^^^^^^^^^^^^^^^^^^^^^^^^^^^^^^^^^^
TypeError: _process() missing 1 required positional argument: 'i'
[2024-04-25T20:38:23.391+0000] {taskinstance.py:1205} INFO - Marking task as UP_FOR_RETRY. dag_id=my_dag, task_id=task_0, execution_date=20240425T203818, start_date=20240425T203821, end_date=20240425T203823
[2024-04-25T20:38:23.430+0000] {standard_task_runner.py:110} ERROR - Failed to execute job 89 for task task_0 (_process() missing 1 required positional argument: 'i'; 523)
[2024-04-25T20:38:23.464+0000] {local_task_job_runner.py:240} INFO - Task exited with return code 1
[2024-04-25T20:38:23.538+0000] {taskinstance.py:3482} INFO - 0 downstream tasks scheduled from follow-on schedule check
[2024-04-25T20:38:23.544+0000] {local_task_job_runner.py:222} INFO - ::endgroup::
