[2024-04-25T21:33:00.820+0000] {local_task_job_runner.py:120} INFO - ::group::Pre task execution logs
[2024-04-25T21:33:00.893+0000] {taskinstance.py:2073} INFO - Dependencies all met for dep_context=non-requeueable deps ti=<TaskInstance: my_dag.load_index_id_701063 manual__2024-04-25T21:32:59.137470+00:00 [queued]>
[2024-04-25T21:33:00.914+0000] {taskinstance.py:2073} INFO - Dependencies all met for dep_context=requeueable deps ti=<TaskInstance: my_dag.load_index_id_701063 manual__2024-04-25T21:32:59.137470+00:00 [queued]>
[2024-04-25T21:33:00.917+0000] {taskinstance.py:2303} INFO - Starting attempt 1 of 4
[2024-04-25T21:33:00.945+0000] {taskinstance.py:2327} INFO - Executing <Task(PythonOperator): load_index_id_701063> on 2024-04-25 21:32:59.137470+00:00
[2024-04-25T21:33:00.960+0000] {standard_task_runner.py:90} INFO - Running: ['***', 'tasks', 'run', 'my_dag', 'load_index_id_701063', 'manual__2024-04-25T21:32:59.137470+00:00', '--job-id', '161', '--raw', '--subdir', 'DAGS_FOLDER/python_op.py', '--cfg-path', '/tmp/tmpw2juxhnn']
[2024-04-25T21:33:00.968+0000] {standard_task_runner.py:91} INFO - Job 161: Subtask load_index_id_701063
[2024-04-25T21:33:00.970+0000] {logging_mixin.py:188} WARNING - /home/***/.local/lib/python3.12/site-packages/***/task/task_runner/standard_task_runner.py:61 DeprecationWarning: This process (pid=2637) is multi-threaded, use of fork() may lead to deadlocks in the child.
[2024-04-25T21:33:00.972+0000] {standard_task_runner.py:63} INFO - Started process 2638 to run task
[2024-04-25T21:33:01.069+0000] {task_command.py:426} INFO - Running <TaskInstance: my_dag.load_index_id_701063 manual__2024-04-25T21:32:59.137470+00:00 [running]> on host f9a12f9b65d4
[2024-04-25T21:33:01.286+0000] {taskinstance.py:2644} INFO - Exporting env vars: AIRFLOW_CTX_DAG_OWNER='***' AIRFLOW_CTX_DAG_ID='my_dag' AIRFLOW_CTX_TASK_ID='load_index_id_701063' AIRFLOW_CTX_EXECUTION_DATE='2024-04-25T21:32:59.137470+00:00' AIRFLOW_CTX_TRY_NUMBER='1' AIRFLOW_CTX_DAG_RUN_ID='manual__2024-04-25T21:32:59.137470+00:00'
[2024-04-25T21:33:01.288+0000] {taskinstance.py:430} INFO - ::endgroup::
[2024-04-25T21:50:15.582+0000] {local_task_job_runner.py:310} WARNING - State of this instance has been externally set to None. Terminating instance.
[2024-04-25T21:50:15.828+0000] {local_task_job_runner.py:222} INFO - ::endgroup::
[2024-04-25T21:50:15.910+0000] {process_utils.py:132} INFO - Sending 15 to group 2638. PIDs of all processes in the group: [2638]
[2024-04-25T21:50:15.918+0000] {process_utils.py:87} INFO - Sending the signal 15 to group 2638
[2024-04-25T21:50:15.937+0000] {taskinstance.py:2607} ERROR - Received SIGTERM. Terminating subprocesses.
[2024-04-25T21:50:16.011+0000] {taskinstance.py:441} INFO - ::group::Post task execution logs
[2024-04-25T21:50:16.291+0000] {taskinstance.py:2890} ERROR - Task failed with exception
Traceback (most recent call last):
  File "/home/airflow/.local/lib/python3.12/site-packages/airflow/models/taskinstance.py", line 465, in _execute_task
    result = _execute_callable(context=context, **execute_callable_kwargs)
             ^^^^^^^^^^^^^^^^^^^^^^^^^^^^^^^^^^^^^^^^^^^^^^^^^^^^^^^^^^^^^
  File "/home/airflow/.local/lib/python3.12/site-packages/airflow/models/taskinstance.py", line 432, in _execute_callable
    return execute_callable(context=context, **execute_callable_kwargs)
           ^^^^^^^^^^^^^^^^^^^^^^^^^^^^^^^^^^^^^^^^^^^^^^^^^^^^^^^^^^^^
  File "/home/airflow/.local/lib/python3.12/site-packages/airflow/models/baseoperator.py", line 400, in wrapper
    return func(self, *args, **kwargs)
           ^^^^^^^^^^^^^^^^^^^^^^^^^^^
  File "/home/airflow/.local/lib/python3.12/site-packages/airflow/operators/python.py", line 235, in execute
    return_value = self.execute_callable()
                   ^^^^^^^^^^^^^^^^^^^^^^^
  File "/home/airflow/.local/lib/python3.12/site-packages/airflow/operators/python.py", line 252, in execute_callable
    return self.python_callable(*self.op_args, **self.op_kwargs)
           ^^^^^^^^^^^^^^^^^^^^^^^^^^^^^^^^^^^^^^^^^^^^^^^^^^^^^
  File "/opt/airflow/dags/python_op.py", line 19, in load_index
    print("test1")
        ^^^^^^^^^^^
  File "/home/airflow/.local/lib/python3.12/site-packages/requests/api.py", line 115, in post
    return request("post", url, data=data, json=json, **kwargs)
           ^^^^^^^^^^^^^^^^^^^^^^^^^^^^^^^^^^^^^^^^^^^^^^^^^^^^
  File "/home/airflow/.local/lib/python3.12/site-packages/requests/api.py", line 59, in request
    return session.request(method=method, url=url, **kwargs)
           ^^^^^^^^^^^^^^^^^^^^^^^^^^^^^^^^^^^^^^^^^^^^^^^^^
  File "/home/airflow/.local/lib/python3.12/site-packages/requests/sessions.py", line 589, in request
    resp = self.send(prep, **send_kwargs)
           ^^^^^^^^^^^^^^^^^^^^^^^^^^^^^^
  File "/home/airflow/.local/lib/python3.12/site-packages/requests/sessions.py", line 703, in send
    r = adapter.send(request, **kwargs)
        ^^^^^^^^^^^^^^^^^^^^^^^^^^^^^^^
  File "/home/airflow/.local/lib/python3.12/site-packages/requests/adapters.py", line 486, in send
    resp = conn.urlopen(
           ^^^^^^^^^^^^^
  File "/home/airflow/.local/lib/python3.12/site-packages/urllib3/connectionpool.py", line 715, in urlopen
    httplib_response = self._make_request(
                       ^^^^^^^^^^^^^^^^^^^
  File "/home/airflow/.local/lib/python3.12/site-packages/urllib3/connectionpool.py", line 467, in _make_request
    six.raise_from(e, None)
  File "<string>", line 3, in raise_from
  File "/home/airflow/.local/lib/python3.12/site-packages/urllib3/connectionpool.py", line 462, in _make_request
    httplib_response = conn.getresponse()
                       ^^^^^^^^^^^^^^^^^^
  File "/usr/local/lib/python3.12/http/client.py", line 1423, in getresponse
    response.begin()
  File "/usr/local/lib/python3.12/http/client.py", line 331, in begin
    version, status, reason = self._read_status()
                              ^^^^^^^^^^^^^^^^^^^
  File "/usr/local/lib/python3.12/http/client.py", line 292, in _read_status
    line = str(self.fp.readline(_MAXLINE + 1), "iso-8859-1")
               ^^^^^^^^^^^^^^^^^^^^^^^^^^^^^^
  File "/usr/local/lib/python3.12/socket.py", line 707, in readinto
    return self._sock.recv_into(b)
           ^^^^^^^^^^^^^^^^^^^^^^^
  File "/home/airflow/.local/lib/python3.12/site-packages/airflow/models/taskinstance.py", line 2609, in signal_handler
    raise AirflowTaskTerminated("Task received SIGTERM signal")
airflow.exceptions.AirflowTaskTerminated: Task received SIGTERM signal
[2024-04-25T21:50:16.470+0000] {taskinstance.py:1205} INFO - Marking task as UP_FOR_RETRY. dag_id=my_dag, task_id=load_index_id_701063, execution_date=20240425T213259, start_date=20240425T213300, end_date=20240425T215016
[2024-04-25T21:50:16.696+0000] {standard_task_runner.py:110} ERROR - Failed to execute job 161 for task load_index_id_701063 ((psycopg2.errors.ForeignKeyViolation) insert or update on table "task_fail" violates foreign key constraint "task_fail_ti_fkey"
DETAIL:  Key (dag_id, task_id, run_id, map_index)=(my_dag, load_index_id_701063, manual__2024-04-25T21:32:59.137470+00:00, -1) is not present in table "task_instance".

[SQL: INSERT INTO task_fail (task_id, dag_id, run_id, map_index, start_date, end_date, duration) VALUES (%(task_id)s, %(dag_id)s, %(run_id)s, %(map_index)s, %(start_date)s, %(end_date)s, %(duration)s) RETURNING task_fail.id]
[parameters: {'task_id': 'load_index_id_701063', 'dag_id': 'my_dag', 'run_id': 'manual__2024-04-25T21:32:59.137470+00:00', 'map_index': -1, 'start_date': datetime.datetime(2024, 4, 25, 21, 33, 0, 894110, tzinfo=Timezone('UTC')), 'end_date': datetime.datetime(2024, 4, 25, 21, 50, 16, 447560, tzinfo=Timezone('UTC')), 'duration': 1035}]
(Background on this error at: https://sqlalche.me/e/14/gkpj); 2638)
[2024-04-25T21:50:16.833+0000] {process_utils.py:80} INFO - Process psutil.Process(pid=2638, status='terminated', exitcode=1, started='21:33:00') (2638) terminated with exit code 1
