[2024-04-27T19:16:01.555+0000] {local_task_job_runner.py:120} INFO - ::group::Pre task execution logs
[2024-04-27T19:16:01.634+0000] {taskinstance.py:2073} INFO - Dependencies all met for dep_context=non-requeueable deps ti=<TaskInstance: load_data_mb.load_index_id_2709379 scheduled__2024-04-26T00:00:00+00:00 [queued]>
[2024-04-27T19:16:01.651+0000] {taskinstance.py:2073} INFO - Dependencies all met for dep_context=requeueable deps ti=<TaskInstance: load_data_mb.load_index_id_2709379 scheduled__2024-04-26T00:00:00+00:00 [queued]>
[2024-04-27T19:16:01.652+0000] {taskinstance.py:2303} INFO - Starting attempt 1 of 4
[2024-04-27T19:16:01.684+0000] {taskinstance.py:2327} INFO - Executing <Task(PythonOperator): load_index_id_2709379> on 2024-04-26 00:00:00+00:00
[2024-04-27T19:16:01.723+0000] {logging_mixin.py:188} WARNING - /home/***/.local/lib/python3.12/site-packages/***/task/task_runner/standard_task_runner.py:61 DeprecationWarning: This process (pid=533) is multi-threaded, use of fork() may lead to deadlocks in the child.
[2024-04-27T19:16:01.711+0000] {standard_task_runner.py:90} INFO - Running: ['***', 'tasks', 'run', 'load_data_mb', 'load_index_id_2709379', 'scheduled__2024-04-26T00:00:00+00:00', '--job-id', '182', '--raw', '--subdir', 'DAGS_FOLDER/python_op.py', '--cfg-path', '/tmp/tmp84qz2zg_']
[2024-04-27T19:16:01.734+0000] {standard_task_runner.py:63} INFO - Started process 534 to run task
[2024-04-27T19:16:01.734+0000] {standard_task_runner.py:91} INFO - Job 182: Subtask load_index_id_2709379
[2024-04-27T19:16:01.851+0000] {task_command.py:426} INFO - Running <TaskInstance: load_data_mb.load_index_id_2709379 scheduled__2024-04-26T00:00:00+00:00 [running]> on host d933ead87eb5
[2024-04-27T19:16:01.983+0000] {taskinstance.py:2644} INFO - Exporting env vars: AIRFLOW_CTX_DAG_OWNER='***' AIRFLOW_CTX_DAG_ID='load_data_mb' AIRFLOW_CTX_TASK_ID='load_index_id_2709379' AIRFLOW_CTX_EXECUTION_DATE='2024-04-26T00:00:00+00:00' AIRFLOW_CTX_TRY_NUMBER='1' AIRFLOW_CTX_DAG_RUN_ID='scheduled__2024-04-26T00:00:00+00:00'
[2024-04-27T19:16:01.984+0000] {taskinstance.py:430} INFO - ::endgroup::
[2024-04-27T19:16:08.344+0000] {taskinstance.py:441} INFO - ::group::Post task execution logs
[2024-04-27T19:16:08.346+0000] {taskinstance.py:2890} ERROR - Task failed with exception
Traceback (most recent call last):
  File "/home/airflow/.local/lib/python3.12/site-packages/airflow/models/taskinstance.py", line 465, in _execute_task
    result = _execute_callable(context=context, **execute_callable_kwargs)
             ^^^^^^^^^^^^^^^^^^^^^^^^^^^^^^^^^^^^^^^^^^^^^^^^^^^^^^^^^^^^^
  File "/home/airflow/.local/lib/python3.12/site-packages/airflow/models/taskinstance.py", line 432, in _execute_callable
    return execute_callable(context=context, **execute_callable_kwargs)
           ^^^^^^^^^^^^^^^^^^^^^^^^^^^^^^^^^^^^^^^^^^^^^^^^^^^^^^^^^^^^
  File "/home/airflow/.local/lib/python3.12/site-packages/airflow/models/baseoperator.py", line 400, in wrapper
    return func(self, *args, **kwargs)
           ^^^^^^^^^^^^^^^^^^^^^^^^^^^
  File "/home/airflow/.local/lib/python3.12/site-packages/airflow/operators/python.py", line 235, in execute
    return_value = self.execute_callable()
                   ^^^^^^^^^^^^^^^^^^^^^^^
  File "/home/airflow/.local/lib/python3.12/site-packages/airflow/operators/python.py", line 252, in execute_callable
    return self.python_callable(*self.op_args, **self.op_kwargs)
           ^^^^^^^^^^^^^^^^^^^^^^^^^^^^^^^^^^^^^^^^^^^^^^^^^^^^^
  File "/opt/airflow/dags/python_op.py", line 20, in load_index
    for status in response.text["info"]:
                  ~~~~~~~~~~~~~^^^^^^^^
TypeError: string indices must be integers, not 'str'
[2024-04-27T19:16:08.366+0000] {taskinstance.py:1205} INFO - Marking task as UP_FOR_RETRY. dag_id=load_data_mb, task_id=load_index_id_2709379, execution_date=20240426T000000, start_date=20240427T191601, end_date=20240427T191608
[2024-04-27T19:16:08.388+0000] {standard_task_runner.py:110} ERROR - Failed to execute job 182 for task load_index_id_2709379 (string indices must be integers, not 'str'; 534)
[2024-04-27T19:16:08.412+0000] {local_task_job_runner.py:240} INFO - Task exited with return code 1
[2024-04-27T19:16:08.439+0000] {taskinstance.py:3482} INFO - 0 downstream tasks scheduled from follow-on schedule check
[2024-04-27T19:16:08.445+0000] {local_task_job_runner.py:222} INFO - ::endgroup::
[2024-04-27T19:17:27.624+0000] {local_task_job_runner.py:120} INFO - ::group::Pre task execution logs
[2024-04-27T19:17:27.758+0000] {taskinstance.py:2073} INFO - Dependencies all met for dep_context=non-requeueable deps ti=<TaskInstance: load_data_mb.load_index_id_2709379 scheduled__2024-04-26T00:00:00+00:00 [queued]>
[2024-04-27T19:17:27.785+0000] {taskinstance.py:2073} INFO - Dependencies all met for dep_context=requeueable deps ti=<TaskInstance: load_data_mb.load_index_id_2709379 scheduled__2024-04-26T00:00:00+00:00 [queued]>
[2024-04-27T19:17:27.787+0000] {taskinstance.py:2303} INFO - Starting attempt 1 of 4
[2024-04-27T19:17:27.836+0000] {taskinstance.py:2327} INFO - Executing <Task(PythonOperator): load_index_id_2709379> on 2024-04-26 00:00:00+00:00
[2024-04-27T19:17:27.851+0000] {standard_task_runner.py:90} INFO - Running: ['***', 'tasks', 'run', 'load_data_mb', 'load_index_id_2709379', 'scheduled__2024-04-26T00:00:00+00:00', '--job-id', '187', '--raw', '--subdir', 'DAGS_FOLDER/python_op.py', '--cfg-path', '/tmp/tmp9yka21n3']
[2024-04-27T19:17:27.857+0000] {standard_task_runner.py:91} INFO - Job 187: Subtask load_index_id_2709379
[2024-04-27T19:17:27.862+0000] {logging_mixin.py:188} WARNING - /home/***/.local/lib/python3.12/site-packages/***/task/task_runner/standard_task_runner.py:61 DeprecationWarning: This process (pid=576) is multi-threaded, use of fork() may lead to deadlocks in the child.
[2024-04-27T19:17:27.867+0000] {standard_task_runner.py:63} INFO - Started process 577 to run task
[2024-04-27T19:17:27.992+0000] {task_command.py:426} INFO - Running <TaskInstance: load_data_mb.load_index_id_2709379 scheduled__2024-04-26T00:00:00+00:00 [running]> on host d933ead87eb5
[2024-04-27T19:17:28.207+0000] {taskinstance.py:2644} INFO - Exporting env vars: AIRFLOW_CTX_DAG_OWNER='***' AIRFLOW_CTX_DAG_ID='load_data_mb' AIRFLOW_CTX_TASK_ID='load_index_id_2709379' AIRFLOW_CTX_EXECUTION_DATE='2024-04-26T00:00:00+00:00' AIRFLOW_CTX_TRY_NUMBER='1' AIRFLOW_CTX_DAG_RUN_ID='scheduled__2024-04-26T00:00:00+00:00'
[2024-04-27T19:17:28.208+0000] {taskinstance.py:430} INFO - ::endgroup::
[2024-04-27T19:17:34.587+0000] {logging_mixin.py:188} INFO - <Response [201]>
[2024-04-27T19:17:34.588+0000] {taskinstance.py:441} INFO - ::group::Post task execution logs
[2024-04-27T19:17:34.589+0000] {taskinstance.py:2890} ERROR - Task failed with exception
Traceback (most recent call last):
  File "/home/airflow/.local/lib/python3.12/site-packages/airflow/models/taskinstance.py", line 465, in _execute_task
    result = _execute_callable(context=context, **execute_callable_kwargs)
             ^^^^^^^^^^^^^^^^^^^^^^^^^^^^^^^^^^^^^^^^^^^^^^^^^^^^^^^^^^^^^
  File "/home/airflow/.local/lib/python3.12/site-packages/airflow/models/taskinstance.py", line 432, in _execute_callable
    return execute_callable(context=context, **execute_callable_kwargs)
           ^^^^^^^^^^^^^^^^^^^^^^^^^^^^^^^^^^^^^^^^^^^^^^^^^^^^^^^^^^^^
  File "/home/airflow/.local/lib/python3.12/site-packages/airflow/models/baseoperator.py", line 400, in wrapper
    return func(self, *args, **kwargs)
           ^^^^^^^^^^^^^^^^^^^^^^^^^^^
  File "/home/airflow/.local/lib/python3.12/site-packages/airflow/operators/python.py", line 235, in execute
    return_value = self.execute_callable()
                   ^^^^^^^^^^^^^^^^^^^^^^^
  File "/home/airflow/.local/lib/python3.12/site-packages/airflow/operators/python.py", line 252, in execute_callable
    return self.python_callable(*self.op_args, **self.op_kwargs)
           ^^^^^^^^^^^^^^^^^^^^^^^^^^^^^^^^^^^^^^^^^^^^^^^^^^^^^
  File "/opt/airflow/dags/python_op.py", line 21, in load_index
    # for status in response.text["info"]:
                  ^^^^^^^^^^^^^^^^^^^^^
TypeError: string indices must be integers, not 'str'
[2024-04-27T19:17:34.608+0000] {taskinstance.py:1205} INFO - Marking task as UP_FOR_RETRY. dag_id=load_data_mb, task_id=load_index_id_2709379, execution_date=20240426T000000, start_date=20240427T191727, end_date=20240427T191734
[2024-04-27T19:17:34.629+0000] {standard_task_runner.py:110} ERROR - Failed to execute job 187 for task load_index_id_2709379 (string indices must be integers, not 'str'; 577)
[2024-04-27T19:17:34.651+0000] {local_task_job_runner.py:240} INFO - Task exited with return code 1
[2024-04-27T19:17:34.676+0000] {taskinstance.py:3482} INFO - 0 downstream tasks scheduled from follow-on schedule check
[2024-04-27T19:17:34.683+0000] {local_task_job_runner.py:222} INFO - ::endgroup::
