[2024-04-28T07:57:17.681+0000] {local_task_job_runner.py:120} INFO - ::group::Pre task execution logs
[2024-04-28T07:57:17.830+0000] {taskinstance.py:2073} INFO - Dependencies all met for dep_context=non-requeueable deps ti=<TaskInstance: load_data_mb.load_index_id_2979005 scheduled__2024-04-27T00:00:00+00:00 [queued]>
[2024-04-28T07:57:17.861+0000] {taskinstance.py:2073} INFO - Dependencies all met for dep_context=requeueable deps ti=<TaskInstance: load_data_mb.load_index_id_2979005 scheduled__2024-04-27T00:00:00+00:00 [queued]>
[2024-04-28T07:57:17.863+0000] {taskinstance.py:2303} INFO - Starting attempt 1 of 1
[2024-04-28T07:57:17.898+0000] {taskinstance.py:2327} INFO - Executing <Task(PythonOperator): load_index_id_2979005> on 2024-04-27 00:00:00+00:00
[2024-04-28T07:57:17.911+0000] {standard_task_runner.py:90} INFO - Running: ['***', 'tasks', 'run', 'load_data_mb', 'load_index_id_2979005', 'scheduled__2024-04-27T00:00:00+00:00', '--job-id', '267', '--raw', '--subdir', 'DAGS_FOLDER/load_data_mb.py', '--cfg-path', '/tmp/tmprxex9ujd']
[2024-04-28T07:57:17.915+0000] {standard_task_runner.py:91} INFO - Job 267: Subtask load_index_id_2979005
[2024-04-28T07:57:17.927+0000] {logging_mixin.py:188} WARNING - /home/***/.local/lib/python3.12/site-packages/***/task/task_runner/standard_task_runner.py:61 DeprecationWarning: This process (pid=17605) is multi-threaded, use of fork() may lead to deadlocks in the child.
[2024-04-28T07:57:17.928+0000] {standard_task_runner.py:63} INFO - Started process 17606 to run task
[2024-04-28T07:57:17.992+0000] {task_command.py:426} INFO - Running <TaskInstance: load_data_mb.load_index_id_2979005 scheduled__2024-04-27T00:00:00+00:00 [running]> on host d933ead87eb5
[2024-04-28T07:57:18.109+0000] {taskinstance.py:2644} INFO - Exporting env vars: AIRFLOW_CTX_DAG_OWNER='***' AIRFLOW_CTX_DAG_ID='load_data_mb' AIRFLOW_CTX_TASK_ID='load_index_id_2979005' AIRFLOW_CTX_EXECUTION_DATE='2024-04-27T00:00:00+00:00' AIRFLOW_CTX_TRY_NUMBER='1' AIRFLOW_CTX_DAG_RUN_ID='scheduled__2024-04-27T00:00:00+00:00'
[2024-04-28T07:57:18.111+0000] {taskinstance.py:430} INFO - ::endgroup::
[2024-04-28T08:02:05.563+0000] {logging_mixin.py:188} INFO - Ошибка в коде или неверный json
[2024-04-28T08:02:05.571+0000] {taskinstance.py:441} INFO - ::group::Post task execution logs
[2024-04-28T08:02:05.575+0000] {taskinstance.py:2892} ERROR - Task failed due to SystemExit(1)
[2024-04-28T08:02:05.612+0000] {taskinstance.py:1205} INFO - Marking task as FAILED. dag_id=load_data_mb, task_id=load_index_id_2979005, execution_date=20240427T000000, start_date=20240428T075717, end_date=20240428T080205
[2024-04-28T08:02:05.674+0000] {standard_task_runner.py:110} ERROR - Failed to execute job 267 for task load_index_id_2979005 (Task failed due to SystemExit(1); 17606)
[2024-04-28T08:02:05.732+0000] {local_task_job_runner.py:240} INFO - Task exited with return code 1
[2024-04-28T08:02:05.795+0000] {taskinstance.py:3482} INFO - 0 downstream tasks scheduled from follow-on schedule check
[2024-04-28T08:02:05.804+0000] {local_task_job_runner.py:222} INFO - ::endgroup::
[2024-04-28T08:04:27.906+0000] {local_task_job_runner.py:120} INFO - ::group::Pre task execution logs
[2024-04-28T08:04:27.963+0000] {taskinstance.py:2073} INFO - Dependencies all met for dep_context=non-requeueable deps ti=<TaskInstance: load_data_mb.load_index_id_2979005 scheduled__2024-04-27T00:00:00+00:00 [queued]>
[2024-04-28T08:04:27.978+0000] {taskinstance.py:2073} INFO - Dependencies all met for dep_context=requeueable deps ti=<TaskInstance: load_data_mb.load_index_id_2979005 scheduled__2024-04-27T00:00:00+00:00 [queued]>
[2024-04-28T08:04:27.979+0000] {taskinstance.py:2303} INFO - Starting attempt 1 of 1
[2024-04-28T08:04:28.006+0000] {taskinstance.py:2327} INFO - Executing <Task(PythonOperator): load_index_id_2979005> on 2024-04-27 00:00:00+00:00
[2024-04-28T08:04:28.020+0000] {standard_task_runner.py:90} INFO - Running: ['***', 'tasks', 'run', 'load_data_mb', 'load_index_id_2979005', 'scheduled__2024-04-27T00:00:00+00:00', '--job-id', '270', '--raw', '--subdir', 'DAGS_FOLDER/load_data_mb.py', '--cfg-path', '/tmp/tmpnbi9kt4q']
[2024-04-28T08:04:28.024+0000] {standard_task_runner.py:91} INFO - Job 270: Subtask load_index_id_2979005
[2024-04-28T08:04:28.036+0000] {logging_mixin.py:188} WARNING - /home/***/.local/lib/python3.12/site-packages/***/task/task_runner/standard_task_runner.py:61 DeprecationWarning: This process (pid=17820) is multi-threaded, use of fork() may lead to deadlocks in the child.
[2024-04-28T08:04:28.038+0000] {standard_task_runner.py:63} INFO - Started process 17821 to run task
[2024-04-28T08:04:28.110+0000] {task_command.py:426} INFO - Running <TaskInstance: load_data_mb.load_index_id_2979005 scheduled__2024-04-27T00:00:00+00:00 [running]> on host d933ead87eb5
[2024-04-28T08:04:28.262+0000] {taskinstance.py:2644} INFO - Exporting env vars: AIRFLOW_CTX_DAG_OWNER='***' AIRFLOW_CTX_DAG_ID='load_data_mb' AIRFLOW_CTX_TASK_ID='load_index_id_2979005' AIRFLOW_CTX_EXECUTION_DATE='2024-04-27T00:00:00+00:00' AIRFLOW_CTX_TRY_NUMBER='1' AIRFLOW_CTX_DAG_RUN_ID='scheduled__2024-04-27T00:00:00+00:00'
[2024-04-28T08:04:28.263+0000] {taskinstance.py:430} INFO - ::endgroup::
[2024-04-28T08:04:34.807+0000] {logging_mixin.py:188} INFO - {'index_name': 'индекс физического объема валового внутреннего продукта методом производства', 'index_id': 2979005, 'dic_names': ['Регионы'], 'period_name': 'Квартал с накоплением', 'info': 'нет новых данных'}
[2024-04-28T08:04:34.809+0000] {logging_mixin.py:188} INFO - {'index_name': 'индекс физического объема валового внутреннего продукта методом производства', 'index_id': 2979005, 'dic_names': ['Регионы'], 'period_name': 'Месяц с накоплением', 'info': 'нет новых данных'}
[2024-04-28T08:04:34.811+0000] {logging_mixin.py:188} INFO - {'index_name': 'индекс физического объема валового внутреннего продукта методом производства', 'index_id': 2979005, 'dic_names': ['Регионы'], 'period_name': 'Год', 'info': 'нет новых данных'}
[2024-04-28T08:04:34.812+0000] {python.py:237} INFO - Done. Returned value was: None
[2024-04-28T08:04:34.813+0000] {taskinstance.py:441} INFO - ::group::Post task execution logs
[2024-04-28T08:04:34.883+0000] {taskinstance.py:1205} INFO - Marking task as SUCCESS. dag_id=load_data_mb, task_id=load_index_id_2979005, execution_date=20240427T000000, start_date=20240428T080427, end_date=20240428T080434
[2024-04-28T08:04:34.998+0000] {local_task_job_runner.py:240} INFO - Task exited with return code 0
[2024-04-28T08:04:35.032+0000] {taskinstance.py:3482} INFO - 0 downstream tasks scheduled from follow-on schedule check
[2024-04-28T08:04:35.038+0000] {local_task_job_runner.py:222} INFO - ::endgroup::
