[2024-04-28T08:27:54.119+0000] {local_task_job_runner.py:120} INFO - ::group::Pre task execution logs
[2024-04-28T08:27:54.235+0000] {taskinstance.py:2073} INFO - Dependencies all met for dep_context=non-requeueable deps ti=<TaskInstance: load_data_mb.load_index_id_701188 manual__2024-04-28T08:06:57.479140+00:00 [queued]>
[2024-04-28T08:27:54.255+0000] {taskinstance.py:2073} INFO - Dependencies all met for dep_context=requeueable deps ti=<TaskInstance: load_data_mb.load_index_id_701188 manual__2024-04-28T08:06:57.479140+00:00 [queued]>
[2024-04-28T08:27:54.257+0000] {taskinstance.py:2303} INFO - Starting attempt 1 of 1
[2024-04-28T08:27:54.297+0000] {taskinstance.py:2327} INFO - Executing <Task(PythonOperator): load_index_id_701188> on 2024-04-28 08:06:57.479140+00:00
[2024-04-28T08:27:54.312+0000] {standard_task_runner.py:90} INFO - Running: ['***', 'tasks', 'run', 'load_data_mb', 'load_index_id_701188', 'manual__2024-04-28T08:06:57.479140+00:00', '--job-id', '296', '--raw', '--subdir', 'DAGS_FOLDER/load_data_mb.py', '--cfg-path', '/tmp/tmpdve3zjpt']
[2024-04-28T08:27:54.319+0000] {standard_task_runner.py:91} INFO - Job 296: Subtask load_index_id_701188
[2024-04-28T08:27:54.322+0000] {logging_mixin.py:188} WARNING - /home/***/.local/lib/python3.12/site-packages/***/task/task_runner/standard_task_runner.py:61 DeprecationWarning: This process (pid=18384) is multi-threaded, use of fork() may lead to deadlocks in the child.
[2024-04-28T08:27:54.324+0000] {standard_task_runner.py:63} INFO - Started process 18385 to run task
[2024-04-28T08:27:54.420+0000] {task_command.py:426} INFO - Running <TaskInstance: load_data_mb.load_index_id_701188 manual__2024-04-28T08:06:57.479140+00:00 [running]> on host d933ead87eb5
[2024-04-28T08:27:54.554+0000] {taskinstance.py:2644} INFO - Exporting env vars: AIRFLOW_CTX_DAG_OWNER='***' AIRFLOW_CTX_DAG_ID='load_data_mb' AIRFLOW_CTX_TASK_ID='load_index_id_701188' AIRFLOW_CTX_EXECUTION_DATE='2024-04-28T08:06:57.479140+00:00' AIRFLOW_CTX_TRY_NUMBER='1' AIRFLOW_CTX_DAG_RUN_ID='manual__2024-04-28T08:06:57.479140+00:00'
[2024-04-28T08:27:54.556+0000] {taskinstance.py:430} INFO - ::endgroup::
[2024-04-28T08:28:03.039+0000] {logging_mixin.py:188} INFO - {'index_name': 'Валовой выпуск продукции (услуг) сельского, лесного и рыбного хозяйства', 'index_id': 701188, 'dic_names': ['Регионы', 'Виды ценовых измерений'], 'period_name': 'Год', 'info': 'нет новых данных'}
[2024-04-28T08:28:03.042+0000] {logging_mixin.py:188} INFO - {'index_name': 'Валовой выпуск продукции (услуг) сельского, лесного и рыбного хозяйства', 'index_id': 701188, 'dic_names': ['Виды экономической деятельности', 'Виды ценовых измерений'], 'period_name': 'Год', 'info': 'нет новых данных'}
[2024-04-28T08:28:03.044+0000] {logging_mixin.py:188} INFO - {'index_name': 'Валовой выпуск продукции (услуг) сельского, лесного и рыбного хозяйства', 'index_id': 701188, 'dic_names': ['Регионы', 'Категории сельхозтоваропроизводителей', 'Виды ценовых измерений'], 'period_name': 'Месяц', 'info': 'нет новых данных'}
[2024-04-28T08:28:03.046+0000] {logging_mixin.py:188} INFO - {'index_name': 'Валовой выпуск продукции (услуг) сельского, лесного и рыбного хозяйства', 'index_id': 701188, 'dic_names': ['Регионы', 'Категории сельхозтоваропроизводителей', 'Виды ценовых измерений'], 'period_name': 'Месяц с накоплением', 'info': 'нет новых данных'}
[2024-04-28T08:28:03.048+0000] {python.py:237} INFO - Done. Returned value was: None
[2024-04-28T08:28:03.051+0000] {taskinstance.py:441} INFO - ::group::Post task execution logs
[2024-04-28T08:28:03.077+0000] {taskinstance.py:1205} INFO - Marking task as SUCCESS. dag_id=load_data_mb, task_id=load_index_id_701188, execution_date=20240428T080657, start_date=20240428T082754, end_date=20240428T082803
[2024-04-28T08:28:03.154+0000] {local_task_job_runner.py:240} INFO - Task exited with return code 0
[2024-04-28T08:28:03.184+0000] {taskinstance.py:3482} INFO - 0 downstream tasks scheduled from follow-on schedule check
[2024-04-28T08:28:03.191+0000] {local_task_job_runner.py:222} INFO - ::endgroup::
