[2024-04-28T08:09:59.106+0000] {local_task_job_runner.py:120} INFO - ::group::Pre task execution logs
[2024-04-28T08:09:59.157+0000] {taskinstance.py:2073} INFO - Dependencies all met for dep_context=non-requeueable deps ti=<TaskInstance: load_data_mb.load_index_id_700917 manual__2024-04-28T08:06:57.479140+00:00 [queued]>
[2024-04-28T08:09:59.169+0000] {taskinstance.py:2073} INFO - Dependencies all met for dep_context=requeueable deps ti=<TaskInstance: load_data_mb.load_index_id_700917 manual__2024-04-28T08:06:57.479140+00:00 [queued]>
[2024-04-28T08:09:59.170+0000] {taskinstance.py:2303} INFO - Starting attempt 1 of 1
[2024-04-28T08:09:59.198+0000] {taskinstance.py:2327} INFO - Executing <Task(PythonOperator): load_index_id_700917> on 2024-04-28 08:06:57.479140+00:00
[2024-04-28T08:09:59.212+0000] {standard_task_runner.py:90} INFO - Running: ['***', 'tasks', 'run', 'load_data_mb', 'load_index_id_700917', 'manual__2024-04-28T08:06:57.479140+00:00', '--job-id', '282', '--raw', '--subdir', 'DAGS_FOLDER/load_data_mb.py', '--cfg-path', '/tmp/tmpag247f6b']
[2024-04-28T08:09:59.219+0000] {standard_task_runner.py:91} INFO - Job 282: Subtask load_index_id_700917
[2024-04-28T08:09:59.227+0000] {logging_mixin.py:188} WARNING - /home/***/.local/lib/python3.12/site-packages/***/task/task_runner/standard_task_runner.py:61 DeprecationWarning: This process (pid=17971) is multi-threaded, use of fork() may lead to deadlocks in the child.
[2024-04-28T08:09:59.228+0000] {standard_task_runner.py:63} INFO - Started process 17972 to run task
[2024-04-28T08:09:59.349+0000] {task_command.py:426} INFO - Running <TaskInstance: load_data_mb.load_index_id_700917 manual__2024-04-28T08:06:57.479140+00:00 [running]> on host d933ead87eb5
[2024-04-28T08:09:59.547+0000] {taskinstance.py:2644} INFO - Exporting env vars: AIRFLOW_CTX_DAG_OWNER='***' AIRFLOW_CTX_DAG_ID='load_data_mb' AIRFLOW_CTX_TASK_ID='load_index_id_700917' AIRFLOW_CTX_EXECUTION_DATE='2024-04-28T08:06:57.479140+00:00' AIRFLOW_CTX_TRY_NUMBER='1' AIRFLOW_CTX_DAG_RUN_ID='manual__2024-04-28T08:06:57.479140+00:00'
[2024-04-28T08:09:59.548+0000] {taskinstance.py:430} INFO - ::endgroup::
[2024-04-28T08:10:16.389+0000] {logging_mixin.py:188} INFO - {'index_name': 'индекс физического объема валовой добавленной стоимости в счете производства ', 'index_id': 700917, 'dic_names': ['Регионы', 'Виды экономической деятельности', 'Соотнесение периодов'], 'period_name': 'Год', 'info': 'нет новых данных'}
[2024-04-28T08:10:16.390+0000] {logging_mixin.py:188} INFO - {'index_name': 'индекс физического объема валовой добавленной стоимости в счете производства ', 'index_id': 700917, 'dic_names': ['Регионы', 'Соотнесение периодов', 'Типы секторов экономики'], 'period_name': 'Год', 'info': 'нет новых данных'}
[2024-04-28T08:10:16.397+0000] {logging_mixin.py:188} INFO - {'index_name': 'индекс физического объема валовой добавленной стоимости в счете производства ', 'index_id': 700917, 'dic_names': ['Регионы', 'Соотнесение периодов', 'Типы секторов экономики'], 'period_name': 'Квартал с накоплением', 'info': 'нет новых данных'}
[2024-04-28T08:10:16.398+0000] {logging_mixin.py:188} INFO - {'index_name': 'индекс физического объема валовой добавленной стоимости в счете производства ', 'index_id': 700917, 'dic_names': ['Регионы'], 'period_name': 'Год', 'info': 'нет новых данных'}
[2024-04-28T08:10:16.399+0000] {logging_mixin.py:188} INFO - {'index_name': 'индекс физического объема валовой добавленной стоимости в счете производства ', 'index_id': 700917, 'dic_names': ['Регионы', 'Виды экономической деятельности'], 'period_name': 'Год', 'info': 'нет новых данных'}
[2024-04-28T08:10:16.400+0000] {logging_mixin.py:188} INFO - {'index_name': 'индекс физического объема валовой добавленной стоимости в счете производства ', 'index_id': 700917, 'dic_names': ['Регионы'], 'period_name': 'Квартал с накоплением', 'info': 'нет новых данных'}
[2024-04-28T08:10:16.401+0000] {logging_mixin.py:188} INFO - {'index_name': 'индекс физического объема валовой добавленной стоимости в счете производства ', 'index_id': 700917, 'dic_names': ['Регионы', 'Виды экономической деятельности'], 'period_name': 'Квартал с накоплением', 'info': 'нет новых данных'}
[2024-04-28T08:10:16.401+0000] {logging_mixin.py:188} INFO - {'index_name': 'индекс физического объема валовой добавленной стоимости в счете производства ', 'index_id': 700917, 'dic_names': ['Регионы', 'Виды экономической деятельности', 'Соотнесение периодов'], 'period_name': 'Квартал с накоплением', 'info': 'нет новых данных'}
[2024-04-28T08:10:16.402+0000] {python.py:237} INFO - Done. Returned value was: None
[2024-04-28T08:10:16.403+0000] {taskinstance.py:441} INFO - ::group::Post task execution logs
[2024-04-28T08:10:16.418+0000] {taskinstance.py:1205} INFO - Marking task as SUCCESS. dag_id=load_data_mb, task_id=load_index_id_700917, execution_date=20240428T080657, start_date=20240428T080959, end_date=20240428T081016
[2024-04-28T08:10:16.475+0000] {local_task_job_runner.py:240} INFO - Task exited with return code 0
[2024-04-28T08:10:16.516+0000] {taskinstance.py:3482} INFO - 0 downstream tasks scheduled from follow-on schedule check
[2024-04-28T08:10:16.521+0000] {local_task_job_runner.py:222} INFO - ::endgroup::
