[2024-05-02T08:27:42.663+0000] {local_task_job_runner.py:120} INFO - ::group::Pre task execution logs
[2024-05-02T08:27:42.758+0000] {taskinstance.py:2073} INFO - Dependencies all met for dep_context=non-requeueable deps ti=<TaskInstance: load_data_mb.load_index_id_701227 scheduled__2024-05-01T00:00:00+00:00 [queued]>
[2024-05-02T08:27:42.803+0000] {taskinstance.py:2073} INFO - Dependencies all met for dep_context=requeueable deps ti=<TaskInstance: load_data_mb.load_index_id_701227 scheduled__2024-05-01T00:00:00+00:00 [queued]>
[2024-05-02T08:27:42.806+0000] {taskinstance.py:2303} INFO - Starting attempt 1 of 1
[2024-05-02T08:27:42.866+0000] {taskinstance.py:2327} INFO - Executing <Task(PythonOperator): load_index_id_701227> on 2024-05-01 00:00:00+00:00
[2024-05-02T08:27:42.901+0000] {logging_mixin.py:188} WARNING - /home/***/.local/lib/python3.12/site-packages/***/task/task_runner/standard_task_runner.py:61 DeprecationWarning: This process (pid=966) is multi-threaded, use of fork() may lead to deadlocks in the child.
[2024-05-02T08:27:42.908+0000] {standard_task_runner.py:63} INFO - Started process 967 to run task
[2024-05-02T08:27:42.899+0000] {standard_task_runner.py:90} INFO - Running: ['***', 'tasks', 'run', 'load_data_mb', 'load_index_id_701227', 'scheduled__2024-05-01T00:00:00+00:00', '--job-id', '441', '--raw', '--subdir', 'DAGS_FOLDER/load_data_mb.py', '--cfg-path', '/tmp/tmpz1uwfxoh']
[2024-05-02T08:27:42.912+0000] {standard_task_runner.py:91} INFO - Job 441: Subtask load_index_id_701227
[2024-05-02T08:27:43.068+0000] {task_command.py:426} INFO - Running <TaskInstance: load_data_mb.load_index_id_701227 scheduled__2024-05-01T00:00:00+00:00 [running]> on host d933ead87eb5
[2024-05-02T08:27:43.240+0000] {taskinstance.py:2644} INFO - Exporting env vars: AIRFLOW_CTX_DAG_OWNER='***' AIRFLOW_CTX_DAG_ID='load_data_mb' AIRFLOW_CTX_TASK_ID='load_index_id_701227' AIRFLOW_CTX_EXECUTION_DATE='2024-05-01T00:00:00+00:00' AIRFLOW_CTX_TRY_NUMBER='1' AIRFLOW_CTX_DAG_RUN_ID='scheduled__2024-05-01T00:00:00+00:00'
[2024-05-02T08:27:43.242+0000] {taskinstance.py:430} INFO - ::endgroup::
[2024-05-02T08:27:57.412+0000] {logging_mixin.py:188} INFO - {'index_name': 'Индекс физического объема валовой продукции растениеводства', 'index_id': 701227, 'dic_names': ['Регионы', 'Категории сельхозтоваропроизводителей', 'Соотнесение периодов'], 'period_name': 'Год', 'info': 'ошибка талдау', 'error_code': 500}
[2024-05-02T08:27:57.416+0000] {logging_mixin.py:188} INFO - {'index_name': 'Индекс физического объема валовой продукции растениеводства', 'index_id': 701227, 'dic_names': ['Регионы', 'Виды экономической деятельности', 'Категории сельхозтоваропроизводителей'], 'period_name': 'Год', 'info': 'ошибка талдау', 'error_code': 500}
[2024-05-02T08:27:57.419+0000] {logging_mixin.py:188} INFO - {'index_name': 'Индекс физического объема валовой продукции растениеводства', 'index_id': 701227, 'dic_names': ['Регионы', 'Виды экономической деятельности', 'Категории сельхозтоваропроизводителей', 'Соотнесение периодов'], 'period_name': 'Год', 'info': 'ошибка талдау', 'error_code': 500}
[2024-05-02T08:27:57.421+0000] {logging_mixin.py:188} INFO - {'index_name': 'Индекс физического объема валовой продукции растениеводства', 'index_id': 701227, 'dic_names': ['Регионы', 'Категории сельхозтоваропроизводителей', 'Соотнесение периодов'], 'period_name': 'Месяц', 'info': 'ошибка талдау', 'error_code': 500}
[2024-05-02T08:27:57.423+0000] {logging_mixin.py:188} INFO - {'index_name': 'Индекс физического объема валовой продукции растениеводства', 'index_id': 701227, 'dic_names': ['Регионы', 'Категории сельхозтоваропроизводителей', 'Соотнесение периодов'], 'period_name': 'Месяц с накоплением', 'info': 'ошибка талдау', 'error_code': 500}
[2024-05-02T08:27:57.428+0000] {python.py:237} INFO - Done. Returned value was: None
[2024-05-02T08:27:57.430+0000] {taskinstance.py:441} INFO - ::group::Post task execution logs
[2024-05-02T08:27:57.460+0000] {taskinstance.py:1205} INFO - Marking task as SUCCESS. dag_id=load_data_mb, task_id=load_index_id_701227, execution_date=20240501T000000, start_date=20240502T082742, end_date=20240502T082757
[2024-05-02T08:27:57.525+0000] {local_task_job_runner.py:240} INFO - Task exited with return code 0
[2024-05-02T08:27:57.587+0000] {taskinstance.py:3482} INFO - 0 downstream tasks scheduled from follow-on schedule check
[2024-05-02T08:27:57.597+0000] {local_task_job_runner.py:222} INFO - ::endgroup::
