[2024-05-15T07:18:43.940+0000] {local_task_job_runner.py:120} INFO - ::group::Pre task execution logs
[2024-05-15T07:18:44.001+0000] {taskinstance.py:2073} INFO - Dependencies all met for dep_context=non-requeueable deps ti=<TaskInstance: load_data_mb.load_index_id_701925 scheduled__2024-05-14T00:00:00+00:00 [queued]>
[2024-05-15T07:18:44.017+0000] {taskinstance.py:2073} INFO - Dependencies all met for dep_context=requeueable deps ti=<TaskInstance: load_data_mb.load_index_id_701925 scheduled__2024-05-14T00:00:00+00:00 [queued]>
[2024-05-15T07:18:44.030+0000] {taskinstance.py:2303} INFO - Starting attempt 1 of 1
[2024-05-15T07:18:44.065+0000] {taskinstance.py:2327} INFO - Executing <Task(PythonOperator): load_index_id_701925> on 2024-05-14 00:00:00+00:00
[2024-05-15T07:18:44.076+0000] {standard_task_runner.py:90} INFO - Running: ['***', 'tasks', 'run', 'load_data_mb', 'load_index_id_701925', 'scheduled__2024-05-14T00:00:00+00:00', '--job-id', '569', '--raw', '--subdir', 'DAGS_FOLDER/load_data_mb.py', '--cfg-path', '/tmp/tmpmv86o5f8']
[2024-05-15T07:18:44.080+0000] {standard_task_runner.py:91} INFO - Job 569: Subtask load_index_id_701925
[2024-05-15T07:18:44.083+0000] {logging_mixin.py:188} WARNING - /home/***/.local/lib/python3.12/site-packages/***/task/task_runner/standard_task_runner.py:61 DeprecationWarning: This process (pid=394) is multi-threaded, use of fork() may lead to deadlocks in the child.
[2024-05-15T07:18:44.084+0000] {standard_task_runner.py:63} INFO - Started process 395 to run task
[2024-05-15T07:18:44.173+0000] {task_command.py:426} INFO - Running <TaskInstance: load_data_mb.load_index_id_701925 scheduled__2024-05-14T00:00:00+00:00 [running]> on host d933ead87eb5
[2024-05-15T07:18:44.340+0000] {taskinstance.py:2644} INFO - Exporting env vars: AIRFLOW_CTX_DAG_OWNER='***' AIRFLOW_CTX_DAG_ID='load_data_mb' AIRFLOW_CTX_TASK_ID='load_index_id_701925' AIRFLOW_CTX_EXECUTION_DATE='2024-05-14T00:00:00+00:00' AIRFLOW_CTX_TRY_NUMBER='1' AIRFLOW_CTX_DAG_RUN_ID='scheduled__2024-05-14T00:00:00+00:00'
[2024-05-15T07:18:44.341+0000] {taskinstance.py:430} INFO - ::endgroup::
[2024-05-15T07:19:49.897+0000] {logging_mixin.py:188} INFO - {'index_name': 'Общая площадь введенных в эксплуатацию жилых зданий', 'index_id': 701925, 'dic_names': ['Регионы', 'Тип местности и административное деление', 'Формы и видов собственности', 'Типы правовых единиц'], 'period_name': 'Год', 'info': 'нет новых данных'}
[2024-05-15T07:19:49.898+0000] {logging_mixin.py:188} INFO - {'index_name': 'Общая площадь введенных в эксплуатацию жилых зданий', 'index_id': 701925, 'dic_names': ['Регионы', 'Тип местности и административное деление', 'Благоустройство дома', 'Виды объектов и мощностей'], 'period_name': 'Год', 'info': 'нет новых данных'}
[2024-05-15T07:19:49.900+0000] {logging_mixin.py:188} INFO - {'index_name': 'Общая площадь введенных в эксплуатацию жилых зданий', 'index_id': 701925, 'dic_names': ['Регионы', 'Тип местности и административное деление', 'Формы и видов собственности', 'Типы правовых единиц', 'Виды объектов и мощностей'], 'period_name': 'Год', 'info': 'нет новых данных'}
[2024-05-15T07:19:49.901+0000] {logging_mixin.py:188} INFO - {'index_name': 'Общая площадь введенных в эксплуатацию жилых зданий', 'index_id': 701925, 'dic_names': ['Регионы', 'Тип местности и административное деление', 'Источник финансирования', 'Виды объектов и мощностей', 'Типы правовых единиц'], 'period_name': 'Год', 'info': 'нет новых данных'}
[2024-05-15T07:19:49.902+0000] {logging_mixin.py:188} INFO - {'index_name': 'Общая площадь введенных в эксплуатацию жилых зданий', 'index_id': 701925, 'dic_names': ['Регионы', 'Тип местности и административное деление', 'Формы и видов собственности', 'Благоустройство дома', 'Типы правовых единиц'], 'period_name': 'Год', 'info': 'нет новых данных'}
[2024-05-15T07:19:49.903+0000] {logging_mixin.py:188} INFO - {'index_name': 'Общая площадь введенных в эксплуатацию жилых зданий', 'index_id': 701925, 'dic_names': ['Регионы', 'Тип местности и административное деление', 'Формы и видов собственности', 'Виды объектов и мощностей', 'Типы правовых единиц'], 'period_name': 'Год', 'info': 'нет новых данных'}
[2024-05-15T07:19:49.904+0000] {logging_mixin.py:188} INFO - {'index_name': 'Общая площадь введенных в эксплуатацию жилых зданий', 'index_id': 701925, 'dic_names': ['Регионы', 'Тип местности и административное деление', 'Формы и видов собственности', 'Виды объектов и мощностей', 'Типы правовых единиц'], 'period_name': 'Месяц', 'info': 'нет новых данных'}
[2024-05-15T07:19:49.905+0000] {logging_mixin.py:188} INFO - {'index_name': 'Общая площадь введенных в эксплуатацию жилых зданий', 'index_id': 701925, 'dic_names': ['Регионы', 'Тип местности и административное деление', 'Формы и видов собственности', 'Виды объектов и мощностей', 'Группировки типов правовых единиц'], 'period_name': 'Месяц с накоплением', 'info': 'нет новых данных'}
[2024-05-15T07:19:49.906+0000] {logging_mixin.py:188} INFO - {'index_name': 'Общая площадь введенных в эксплуатацию жилых зданий', 'index_id': 701925, 'dic_names': ['Регионы', 'Тип местности и административное деление', 'Формы и видов собственности', 'Виды объектов и мощностей', 'Типы правовых единиц'], 'period_name': 'Месяц с накоплением', 'info': 'нет новых данных'}
[2024-05-15T07:19:49.908+0000] {logging_mixin.py:188} INFO - {'index_name': 'Общая площадь введенных в эксплуатацию жилых зданий', 'index_id': 701925, 'dic_names': ['Регионы', 'Источник финансирования'], 'period_name': 'Месяц', 'info': 'нет новых данных'}
[2024-05-15T07:19:49.909+0000] {logging_mixin.py:188} INFO - {'index_name': 'Общая площадь введенных в эксплуатацию жилых зданий', 'index_id': 701925, 'dic_names': ['Регионы', 'Тип местности и административное деление', 'Формы и видов собственности', 'Типы правовых единиц', 'Виды объектов и мощностей'], 'period_name': 'Месяц', 'info': 'нет новых данных'}
[2024-05-15T07:19:49.911+0000] {logging_mixin.py:188} INFO - {'index_name': 'Общая площадь введенных в эксплуатацию жилых зданий', 'index_id': 701925, 'dic_names': ['Регионы', 'Источник финансирования'], 'period_name': 'Месяц с накоплением', 'info': 'нет новых данных'}
[2024-05-15T07:19:49.912+0000] {logging_mixin.py:188} INFO - {'index_name': 'Общая площадь введенных в эксплуатацию жилых зданий', 'index_id': 701925, 'dic_names': ['Регионы', 'Тип местности и административное деление', 'Формы и видов собственности', 'Типы правовых единиц', 'Виды объектов и мощностей'], 'period_name': 'Месяц с накоплением', 'info': 'нет новых данных'}
[2024-05-15T07:19:49.913+0000] {python.py:237} INFO - Done. Returned value was: None
[2024-05-15T07:19:49.915+0000] {taskinstance.py:441} INFO - ::group::Post task execution logs
[2024-05-15T07:19:49.935+0000] {taskinstance.py:1205} INFO - Marking task as SUCCESS. dag_id=load_data_mb, task_id=load_index_id_701925, execution_date=20240514T000000, start_date=20240515T071844, end_date=20240515T071949
[2024-05-15T07:19:50.013+0000] {local_task_job_runner.py:240} INFO - Task exited with return code 0
[2024-05-15T07:19:50.046+0000] {taskinstance.py:3482} INFO - 0 downstream tasks scheduled from follow-on schedule check
[2024-05-15T07:19:50.056+0000] {local_task_job_runner.py:222} INFO - ::endgroup::
