[2024-06-11T21:29:47.360+0000] {local_task_job_runner.py:120} INFO - ::group::Pre task execution logs
[2024-06-11T21:29:47.435+0000] {taskinstance.py:2073} INFO - Dependencies all met for dep_context=non-requeueable deps ti=<TaskInstance: load_data_mb.load_index_id_703039 scheduled__2024-06-10T00:00:00+00:00 [queued]>
[2024-06-11T21:29:47.461+0000] {taskinstance.py:2073} INFO - Dependencies all met for dep_context=requeueable deps ti=<TaskInstance: load_data_mb.load_index_id_703039 scheduled__2024-06-10T00:00:00+00:00 [queued]>
[2024-06-11T21:29:47.463+0000] {taskinstance.py:2303} INFO - Starting attempt 1 of 1
[2024-06-11T21:29:47.503+0000] {taskinstance.py:2327} INFO - Executing <Task(PythonOperator): load_index_id_703039> on 2024-06-10 00:00:00+00:00
[2024-06-11T21:29:47.521+0000] {standard_task_runner.py:90} INFO - Running: ['***', 'tasks', 'run', 'load_data_mb', 'load_index_id_703039', 'scheduled__2024-06-10T00:00:00+00:00', '--job-id', '156', '--raw', '--subdir', 'DAGS_FOLDER/load_data_mb.py', '--cfg-path', '/tmp/tmp7r9d8igh']
[2024-06-11T21:29:47.525+0000] {logging_mixin.py:188} WARNING - /home/***/.local/lib/python3.12/site-packages/***/task/task_runner/standard_task_runner.py:61 DeprecationWarning: This process (pid=308) is multi-threaded, use of fork() may lead to deadlocks in the child.
[2024-06-11T21:29:47.527+0000] {standard_task_runner.py:91} INFO - Job 156: Subtask load_index_id_703039
[2024-06-11T21:29:47.527+0000] {standard_task_runner.py:63} INFO - Started process 309 to run task
[2024-06-11T21:29:47.627+0000] {task_command.py:426} INFO - Running <TaskInstance: load_data_mb.load_index_id_703039 scheduled__2024-06-10T00:00:00+00:00 [running]> on host e6f094d2943c
[2024-06-11T21:29:47.804+0000] {taskinstance.py:2644} INFO - Exporting env vars: AIRFLOW_CTX_DAG_OWNER='***' AIRFLOW_CTX_DAG_ID='load_data_mb' AIRFLOW_CTX_TASK_ID='load_index_id_703039' AIRFLOW_CTX_EXECUTION_DATE='2024-06-10T00:00:00+00:00' AIRFLOW_CTX_TRY_NUMBER='1' AIRFLOW_CTX_DAG_RUN_ID='scheduled__2024-06-10T00:00:00+00:00'
[2024-06-11T21:29:47.805+0000] {taskinstance.py:430} INFO - ::endgroup::
[2024-06-11T21:29:47.862+0000] {logging_mixin.py:188} INFO - Ошибка в коде или неверный json
[2024-06-11T21:29:47.865+0000] {taskinstance.py:441} INFO - ::group::Post task execution logs
[2024-06-11T21:29:47.867+0000] {taskinstance.py:2892} ERROR - Task failed due to SystemExit(1)
[2024-06-11T21:29:47.878+0000] {taskinstance.py:1205} INFO - Marking task as FAILED. dag_id=load_data_mb, task_id=load_index_id_703039, execution_date=20240610T000000, start_date=20240611T212947, end_date=20240611T212947
[2024-06-11T21:29:47.905+0000] {standard_task_runner.py:110} ERROR - Failed to execute job 156 for task load_index_id_703039 (Task failed due to SystemExit(1); 309)
[2024-06-11T21:29:47.950+0000] {local_task_job_runner.py:240} INFO - Task exited with return code 1
[2024-06-11T21:29:47.977+0000] {taskinstance.py:3482} INFO - 0 downstream tasks scheduled from follow-on schedule check
[2024-06-11T21:29:47.983+0000] {local_task_job_runner.py:222} INFO - ::endgroup::
[2024-06-11T21:30:12.342+0000] {local_task_job_runner.py:120} INFO - ::group::Pre task execution logs
[2024-06-11T21:30:12.392+0000] {taskinstance.py:2073} INFO - Dependencies all met for dep_context=non-requeueable deps ti=<TaskInstance: load_data_mb.load_index_id_703039 scheduled__2024-06-10T00:00:00+00:00 [queued]>
[2024-06-11T21:30:12.408+0000] {taskinstance.py:2073} INFO - Dependencies all met for dep_context=requeueable deps ti=<TaskInstance: load_data_mb.load_index_id_703039 scheduled__2024-06-10T00:00:00+00:00 [queued]>
[2024-06-11T21:30:12.409+0000] {taskinstance.py:2303} INFO - Starting attempt 1 of 1
[2024-06-11T21:30:12.433+0000] {taskinstance.py:2327} INFO - Executing <Task(PythonOperator): load_index_id_703039> on 2024-06-10 00:00:00+00:00
[2024-06-11T21:30:12.446+0000] {standard_task_runner.py:90} INFO - Running: ['***', 'tasks', 'run', 'load_data_mb', 'load_index_id_703039', 'scheduled__2024-06-10T00:00:00+00:00', '--job-id', '165', '--raw', '--subdir', 'DAGS_FOLDER/load_data_mb.py', '--cfg-path', '/tmp/tmp6ns0c1k9']
[2024-06-11T21:30:12.452+0000] {standard_task_runner.py:91} INFO - Job 165: Subtask load_index_id_703039
[2024-06-11T21:30:12.454+0000] {logging_mixin.py:188} WARNING - /home/***/.local/lib/python3.12/site-packages/***/task/task_runner/standard_task_runner.py:61 DeprecationWarning: This process (pid=337) is multi-threaded, use of fork() may lead to deadlocks in the child.
[2024-06-11T21:30:12.456+0000] {standard_task_runner.py:63} INFO - Started process 338 to run task
[2024-06-11T21:30:12.539+0000] {task_command.py:426} INFO - Running <TaskInstance: load_data_mb.load_index_id_703039 scheduled__2024-06-10T00:00:00+00:00 [running]> on host e6f094d2943c
[2024-06-11T21:30:12.717+0000] {taskinstance.py:2644} INFO - Exporting env vars: AIRFLOW_CTX_DAG_OWNER='***' AIRFLOW_CTX_DAG_ID='load_data_mb' AIRFLOW_CTX_TASK_ID='load_index_id_703039' AIRFLOW_CTX_EXECUTION_DATE='2024-06-10T00:00:00+00:00' AIRFLOW_CTX_TRY_NUMBER='1' AIRFLOW_CTX_DAG_RUN_ID='scheduled__2024-06-10T00:00:00+00:00'
[2024-06-11T21:30:12.719+0000] {taskinstance.py:430} INFO - ::endgroup::
[2024-06-11T21:30:12.781+0000] {logging_mixin.py:188} INFO - Ошибка в коде или неверный json
[2024-06-11T21:30:12.782+0000] {taskinstance.py:441} INFO - ::group::Post task execution logs
[2024-06-11T21:30:12.783+0000] {taskinstance.py:2892} ERROR - Task failed due to SystemExit(1)
[2024-06-11T21:30:12.792+0000] {taskinstance.py:1205} INFO - Marking task as FAILED. dag_id=load_data_mb, task_id=load_index_id_703039, execution_date=20240610T000000, start_date=20240611T213012, end_date=20240611T213012
[2024-06-11T21:30:12.806+0000] {standard_task_runner.py:110} ERROR - Failed to execute job 165 for task load_index_id_703039 (Task failed due to SystemExit(1); 338)
[2024-06-11T21:30:12.833+0000] {local_task_job_runner.py:240} INFO - Task exited with return code 1
[2024-06-11T21:30:12.862+0000] {taskinstance.py:3482} INFO - 0 downstream tasks scheduled from follow-on schedule check
[2024-06-11T21:30:12.866+0000] {local_task_job_runner.py:222} INFO - ::endgroup::
[2024-06-11T21:31:52.352+0000] {local_task_job_runner.py:120} INFO - ::group::Pre task execution logs
[2024-06-11T21:31:52.419+0000] {taskinstance.py:2073} INFO - Dependencies all met for dep_context=non-requeueable deps ti=<TaskInstance: load_data_mb.load_index_id_703039 scheduled__2024-06-10T00:00:00+00:00 [queued]>
[2024-06-11T21:31:52.437+0000] {taskinstance.py:2073} INFO - Dependencies all met for dep_context=requeueable deps ti=<TaskInstance: load_data_mb.load_index_id_703039 scheduled__2024-06-10T00:00:00+00:00 [queued]>
[2024-06-11T21:31:52.438+0000] {taskinstance.py:2303} INFO - Starting attempt 1 of 1
[2024-06-11T21:31:52.461+0000] {taskinstance.py:2327} INFO - Executing <Task(PythonOperator): load_index_id_703039> on 2024-06-10 00:00:00+00:00
[2024-06-11T21:31:52.476+0000] {standard_task_runner.py:90} INFO - Running: ['***', 'tasks', 'run', 'load_data_mb', 'load_index_id_703039', 'scheduled__2024-06-10T00:00:00+00:00', '--job-id', '207', '--raw', '--subdir', 'DAGS_FOLDER/load_data_mb.py', '--cfg-path', '/tmp/tmpu99x8fbl']
[2024-06-11T21:31:52.480+0000] {standard_task_runner.py:91} INFO - Job 207: Subtask load_index_id_703039
[2024-06-11T21:31:52.491+0000] {logging_mixin.py:188} WARNING - /home/***/.local/lib/python3.12/site-packages/***/task/task_runner/standard_task_runner.py:61 DeprecationWarning: This process (pid=453) is multi-threaded, use of fork() may lead to deadlocks in the child.
[2024-06-11T21:31:52.492+0000] {standard_task_runner.py:63} INFO - Started process 454 to run task
[2024-06-11T21:31:52.573+0000] {task_command.py:426} INFO - Running <TaskInstance: load_data_mb.load_index_id_703039 scheduled__2024-06-10T00:00:00+00:00 [running]> on host e6f094d2943c
[2024-06-11T21:31:52.757+0000] {taskinstance.py:2644} INFO - Exporting env vars: AIRFLOW_CTX_DAG_OWNER='***' AIRFLOW_CTX_DAG_ID='load_data_mb' AIRFLOW_CTX_TASK_ID='load_index_id_703039' AIRFLOW_CTX_EXECUTION_DATE='2024-06-10T00:00:00+00:00' AIRFLOW_CTX_TRY_NUMBER='1' AIRFLOW_CTX_DAG_RUN_ID='scheduled__2024-06-10T00:00:00+00:00'
[2024-06-11T21:31:52.760+0000] {taskinstance.py:430} INFO - ::endgroup::
[2024-06-11T21:31:52.818+0000] {logging_mixin.py:188} INFO - Ошибка в коде или неверный json
[2024-06-11T21:31:52.819+0000] {taskinstance.py:441} INFO - ::group::Post task execution logs
[2024-06-11T21:31:52.820+0000] {taskinstance.py:2892} ERROR - Task failed due to SystemExit(1)
[2024-06-11T21:31:52.832+0000] {taskinstance.py:1205} INFO - Marking task as FAILED. dag_id=load_data_mb, task_id=load_index_id_703039, execution_date=20240610T000000, start_date=20240611T213152, end_date=20240611T213152
[2024-06-11T21:31:52.850+0000] {standard_task_runner.py:110} ERROR - Failed to execute job 207 for task load_index_id_703039 (Task failed due to SystemExit(1); 454)
[2024-06-11T21:31:52.875+0000] {local_task_job_runner.py:240} INFO - Task exited with return code 1
[2024-06-11T21:31:52.901+0000] {taskinstance.py:3482} INFO - 0 downstream tasks scheduled from follow-on schedule check
[2024-06-11T21:31:52.907+0000] {local_task_job_runner.py:222} INFO - ::endgroup::
[2024-06-11T21:45:07.624+0000] {local_task_job_runner.py:120} INFO - ::group::Pre task execution logs
[2024-06-11T21:45:07.680+0000] {taskinstance.py:2073} INFO - Dependencies all met for dep_context=non-requeueable deps ti=<TaskInstance: load_data_mb.load_index_id_703039 scheduled__2024-06-10T00:00:00+00:00 [queued]>
[2024-06-11T21:45:07.699+0000] {taskinstance.py:2073} INFO - Dependencies all met for dep_context=requeueable deps ti=<TaskInstance: load_data_mb.load_index_id_703039 scheduled__2024-06-10T00:00:00+00:00 [queued]>
[2024-06-11T21:45:07.700+0000] {taskinstance.py:2303} INFO - Starting attempt 1 of 1
[2024-06-11T21:45:07.725+0000] {taskinstance.py:2327} INFO - Executing <Task(PythonOperator): load_index_id_703039> on 2024-06-10 00:00:00+00:00
[2024-06-11T21:45:07.739+0000] {standard_task_runner.py:90} INFO - Running: ['***', 'tasks', 'run', 'load_data_mb', 'load_index_id_703039', 'scheduled__2024-06-10T00:00:00+00:00', '--job-id', '266', '--raw', '--subdir', 'DAGS_FOLDER/load_data.py', '--cfg-path', '/tmp/tmpt829hg3w']
[2024-06-11T21:45:07.744+0000] {standard_task_runner.py:91} INFO - Job 266: Subtask load_index_id_703039
[2024-06-11T21:45:07.744+0000] {logging_mixin.py:188} WARNING - /home/***/.local/lib/python3.12/site-packages/***/task/task_runner/standard_task_runner.py:61 DeprecationWarning: This process (pid=196) is multi-threaded, use of fork() may lead to deadlocks in the child.
[2024-06-11T21:45:07.745+0000] {standard_task_runner.py:63} INFO - Started process 197 to run task
[2024-06-11T21:45:07.830+0000] {task_command.py:426} INFO - Running <TaskInstance: load_data_mb.load_index_id_703039 scheduled__2024-06-10T00:00:00+00:00 [running]> on host f7fd8afd804e
[2024-06-11T21:45:07.965+0000] {taskinstance.py:2644} INFO - Exporting env vars: AIRFLOW_CTX_DAG_OWNER='***' AIRFLOW_CTX_DAG_ID='load_data_mb' AIRFLOW_CTX_TASK_ID='load_index_id_703039' AIRFLOW_CTX_EXECUTION_DATE='2024-06-10T00:00:00+00:00' AIRFLOW_CTX_TRY_NUMBER='1' AIRFLOW_CTX_DAG_RUN_ID='scheduled__2024-06-10T00:00:00+00:00'
[2024-06-11T21:45:07.966+0000] {taskinstance.py:430} INFO - ::endgroup::
[2024-06-11T21:45:08.021+0000] {logging_mixin.py:188} INFO - Ошибка в коде или неверный json
[2024-06-11T21:45:08.022+0000] {taskinstance.py:441} INFO - ::group::Post task execution logs
[2024-06-11T21:45:08.023+0000] {taskinstance.py:2892} ERROR - Task failed due to SystemExit(1)
[2024-06-11T21:45:08.037+0000] {taskinstance.py:1205} INFO - Marking task as FAILED. dag_id=load_data_mb, task_id=load_index_id_703039, execution_date=20240610T000000, start_date=20240611T214507, end_date=20240611T214508
[2024-06-11T21:45:08.056+0000] {standard_task_runner.py:110} ERROR - Failed to execute job 266 for task load_index_id_703039 (Task failed due to SystemExit(1); 197)
[2024-06-11T21:45:08.084+0000] {local_task_job_runner.py:240} INFO - Task exited with return code 1
[2024-06-11T21:45:08.124+0000] {taskinstance.py:3482} INFO - 0 downstream tasks scheduled from follow-on schedule check
[2024-06-11T21:45:08.131+0000] {local_task_job_runner.py:222} INFO - ::endgroup::
