[2024-05-15T07:13:40.541+0000] {local_task_job_runner.py:120} INFO - ::group::Pre task execution logs
[2024-05-15T07:13:40.719+0000] {taskinstance.py:2073} INFO - Dependencies all met for dep_context=non-requeueable deps ti=<TaskInstance: load_data_mb.load_index_id_704498 scheduled__2024-05-14T00:00:00+00:00 [queued]>
[2024-05-15T07:13:40.793+0000] {taskinstance.py:2073} INFO - Dependencies all met for dep_context=requeueable deps ti=<TaskInstance: load_data_mb.load_index_id_704498 scheduled__2024-05-14T00:00:00+00:00 [queued]>
[2024-05-15T07:13:40.854+0000] {taskinstance.py:2303} INFO - Starting attempt 1 of 1
[2024-05-15T07:13:40.941+0000] {taskinstance.py:2327} INFO - Executing <Task(PythonOperator): load_index_id_704498> on 2024-05-14 00:00:00+00:00
[2024-05-15T07:13:40.971+0000] {standard_task_runner.py:90} INFO - Running: ['***', 'tasks', 'run', 'load_data_mb', 'load_index_id_704498', 'scheduled__2024-05-14T00:00:00+00:00', '--job-id', '559', '--raw', '--subdir', 'DAGS_FOLDER/load_data_mb.py', '--cfg-path', '/tmp/tmptv92kcmq']
[2024-05-15T07:13:40.988+0000] {standard_task_runner.py:91} INFO - Job 559: Subtask load_index_id_704498
[2024-05-15T07:13:41.000+0000] {logging_mixin.py:188} WARNING - /home/***/.local/lib/python3.12/site-packages/***/task/task_runner/standard_task_runner.py:61 DeprecationWarning: This process (pid=264) is multi-threaded, use of fork() may lead to deadlocks in the child.
[2024-05-15T07:13:41.021+0000] {standard_task_runner.py:63} INFO - Started process 265 to run task
[2024-05-15T07:13:41.372+0000] {task_command.py:426} INFO - Running <TaskInstance: load_data_mb.load_index_id_704498 scheduled__2024-05-14T00:00:00+00:00 [running]> on host d933ead87eb5
[2024-05-15T07:13:42.474+0000] {taskinstance.py:2644} INFO - Exporting env vars: AIRFLOW_CTX_DAG_OWNER='***' AIRFLOW_CTX_DAG_ID='load_data_mb' AIRFLOW_CTX_TASK_ID='load_index_id_704498' AIRFLOW_CTX_EXECUTION_DATE='2024-05-14T00:00:00+00:00' AIRFLOW_CTX_TRY_NUMBER='1' AIRFLOW_CTX_DAG_RUN_ID='scheduled__2024-05-14T00:00:00+00:00'
[2024-05-15T07:13:42.498+0000] {taskinstance.py:430} INFO - ::endgroup::
[2024-05-15T07:13:52.944+0000] {logging_mixin.py:188} INFO - {'index_name': 'Доля населения, имеющего доходы ниже величины прожиточного минимума', 'index_id': 704498, 'dic_names': ['Регионы', 'Тип местности и административное деление'], 'period_name': 'Год', 'info': 'ошибка талдау', 'error_code': 500}
[2024-05-15T07:13:52.946+0000] {logging_mixin.py:188} INFO - {'index_name': 'Доля населения, имеющего доходы ниже величины прожиточного минимума', 'index_id': 704498, 'dic_names': ['Регионы', 'Состав домохозяйств'], 'period_name': 'Год', 'info': 'ошибка талдау', 'error_code': 500}
[2024-05-15T07:13:52.947+0000] {logging_mixin.py:188} INFO - {'index_name': 'Доля населения, имеющего доходы ниже величины прожиточного минимума', 'index_id': 704498, 'dic_names': ['Регионы', 'Состав домохозяйств'], 'period_name': 'Квартал', 'info': 'ошибка талдау', 'error_code': 500}
[2024-05-15T07:13:52.948+0000] {logging_mixin.py:188} INFO - {'index_name': 'Доля населения, имеющего доходы ниже величины прожиточного минимума', 'index_id': 704498, 'dic_names': ['Регионы', 'Тип местности и административное деление'], 'period_name': 'Квартал', 'info': 'ошибка талдау', 'error_code': 500}
[2024-05-15T07:13:52.949+0000] {python.py:237} INFO - Done. Returned value was: None
[2024-05-15T07:13:52.950+0000] {taskinstance.py:441} INFO - ::group::Post task execution logs
[2024-05-15T07:13:52.970+0000] {taskinstance.py:1205} INFO - Marking task as SUCCESS. dag_id=load_data_mb, task_id=load_index_id_704498, execution_date=20240514T000000, start_date=20240515T071340, end_date=20240515T071352
[2024-05-15T07:13:53.022+0000] {local_task_job_runner.py:240} INFO - Task exited with return code 0
[2024-05-15T07:13:53.054+0000] {taskinstance.py:3482} INFO - 0 downstream tasks scheduled from follow-on schedule check
[2024-05-15T07:13:53.063+0000] {local_task_job_runner.py:222} INFO - ::endgroup::
