[2024-04-25T21:13:53.322+0000] {local_task_job_runner.py:120} INFO - ::group::Pre task execution logs
[2024-04-25T21:13:53.381+0000] {taskinstance.py:2073} INFO - Dependencies all met for dep_context=non-requeueable deps ti=<TaskInstance: my_dag.task_1 manual__2024-04-25T21:13:50.626031+00:00 [queued]>
[2024-04-25T21:13:53.392+0000] {taskinstance.py:2073} INFO - Dependencies all met for dep_context=requeueable deps ti=<TaskInstance: my_dag.task_1 manual__2024-04-25T21:13:50.626031+00:00 [queued]>
[2024-04-25T21:13:53.393+0000] {taskinstance.py:2303} INFO - Starting attempt 1 of 4
[2024-04-25T21:13:53.420+0000] {taskinstance.py:2327} INFO - Executing <Task(PythonOperator): task_1> on 2024-04-25 21:13:50.626031+00:00
[2024-04-25T21:13:53.432+0000] {standard_task_runner.py:90} INFO - Running: ['***', 'tasks', 'run', 'my_dag', 'task_1', 'manual__2024-04-25T21:13:50.626031+00:00', '--job-id', '139', '--raw', '--subdir', 'DAGS_FOLDER/python_op.py', '--cfg-path', '/tmp/tmpk33a96h4']
[2024-04-25T21:13:53.436+0000] {standard_task_runner.py:91} INFO - Job 139: Subtask task_1
[2024-04-25T21:13:53.463+0000] {logging_mixin.py:188} WARNING - /home/***/.local/lib/python3.12/site-packages/***/task/task_runner/standard_task_runner.py:61 DeprecationWarning: This process (pid=1813) is multi-threaded, use of fork() may lead to deadlocks in the child.
[2024-04-25T21:13:53.466+0000] {standard_task_runner.py:63} INFO - Started process 1814 to run task
[2024-04-25T21:13:53.526+0000] {task_command.py:426} INFO - Running <TaskInstance: my_dag.task_1 manual__2024-04-25T21:13:50.626031+00:00 [running]> on host f9a12f9b65d4
[2024-04-25T21:13:53.697+0000] {taskinstance.py:2644} INFO - Exporting env vars: AIRFLOW_CTX_DAG_OWNER='***' AIRFLOW_CTX_DAG_ID='my_dag' AIRFLOW_CTX_TASK_ID='task_1' AIRFLOW_CTX_EXECUTION_DATE='2024-04-25T21:13:50.626031+00:00' AIRFLOW_CTX_TRY_NUMBER='1' AIRFLOW_CTX_DAG_RUN_ID='manual__2024-04-25T21:13:50.626031+00:00'
[2024-04-25T21:13:53.700+0000] {taskinstance.py:430} INFO - ::endgroup::
[2024-04-25T21:13:53.730+0000] {logging_mixin.py:188} INFO - 1
[2024-04-25T21:13:53.731+0000] {logging_mixin.py:188} INFO - test
[2024-04-25T21:13:53.732+0000] {python.py:237} INFO - Done. Returned value was: None
[2024-04-25T21:13:53.734+0000] {taskinstance.py:441} INFO - ::group::Post task execution logs
[2024-04-25T21:13:53.754+0000] {taskinstance.py:1205} INFO - Marking task as SUCCESS. dag_id=my_dag, task_id=task_1, execution_date=20240425T211350, start_date=20240425T211353, end_date=20240425T211353
[2024-04-25T21:13:53.804+0000] {local_task_job_runner.py:240} INFO - Task exited with return code 0
[2024-04-25T21:13:53.844+0000] {taskinstance.py:3482} INFO - 0 downstream tasks scheduled from follow-on schedule check
[2024-04-25T21:13:53.851+0000] {local_task_job_runner.py:222} INFO - ::endgroup::
