[2024-05-15T07:22:17.734+0000] {local_task_job_runner.py:120} INFO - ::group::Pre task execution logs
[2024-05-15T07:22:17.815+0000] {taskinstance.py:2073} INFO - Dependencies all met for dep_context=non-requeueable deps ti=<TaskInstance: load_data_mb.load_index_id_4023003 scheduled__2024-05-14T00:00:00+00:00 [queued]>
[2024-05-15T07:22:17.839+0000] {taskinstance.py:2073} INFO - Dependencies all met for dep_context=requeueable deps ti=<TaskInstance: load_data_mb.load_index_id_4023003 scheduled__2024-05-14T00:00:00+00:00 [queued]>
[2024-05-15T07:22:17.841+0000] {taskinstance.py:2303} INFO - Starting attempt 1 of 1
[2024-05-15T07:22:17.876+0000] {taskinstance.py:2327} INFO - Executing <Task(PythonOperator): load_index_id_4023003> on 2024-05-14 00:00:00+00:00
[2024-05-15T07:22:17.890+0000] {standard_task_runner.py:90} INFO - Running: ['***', 'tasks', 'run', 'load_data_mb', 'load_index_id_4023003', 'scheduled__2024-05-14T00:00:00+00:00', '--job-id', '574', '--raw', '--subdir', 'DAGS_FOLDER/load_data_mb.py', '--cfg-path', '/tmp/tmpg5fl4vbf']
[2024-05-15T07:22:17.895+0000] {standard_task_runner.py:91} INFO - Job 574: Subtask load_index_id_4023003
[2024-05-15T07:22:17.899+0000] {logging_mixin.py:188} WARNING - /home/***/.local/lib/python3.12/site-packages/***/task/task_runner/standard_task_runner.py:61 DeprecationWarning: This process (pid=481) is multi-threaded, use of fork() may lead to deadlocks in the child.
[2024-05-15T07:22:17.902+0000] {standard_task_runner.py:63} INFO - Started process 482 to run task
[2024-05-15T07:22:17.991+0000] {task_command.py:426} INFO - Running <TaskInstance: load_data_mb.load_index_id_4023003 scheduled__2024-05-14T00:00:00+00:00 [running]> on host d933ead87eb5
[2024-05-15T07:22:18.172+0000] {taskinstance.py:2644} INFO - Exporting env vars: AIRFLOW_CTX_DAG_OWNER='***' AIRFLOW_CTX_DAG_ID='load_data_mb' AIRFLOW_CTX_TASK_ID='load_index_id_4023003' AIRFLOW_CTX_EXECUTION_DATE='2024-05-14T00:00:00+00:00' AIRFLOW_CTX_TRY_NUMBER='1' AIRFLOW_CTX_DAG_RUN_ID='scheduled__2024-05-14T00:00:00+00:00'
[2024-05-15T07:22:18.173+0000] {taskinstance.py:430} INFO - ::endgroup::
[2024-05-15T07:22:26.987+0000] {logging_mixin.py:188} INFO - {'index_name': 'Производительность труда ', 'index_id': 4023003, 'dic_names': ['Регионы', 'Виды экономической деятельности'], 'period_name': 'Год', 'info': 'нет новых данных'}
[2024-05-15T07:22:26.989+0000] {logging_mixin.py:188} INFO - {'index_name': 'Производительность труда ', 'index_id': 4023003, 'dic_names': ['Регионы'], 'period_name': 'Год', 'info': 'нет новых данных'}
[2024-05-15T07:22:26.989+0000] {logging_mixin.py:188} INFO - {'index_name': 'Производительность труда ', 'index_id': 4023003, 'dic_names': ['Регионы', 'Виды экономической деятельности'], 'period_name': 'Квартал с накоплением', 'info': 'нет новых данных'}
[2024-05-15T07:22:26.990+0000] {logging_mixin.py:188} INFO - {'index_name': 'Производительность труда ', 'index_id': 4023003, 'dic_names': ['Регионы'], 'period_name': 'Квартал с накоплением', 'info': 'нет новых данных'}
[2024-05-15T07:22:26.991+0000] {python.py:237} INFO - Done. Returned value was: None
[2024-05-15T07:22:26.993+0000] {taskinstance.py:441} INFO - ::group::Post task execution logs
[2024-05-15T07:22:27.010+0000] {taskinstance.py:1205} INFO - Marking task as SUCCESS. dag_id=load_data_mb, task_id=load_index_id_4023003, execution_date=20240514T000000, start_date=20240515T072217, end_date=20240515T072227
[2024-05-15T07:22:27.081+0000] {local_task_job_runner.py:240} INFO - Task exited with return code 0
[2024-05-15T07:22:27.111+0000] {taskinstance.py:3482} INFO - 0 downstream tasks scheduled from follow-on schedule check
[2024-05-15T07:22:27.121+0000] {local_task_job_runner.py:222} INFO - ::endgroup::
