[2024-04-26T07:50:51.356+0000] {local_task_job_runner.py:120} INFO - ::group::Pre task execution logs
[2024-04-26T07:50:51.443+0000] {taskinstance.py:2073} INFO - Dependencies all met for dep_context=non-requeueable deps ti=<TaskInstance: my_dag.load_index_id_701063 scheduled__2024-04-25T00:00:00+00:00 [queued]>
[2024-04-26T07:50:51.470+0000] {taskinstance.py:2073} INFO - Dependencies all met for dep_context=requeueable deps ti=<TaskInstance: my_dag.load_index_id_701063 scheduled__2024-04-25T00:00:00+00:00 [queued]>
[2024-04-26T07:50:51.472+0000] {taskinstance.py:2303} INFO - Starting attempt 1 of 4
[2024-04-26T07:50:51.516+0000] {taskinstance.py:2327} INFO - Executing <Task(PythonOperator): load_index_id_701063> on 2024-04-25 00:00:00+00:00
[2024-04-26T07:50:51.530+0000] {standard_task_runner.py:90} INFO - Running: ['***', 'tasks', 'run', 'my_dag', 'load_index_id_701063', 'scheduled__2024-04-25T00:00:00+00:00', '--job-id', '169', '--raw', '--subdir', 'DAGS_FOLDER/python_op.py', '--cfg-path', '/tmp/tmptrp8nj9j']
[2024-04-26T07:50:51.535+0000] {standard_task_runner.py:91} INFO - Job 169: Subtask load_index_id_701063
[2024-04-26T07:50:51.535+0000] {logging_mixin.py:188} WARNING - /home/***/.local/lib/python3.12/site-packages/***/task/task_runner/standard_task_runner.py:61 DeprecationWarning: This process (pid=222) is multi-threaded, use of fork() may lead to deadlocks in the child.
[2024-04-26T07:50:51.537+0000] {standard_task_runner.py:63} INFO - Started process 223 to run task
[2024-04-26T07:50:51.648+0000] {task_command.py:426} INFO - Running <TaskInstance: my_dag.load_index_id_701063 scheduled__2024-04-25T00:00:00+00:00 [running]> on host f9a12f9b65d4
[2024-04-26T07:50:51.834+0000] {taskinstance.py:2644} INFO - Exporting env vars: AIRFLOW_CTX_DAG_OWNER='***' AIRFLOW_CTX_DAG_ID='my_dag' AIRFLOW_CTX_TASK_ID='load_index_id_701063' AIRFLOW_CTX_EXECUTION_DATE='2024-04-25T00:00:00+00:00' AIRFLOW_CTX_TRY_NUMBER='1' AIRFLOW_CTX_DAG_RUN_ID='scheduled__2024-04-25T00:00:00+00:00'
[2024-04-26T07:50:51.835+0000] {taskinstance.py:430} INFO - ::endgroup::
[2024-04-26T07:50:51.859+0000] {logging_mixin.py:188} INFO - test1
[2024-04-26T07:50:56.800+0000] {logging_mixin.py:188} INFO - test2
[2024-04-26T07:50:56.801+0000] {logging_mixin.py:188} INFO - {"status":"success","info":[{"index_name":"Конечный спрос в ТРИ, ТЗВ","dic_names":["Регионы","Продукция по видам экономической деятельности"],"period_name":"Год","info":"нет новых данных"},{"index_name":"Конечный спрос в ТРИ, ТЗВ","dic_names":["Регионы","Виды корректировочных статей таблиц «Ресурсы-Использование» и «Затраты-Выпуск»"],"period_name":"Год","info":"нет новых данных"}]}
[2024-04-26T07:50:56.802+0000] {python.py:237} INFO - Done. Returned value was: None
[2024-04-26T07:50:56.804+0000] {taskinstance.py:441} INFO - ::group::Post task execution logs
[2024-04-26T07:50:56.831+0000] {taskinstance.py:1205} INFO - Marking task as SUCCESS. dag_id=my_dag, task_id=load_index_id_701063, execution_date=20240425T000000, start_date=20240426T075051, end_date=20240426T075056
[2024-04-26T07:50:56.885+0000] {local_task_job_runner.py:240} INFO - Task exited with return code 0
[2024-04-26T07:50:56.930+0000] {taskinstance.py:3482} INFO - 0 downstream tasks scheduled from follow-on schedule check
[2024-04-26T07:50:56.941+0000] {local_task_job_runner.py:222} INFO - ::endgroup::
