[2024-04-28T08:05:19.301+0000] {local_task_job_runner.py:120} INFO - ::group::Pre task execution logs
[2024-04-28T08:05:19.360+0000] {taskinstance.py:2073} INFO - Dependencies all met for dep_context=non-requeueable deps ti=<TaskInstance: load_data_mb.load_index_id_20372988 manual__2024-04-28T08:04:26.167026+00:00 [queued]>
[2024-04-28T08:05:19.374+0000] {taskinstance.py:2073} INFO - Dependencies all met for dep_context=requeueable deps ti=<TaskInstance: load_data_mb.load_index_id_20372988 manual__2024-04-28T08:04:26.167026+00:00 [queued]>
[2024-04-28T08:05:19.379+0000] {taskinstance.py:2303} INFO - Starting attempt 1 of 1
[2024-04-28T08:05:19.408+0000] {taskinstance.py:2327} INFO - Executing <Task(PythonOperator): load_index_id_20372988> on 2024-04-28 08:04:26.167026+00:00
[2024-04-28T08:05:19.429+0000] {standard_task_runner.py:90} INFO - Running: ['***', 'tasks', 'run', 'load_data_mb', 'load_index_id_20372988', 'manual__2024-04-28T08:04:26.167026+00:00', '--job-id', '274', '--raw', '--subdir', 'DAGS_FOLDER/load_data_mb.py', '--cfg-path', '/tmp/tmprehgep4z']
[2024-04-28T08:05:19.433+0000] {standard_task_runner.py:91} INFO - Job 274: Subtask load_index_id_20372988
[2024-04-28T08:05:19.439+0000] {logging_mixin.py:188} WARNING - /home/***/.local/lib/python3.12/site-packages/***/task/task_runner/standard_task_runner.py:61 DeprecationWarning: This process (pid=17845) is multi-threaded, use of fork() may lead to deadlocks in the child.
[2024-04-28T08:05:19.441+0000] {standard_task_runner.py:63} INFO - Started process 17846 to run task
[2024-04-28T08:05:19.517+0000] {task_command.py:426} INFO - Running <TaskInstance: load_data_mb.load_index_id_20372988 manual__2024-04-28T08:04:26.167026+00:00 [running]> on host d933ead87eb5
[2024-04-28T08:05:19.708+0000] {taskinstance.py:2644} INFO - Exporting env vars: AIRFLOW_CTX_DAG_OWNER='***' AIRFLOW_CTX_DAG_ID='load_data_mb' AIRFLOW_CTX_TASK_ID='load_index_id_20372988' AIRFLOW_CTX_EXECUTION_DATE='2024-04-28T08:04:26.167026+00:00' AIRFLOW_CTX_TRY_NUMBER='1' AIRFLOW_CTX_DAG_RUN_ID='manual__2024-04-28T08:04:26.167026+00:00'
[2024-04-28T08:05:19.713+0000] {taskinstance.py:430} INFO - ::endgroup::
[2024-04-28T08:05:44.925+0000] {logging_mixin.py:188} INFO - {'index_name': 'доля респондентов, отметивших, что правоохранительные органы патрулируют (на машине или пешком) по улицам в районе их проживания ', 'index_id': 20372988, 'dic_names': ['Регионы', 'Тип местности и административное деление', 'Частота патрулирования', 'Национальности'], 'period_name': 'Два раза в год', 'info': 'нет новых данных'}
[2024-04-28T08:05:44.933+0000] {logging_mixin.py:188} INFO - {'index_name': 'доля респондентов, отметивших, что правоохранительные органы патрулируют (на машине или пешком) по улицам в районе их проживания ', 'index_id': 20372988, 'dic_names': ['Регионы', 'Тип местности и административное деление', 'Частота патрулирования', 'Уровни образования'], 'period_name': 'Два раза в год', 'info': 'нет новых данных'}
[2024-04-28T08:05:44.936+0000] {logging_mixin.py:188} INFO - {'index_name': 'доля респондентов, отметивших, что правоохранительные органы патрулируют (на машине или пешком) по улицам в районе их проживания ', 'index_id': 20372988, 'dic_names': ['Регионы', 'Тип местности и административное деление', 'Частота патрулирования', 'Семейное положение'], 'period_name': 'Два раза в год', 'info': 'нет новых данных'}
[2024-04-28T08:05:44.942+0000] {logging_mixin.py:188} INFO - {'index_name': 'доля респондентов, отметивших, что правоохранительные органы патрулируют (на машине или пешком) по улицам в районе их проживания ', 'index_id': 20372988, 'dic_names': ['Регионы', 'Тип местности и административное деление', 'Частота патрулирования', 'По полу'], 'period_name': 'Два раза в год', 'info': 'нет новых данных'}
[2024-04-28T08:05:44.944+0000] {logging_mixin.py:188} INFO - {'index_name': 'доля респондентов, отметивших, что правоохранительные органы патрулируют (на машине или пешком) по улицам в районе их проживания ', 'index_id': 20372988, 'dic_names': ['Регионы', 'Тип местности и административное деление', 'Занятость', 'Частота патрулирования'], 'period_name': 'Два раза в год', 'info': 'нет новых данных'}
[2024-04-28T08:05:44.948+0000] {logging_mixin.py:188} INFO - {'index_name': 'доля респондентов, отметивших, что правоохранительные органы патрулируют (на машине или пешком) по улицам в районе их проживания ', 'index_id': 20372988, 'dic_names': ['Регионы', 'Тип местности и административное деление', 'Возраст', 'Частота патрулирования'], 'period_name': 'Два раза в год', 'info': 'нет новых данных'}
[2024-04-28T08:05:44.950+0000] {logging_mixin.py:188} INFO - {'index_name': 'доля респондентов, отметивших, что правоохранительные органы патрулируют (на машине или пешком) по улицам в районе их проживания ', 'index_id': 20372988, 'dic_names': ['Регионы', 'Тип местности и административное деление', 'Частота патрулирования', 'Национальности'], 'period_name': 'Один раз в год', 'info': 'нет новых данных'}
[2024-04-28T08:05:44.952+0000] {logging_mixin.py:188} INFO - {'index_name': 'доля респондентов, отметивших, что правоохранительные органы патрулируют (на машине или пешком) по улицам в районе их проживания ', 'index_id': 20372988, 'dic_names': ['Регионы', 'Тип местности и административное деление', 'Частота патрулирования', 'По полу'], 'period_name': 'Один раз в год', 'info': 'нет новых данных'}
[2024-04-28T08:05:44.953+0000] {logging_mixin.py:188} INFO - {'index_name': 'доля респондентов, отметивших, что правоохранительные органы патрулируют (на машине или пешком) по улицам в районе их проживания ', 'index_id': 20372988, 'dic_names': ['Регионы', 'Тип местности и административное деление', 'Частота патрулирования', 'Семейное положение'], 'period_name': 'Один раз в год', 'info': 'нет новых данных'}
[2024-04-28T08:05:44.954+0000] {logging_mixin.py:188} INFO - {'index_name': 'доля респондентов, отметивших, что правоохранительные органы патрулируют (на машине или пешком) по улицам в районе их проживания ', 'index_id': 20372988, 'dic_names': ['Регионы', 'Тип местности и административное деление', 'Занятость', 'Частота патрулирования'], 'period_name': 'Один раз в год', 'info': 'нет новых данных'}
[2024-04-28T08:05:44.954+0000] {logging_mixin.py:188} INFO - {'index_name': 'доля респондентов, отметивших, что правоохранительные органы патрулируют (на машине или пешком) по улицам в районе их проживания ', 'index_id': 20372988, 'dic_names': ['Регионы', 'Тип местности и административное деление', 'Частота патрулирования', 'Уровни образования'], 'period_name': 'Один раз в год', 'info': 'нет новых данных'}
[2024-04-28T08:05:44.955+0000] {logging_mixin.py:188} INFO - {'index_name': 'доля респондентов, отметивших, что правоохранительные органы патрулируют (на машине или пешком) по улицам в районе их проживания ', 'index_id': 20372988, 'dic_names': ['Регионы', 'Тип местности и административное деление', 'Возраст', 'Частота патрулирования'], 'period_name': 'Один раз в год', 'info': 'нет новых данных'}
[2024-04-28T08:05:44.956+0000] {python.py:237} INFO - Done. Returned value was: None
[2024-04-28T08:05:44.968+0000] {taskinstance.py:441} INFO - ::group::Post task execution logs
[2024-04-28T08:05:45.043+0000] {taskinstance.py:1205} INFO - Marking task as SUCCESS. dag_id=load_data_mb, task_id=load_index_id_20372988, execution_date=20240428T080426, start_date=20240428T080519, end_date=20240428T080545
[2024-04-28T08:05:45.184+0000] {local_task_job_runner.py:240} INFO - Task exited with return code 0
[2024-04-28T08:05:45.378+0000] {taskinstance.py:3482} INFO - 0 downstream tasks scheduled from follow-on schedule check
[2024-04-28T08:05:45.395+0000] {local_task_job_runner.py:222} INFO - ::endgroup::
