[2024-04-29T19:38:03.761+0000] {local_task_job_runner.py:120} INFO - ::group::Pre task execution logs
[2024-04-29T19:38:03.853+0000] {taskinstance.py:2073} INFO - Dependencies all met for dep_context=non-requeueable deps ti=<TaskInstance: load_data_mb.load_index_id_2979005 scheduled__2024-04-28T00:00:00+00:00 [queued]>
[2024-04-29T19:38:03.870+0000] {taskinstance.py:2073} INFO - Dependencies all met for dep_context=requeueable deps ti=<TaskInstance: load_data_mb.load_index_id_2979005 scheduled__2024-04-28T00:00:00+00:00 [queued]>
[2024-04-29T19:38:03.872+0000] {taskinstance.py:2303} INFO - Starting attempt 1 of 1
[2024-04-29T19:38:03.908+0000] {taskinstance.py:2327} INFO - Executing <Task(PythonOperator): load_index_id_2979005> on 2024-04-28 00:00:00+00:00
[2024-04-29T19:38:03.925+0000] {standard_task_runner.py:90} INFO - Running: ['***', 'tasks', 'run', 'load_data_mb', 'load_index_id_2979005', 'scheduled__2024-04-28T00:00:00+00:00', '--job-id', '365', '--raw', '--subdir', 'DAGS_FOLDER/load_data_mb.py', '--cfg-path', '/tmp/tmpszx4uip4']
[2024-04-29T19:38:03.940+0000] {standard_task_runner.py:91} INFO - Job 365: Subtask load_index_id_2979005
[2024-04-29T19:38:03.939+0000] {logging_mixin.py:188} WARNING - /home/***/.local/lib/python3.12/site-packages/***/task/task_runner/standard_task_runner.py:61 DeprecationWarning: This process (pid=1126) is multi-threaded, use of fork() may lead to deadlocks in the child.
[2024-04-29T19:38:03.942+0000] {standard_task_runner.py:63} INFO - Started process 1127 to run task
[2024-04-29T19:38:04.050+0000] {task_command.py:426} INFO - Running <TaskInstance: load_data_mb.load_index_id_2979005 scheduled__2024-04-28T00:00:00+00:00 [running]> on host d933ead87eb5
[2024-04-29T19:38:04.248+0000] {taskinstance.py:2644} INFO - Exporting env vars: AIRFLOW_CTX_DAG_OWNER='***' AIRFLOW_CTX_DAG_ID='load_data_mb' AIRFLOW_CTX_TASK_ID='load_index_id_2979005' AIRFLOW_CTX_EXECUTION_DATE='2024-04-28T00:00:00+00:00' AIRFLOW_CTX_TRY_NUMBER='1' AIRFLOW_CTX_DAG_RUN_ID='scheduled__2024-04-28T00:00:00+00:00'
[2024-04-29T19:38:04.251+0000] {taskinstance.py:430} INFO - ::endgroup::
[2024-04-29T19:38:11.269+0000] {logging_mixin.py:188} INFO - {'index_name': 'индекс физического объема валового внутреннего продукта методом производства', 'index_id': 2979005, 'dic_names': ['Регионы'], 'period_name': 'Квартал с накоплением', 'info': 'нет новых данных'}
[2024-04-29T19:38:11.272+0000] {logging_mixin.py:188} INFO - {'index_name': 'индекс физического объема валового внутреннего продукта методом производства', 'index_id': 2979005, 'dic_names': ['Регионы'], 'period_name': 'Месяц с накоплением', 'info': 'нет новых данных'}
[2024-04-29T19:38:11.276+0000] {logging_mixin.py:188} INFO - {'index_name': 'индекс физического объема валового внутреннего продукта методом производства', 'index_id': 2979005, 'dic_names': ['Регионы'], 'period_name': 'Год', 'info': 'нет новых данных'}
[2024-04-29T19:38:11.279+0000] {python.py:237} INFO - Done. Returned value was: None
[2024-04-29T19:38:11.282+0000] {taskinstance.py:441} INFO - ::group::Post task execution logs
[2024-04-29T19:38:11.313+0000] {taskinstance.py:1205} INFO - Marking task as SUCCESS. dag_id=load_data_mb, task_id=load_index_id_2979005, execution_date=20240428T000000, start_date=20240429T193803, end_date=20240429T193811
[2024-04-29T19:38:11.358+0000] {local_task_job_runner.py:240} INFO - Task exited with return code 0
[2024-04-29T19:38:11.378+0000] {taskinstance.py:3482} INFO - 0 downstream tasks scheduled from follow-on schedule check
[2024-04-29T19:38:11.383+0000] {local_task_job_runner.py:222} INFO - ::endgroup::
