[2024-04-28T08:30:25.620+0000] {local_task_job_runner.py:120} INFO - ::group::Pre task execution logs
[2024-04-28T08:30:25.735+0000] {taskinstance.py:2073} INFO - Dependencies all met for dep_context=non-requeueable deps ti=<TaskInstance: load_data_mb.load_index_id_701625 manual__2024-04-28T08:06:57.479140+00:00 [queued]>
[2024-04-28T08:30:25.773+0000] {taskinstance.py:2073} INFO - Dependencies all met for dep_context=requeueable deps ti=<TaskInstance: load_data_mb.load_index_id_701625 manual__2024-04-28T08:06:57.479140+00:00 [queued]>
[2024-04-28T08:30:25.775+0000] {taskinstance.py:2303} INFO - Starting attempt 1 of 1
[2024-04-28T08:30:25.826+0000] {taskinstance.py:2327} INFO - Executing <Task(PythonOperator): load_index_id_701625> on 2024-04-28 08:06:57.479140+00:00
[2024-04-28T08:30:25.845+0000] {standard_task_runner.py:90} INFO - Running: ['***', 'tasks', 'run', 'load_data_mb', 'load_index_id_701625', 'manual__2024-04-28T08:06:57.479140+00:00', '--job-id', '299', '--raw', '--subdir', 'DAGS_FOLDER/load_data_mb.py', '--cfg-path', '/tmp/tmptcr8k7tz']
[2024-04-28T08:30:25.853+0000] {standard_task_runner.py:91} INFO - Job 299: Subtask load_index_id_701625
[2024-04-28T08:30:25.872+0000] {logging_mixin.py:188} WARNING - /home/***/.local/lib/python3.12/site-packages/***/task/task_runner/standard_task_runner.py:61 DeprecationWarning: This process (pid=18445) is multi-threaded, use of fork() may lead to deadlocks in the child.
[2024-04-28T08:30:25.873+0000] {standard_task_runner.py:63} INFO - Started process 18446 to run task
[2024-04-28T08:30:25.959+0000] {task_command.py:426} INFO - Running <TaskInstance: load_data_mb.load_index_id_701625 manual__2024-04-28T08:06:57.479140+00:00 [running]> on host d933ead87eb5
[2024-04-28T08:30:26.209+0000] {taskinstance.py:2644} INFO - Exporting env vars: AIRFLOW_CTX_DAG_OWNER='***' AIRFLOW_CTX_DAG_ID='load_data_mb' AIRFLOW_CTX_TASK_ID='load_index_id_701625' AIRFLOW_CTX_EXECUTION_DATE='2024-04-28T08:06:57.479140+00:00' AIRFLOW_CTX_TRY_NUMBER='1' AIRFLOW_CTX_DAG_RUN_ID='manual__2024-04-28T08:06:57.479140+00:00'
[2024-04-28T08:30:26.214+0000] {taskinstance.py:430} INFO - ::endgroup::
[2024-04-28T09:43:47.349+0000] {logging_mixin.py:188} INFO - {'index_name': 'Индексы промышленного производства по промышленной продукции', 'index_id': 701625, 'date_ids': [543, 544, 545], 'dic_names': ['Регионы', 'Тип местности и административное деление', 'Виды деятельности', 'Соотнесение периодов', 'Виды экономической деятельности'], 'period_name': 'Год', 'info': 'загружены актуальные данные'}
[2024-04-28T09:43:47.426+0000] {logging_mixin.py:188} INFO - {'index_name': 'Индексы промышленного производства по промышленной продукции', 'index_id': 701625, 'date_ids': [145, 146, 17, 137, 138, 139, 140, 734, 772, 809, 846, 883, 920, 957], 'dic_names': ['Регионы', 'Виды экономической деятельности', 'Соотнесение периодов'], 'period_name': 'Год', 'info': 'загружены актуальные данные'}
[2024-04-28T09:43:47.430+0000] {logging_mixin.py:188} INFO - {'index_name': 'Индексы промышленного производства по промышленной продукции', 'index_id': 701625, 'date_ids': [213, 214, 215, 216, 217, 218, 219, 220, 221, 222, 223, 224, 225, 226, 227, 228, 229, 230, 231, 232, 233, 234, 235, 236, 716, 717, 718, 719, 720, 721, 722, 723, 724, 725, 726, 727, 754, 755, 756, 757, 758, 759, 760, 761, 762, 763, 764, 765, 791, 792, 793, 794, 795, 796, 797, 798, 799, 800, 801, 802, 828, 829, 830, 831, 832, 833, 834, 835, 836, 837, 838, 839, 865, 866, 867, 868, 869, 870, 871, 872, 873, 874, 875, 876, 902, 903, 904, 905, 906, 907, 908, 909, 910, 911, 912, 913, 939, 940, 941, 942, 943, 944, 945, 946, 947, 948, 949, 950, 976, 977, 978, 979, 980, 981, 982, 983, 984, 985, 986, 987, 1013, 1014, 1015], 'dic_names': ['Регионы', 'Виды экономической деятельности', 'Соотнесение периодов'], 'period_name': 'Месяц', 'info': 'загружены актуальные данные'}
[2024-04-28T09:43:47.432+0000] {logging_mixin.py:188} INFO - {'index_name': 'Индексы промышленного производства по промышленной продукции', 'index_id': 701625, 'date_ids': [5, 6, 7, 8, 9, 10, 11, 12, 13, 14, 15, 16, 189, 190, 191, 192, 193, 194, 195, 196, 197, 198, 199, 200, 201, 202, 203, 204, 205, 206, 207, 208, 209, 210, 211, 212, 213, 214, 215, 216, 217, 218, 219, 220, 221, 222, 223, 224, 225, 226, 227, 228, 229, 230, 231, 232, 233, 234, 235, 236], 'dic_names': ['Регионы', 'Виды экономической деятельности', 'Тип местности и административное деление', 'Размерность юридических лиц, филиалов и представительств, а также субъектов индивидуального предпринимательства по численности работников', 'Формы и видов собственности', 'Соотнесение периодов'], 'period_name': 'Месяц', 'info': 'загружены актуальные данные'}
[2024-04-28T09:43:47.434+0000] {logging_mixin.py:188} INFO - {'index_name': 'Индексы промышленного производства по промышленной продукции', 'index_id': 701625, 'dic_names': ['Регионы', 'Виды экономической деятельности', 'Тип местности и административное деление', 'Размерность юридических лиц, филиалов и представительств, а также субъектов индивидуального предпринимательства по численности работников', 'Формы и видов собственности', 'Соотнесение периодов'], 'period_name': 'Месяц с накоплением', 'info': 'нет новых данных'}
[2024-04-28T09:43:47.438+0000] {logging_mixin.py:188} INFO - {'index_name': 'Индексы промышленного производства по промышленной продукции', 'index_id': 701625, 'dic_names': ['Регионы', 'Виды экономической деятельности', 'Соотнесение периодов'], 'period_name': 'Месяц с накоплением', 'info': 'нет новых данных'}
[2024-04-28T09:43:47.470+0000] {python.py:237} INFO - Done. Returned value was: None
[2024-04-28T09:43:47.546+0000] {taskinstance.py:441} INFO - ::group::Post task execution logs
[2024-04-28T09:43:47.992+0000] {taskinstance.py:1205} INFO - Marking task as SUCCESS. dag_id=load_data_mb, task_id=load_index_id_701625, execution_date=20240428T080657, start_date=20240428T083025, end_date=20240428T094347
[2024-04-28T09:43:48.351+0000] {local_task_job_runner.py:240} INFO - Task exited with return code 0
[2024-04-28T09:43:48.584+0000] {taskinstance.py:3482} INFO - 0 downstream tasks scheduled from follow-on schedule check
[2024-04-28T09:43:48.590+0000] {local_task_job_runner.py:222} INFO - ::endgroup::
