[2024-05-02T08:23:05.994+0000] {local_task_job_runner.py:120} INFO - ::group::Pre task execution logs
[2024-05-02T08:23:06.078+0000] {taskinstance.py:2073} INFO - Dependencies all met for dep_context=non-requeueable deps ti=<TaskInstance: load_data_mb.load_index_id_701852 scheduled__2024-04-30T00:00:00+00:00 [queued]>
[2024-05-02T08:23:06.100+0000] {taskinstance.py:2073} INFO - Dependencies all met for dep_context=requeueable deps ti=<TaskInstance: load_data_mb.load_index_id_701852 scheduled__2024-04-30T00:00:00+00:00 [queued]>
[2024-05-02T08:23:06.105+0000] {taskinstance.py:2303} INFO - Starting attempt 1 of 1
[2024-05-02T08:23:06.134+0000] {taskinstance.py:2327} INFO - Executing <Task(PythonOperator): load_index_id_701852> on 2024-04-30 00:00:00+00:00
[2024-05-02T08:23:06.145+0000] {standard_task_runner.py:90} INFO - Running: ['***', 'tasks', 'run', 'load_data_mb', 'load_index_id_701852', 'scheduled__2024-04-30T00:00:00+00:00', '--job-id', '422', '--raw', '--subdir', 'DAGS_FOLDER/load_data_mb.py', '--cfg-path', '/tmp/tmp1t101t3n']
[2024-05-02T08:23:06.149+0000] {standard_task_runner.py:91} INFO - Job 422: Subtask load_index_id_701852
[2024-05-02T08:23:06.153+0000] {logging_mixin.py:188} WARNING - /home/***/.local/lib/python3.12/site-packages/***/task/task_runner/standard_task_runner.py:61 DeprecationWarning: This process (pid=829) is multi-threaded, use of fork() may lead to deadlocks in the child.
[2024-05-02T08:23:06.157+0000] {standard_task_runner.py:63} INFO - Started process 830 to run task
[2024-05-02T08:23:06.369+0000] {task_command.py:426} INFO - Running <TaskInstance: load_data_mb.load_index_id_701852 scheduled__2024-04-30T00:00:00+00:00 [running]> on host d933ead87eb5
[2024-05-02T08:23:06.802+0000] {taskinstance.py:2644} INFO - Exporting env vars: AIRFLOW_CTX_DAG_OWNER='***' AIRFLOW_CTX_DAG_ID='load_data_mb' AIRFLOW_CTX_TASK_ID='load_index_id_701852' AIRFLOW_CTX_EXECUTION_DATE='2024-04-30T00:00:00+00:00' AIRFLOW_CTX_TRY_NUMBER='1' AIRFLOW_CTX_DAG_RUN_ID='scheduled__2024-04-30T00:00:00+00:00'
[2024-05-02T08:23:06.805+0000] {taskinstance.py:430} INFO - ::endgroup::
[2024-05-02T08:23:21.443+0000] {logging_mixin.py:188} INFO - {'index_name': 'индекс физического объема инвестиций в основной капитал по направлениям использования', 'index_id': 701852, 'dic_names': ['Регионы', 'Виды экономической деятельности', 'Тип местности и административное деление', 'Формы и видов собственности', 'Соотнесение периодов'], 'period_name': 'Год', 'info': 'ошибка талдау', 'error_code': 500}
[2024-05-02T08:23:21.444+0000] {logging_mixin.py:188} INFO - {'index_name': 'индекс физического объема инвестиций в основной капитал по направлениям использования', 'index_id': 701852, 'dic_names': ['Регионы', 'Виды экономической деятельности', 'Тип местности и административное деление', 'Формы и видов собственности', 'Соотнесение периодов'], 'period_name': 'Месяц с накоплением', 'info': 'ошибка талдау', 'error_code': 500}
[2024-05-02T08:23:21.445+0000] {logging_mixin.py:188} INFO - {'index_name': 'индекс физического объема инвестиций в основной капитал по направлениям использования', 'index_id': 701852, 'dic_names': ['Регионы', 'Виды экономической деятельности', 'Тип местности и административное деление', 'Размерность юридических лиц, филиалов и представительств, а также субъектов индивидуального предпринимательства по численности работников', 'Соотнесение периодов'], 'period_name': 'Месяц с накоплением', 'info': 'ошибка талдау', 'error_code': 500}
[2024-05-02T08:23:21.446+0000] {logging_mixin.py:188} INFO - {'index_name': 'индекс физического объема инвестиций в основной капитал по направлениям использования', 'index_id': 701852, 'dic_names': ['Регионы', 'Тип местности и административное деление', 'Соотнесение периодов', 'Виды экономической деятельности'], 'period_name': 'Месяц с накоплением', 'info': 'ошибка талдау', 'error_code': 500}
[2024-05-02T08:23:21.448+0000] {logging_mixin.py:188} INFO - {'index_name': 'индекс физического объема инвестиций в основной капитал по направлениям использования', 'index_id': 701852, 'dic_names': ['Регионы', 'Формы и видов собственности', 'Соотнесение периодов', 'Виды экономической деятельности'], 'period_name': 'Месяц с накоплением', 'info': 'ошибка талдау', 'error_code': 500}
[2024-05-02T08:23:21.449+0000] {logging_mixin.py:188} INFO - {'index_name': 'индекс физического объема инвестиций в основной капитал по направлениям использования', 'index_id': 701852, 'dic_names': ['Регионы', 'Размерность юридических лиц, филиалов и представительств, а также субъектов индивидуального предпринимательства по численности работников', 'Соотнесение периодов', 'Виды экономической деятельности'], 'period_name': 'Месяц с накоплением', 'info': 'ошибка талдау', 'error_code': 500}
[2024-05-02T08:23:21.450+0000] {logging_mixin.py:188} INFO - {'index_name': 'индекс физического объема инвестиций в основной капитал по направлениям использования', 'index_id': 701852, 'dic_names': ['Регионы', 'Виды экономической деятельности', 'Тип местности и административное деление', 'Размерность юридических лиц, филиалов и представительств, а также субъектов индивидуального предпринимательства по численности работников', 'Формы и видов собственности', 'Соотнесение периодов'], 'period_name': 'Месяц с накоплением', 'info': 'ошибка талдау', 'error_code': 500}
[2024-05-02T08:23:21.454+0000] {python.py:237} INFO - Done. Returned value was: None
[2024-05-02T08:23:21.456+0000] {taskinstance.py:441} INFO - ::group::Post task execution logs
[2024-05-02T08:23:21.476+0000] {taskinstance.py:1205} INFO - Marking task as SUCCESS. dag_id=load_data_mb, task_id=load_index_id_701852, execution_date=20240430T000000, start_date=20240502T082306, end_date=20240502T082321
[2024-05-02T08:23:21.515+0000] {local_task_job_runner.py:240} INFO - Task exited with return code 0
[2024-05-02T08:23:21.552+0000] {taskinstance.py:3482} INFO - 0 downstream tasks scheduled from follow-on schedule check
[2024-05-02T08:23:21.557+0000] {local_task_job_runner.py:222} INFO - ::endgroup::
