[2024-04-29T19:13:33.282+0000] {local_task_job_runner.py:120} INFO - ::group::Pre task execution logs
[2024-04-29T19:13:33.364+0000] {taskinstance.py:2073} INFO - Dependencies all met for dep_context=non-requeueable deps ti=<TaskInstance: load_data_mb.load_index_id_701625 scheduled__2024-04-28T00:00:00+00:00 [queued]>
[2024-04-29T19:13:33.439+0000] {taskinstance.py:2073} INFO - Dependencies all met for dep_context=requeueable deps ti=<TaskInstance: load_data_mb.load_index_id_701625 scheduled__2024-04-28T00:00:00+00:00 [queued]>
[2024-04-29T19:13:33.445+0000] {taskinstance.py:2303} INFO - Starting attempt 1 of 1
[2024-04-29T19:13:33.513+0000] {taskinstance.py:2327} INFO - Executing <Task(PythonOperator): load_index_id_701625> on 2024-04-28 00:00:00+00:00
[2024-04-29T19:13:33.535+0000] {standard_task_runner.py:90} INFO - Running: ['***', 'tasks', 'run', 'load_data_mb', 'load_index_id_701625', 'scheduled__2024-04-28T00:00:00+00:00', '--job-id', '351', '--raw', '--subdir', 'DAGS_FOLDER/load_data_mb.py', '--cfg-path', '/tmp/tmpc2zez9kp']
[2024-04-29T19:13:33.551+0000] {standard_task_runner.py:91} INFO - Job 351: Subtask load_index_id_701625
[2024-04-29T19:13:33.557+0000] {logging_mixin.py:188} WARNING - /home/***/.local/lib/python3.12/site-packages/***/task/task_runner/standard_task_runner.py:61 DeprecationWarning: This process (pid=570) is multi-threaded, use of fork() may lead to deadlocks in the child.
[2024-04-29T19:13:33.562+0000] {standard_task_runner.py:63} INFO - Started process 571 to run task
[2024-04-29T19:13:33.738+0000] {task_command.py:426} INFO - Running <TaskInstance: load_data_mb.load_index_id_701625 scheduled__2024-04-28T00:00:00+00:00 [running]> on host d933ead87eb5
[2024-04-29T19:13:34.742+0000] {taskinstance.py:2644} INFO - Exporting env vars: AIRFLOW_CTX_DAG_OWNER='***' AIRFLOW_CTX_DAG_ID='load_data_mb' AIRFLOW_CTX_TASK_ID='load_index_id_701625' AIRFLOW_CTX_EXECUTION_DATE='2024-04-28T00:00:00+00:00' AIRFLOW_CTX_TRY_NUMBER='1' AIRFLOW_CTX_DAG_RUN_ID='scheduled__2024-04-28T00:00:00+00:00'
[2024-04-29T19:13:34.748+0000] {taskinstance.py:430} INFO - ::endgroup::
[2024-04-29T19:13:49.230+0000] {logging_mixin.py:188} INFO - {'index_name': 'Индексы промышленного производства по промышленной продукции', 'index_id': 701625, 'dic_names': ['Регионы', 'Тип местности и административное деление', 'Виды деятельности', 'Соотнесение периодов', 'Виды экономической деятельности'], 'period_name': 'Год', 'info': 'нет новых данных'}
[2024-04-29T19:13:49.232+0000] {logging_mixin.py:188} INFO - {'index_name': 'Индексы промышленного производства по промышленной продукции', 'index_id': 701625, 'dic_names': ['Регионы', 'Виды экономической деятельности', 'Тип местности и административное деление', 'Размерность юридических лиц, филиалов и представительств, а также субъектов индивидуального предпринимательства по численности работников', 'Формы и видов собственности', 'Соотнесение периодов'], 'period_name': 'Месяц с накоплением', 'info': 'нет новых данных'}
[2024-04-29T19:13:49.233+0000] {logging_mixin.py:188} INFO - {'index_name': 'Индексы промышленного производства по промышленной продукции', 'index_id': 701625, 'dic_names': ['Регионы', 'Виды экономической деятельности', 'Соотнесение периодов'], 'period_name': 'Месяц с накоплением', 'info': 'нет новых данных'}
[2024-04-29T19:13:49.233+0000] {logging_mixin.py:188} INFO - {'index_name': 'Индексы промышленного производства по промышленной продукции', 'index_id': 701625, 'dic_names': ['Регионы', 'Виды экономической деятельности', 'Соотнесение периодов'], 'period_name': 'Год', 'info': 'нет новых данных'}
[2024-04-29T19:13:49.234+0000] {logging_mixin.py:188} INFO - {'index_name': 'Индексы промышленного производства по промышленной продукции', 'index_id': 701625, 'dic_names': ['Регионы', 'Виды экономической деятельности', 'Соотнесение периодов'], 'period_name': 'Месяц', 'info': 'нет новых данных'}
[2024-04-29T19:13:49.235+0000] {logging_mixin.py:188} INFO - {'index_name': 'Индексы промышленного производства по промышленной продукции', 'index_id': 701625, 'dic_names': ['Регионы', 'Виды экономической деятельности', 'Тип местности и административное деление', 'Размерность юридических лиц, филиалов и представительств, а также субъектов индивидуального предпринимательства по численности работников', 'Формы и видов собственности', 'Соотнесение периодов'], 'period_name': 'Месяц', 'info': 'нет новых данных'}
[2024-04-29T19:13:49.255+0000] {python.py:237} INFO - Done. Returned value was: None
[2024-04-29T19:13:49.257+0000] {taskinstance.py:441} INFO - ::group::Post task execution logs
[2024-04-29T19:13:49.272+0000] {taskinstance.py:1205} INFO - Marking task as SUCCESS. dag_id=load_data_mb, task_id=load_index_id_701625, execution_date=20240428T000000, start_date=20240429T191333, end_date=20240429T191349
[2024-04-29T19:13:49.385+0000] {local_task_job_runner.py:240} INFO - Task exited with return code 0
[2024-04-29T19:13:49.416+0000] {taskinstance.py:3482} INFO - 0 downstream tasks scheduled from follow-on schedule check
[2024-04-29T19:13:49.423+0000] {local_task_job_runner.py:222} INFO - ::endgroup::
