[2024-04-30T00:16:23.107+0000] {local_task_job_runner.py:120} INFO - ::group::Pre task execution logs
[2024-04-30T00:16:23.159+0000] {taskinstance.py:2073} INFO - Dependencies all met for dep_context=non-requeueable deps ti=<TaskInstance: load_data_mb.load_index_id_703039 scheduled__2024-04-29T00:00:00+00:00 [queued]>
[2024-04-30T00:16:23.176+0000] {taskinstance.py:2073} INFO - Dependencies all met for dep_context=requeueable deps ti=<TaskInstance: load_data_mb.load_index_id_703039 scheduled__2024-04-29T00:00:00+00:00 [queued]>
[2024-04-30T00:16:23.177+0000] {taskinstance.py:2303} INFO - Starting attempt 1 of 1
[2024-04-30T00:16:23.200+0000] {taskinstance.py:2327} INFO - Executing <Task(PythonOperator): load_index_id_703039> on 2024-04-29 00:00:00+00:00
[2024-04-30T00:16:23.211+0000] {standard_task_runner.py:90} INFO - Running: ['***', 'tasks', 'run', 'load_data_mb', 'load_index_id_703039', 'scheduled__2024-04-29T00:00:00+00:00', '--job-id', '393', '--raw', '--subdir', 'DAGS_FOLDER/load_data_mb.py', '--cfg-path', '/tmp/tmputjb7_pz']
[2024-04-30T00:16:23.215+0000] {standard_task_runner.py:91} INFO - Job 393: Subtask load_index_id_703039
[2024-04-30T00:16:23.229+0000] {logging_mixin.py:188} WARNING - /home/***/.local/lib/python3.12/site-packages/***/task/task_runner/standard_task_runner.py:61 DeprecationWarning: This process (pid=7264) is multi-threaded, use of fork() may lead to deadlocks in the child.
[2024-04-30T00:16:23.230+0000] {standard_task_runner.py:63} INFO - Started process 7265 to run task
[2024-04-30T00:16:23.287+0000] {task_command.py:426} INFO - Running <TaskInstance: load_data_mb.load_index_id_703039 scheduled__2024-04-29T00:00:00+00:00 [running]> on host d933ead87eb5
[2024-04-30T00:16:23.422+0000] {taskinstance.py:2644} INFO - Exporting env vars: AIRFLOW_CTX_DAG_OWNER='***' AIRFLOW_CTX_DAG_ID='load_data_mb' AIRFLOW_CTX_TASK_ID='load_index_id_703039' AIRFLOW_CTX_EXECUTION_DATE='2024-04-29T00:00:00+00:00' AIRFLOW_CTX_TRY_NUMBER='1' AIRFLOW_CTX_DAG_RUN_ID='scheduled__2024-04-29T00:00:00+00:00'
[2024-04-30T00:16:23.424+0000] {taskinstance.py:430} INFO - ::endgroup::
[2024-04-30T00:16:29.731+0000] {logging_mixin.py:188} INFO - {'index_name': 'Индекс цен предприятий-производителей промышленной продукции (товаров, услуг)', 'index_id': 703039, 'dic_names': ['Регионы', 'Соотнесение периодов', 'Страны', 'Виды экономической деятельности', 'Перечень промышленной продукции'], 'period_name': 'Квартал', 'info': 'ошибка талдау', 'error_code': 500}
[2024-04-30T00:16:29.732+0000] {logging_mixin.py:188} INFO - {'index_name': 'Индекс цен предприятий-производителей промышленной продукции (товаров, услуг)', 'index_id': 703039, 'dic_names': ['Регионы', 'Соотнесение периодов', 'Страны', 'Виды экономической деятельности', 'Перечень промышленной продукции'], 'period_name': 'Месяц', 'info': 'ошибка талдау', 'error_code': 500}
[2024-04-30T00:16:29.733+0000] {logging_mixin.py:188} INFO - {'index_name': 'Индекс цен предприятий-производителей промышленной продукции (товаров, услуг)', 'index_id': 703039, 'dic_names': ['Регионы', 'Соотнесение периодов', 'Страны', 'Виды экономической деятельности', 'Перечень промышленной продукции'], 'period_name': 'Месяц с накоплением', 'info': 'ошибка талдау', 'error_code': 500}
[2024-04-30T00:16:29.734+0000] {python.py:237} INFO - Done. Returned value was: None
[2024-04-30T00:16:29.735+0000] {taskinstance.py:441} INFO - ::group::Post task execution logs
[2024-04-30T00:16:29.748+0000] {taskinstance.py:1205} INFO - Marking task as SUCCESS. dag_id=load_data_mb, task_id=load_index_id_703039, execution_date=20240429T000000, start_date=20240430T001623, end_date=20240430T001629
[2024-04-30T00:16:29.772+0000] {local_task_job_runner.py:240} INFO - Task exited with return code 0
[2024-04-30T00:16:29.792+0000] {taskinstance.py:3482} INFO - 0 downstream tasks scheduled from follow-on schedule check
[2024-04-30T00:16:29.796+0000] {local_task_job_runner.py:222} INFO - ::endgroup::
