[2024-06-11T21:29:49.551+0000] {local_task_job_runner.py:120} INFO - ::group::Pre task execution logs
[2024-06-11T21:29:49.615+0000] {taskinstance.py:2073} INFO - Dependencies all met for dep_context=non-requeueable deps ti=<TaskInstance: load_data_mb.load_index_id_2979005 scheduled__2024-06-10T00:00:00+00:00 [queued]>
[2024-06-11T21:29:49.653+0000] {taskinstance.py:2073} INFO - Dependencies all met for dep_context=requeueable deps ti=<TaskInstance: load_data_mb.load_index_id_2979005 scheduled__2024-06-10T00:00:00+00:00 [queued]>
[2024-06-11T21:29:49.654+0000] {taskinstance.py:2303} INFO - Starting attempt 1 of 1
[2024-06-11T21:29:49.683+0000] {taskinstance.py:2327} INFO - Executing <Task(PythonOperator): load_index_id_2979005> on 2024-06-10 00:00:00+00:00
[2024-06-11T21:29:49.702+0000] {logging_mixin.py:188} WARNING - /home/***/.local/lib/python3.12/site-packages/***/task/task_runner/standard_task_runner.py:61 DeprecationWarning: This process (pid=310) is multi-threaded, use of fork() may lead to deadlocks in the child.
[2024-06-11T21:29:49.699+0000] {standard_task_runner.py:90} INFO - Running: ['***', 'tasks', 'run', 'load_data_mb', 'load_index_id_2979005', 'scheduled__2024-06-10T00:00:00+00:00', '--job-id', '157', '--raw', '--subdir', 'DAGS_FOLDER/load_data_mb.py', '--cfg-path', '/tmp/tmpry990dpp']
[2024-06-11T21:29:49.704+0000] {standard_task_runner.py:63} INFO - Started process 311 to run task
[2024-06-11T21:29:49.705+0000] {standard_task_runner.py:91} INFO - Job 157: Subtask load_index_id_2979005
[2024-06-11T21:29:49.805+0000] {task_command.py:426} INFO - Running <TaskInstance: load_data_mb.load_index_id_2979005 scheduled__2024-06-10T00:00:00+00:00 [running]> on host e6f094d2943c
[2024-06-11T21:29:49.974+0000] {taskinstance.py:2644} INFO - Exporting env vars: AIRFLOW_CTX_DAG_OWNER='***' AIRFLOW_CTX_DAG_ID='load_data_mb' AIRFLOW_CTX_TASK_ID='load_index_id_2979005' AIRFLOW_CTX_EXECUTION_DATE='2024-06-10T00:00:00+00:00' AIRFLOW_CTX_TRY_NUMBER='1' AIRFLOW_CTX_DAG_RUN_ID='scheduled__2024-06-10T00:00:00+00:00'
[2024-06-11T21:29:49.975+0000] {taskinstance.py:430} INFO - ::endgroup::
[2024-06-11T21:29:50.057+0000] {logging_mixin.py:188} INFO - Ошибка в коде или неверный json
[2024-06-11T21:29:50.059+0000] {taskinstance.py:441} INFO - ::group::Post task execution logs
[2024-06-11T21:29:50.061+0000] {taskinstance.py:2892} ERROR - Task failed due to SystemExit(1)
[2024-06-11T21:29:50.091+0000] {taskinstance.py:1205} INFO - Marking task as FAILED. dag_id=load_data_mb, task_id=load_index_id_2979005, execution_date=20240610T000000, start_date=20240611T212949, end_date=20240611T212950
[2024-06-11T21:29:50.111+0000] {standard_task_runner.py:110} ERROR - Failed to execute job 157 for task load_index_id_2979005 (Task failed due to SystemExit(1); 311)
[2024-06-11T21:29:50.162+0000] {local_task_job_runner.py:240} INFO - Task exited with return code 1
[2024-06-11T21:29:50.194+0000] {taskinstance.py:3482} INFO - 0 downstream tasks scheduled from follow-on schedule check
[2024-06-11T21:29:50.198+0000] {local_task_job_runner.py:222} INFO - ::endgroup::
[2024-06-11T21:30:14.242+0000] {local_task_job_runner.py:120} INFO - ::group::Pre task execution logs
[2024-06-11T21:30:14.322+0000] {taskinstance.py:2073} INFO - Dependencies all met for dep_context=non-requeueable deps ti=<TaskInstance: load_data_mb.load_index_id_2979005 scheduled__2024-06-10T00:00:00+00:00 [queued]>
[2024-06-11T21:30:14.342+0000] {taskinstance.py:2073} INFO - Dependencies all met for dep_context=requeueable deps ti=<TaskInstance: load_data_mb.load_index_id_2979005 scheduled__2024-06-10T00:00:00+00:00 [queued]>
[2024-06-11T21:30:14.343+0000] {taskinstance.py:2303} INFO - Starting attempt 1 of 1
[2024-06-11T21:30:14.379+0000] {taskinstance.py:2327} INFO - Executing <Task(PythonOperator): load_index_id_2979005> on 2024-06-10 00:00:00+00:00
[2024-06-11T21:30:14.391+0000] {standard_task_runner.py:90} INFO - Running: ['***', 'tasks', 'run', 'load_data_mb', 'load_index_id_2979005', 'scheduled__2024-06-10T00:00:00+00:00', '--job-id', '166', '--raw', '--subdir', 'DAGS_FOLDER/load_data_mb.py', '--cfg-path', '/tmp/tmpaaq1dimp']
[2024-06-11T21:30:14.395+0000] {standard_task_runner.py:91} INFO - Job 166: Subtask load_index_id_2979005
[2024-06-11T21:30:14.395+0000] {logging_mixin.py:188} WARNING - /home/***/.local/lib/python3.12/site-packages/***/task/task_runner/standard_task_runner.py:61 DeprecationWarning: This process (pid=339) is multi-threaded, use of fork() may lead to deadlocks in the child.
[2024-06-11T21:30:14.397+0000] {standard_task_runner.py:63} INFO - Started process 340 to run task
[2024-06-11T21:30:14.519+0000] {task_command.py:426} INFO - Running <TaskInstance: load_data_mb.load_index_id_2979005 scheduled__2024-06-10T00:00:00+00:00 [running]> on host e6f094d2943c
[2024-06-11T21:30:14.740+0000] {taskinstance.py:2644} INFO - Exporting env vars: AIRFLOW_CTX_DAG_OWNER='***' AIRFLOW_CTX_DAG_ID='load_data_mb' AIRFLOW_CTX_TASK_ID='load_index_id_2979005' AIRFLOW_CTX_EXECUTION_DATE='2024-06-10T00:00:00+00:00' AIRFLOW_CTX_TRY_NUMBER='1' AIRFLOW_CTX_DAG_RUN_ID='scheduled__2024-06-10T00:00:00+00:00'
[2024-06-11T21:30:14.742+0000] {taskinstance.py:430} INFO - ::endgroup::
[2024-06-11T21:30:14.803+0000] {logging_mixin.py:188} INFO - Ошибка в коде или неверный json
[2024-06-11T21:30:14.804+0000] {taskinstance.py:441} INFO - ::group::Post task execution logs
[2024-06-11T21:30:14.805+0000] {taskinstance.py:2892} ERROR - Task failed due to SystemExit(1)
[2024-06-11T21:30:14.820+0000] {taskinstance.py:1205} INFO - Marking task as FAILED. dag_id=load_data_mb, task_id=load_index_id_2979005, execution_date=20240610T000000, start_date=20240611T213014, end_date=20240611T213014
[2024-06-11T21:30:14.843+0000] {standard_task_runner.py:110} ERROR - Failed to execute job 166 for task load_index_id_2979005 (Task failed due to SystemExit(1); 340)
[2024-06-11T21:30:14.895+0000] {local_task_job_runner.py:240} INFO - Task exited with return code 1
[2024-06-11T21:30:14.926+0000] {taskinstance.py:3482} INFO - 0 downstream tasks scheduled from follow-on schedule check
[2024-06-11T21:30:14.931+0000] {local_task_job_runner.py:222} INFO - ::endgroup::
[2024-06-11T21:31:53.539+0000] {local_task_job_runner.py:120} INFO - ::group::Pre task execution logs
[2024-06-11T21:31:53.651+0000] {taskinstance.py:2073} INFO - Dependencies all met for dep_context=non-requeueable deps ti=<TaskInstance: load_data_mb.load_index_id_2979005 scheduled__2024-06-10T00:00:00+00:00 [queued]>
[2024-06-11T21:31:53.681+0000] {taskinstance.py:2073} INFO - Dependencies all met for dep_context=requeueable deps ti=<TaskInstance: load_data_mb.load_index_id_2979005 scheduled__2024-06-10T00:00:00+00:00 [queued]>
[2024-06-11T21:31:53.683+0000] {taskinstance.py:2303} INFO - Starting attempt 1 of 1
[2024-06-11T21:31:53.722+0000] {taskinstance.py:2327} INFO - Executing <Task(PythonOperator): load_index_id_2979005> on 2024-06-10 00:00:00+00:00
[2024-06-11T21:31:53.736+0000] {logging_mixin.py:188} WARNING - /home/***/.local/lib/python3.12/site-packages/***/task/task_runner/standard_task_runner.py:61 DeprecationWarning: This process (pid=455) is multi-threaded, use of fork() may lead to deadlocks in the child.
[2024-06-11T21:31:53.741+0000] {standard_task_runner.py:63} INFO - Started process 462 to run task
[2024-06-11T21:31:53.737+0000] {standard_task_runner.py:90} INFO - Running: ['***', 'tasks', 'run', 'load_data_mb', 'load_index_id_2979005', 'scheduled__2024-06-10T00:00:00+00:00', '--job-id', '208', '--raw', '--subdir', 'DAGS_FOLDER/load_data_mb.py', '--cfg-path', '/tmp/tmpvnea34fn']
[2024-06-11T21:31:53.743+0000] {standard_task_runner.py:91} INFO - Job 208: Subtask load_index_id_2979005
[2024-06-11T21:31:53.856+0000] {task_command.py:426} INFO - Running <TaskInstance: load_data_mb.load_index_id_2979005 scheduled__2024-06-10T00:00:00+00:00 [running]> on host e6f094d2943c
[2024-06-11T21:31:54.007+0000] {taskinstance.py:2644} INFO - Exporting env vars: AIRFLOW_CTX_DAG_OWNER='***' AIRFLOW_CTX_DAG_ID='load_data_mb' AIRFLOW_CTX_TASK_ID='load_index_id_2979005' AIRFLOW_CTX_EXECUTION_DATE='2024-06-10T00:00:00+00:00' AIRFLOW_CTX_TRY_NUMBER='1' AIRFLOW_CTX_DAG_RUN_ID='scheduled__2024-06-10T00:00:00+00:00'
[2024-06-11T21:31:54.008+0000] {taskinstance.py:430} INFO - ::endgroup::
[2024-06-11T21:31:54.066+0000] {logging_mixin.py:188} INFO - Ошибка в коде или неверный json
[2024-06-11T21:31:54.067+0000] {taskinstance.py:441} INFO - ::group::Post task execution logs
[2024-06-11T21:31:54.067+0000] {taskinstance.py:2892} ERROR - Task failed due to SystemExit(1)
[2024-06-11T21:31:54.079+0000] {taskinstance.py:1205} INFO - Marking task as FAILED. dag_id=load_data_mb, task_id=load_index_id_2979005, execution_date=20240610T000000, start_date=20240611T213153, end_date=20240611T213154
[2024-06-11T21:31:54.099+0000] {standard_task_runner.py:110} ERROR - Failed to execute job 208 for task load_index_id_2979005 (Task failed due to SystemExit(1); 462)
[2024-06-11T21:31:54.120+0000] {local_task_job_runner.py:240} INFO - Task exited with return code 1
[2024-06-11T21:31:54.145+0000] {taskinstance.py:3482} INFO - 0 downstream tasks scheduled from follow-on schedule check
[2024-06-11T21:31:54.151+0000] {local_task_job_runner.py:222} INFO - ::endgroup::
[2024-06-11T21:45:09.373+0000] {local_task_job_runner.py:120} INFO - ::group::Pre task execution logs
[2024-06-11T21:45:09.461+0000] {taskinstance.py:2073} INFO - Dependencies all met for dep_context=non-requeueable deps ti=<TaskInstance: load_data_mb.load_index_id_2979005 scheduled__2024-06-10T00:00:00+00:00 [queued]>
[2024-06-11T21:45:09.507+0000] {taskinstance.py:2073} INFO - Dependencies all met for dep_context=requeueable deps ti=<TaskInstance: load_data_mb.load_index_id_2979005 scheduled__2024-06-10T00:00:00+00:00 [queued]>
[2024-06-11T21:45:09.508+0000] {taskinstance.py:2303} INFO - Starting attempt 1 of 1
[2024-06-11T21:45:09.546+0000] {taskinstance.py:2327} INFO - Executing <Task(PythonOperator): load_index_id_2979005> on 2024-06-10 00:00:00+00:00
[2024-06-11T21:45:09.568+0000] {standard_task_runner.py:90} INFO - Running: ['***', 'tasks', 'run', 'load_data_mb', 'load_index_id_2979005', 'scheduled__2024-06-10T00:00:00+00:00', '--job-id', '267', '--raw', '--subdir', 'DAGS_FOLDER/load_data.py', '--cfg-path', '/tmp/tmpbj6caqf6']
[2024-06-11T21:45:09.574+0000] {standard_task_runner.py:91} INFO - Job 267: Subtask load_index_id_2979005
[2024-06-11T21:45:09.578+0000] {logging_mixin.py:188} WARNING - /home/***/.local/lib/python3.12/site-packages/***/task/task_runner/standard_task_runner.py:61 DeprecationWarning: This process (pid=198) is multi-threaded, use of fork() may lead to deadlocks in the child.
[2024-06-11T21:45:09.581+0000] {standard_task_runner.py:63} INFO - Started process 199 to run task
[2024-06-11T21:45:09.693+0000] {task_command.py:426} INFO - Running <TaskInstance: load_data_mb.load_index_id_2979005 scheduled__2024-06-10T00:00:00+00:00 [running]> on host f7fd8afd804e
[2024-06-11T21:45:09.881+0000] {taskinstance.py:2644} INFO - Exporting env vars: AIRFLOW_CTX_DAG_OWNER='***' AIRFLOW_CTX_DAG_ID='load_data_mb' AIRFLOW_CTX_TASK_ID='load_index_id_2979005' AIRFLOW_CTX_EXECUTION_DATE='2024-06-10T00:00:00+00:00' AIRFLOW_CTX_TRY_NUMBER='1' AIRFLOW_CTX_DAG_RUN_ID='scheduled__2024-06-10T00:00:00+00:00'
[2024-06-11T21:45:09.883+0000] {taskinstance.py:430} INFO - ::endgroup::
[2024-06-11T21:45:09.973+0000] {logging_mixin.py:188} INFO - Ошибка в коде или неверный json
[2024-06-11T21:45:09.975+0000] {taskinstance.py:441} INFO - ::group::Post task execution logs
[2024-06-11T21:45:09.976+0000] {taskinstance.py:2892} ERROR - Task failed due to SystemExit(1)
[2024-06-11T21:45:09.992+0000] {taskinstance.py:1205} INFO - Marking task as FAILED. dag_id=load_data_mb, task_id=load_index_id_2979005, execution_date=20240610T000000, start_date=20240611T214509, end_date=20240611T214509
[2024-06-11T21:45:10.023+0000] {standard_task_runner.py:110} ERROR - Failed to execute job 267 for task load_index_id_2979005 (Task failed due to SystemExit(1); 199)
[2024-06-11T21:45:10.042+0000] {local_task_job_runner.py:240} INFO - Task exited with return code 1
[2024-06-11T21:45:10.095+0000] {taskinstance.py:3482} INFO - 0 downstream tasks scheduled from follow-on schedule check
[2024-06-11T21:45:10.105+0000] {local_task_job_runner.py:222} INFO - ::endgroup::
