[2024-04-29T19:14:50.984+0000] {local_task_job_runner.py:120} INFO - ::group::Pre task execution logs
[2024-04-29T19:14:51.134+0000] {taskinstance.py:2073} INFO - Dependencies all met for dep_context=non-requeueable deps ti=<TaskInstance: load_data_mb.load_index_id_701939 scheduled__2024-04-28T00:00:00+00:00 [queued]>
[2024-04-29T19:14:51.190+0000] {taskinstance.py:2073} INFO - Dependencies all met for dep_context=requeueable deps ti=<TaskInstance: load_data_mb.load_index_id_701939 scheduled__2024-04-28T00:00:00+00:00 [queued]>
[2024-04-29T19:14:51.192+0000] {taskinstance.py:2303} INFO - Starting attempt 1 of 1
[2024-04-29T19:14:51.263+0000] {taskinstance.py:2327} INFO - Executing <Task(PythonOperator): load_index_id_701939> on 2024-04-28 00:00:00+00:00
[2024-04-29T19:14:51.286+0000] {standard_task_runner.py:90} INFO - Running: ['***', 'tasks', 'run', 'load_data_mb', 'load_index_id_701939', 'scheduled__2024-04-28T00:00:00+00:00', '--job-id', '355', '--raw', '--subdir', 'DAGS_FOLDER/load_data_mb.py', '--cfg-path', '/tmp/tmpjggnct25']
[2024-04-29T19:14:51.296+0000] {standard_task_runner.py:91} INFO - Job 355: Subtask load_index_id_701939
[2024-04-29T19:14:51.298+0000] {logging_mixin.py:188} WARNING - /home/***/.local/lib/python3.12/site-packages/***/task/task_runner/standard_task_runner.py:61 DeprecationWarning: This process (pid=606) is multi-threaded, use of fork() may lead to deadlocks in the child.
[2024-04-29T19:14:51.303+0000] {standard_task_runner.py:63} INFO - Started process 607 to run task
[2024-04-29T19:14:51.459+0000] {task_command.py:426} INFO - Running <TaskInstance: load_data_mb.load_index_id_701939 scheduled__2024-04-28T00:00:00+00:00 [running]> on host d933ead87eb5
[2024-04-29T19:14:51.765+0000] {taskinstance.py:2644} INFO - Exporting env vars: AIRFLOW_CTX_DAG_OWNER='***' AIRFLOW_CTX_DAG_ID='load_data_mb' AIRFLOW_CTX_TASK_ID='load_index_id_701939' AIRFLOW_CTX_EXECUTION_DATE='2024-04-28T00:00:00+00:00' AIRFLOW_CTX_TRY_NUMBER='1' AIRFLOW_CTX_DAG_RUN_ID='scheduled__2024-04-28T00:00:00+00:00'
[2024-04-29T19:14:51.768+0000] {taskinstance.py:430} INFO - ::endgroup::
[2024-04-29T19:15:15.100+0000] {logging_mixin.py:188} INFO - {'index_name': 'Индекс физического объема общей площади введенных в эксплуатацию жилых зданий', 'index_id': 701939, 'dic_names': ['Регионы', 'Соотнесение периодов', 'Типы правовых единиц'], 'period_name': 'Год', 'info': 'нет новых данных'}
[2024-04-29T19:15:15.101+0000] {logging_mixin.py:188} INFO - {'index_name': 'Индекс физического объема общей площади введенных в эксплуатацию жилых зданий', 'index_id': 701939, 'dic_names': ['Регионы', 'Тип местности и административное деление', 'Соотнесение периодов', 'Виды объектов и мощностей'], 'period_name': 'Год', 'info': 'нет новых данных'}
[2024-04-29T19:15:15.102+0000] {logging_mixin.py:188} INFO - {'index_name': 'Индекс физического объема общей площади введенных в эксплуатацию жилых зданий', 'index_id': 701939, 'dic_names': ['Регионы', 'Тип местности и административное деление', 'Соотнесение периодов'], 'period_name': 'Месяц', 'info': 'нет новых данных'}
[2024-04-29T19:15:15.103+0000] {logging_mixin.py:188} INFO - {'index_name': 'Индекс физического объема общей площади введенных в эксплуатацию жилых зданий', 'index_id': 701939, 'dic_names': ['Регионы', 'Тип местности и административное деление', 'Соотнесение периодов', 'Виды объектов и мощностей'], 'period_name': 'Месяц', 'info': 'нет новых данных'}
[2024-04-29T19:15:15.104+0000] {logging_mixin.py:188} INFO - {'index_name': 'Индекс физического объема общей площади введенных в эксплуатацию жилых зданий', 'index_id': 701939, 'dic_names': ['Регионы', 'Тип местности и административное деление', 'Соотнесение периодов'], 'period_name': 'Месяц с накоплением', 'info': 'нет новых данных'}
[2024-04-29T19:15:15.108+0000] {logging_mixin.py:188} INFO - {'index_name': 'Индекс физического объема общей площади введенных в эксплуатацию жилых зданий', 'index_id': 701939, 'dic_names': ['Регионы', 'Тип местности и административное деление', 'Соотнесение периодов', 'Виды объектов и мощностей'], 'period_name': 'Месяц с накоплением', 'info': 'нет новых данных'}
[2024-04-29T19:15:15.109+0000] {logging_mixin.py:188} INFO - {'index_name': 'Индекс физического объема общей площади введенных в эксплуатацию жилых зданий', 'index_id': 701939, 'dic_names': ['Соотнесение периодов', 'Административно-территориальные объекты по малым городам'], 'period_name': 'Месяц', 'info': 'нет новых данных'}
[2024-04-29T19:15:15.110+0000] {logging_mixin.py:188} INFO - {'index_name': 'Индекс физического объема общей площади введенных в эксплуатацию жилых зданий', 'index_id': 701939, 'dic_names': ['Административно-территориальные объекты по моногородам', 'Соотнесение периодов'], 'period_name': 'Месяц', 'info': 'нет новых данных'}
[2024-04-29T19:15:15.111+0000] {logging_mixin.py:188} INFO - {'index_name': 'Индекс физического объема общей площади введенных в эксплуатацию жилых зданий', 'index_id': 701939, 'dic_names': ['Административно-территориальные объекты по моногородам', 'Соотнесение периодов'], 'period_name': 'Месяц с накоплением', 'info': 'нет новых данных'}
[2024-04-29T19:15:15.112+0000] {logging_mixin.py:188} INFO - {'index_name': 'Индекс физического объема общей площади введенных в эксплуатацию жилых зданий', 'index_id': 701939, 'dic_names': ['Соотнесение периодов', 'Административно-территориальные объекты по малым городам'], 'period_name': 'Месяц с накоплением', 'info': 'нет новых данных'}
[2024-04-29T19:15:15.113+0000] {logging_mixin.py:188} INFO - {'index_name': 'Индекс физического объема общей площади введенных в эксплуатацию жилых зданий', 'index_id': 701939, 'dic_names': ['Регионы', 'Соотнесение периодов', 'Группировки типов правовых единиц'], 'period_name': 'Месяц с накоплением', 'info': 'нет новых данных'}
[2024-04-29T19:15:15.114+0000] {python.py:237} INFO - Done. Returned value was: None
[2024-04-29T19:15:15.115+0000] {taskinstance.py:441} INFO - ::group::Post task execution logs
[2024-04-29T19:15:15.473+0000] {taskinstance.py:1205} INFO - Marking task as SUCCESS. dag_id=load_data_mb, task_id=load_index_id_701939, execution_date=20240428T000000, start_date=20240429T191451, end_date=20240429T191515
[2024-04-29T19:15:15.653+0000] {local_task_job_runner.py:240} INFO - Task exited with return code 0
[2024-04-29T19:15:15.902+0000] {taskinstance.py:3482} INFO - 0 downstream tasks scheduled from follow-on schedule check
[2024-04-29T19:15:15.910+0000] {local_task_job_runner.py:222} INFO - ::endgroup::
