[2024-06-11T21:28:57.642+0000] {local_task_job_runner.py:120} INFO - ::group::Pre task execution logs
[2024-06-11T21:28:57.712+0000] {taskinstance.py:2073} INFO - Dependencies all met for dep_context=non-requeueable deps ti=<TaskInstance: load_data_mb.load_index_id_701276 scheduled__2024-06-10T00:00:00+00:00 [queued]>
[2024-06-11T21:28:57.730+0000] {taskinstance.py:2073} INFO - Dependencies all met for dep_context=requeueable deps ti=<TaskInstance: load_data_mb.load_index_id_701276 scheduled__2024-06-10T00:00:00+00:00 [queued]>
[2024-06-11T21:28:57.731+0000] {taskinstance.py:2303} INFO - Starting attempt 1 of 1
[2024-06-11T21:28:57.753+0000] {taskinstance.py:2327} INFO - Executing <Task(PythonOperator): load_index_id_701276> on 2024-06-10 00:00:00+00:00
[2024-06-11T21:28:57.764+0000] {standard_task_runner.py:90} INFO - Running: ['***', 'tasks', 'run', 'load_data_mb', 'load_index_id_701276', 'scheduled__2024-06-10T00:00:00+00:00', '--job-id', '130', '--raw', '--subdir', 'DAGS_FOLDER/load_data_mb.py', '--cfg-path', '/tmp/tmpjxj756bu']
[2024-06-11T21:28:57.769+0000] {standard_task_runner.py:91} INFO - Job 130: Subtask load_index_id_701276
[2024-06-11T21:28:57.775+0000] {logging_mixin.py:188} WARNING - /home/***/.local/lib/python3.12/site-packages/***/task/task_runner/standard_task_runner.py:61 DeprecationWarning: This process (pid=240) is multi-threaded, use of fork() may lead to deadlocks in the child.
[2024-06-11T21:28:57.778+0000] {standard_task_runner.py:63} INFO - Started process 244 to run task
[2024-06-11T21:28:57.955+0000] {task_command.py:426} INFO - Running <TaskInstance: load_data_mb.load_index_id_701276 scheduled__2024-06-10T00:00:00+00:00 [running]> on host e6f094d2943c
[2024-06-11T21:28:58.149+0000] {taskinstance.py:2644} INFO - Exporting env vars: AIRFLOW_CTX_DAG_OWNER='***' AIRFLOW_CTX_DAG_ID='load_data_mb' AIRFLOW_CTX_TASK_ID='load_index_id_701276' AIRFLOW_CTX_EXECUTION_DATE='2024-06-10T00:00:00+00:00' AIRFLOW_CTX_TRY_NUMBER='1' AIRFLOW_CTX_DAG_RUN_ID='scheduled__2024-06-10T00:00:00+00:00'
[2024-06-11T21:28:58.152+0000] {taskinstance.py:430} INFO - ::endgroup::
[2024-06-11T21:28:58.258+0000] {python.py:237} INFO - Done. Returned value was: None
[2024-06-11T21:28:58.260+0000] {taskinstance.py:441} INFO - ::group::Post task execution logs
[2024-06-11T21:28:58.275+0000] {taskinstance.py:1205} INFO - Marking task as SUCCESS. dag_id=load_data_mb, task_id=load_index_id_701276, execution_date=20240610T000000, start_date=20240611T212857, end_date=20240611T212858
[2024-06-11T21:28:58.316+0000] {local_task_job_runner.py:240} INFO - Task exited with return code 0
[2024-06-11T21:28:58.342+0000] {taskinstance.py:3482} INFO - 0 downstream tasks scheduled from follow-on schedule check
[2024-06-11T21:28:58.346+0000] {local_task_job_runner.py:222} INFO - ::endgroup::
[2024-06-11T21:30:18.575+0000] {local_task_job_runner.py:120} INFO - ::group::Pre task execution logs
[2024-06-11T21:30:18.621+0000] {taskinstance.py:2073} INFO - Dependencies all met for dep_context=non-requeueable deps ti=<TaskInstance: load_data_mb.load_index_id_701276 scheduled__2024-06-10T00:00:00+00:00 [queued]>
[2024-06-11T21:30:18.636+0000] {taskinstance.py:2073} INFO - Dependencies all met for dep_context=requeueable deps ti=<TaskInstance: load_data_mb.load_index_id_701276 scheduled__2024-06-10T00:00:00+00:00 [queued]>
[2024-06-11T21:30:18.637+0000] {taskinstance.py:2303} INFO - Starting attempt 1 of 1
[2024-06-11T21:30:18.656+0000] {taskinstance.py:2327} INFO - Executing <Task(PythonOperator): load_index_id_701276> on 2024-06-10 00:00:00+00:00
[2024-06-11T21:30:18.668+0000] {logging_mixin.py:188} WARNING - /home/***/.local/lib/python3.12/site-packages/***/task/task_runner/standard_task_runner.py:61 DeprecationWarning: This process (pid=345) is multi-threaded, use of fork() may lead to deadlocks in the child.
[2024-06-11T21:30:18.667+0000] {standard_task_runner.py:90} INFO - Running: ['***', 'tasks', 'run', 'load_data_mb', 'load_index_id_701276', 'scheduled__2024-06-10T00:00:00+00:00', '--job-id', '169', '--raw', '--subdir', 'DAGS_FOLDER/load_data_mb.py', '--cfg-path', '/tmp/tmphgsy8bnu']
[2024-06-11T21:30:18.669+0000] {standard_task_runner.py:63} INFO - Started process 346 to run task
[2024-06-11T21:30:18.670+0000] {standard_task_runner.py:91} INFO - Job 169: Subtask load_index_id_701276
[2024-06-11T21:30:18.738+0000] {task_command.py:426} INFO - Running <TaskInstance: load_data_mb.load_index_id_701276 scheduled__2024-06-10T00:00:00+00:00 [running]> on host e6f094d2943c
[2024-06-11T21:30:18.961+0000] {taskinstance.py:2644} INFO - Exporting env vars: AIRFLOW_CTX_DAG_OWNER='***' AIRFLOW_CTX_DAG_ID='load_data_mb' AIRFLOW_CTX_TASK_ID='load_index_id_701276' AIRFLOW_CTX_EXECUTION_DATE='2024-06-10T00:00:00+00:00' AIRFLOW_CTX_TRY_NUMBER='1' AIRFLOW_CTX_DAG_RUN_ID='scheduled__2024-06-10T00:00:00+00:00'
[2024-06-11T21:30:18.963+0000] {taskinstance.py:430} INFO - ::endgroup::
[2024-06-11T21:30:19.032+0000] {logging_mixin.py:188} INFO - Ошибка в коде или неверный json
[2024-06-11T21:30:19.033+0000] {taskinstance.py:441} INFO - ::group::Post task execution logs
[2024-06-11T21:30:19.034+0000] {taskinstance.py:2892} ERROR - Task failed due to SystemExit(1)
[2024-06-11T21:30:19.050+0000] {taskinstance.py:1205} INFO - Marking task as FAILED. dag_id=load_data_mb, task_id=load_index_id_701276, execution_date=20240610T000000, start_date=20240611T213018, end_date=20240611T213019
[2024-06-11T21:30:19.073+0000] {standard_task_runner.py:110} ERROR - Failed to execute job 169 for task load_index_id_701276 (Task failed due to SystemExit(1); 346)
[2024-06-11T21:30:19.126+0000] {local_task_job_runner.py:240} INFO - Task exited with return code 1
[2024-06-11T21:30:19.172+0000] {taskinstance.py:3482} INFO - 0 downstream tasks scheduled from follow-on schedule check
[2024-06-11T21:30:19.180+0000] {local_task_job_runner.py:222} INFO - ::endgroup::
[2024-06-11T21:31:05.131+0000] {local_task_job_runner.py:120} INFO - ::group::Pre task execution logs
[2024-06-11T21:31:05.316+0000] {taskinstance.py:2073} INFO - Dependencies all met for dep_context=non-requeueable deps ti=<TaskInstance: load_data_mb.load_index_id_701276 scheduled__2024-06-10T00:00:00+00:00 [queued]>
[2024-06-11T21:31:05.345+0000] {taskinstance.py:2073} INFO - Dependencies all met for dep_context=requeueable deps ti=<TaskInstance: load_data_mb.load_index_id_701276 scheduled__2024-06-10T00:00:00+00:00 [queued]>
[2024-06-11T21:31:05.346+0000] {taskinstance.py:2303} INFO - Starting attempt 1 of 1
[2024-06-11T21:31:05.420+0000] {taskinstance.py:2327} INFO - Executing <Task(PythonOperator): load_index_id_701276> on 2024-06-10 00:00:00+00:00
[2024-06-11T21:31:05.449+0000] {standard_task_runner.py:90} INFO - Running: ['***', 'tasks', 'run', 'load_data_mb', 'load_index_id_701276', 'scheduled__2024-06-10T00:00:00+00:00', '--job-id', '180', '--raw', '--subdir', 'DAGS_FOLDER/load_data_mb.py', '--cfg-path', '/tmp/tmph8an_88g']
[2024-06-11T21:31:05.462+0000] {logging_mixin.py:188} WARNING - /home/***/.local/lib/python3.12/site-packages/***/task/task_runner/standard_task_runner.py:61 DeprecationWarning: This process (pid=388) is multi-threaded, use of fork() may lead to deadlocks in the child.
[2024-06-11T21:31:05.474+0000] {standard_task_runner.py:91} INFO - Job 180: Subtask load_index_id_701276
[2024-06-11T21:31:05.474+0000] {standard_task_runner.py:63} INFO - Started process 389 to run task
[2024-06-11T21:31:05.941+0000] {task_command.py:426} INFO - Running <TaskInstance: load_data_mb.load_index_id_701276 scheduled__2024-06-10T00:00:00+00:00 [running]> on host e6f094d2943c
[2024-06-11T21:31:06.411+0000] {taskinstance.py:2644} INFO - Exporting env vars: AIRFLOW_CTX_DAG_OWNER='***' AIRFLOW_CTX_DAG_ID='load_data_mb' AIRFLOW_CTX_TASK_ID='load_index_id_701276' AIRFLOW_CTX_EXECUTION_DATE='2024-06-10T00:00:00+00:00' AIRFLOW_CTX_TRY_NUMBER='1' AIRFLOW_CTX_DAG_RUN_ID='scheduled__2024-06-10T00:00:00+00:00'
[2024-06-11T21:31:06.433+0000] {taskinstance.py:430} INFO - ::endgroup::
[2024-06-11T21:31:06.692+0000] {logging_mixin.py:188} INFO - Ошибка в коде или неверный json
[2024-06-11T21:31:06.693+0000] {taskinstance.py:441} INFO - ::group::Post task execution logs
[2024-06-11T21:31:06.696+0000] {taskinstance.py:2892} ERROR - Task failed due to SystemExit(1)
[2024-06-11T21:31:06.729+0000] {taskinstance.py:1205} INFO - Marking task as FAILED. dag_id=load_data_mb, task_id=load_index_id_701276, execution_date=20240610T000000, start_date=20240611T213105, end_date=20240611T213106
[2024-06-11T21:31:06.778+0000] {standard_task_runner.py:110} ERROR - Failed to execute job 180 for task load_index_id_701276 (Task failed due to SystemExit(1); 389)
[2024-06-11T21:31:06.827+0000] {local_task_job_runner.py:240} INFO - Task exited with return code 1
[2024-06-11T21:31:06.877+0000] {taskinstance.py:3482} INFO - 0 downstream tasks scheduled from follow-on schedule check
[2024-06-11T21:31:06.884+0000] {local_task_job_runner.py:222} INFO - ::endgroup::
[2024-06-11T21:41:06.126+0000] {local_task_job_runner.py:120} INFO - ::group::Pre task execution logs
[2024-06-11T21:41:06.339+0000] {taskinstance.py:2073} INFO - Dependencies all met for dep_context=non-requeueable deps ti=<TaskInstance: load_data_mb.load_index_id_701276 scheduled__2024-06-10T00:00:00+00:00 [queued]>
[2024-06-11T21:41:06.383+0000] {taskinstance.py:2073} INFO - Dependencies all met for dep_context=requeueable deps ti=<TaskInstance: load_data_mb.load_index_id_701276 scheduled__2024-06-10T00:00:00+00:00 [queued]>
[2024-06-11T21:41:06.385+0000] {taskinstance.py:2303} INFO - Starting attempt 1 of 1
[2024-06-11T21:41:06.483+0000] {taskinstance.py:2327} INFO - Executing <Task(PythonOperator): load_index_id_701276> on 2024-06-10 00:00:00+00:00
[2024-06-11T21:41:06.543+0000] {standard_task_runner.py:90} INFO - Running: ['***', 'tasks', 'run', 'load_data_mb', 'load_index_id_701276', 'scheduled__2024-06-10T00:00:00+00:00', '--job-id', '237', '--raw', '--subdir', 'DAGS_FOLDER/load_data.py', '--cfg-path', '/tmp/tmp10fxhepl']
[2024-06-11T21:41:06.561+0000] {standard_task_runner.py:91} INFO - Job 237: Subtask load_index_id_701276
[2024-06-11T21:41:06.561+0000] {logging_mixin.py:188} WARNING - /home/***/.local/lib/python3.12/site-packages/***/task/task_runner/standard_task_runner.py:61 DeprecationWarning: This process (pid=199) is multi-threaded, use of fork() may lead to deadlocks in the child.
[2024-06-11T21:41:06.563+0000] {standard_task_runner.py:63} INFO - Started process 200 to run task
[2024-06-11T21:41:07.968+0000] {task_command.py:426} INFO - Running <TaskInstance: load_data_mb.load_index_id_701276 scheduled__2024-06-10T00:00:00+00:00 [running]> on host 8195540d7f15
[2024-06-11T21:41:08.737+0000] {taskinstance.py:2644} INFO - Exporting env vars: AIRFLOW_CTX_DAG_OWNER='***' AIRFLOW_CTX_DAG_ID='load_data_mb' AIRFLOW_CTX_TASK_ID='load_index_id_701276' AIRFLOW_CTX_EXECUTION_DATE='2024-06-10T00:00:00+00:00' AIRFLOW_CTX_TRY_NUMBER='1' AIRFLOW_CTX_DAG_RUN_ID='scheduled__2024-06-10T00:00:00+00:00'
[2024-06-11T21:41:08.753+0000] {taskinstance.py:430} INFO - ::endgroup::
[2024-06-11T21:41:09.356+0000] {taskinstance.py:441} INFO - ::group::Post task execution logs
[2024-06-11T21:41:09.369+0000] {taskinstance.py:2890} ERROR - Task failed with exception
Traceback (most recent call last):
  File "/home/airflow/.local/lib/python3.12/site-packages/airflow/models/taskinstance.py", line 465, in _execute_task
    result = _execute_callable(context=context, **execute_callable_kwargs)
             ^^^^^^^^^^^^^^^^^^^^^^^^^^^^^^^^^^^^^^^^^^^^^^^^^^^^^^^^^^^^^
  File "/home/airflow/.local/lib/python3.12/site-packages/airflow/models/taskinstance.py", line 432, in _execute_callable
    return execute_callable(context=context, **execute_callable_kwargs)
           ^^^^^^^^^^^^^^^^^^^^^^^^^^^^^^^^^^^^^^^^^^^^^^^^^^^^^^^^^^^^
  File "/home/airflow/.local/lib/python3.12/site-packages/airflow/models/baseoperator.py", line 400, in wrapper
    return func(self, *args, **kwargs)
           ^^^^^^^^^^^^^^^^^^^^^^^^^^^
  File "/home/airflow/.local/lib/python3.12/site-packages/airflow/operators/python.py", line 235, in execute
    return_value = self.execute_callable()
                   ^^^^^^^^^^^^^^^^^^^^^^^
  File "/home/airflow/.local/lib/python3.12/site-packages/airflow/operators/python.py", line 252, in execute_callable
    return self.python_callable(*self.op_args, **self.op_kwargs)
           ^^^^^^^^^^^^^^^^^^^^^^^^^^^^^^^^^^^^^^^^^^^^^^^^^^^^^
  File "/opt/airflow/dags/load_data.py", line 19, in load_index
    print(response.json()["info"])
          ~~~~~~~~~~~~~~~^^^^^^^^
KeyError: 'info'
[2024-06-11T21:41:09.631+0000] {taskinstance.py:1205} INFO - Marking task as FAILED. dag_id=load_data_mb, task_id=load_index_id_701276, execution_date=20240610T000000, start_date=20240611T214106, end_date=20240611T214109
[2024-06-11T21:41:09.717+0000] {standard_task_runner.py:110} ERROR - Failed to execute job 237 for task load_index_id_701276 ('info'; 200)
[2024-06-11T21:41:09.775+0000] {local_task_job_runner.py:240} INFO - Task exited with return code 1
[2024-06-11T21:41:09.856+0000] {taskinstance.py:3482} INFO - 0 downstream tasks scheduled from follow-on schedule check
[2024-06-11T21:41:09.867+0000] {local_task_job_runner.py:222} INFO - ::endgroup::
