[2024-05-02T08:18:00.098+0000] {local_task_job_runner.py:120} INFO - ::group::Pre task execution logs
[2024-05-02T08:18:00.142+0000] {taskinstance.py:2073} INFO - Dependencies all met for dep_context=non-requeueable deps ti=<TaskInstance: load_data_mb.load_index_id_704447 scheduled__2024-04-30T00:00:00+00:00 [queued]>
[2024-05-02T08:18:00.162+0000] {taskinstance.py:2073} INFO - Dependencies all met for dep_context=requeueable deps ti=<TaskInstance: load_data_mb.load_index_id_704447 scheduled__2024-04-30T00:00:00+00:00 [queued]>
[2024-05-02T08:18:00.165+0000] {taskinstance.py:2303} INFO - Starting attempt 1 of 1
[2024-05-02T08:18:00.227+0000] {taskinstance.py:2327} INFO - Executing <Task(PythonOperator): load_index_id_704447> on 2024-04-30 00:00:00+00:00
[2024-05-02T08:18:00.269+0000] {standard_task_runner.py:90} INFO - Running: ['***', 'tasks', 'run', 'load_data_mb', 'load_index_id_704447', 'scheduled__2024-04-30T00:00:00+00:00', '--job-id', '401', '--raw', '--subdir', 'DAGS_FOLDER/load_data_mb.py', '--cfg-path', '/tmp/tmpbz_0fyw8']
[2024-05-02T08:18:00.282+0000] {standard_task_runner.py:91} INFO - Job 401: Subtask load_index_id_704447
[2024-05-02T08:18:00.292+0000] {logging_mixin.py:188} WARNING - /home/***/.local/lib/python3.12/site-packages/***/task/task_runner/standard_task_runner.py:61 DeprecationWarning: This process (pid=675) is multi-threaded, use of fork() may lead to deadlocks in the child.
[2024-05-02T08:18:00.295+0000] {standard_task_runner.py:63} INFO - Started process 676 to run task
[2024-05-02T08:18:00.382+0000] {task_command.py:426} INFO - Running <TaskInstance: load_data_mb.load_index_id_704447 scheduled__2024-04-30T00:00:00+00:00 [running]> on host d933ead87eb5
[2024-05-02T08:18:00.555+0000] {taskinstance.py:2644} INFO - Exporting env vars: AIRFLOW_CTX_DAG_OWNER='***' AIRFLOW_CTX_DAG_ID='load_data_mb' AIRFLOW_CTX_TASK_ID='load_index_id_704447' AIRFLOW_CTX_EXECUTION_DATE='2024-04-30T00:00:00+00:00' AIRFLOW_CTX_TRY_NUMBER='1' AIRFLOW_CTX_DAG_RUN_ID='scheduled__2024-04-30T00:00:00+00:00'
[2024-05-02T08:18:00.557+0000] {taskinstance.py:430} INFO - ::endgroup::
[2024-05-02T08:18:08.636+0000] {logging_mixin.py:188} INFO - {'index_name': 'Среднедушевые номинальные денежные доходы населения', 'index_id': 704447, 'dic_names': ['Регионы'], 'period_name': 'Год', 'info': 'ошибка талдау', 'error_code': 500}
[2024-05-02T08:18:08.637+0000] {logging_mixin.py:188} INFO - {'index_name': 'Среднедушевые номинальные денежные доходы населения', 'index_id': 704447, 'dic_names': ['Регионы'], 'period_name': 'Квартал', 'info': 'ошибка талдау', 'error_code': 500}
[2024-05-02T08:18:08.637+0000] {logging_mixin.py:188} INFO - {'index_name': 'Среднедушевые номинальные денежные доходы населения', 'index_id': 704447, 'dic_names': ['Регионы'], 'period_name': 'Месяц', 'info': 'ошибка талдау', 'error_code': 500}
[2024-05-02T08:18:08.638+0000] {python.py:237} INFO - Done. Returned value was: None
[2024-05-02T08:18:08.639+0000] {taskinstance.py:441} INFO - ::group::Post task execution logs
[2024-05-02T08:18:08.656+0000] {taskinstance.py:1205} INFO - Marking task as SUCCESS. dag_id=load_data_mb, task_id=load_index_id_704447, execution_date=20240430T000000, start_date=20240502T081800, end_date=20240502T081808
[2024-05-02T08:18:08.703+0000] {local_task_job_runner.py:240} INFO - Task exited with return code 0
[2024-05-02T08:18:08.728+0000] {taskinstance.py:3482} INFO - 0 downstream tasks scheduled from follow-on schedule check
[2024-05-02T08:18:08.734+0000] {local_task_job_runner.py:222} INFO - ::endgroup::
