[2024-04-28T08:28:03.815+0000] {local_task_job_runner.py:120} INFO - ::group::Pre task execution logs
[2024-04-28T08:28:03.868+0000] {taskinstance.py:2073} INFO - Dependencies all met for dep_context=non-requeueable deps ti=<TaskInstance: load_data_mb.load_index_id_701592 manual__2024-04-28T08:06:57.479140+00:00 [queued]>
[2024-04-28T08:28:03.882+0000] {taskinstance.py:2073} INFO - Dependencies all met for dep_context=requeueable deps ti=<TaskInstance: load_data_mb.load_index_id_701592 manual__2024-04-28T08:06:57.479140+00:00 [queued]>
[2024-04-28T08:28:03.883+0000] {taskinstance.py:2303} INFO - Starting attempt 1 of 1
[2024-04-28T08:28:03.905+0000] {taskinstance.py:2327} INFO - Executing <Task(PythonOperator): load_index_id_701592> on 2024-04-28 08:06:57.479140+00:00
[2024-04-28T08:28:03.916+0000] {standard_task_runner.py:90} INFO - Running: ['***', 'tasks', 'run', 'load_data_mb', 'load_index_id_701592', 'manual__2024-04-28T08:06:57.479140+00:00', '--job-id', '297', '--raw', '--subdir', 'DAGS_FOLDER/load_data_mb.py', '--cfg-path', '/tmp/tmp8xwocte3']
[2024-04-28T08:28:03.920+0000] {standard_task_runner.py:91} INFO - Job 297: Subtask load_index_id_701592
[2024-04-28T08:28:03.927+0000] {logging_mixin.py:188} WARNING - /home/***/.local/lib/python3.12/site-packages/***/task/task_runner/standard_task_runner.py:61 DeprecationWarning: This process (pid=18392) is multi-threaded, use of fork() may lead to deadlocks in the child.
[2024-04-28T08:28:03.928+0000] {standard_task_runner.py:63} INFO - Started process 18393 to run task
[2024-04-28T08:28:03.990+0000] {task_command.py:426} INFO - Running <TaskInstance: load_data_mb.load_index_id_701592 manual__2024-04-28T08:06:57.479140+00:00 [running]> on host d933ead87eb5
[2024-04-28T08:28:04.171+0000] {taskinstance.py:2644} INFO - Exporting env vars: AIRFLOW_CTX_DAG_OWNER='***' AIRFLOW_CTX_DAG_ID='load_data_mb' AIRFLOW_CTX_TASK_ID='load_index_id_701592' AIRFLOW_CTX_EXECUTION_DATE='2024-04-28T08:06:57.479140+00:00' AIRFLOW_CTX_TRY_NUMBER='1' AIRFLOW_CTX_DAG_RUN_ID='manual__2024-04-28T08:06:57.479140+00:00'
[2024-04-28T08:28:04.173+0000] {taskinstance.py:430} INFO - ::endgroup::
[2024-04-28T08:28:24.171+0000] {logging_mixin.py:188} INFO - {'index_name': 'объем производства промышленной продукции (товаров, услуг), в стоимостном выражении', 'index_id': 701592, 'dic_names': ['Регионы', 'Тип местности и административное деление', 'Размерность предприятий', 'Формы и видов собственности', 'Организационно-правовые формы хозяйствования', 'Виды деятельности', 'Сектора экономики', 'Виды экономической деятельности'], 'period_name': 'Год', 'info': 'нет новых данных'}
[2024-04-28T08:28:24.172+0000] {logging_mixin.py:188} INFO - {'index_name': 'объем производства промышленной продукции (товаров, услуг), в стоимостном выражении', 'index_id': 701592, 'dic_names': ['Регионы', 'Виды экономической деятельности'], 'period_name': 'Год', 'info': 'нет новых данных'}
[2024-04-28T08:28:24.173+0000] {logging_mixin.py:188} INFO - {'index_name': 'объем производства промышленной продукции (товаров, услуг), в стоимостном выражении', 'index_id': 701592, 'dic_names': ['Регионы', 'Тип местности и административное деление', 'Виды экономической деятельности'], 'period_name': 'Месяц с накоплением', 'info': 'нет новых данных'}
[2024-04-28T08:28:24.173+0000] {logging_mixin.py:188} INFO - {'index_name': 'объем производства промышленной продукции (товаров, услуг), в стоимостном выражении', 'index_id': 701592, 'dic_names': ['Регионы', 'Тип местности и административное деление', 'Виды экономической деятельности', 'Периоды для справочника статистических показателей'], 'period_name': 'Месяц', 'info': 'нет новых данных'}
[2024-04-28T08:28:24.175+0000] {logging_mixin.py:188} INFO - {'index_name': 'объем производства промышленной продукции (товаров, услуг), в стоимостном выражении', 'index_id': 701592, 'dic_names': ['Регионы', 'Виды экономической деятельности', 'Тип местности и административное деление', 'Размерность юридических лиц, филиалов и представительств, а также субъектов индивидуального предпринимательства по численности работников', 'Формы и видов собственности'], 'period_name': 'Месяц', 'info': 'нет новых данных'}
[2024-04-28T08:28:24.176+0000] {logging_mixin.py:188} INFO - {'index_name': 'объем производства промышленной продукции (товаров, услуг), в стоимостном выражении', 'index_id': 701592, 'dic_names': ['Регионы', 'Тип местности и административное деление', 'Виды экономической деятельности'], 'period_name': 'Месяц', 'info': 'нет новых данных'}
[2024-04-28T08:28:24.178+0000] {logging_mixin.py:188} INFO - {'index_name': 'объем производства промышленной продукции (товаров, услуг), в стоимостном выражении', 'index_id': 701592, 'dic_names': ['Регионы', 'Тип местности и административное деление', 'Виды экономической деятельности', 'Периоды для справочника статистических показателей'], 'period_name': 'Месяц с накоплением', 'info': 'нет новых данных'}
[2024-04-28T08:28:24.179+0000] {logging_mixin.py:188} INFO - {'index_name': 'объем производства промышленной продукции (товаров, услуг), в стоимостном выражении', 'index_id': 701592, 'dic_names': ['Регионы', 'Виды экономической деятельности', 'Тип местности и административное деление', 'Размерность юридических лиц, филиалов и представительств, а также субъектов индивидуального предпринимательства по численности работников', 'Формы и видов собственности'], 'period_name': 'Месяц с накоплением', 'info': 'нет новых данных'}
[2024-04-28T08:28:24.180+0000] {python.py:237} INFO - Done. Returned value was: None
[2024-04-28T08:28:24.181+0000] {taskinstance.py:441} INFO - ::group::Post task execution logs
[2024-04-28T08:28:24.195+0000] {taskinstance.py:1205} INFO - Marking task as SUCCESS. dag_id=load_data_mb, task_id=load_index_id_701592, execution_date=20240428T080657, start_date=20240428T082803, end_date=20240428T082824
[2024-04-28T08:28:24.260+0000] {local_task_job_runner.py:240} INFO - Task exited with return code 0
[2024-04-28T08:28:24.329+0000] {taskinstance.py:3482} INFO - 0 downstream tasks scheduled from follow-on schedule check
[2024-04-28T08:28:24.337+0000] {local_task_job_runner.py:222} INFO - ::endgroup::
