[2024-04-30T00:02:45.509+0000] {local_task_job_runner.py:120} INFO - ::group::Pre task execution logs
[2024-04-30T00:02:45.554+0000] {taskinstance.py:2073} INFO - Dependencies all met for dep_context=non-requeueable deps ti=<TaskInstance: load_data_mb.load_index_id_2709380 scheduled__2024-04-29T00:00:00+00:00 [queued]>
[2024-04-30T00:02:45.568+0000] {taskinstance.py:2073} INFO - Dependencies all met for dep_context=requeueable deps ti=<TaskInstance: load_data_mb.load_index_id_2709380 scheduled__2024-04-29T00:00:00+00:00 [queued]>
[2024-04-30T00:02:45.570+0000] {taskinstance.py:2303} INFO - Starting attempt 1 of 1
[2024-04-30T00:02:45.594+0000] {taskinstance.py:2327} INFO - Executing <Task(PythonOperator): load_index_id_2709380> on 2024-04-29 00:00:00+00:00
[2024-04-30T00:02:45.607+0000] {standard_task_runner.py:90} INFO - Running: ['***', 'tasks', 'run', 'load_data_mb', 'load_index_id_2709380', 'scheduled__2024-04-29T00:00:00+00:00', '--job-id', '376', '--raw', '--subdir', 'DAGS_FOLDER/load_data_mb.py', '--cfg-path', '/tmp/tmp5o8gzr0k']
[2024-04-30T00:02:45.611+0000] {standard_task_runner.py:91} INFO - Job 376: Subtask load_index_id_2709380
[2024-04-30T00:02:45.621+0000] {logging_mixin.py:188} WARNING - /home/***/.local/lib/python3.12/site-packages/***/task/task_runner/standard_task_runner.py:61 DeprecationWarning: This process (pid=6932) is multi-threaded, use of fork() may lead to deadlocks in the child.
[2024-04-30T00:02:45.623+0000] {standard_task_runner.py:63} INFO - Started process 6933 to run task
[2024-04-30T00:02:45.684+0000] {task_command.py:426} INFO - Running <TaskInstance: load_data_mb.load_index_id_2709380 scheduled__2024-04-29T00:00:00+00:00 [running]> on host d933ead87eb5
[2024-04-30T00:02:45.858+0000] {taskinstance.py:2644} INFO - Exporting env vars: AIRFLOW_CTX_DAG_OWNER='***' AIRFLOW_CTX_DAG_ID='load_data_mb' AIRFLOW_CTX_TASK_ID='load_index_id_2709380' AIRFLOW_CTX_EXECUTION_DATE='2024-04-29T00:00:00+00:00' AIRFLOW_CTX_TRY_NUMBER='1' AIRFLOW_CTX_DAG_RUN_ID='scheduled__2024-04-29T00:00:00+00:00'
[2024-04-30T00:02:45.860+0000] {taskinstance.py:430} INFO - ::endgroup::
[2024-04-30T00:02:50.136+0000] {logging_mixin.py:188} INFO - {'index_name': 'Валовой внутренний продукт методом производства на душу населения', 'index_id': 2709380, 'dic_names': ['Регионы'], 'period_name': 'Год', 'info': 'нет новых данных'}
[2024-04-30T00:02:50.137+0000] {logging_mixin.py:188} INFO - {'index_name': 'Валовой внутренний продукт методом производства на душу населения', 'index_id': 2709380, 'dic_names': ['Регионы'], 'period_name': 'Квартал с накоплением', 'info': 'нет новых данных'}
[2024-04-30T00:02:50.138+0000] {python.py:237} INFO - Done. Returned value was: None
[2024-04-30T00:02:50.139+0000] {taskinstance.py:441} INFO - ::group::Post task execution logs
[2024-04-30T00:02:50.158+0000] {taskinstance.py:1205} INFO - Marking task as SUCCESS. dag_id=load_data_mb, task_id=load_index_id_2709380, execution_date=20240429T000000, start_date=20240430T000245, end_date=20240430T000250
[2024-04-30T00:02:50.186+0000] {local_task_job_runner.py:240} INFO - Task exited with return code 0
[2024-04-30T00:02:50.217+0000] {taskinstance.py:3482} INFO - 0 downstream tasks scheduled from follow-on schedule check
[2024-04-30T00:02:50.224+0000] {local_task_job_runner.py:222} INFO - ::endgroup::
