[2024-05-02T08:19:03.150+0000] {local_task_job_runner.py:120} INFO - ::group::Pre task execution logs
[2024-05-02T08:19:03.192+0000] {taskinstance.py:2073} INFO - Dependencies all met for dep_context=non-requeueable deps ti=<TaskInstance: load_data_mb.load_index_id_701188 scheduled__2024-04-30T00:00:00+00:00 [queued]>
[2024-05-02T08:19:03.206+0000] {taskinstance.py:2073} INFO - Dependencies all met for dep_context=requeueable deps ti=<TaskInstance: load_data_mb.load_index_id_701188 scheduled__2024-04-30T00:00:00+00:00 [queued]>
[2024-05-02T08:19:03.207+0000] {taskinstance.py:2303} INFO - Starting attempt 1 of 1
[2024-05-02T08:19:03.231+0000] {taskinstance.py:2327} INFO - Executing <Task(PythonOperator): load_index_id_701188> on 2024-04-30 00:00:00+00:00
[2024-05-02T08:19:03.240+0000] {standard_task_runner.py:90} INFO - Running: ['***', 'tasks', 'run', 'load_data_mb', 'load_index_id_701188', 'scheduled__2024-04-30T00:00:00+00:00', '--job-id', '408', '--raw', '--subdir', 'DAGS_FOLDER/load_data_mb.py', '--cfg-path', '/tmp/tmpqj921j7z']
[2024-05-02T08:19:03.244+0000] {standard_task_runner.py:91} INFO - Job 408: Subtask load_index_id_701188
[2024-05-02T08:19:03.247+0000] {logging_mixin.py:188} WARNING - /home/***/.local/lib/python3.12/site-packages/***/task/task_runner/standard_task_runner.py:61 DeprecationWarning: This process (pid=713) is multi-threaded, use of fork() may lead to deadlocks in the child.
[2024-05-02T08:19:03.248+0000] {standard_task_runner.py:63} INFO - Started process 714 to run task
[2024-05-02T08:19:03.314+0000] {task_command.py:426} INFO - Running <TaskInstance: load_data_mb.load_index_id_701188 scheduled__2024-04-30T00:00:00+00:00 [running]> on host d933ead87eb5
[2024-05-02T08:19:03.460+0000] {taskinstance.py:2644} INFO - Exporting env vars: AIRFLOW_CTX_DAG_OWNER='***' AIRFLOW_CTX_DAG_ID='load_data_mb' AIRFLOW_CTX_TASK_ID='load_index_id_701188' AIRFLOW_CTX_EXECUTION_DATE='2024-04-30T00:00:00+00:00' AIRFLOW_CTX_TRY_NUMBER='1' AIRFLOW_CTX_DAG_RUN_ID='scheduled__2024-04-30T00:00:00+00:00'
[2024-05-02T08:19:03.461+0000] {taskinstance.py:430} INFO - ::endgroup::
[2024-05-02T08:19:12.156+0000] {logging_mixin.py:188} INFO - {'index_name': 'Валовой выпуск продукции (услуг) сельского, лесного и рыбного хозяйства', 'index_id': 701188, 'dic_names': ['Регионы', 'Виды ценовых измерений'], 'period_name': 'Год', 'info': 'ошибка талдау', 'error_code': 500}
[2024-05-02T08:19:12.160+0000] {logging_mixin.py:188} INFO - {'index_name': 'Валовой выпуск продукции (услуг) сельского, лесного и рыбного хозяйства', 'index_id': 701188, 'dic_names': ['Виды экономической деятельности', 'Виды ценовых измерений'], 'period_name': 'Год', 'info': 'ошибка талдау', 'error_code': 500}
[2024-05-02T08:19:12.163+0000] {logging_mixin.py:188} INFO - {'index_name': 'Валовой выпуск продукции (услуг) сельского, лесного и рыбного хозяйства', 'index_id': 701188, 'dic_names': ['Регионы', 'Категории сельхозтоваропроизводителей', 'Виды ценовых измерений'], 'period_name': 'Месяц', 'info': 'ошибка талдау', 'error_code': 500}
[2024-05-02T08:19:12.165+0000] {logging_mixin.py:188} INFO - {'index_name': 'Валовой выпуск продукции (услуг) сельского, лесного и рыбного хозяйства', 'index_id': 701188, 'dic_names': ['Регионы', 'Категории сельхозтоваропроизводителей', 'Виды ценовых измерений'], 'period_name': 'Месяц с накоплением', 'info': 'ошибка талдау', 'error_code': 500}
[2024-05-02T08:19:12.170+0000] {python.py:237} INFO - Done. Returned value was: None
[2024-05-02T08:19:12.174+0000] {taskinstance.py:441} INFO - ::group::Post task execution logs
[2024-05-02T08:19:12.202+0000] {taskinstance.py:1205} INFO - Marking task as SUCCESS. dag_id=load_data_mb, task_id=load_index_id_701188, execution_date=20240430T000000, start_date=20240502T081903, end_date=20240502T081912
[2024-05-02T08:19:12.244+0000] {local_task_job_runner.py:240} INFO - Task exited with return code 0
[2024-05-02T08:19:12.275+0000] {taskinstance.py:3482} INFO - 0 downstream tasks scheduled from follow-on schedule check
[2024-05-02T08:19:12.281+0000] {local_task_job_runner.py:222} INFO - ::endgroup::
