[2024-05-02T08:28:41.676+0000] {local_task_job_runner.py:120} INFO - ::group::Pre task execution logs
[2024-05-02T08:28:41.789+0000] {taskinstance.py:2073} INFO - Dependencies all met for dep_context=non-requeueable deps ti=<TaskInstance: load_data_mb.load_index_id_701939 scheduled__2024-05-01T00:00:00+00:00 [queued]>
[2024-05-02T08:28:41.825+0000] {taskinstance.py:2073} INFO - Dependencies all met for dep_context=requeueable deps ti=<TaskInstance: load_data_mb.load_index_id_701939 scheduled__2024-05-01T00:00:00+00:00 [queued]>
[2024-05-02T08:28:41.830+0000] {taskinstance.py:2303} INFO - Starting attempt 1 of 1
[2024-05-02T08:28:41.873+0000] {taskinstance.py:2327} INFO - Executing <Task(PythonOperator): load_index_id_701939> on 2024-05-01 00:00:00+00:00
[2024-05-02T08:28:41.891+0000] {logging_mixin.py:188} WARNING - /home/***/.local/lib/python3.12/site-packages/***/task/task_runner/standard_task_runner.py:61 DeprecationWarning: This process (pid=994) is multi-threaded, use of fork() may lead to deadlocks in the child.
[2024-05-02T08:28:41.889+0000] {standard_task_runner.py:90} INFO - Running: ['***', 'tasks', 'run', 'load_data_mb', 'load_index_id_701939', 'scheduled__2024-05-01T00:00:00+00:00', '--job-id', '444', '--raw', '--subdir', 'DAGS_FOLDER/load_data_mb.py', '--cfg-path', '/tmp/tmp6ymilryg']
[2024-05-02T08:28:41.895+0000] {standard_task_runner.py:63} INFO - Started process 995 to run task
[2024-05-02T08:28:41.896+0000] {standard_task_runner.py:91} INFO - Job 444: Subtask load_index_id_701939
[2024-05-02T08:28:42.036+0000] {task_command.py:426} INFO - Running <TaskInstance: load_data_mb.load_index_id_701939 scheduled__2024-05-01T00:00:00+00:00 [running]> on host d933ead87eb5
[2024-05-02T08:28:42.333+0000] {taskinstance.py:2644} INFO - Exporting env vars: AIRFLOW_CTX_DAG_OWNER='***' AIRFLOW_CTX_DAG_ID='load_data_mb' AIRFLOW_CTX_TASK_ID='load_index_id_701939' AIRFLOW_CTX_EXECUTION_DATE='2024-05-01T00:00:00+00:00' AIRFLOW_CTX_TRY_NUMBER='1' AIRFLOW_CTX_DAG_RUN_ID='scheduled__2024-05-01T00:00:00+00:00'
[2024-05-02T08:28:42.337+0000] {taskinstance.py:430} INFO - ::endgroup::
[2024-05-02T08:29:06.065+0000] {logging_mixin.py:188} INFO - {'index_name': 'Индекс физического объема общей площади введенных в эксплуатацию жилых зданий', 'index_id': 701939, 'dic_names': ['Регионы', 'Соотнесение периодов', 'Типы правовых единиц'], 'period_name': 'Год', 'info': 'ошибка талдау', 'error_code': 500}
[2024-05-02T08:29:06.070+0000] {logging_mixin.py:188} INFO - {'index_name': 'Индекс физического объема общей площади введенных в эксплуатацию жилых зданий', 'index_id': 701939, 'dic_names': ['Регионы', 'Тип местности и административное деление', 'Соотнесение периодов', 'Виды объектов и мощностей'], 'period_name': 'Год', 'info': 'ошибка талдау', 'error_code': 500}
[2024-05-02T08:29:06.073+0000] {logging_mixin.py:188} INFO - {'index_name': 'Индекс физического объема общей площади введенных в эксплуатацию жилых зданий', 'index_id': 701939, 'dic_names': ['Регионы', 'Тип местности и административное деление', 'Соотнесение периодов'], 'period_name': 'Месяц', 'info': 'ошибка талдау', 'error_code': 500}
[2024-05-02T08:29:06.075+0000] {logging_mixin.py:188} INFO - {'index_name': 'Индекс физического объема общей площади введенных в эксплуатацию жилых зданий', 'index_id': 701939, 'dic_names': ['Регионы', 'Тип местности и административное деление', 'Соотнесение периодов', 'Виды объектов и мощностей'], 'period_name': 'Месяц', 'info': 'ошибка талдау', 'error_code': 500}
[2024-05-02T08:29:06.078+0000] {logging_mixin.py:188} INFO - {'index_name': 'Индекс физического объема общей площади введенных в эксплуатацию жилых зданий', 'index_id': 701939, 'dic_names': ['Регионы', 'Тип местности и административное деление', 'Соотнесение периодов'], 'period_name': 'Месяц с накоплением', 'info': 'ошибка талдау', 'error_code': 500}
[2024-05-02T08:29:06.081+0000] {logging_mixin.py:188} INFO - {'index_name': 'Индекс физического объема общей площади введенных в эксплуатацию жилых зданий', 'index_id': 701939, 'dic_names': ['Регионы', 'Тип местности и административное деление', 'Соотнесение периодов', 'Виды объектов и мощностей'], 'period_name': 'Месяц с накоплением', 'info': 'ошибка талдау', 'error_code': 500}
[2024-05-02T08:29:06.084+0000] {logging_mixin.py:188} INFO - {'index_name': 'Индекс физического объема общей площади введенных в эксплуатацию жилых зданий', 'index_id': 701939, 'dic_names': ['Соотнесение периодов', 'Административно-территориальные объекты по малым городам'], 'period_name': 'Месяц', 'info': 'ошибка талдау', 'error_code': 500}
[2024-05-02T08:29:06.086+0000] {logging_mixin.py:188} INFO - {'index_name': 'Индекс физического объема общей площади введенных в эксплуатацию жилых зданий', 'index_id': 701939, 'dic_names': ['Административно-территориальные объекты по моногородам', 'Соотнесение периодов'], 'period_name': 'Месяц', 'info': 'ошибка талдау', 'error_code': 500}
[2024-05-02T08:29:06.089+0000] {logging_mixin.py:188} INFO - {'index_name': 'Индекс физического объема общей площади введенных в эксплуатацию жилых зданий', 'index_id': 701939, 'dic_names': ['Административно-территориальные объекты по моногородам', 'Соотнесение периодов'], 'period_name': 'Месяц с накоплением', 'info': 'ошибка талдау', 'error_code': 500}
[2024-05-02T08:29:06.091+0000] {logging_mixin.py:188} INFO - {'index_name': 'Индекс физического объема общей площади введенных в эксплуатацию жилых зданий', 'index_id': 701939, 'dic_names': ['Соотнесение периодов', 'Административно-территориальные объекты по малым городам'], 'period_name': 'Месяц с накоплением', 'info': 'ошибка талдау', 'error_code': 500}
[2024-05-02T08:29:06.094+0000] {logging_mixin.py:188} INFO - {'index_name': 'Индекс физического объема общей площади введенных в эксплуатацию жилых зданий', 'index_id': 701939, 'dic_names': ['Регионы', 'Соотнесение периодов', 'Группировки типов правовых единиц'], 'period_name': 'Месяц с накоплением', 'info': 'ошибка талдау', 'error_code': 500}
[2024-05-02T08:29:06.097+0000] {python.py:237} INFO - Done. Returned value was: None
[2024-05-02T08:29:06.101+0000] {taskinstance.py:441} INFO - ::group::Post task execution logs
[2024-05-02T08:29:06.147+0000] {taskinstance.py:1205} INFO - Marking task as SUCCESS. dag_id=load_data_mb, task_id=load_index_id_701939, execution_date=20240501T000000, start_date=20240502T082841, end_date=20240502T082906
[2024-05-02T08:29:06.223+0000] {local_task_job_runner.py:240} INFO - Task exited with return code 0
[2024-05-02T08:29:06.274+0000] {taskinstance.py:3482} INFO - 0 downstream tasks scheduled from follow-on schedule check
[2024-05-02T08:29:06.285+0000] {local_task_job_runner.py:222} INFO - ::endgroup::
