[2024-04-26T07:49:45.703+0000] {local_task_job_runner.py:120} INFO - ::group::Pre task execution logs
[2024-04-26T07:49:45.780+0000] {taskinstance.py:2073} INFO - Dependencies all met for dep_context=non-requeueable deps ti=<TaskInstance: my_dag.load_index_id_2979005 scheduled__2024-04-25T00:00:00+00:00 [queued]>
[2024-04-26T07:49:45.803+0000] {taskinstance.py:2073} INFO - Dependencies all met for dep_context=requeueable deps ti=<TaskInstance: my_dag.load_index_id_2979005 scheduled__2024-04-25T00:00:00+00:00 [queued]>
[2024-04-26T07:49:45.806+0000] {taskinstance.py:2303} INFO - Starting attempt 1 of 4
[2024-04-26T07:49:45.855+0000] {taskinstance.py:2327} INFO - Executing <Task(PythonOperator): load_index_id_2979005> on 2024-04-25 00:00:00+00:00
[2024-04-26T07:49:45.877+0000] {standard_task_runner.py:90} INFO - Running: ['***', 'tasks', 'run', 'my_dag', 'load_index_id_2979005', 'scheduled__2024-04-25T00:00:00+00:00', '--job-id', '168', '--raw', '--subdir', 'DAGS_FOLDER/python_op.py', '--cfg-path', '/tmp/tmp62u8lxli']
[2024-04-26T07:49:45.884+0000] {standard_task_runner.py:91} INFO - Job 168: Subtask load_index_id_2979005
[2024-04-26T07:49:45.888+0000] {logging_mixin.py:188} WARNING - /home/***/.local/lib/python3.12/site-packages/***/task/task_runner/standard_task_runner.py:61 DeprecationWarning: This process (pid=183) is multi-threaded, use of fork() may lead to deadlocks in the child.
[2024-04-26T07:49:45.889+0000] {standard_task_runner.py:63} INFO - Started process 188 to run task
[2024-04-26T07:49:46.016+0000] {task_command.py:426} INFO - Running <TaskInstance: my_dag.load_index_id_2979005 scheduled__2024-04-25T00:00:00+00:00 [running]> on host f9a12f9b65d4
[2024-04-26T07:49:46.901+0000] {taskinstance.py:2644} INFO - Exporting env vars: AIRFLOW_CTX_DAG_OWNER='***' AIRFLOW_CTX_DAG_ID='my_dag' AIRFLOW_CTX_TASK_ID='load_index_id_2979005' AIRFLOW_CTX_EXECUTION_DATE='2024-04-25T00:00:00+00:00' AIRFLOW_CTX_TRY_NUMBER='1' AIRFLOW_CTX_DAG_RUN_ID='scheduled__2024-04-25T00:00:00+00:00'
[2024-04-26T07:49:46.904+0000] {taskinstance.py:430} INFO - ::endgroup::
[2024-04-26T07:49:46.997+0000] {logging_mixin.py:188} INFO - test1
[2024-04-26T07:50:50.004+0000] {logging_mixin.py:188} INFO - test2
[2024-04-26T07:50:50.006+0000] {logging_mixin.py:188} INFO - {"status":"success","info":[{"index_name":"индекс физического объема валового внутреннего продукта методом производства","dic_names":["Регионы"],"period_name":"Квартал с накоплением","info":"нет новых данных"},{"index_name":"индекс физического объема валового внутреннего продукта методом производства","dic_names":["Регионы"],"period_name":"Месяц с накоплением","info":"нет новых данных"},{"index_name":"индекс физического объема валового внутреннего продукта методом производства","dic_names":["Регионы"],"period_name":"Год","info":"загружены актуальные данные"}]}
[2024-04-26T07:50:50.008+0000] {python.py:237} INFO - Done. Returned value was: None
[2024-04-26T07:50:50.009+0000] {taskinstance.py:441} INFO - ::group::Post task execution logs
[2024-04-26T07:50:50.046+0000] {taskinstance.py:1205} INFO - Marking task as SUCCESS. dag_id=my_dag, task_id=load_index_id_2979005, execution_date=20240425T000000, start_date=20240426T074945, end_date=20240426T075050
[2024-04-26T07:50:50.213+0000] {local_task_job_runner.py:240} INFO - Task exited with return code 0
[2024-04-26T07:50:50.286+0000] {taskinstance.py:3482} INFO - 0 downstream tasks scheduled from follow-on schedule check
[2024-04-26T07:50:50.292+0000] {local_task_job_runner.py:222} INFO - ::endgroup::
