[2024-04-27T22:16:52.622+0000] {local_task_job_runner.py:120} INFO - ::group::Pre task execution logs
[2024-04-27T22:16:52.828+0000] {taskinstance.py:2073} INFO - Dependencies all met for dep_context=non-requeueable deps ti=<TaskInstance: load_data_mb.load_index_id_2979005 manual__2024-04-27T22:16:49.790821+00:00 [queued]>
[2024-04-27T22:16:52.856+0000] {taskinstance.py:2073} INFO - Dependencies all met for dep_context=requeueable deps ti=<TaskInstance: load_data_mb.load_index_id_2979005 manual__2024-04-27T22:16:49.790821+00:00 [queued]>
[2024-04-27T22:16:52.858+0000] {taskinstance.py:2303} INFO - Starting attempt 1 of 4
[2024-04-27T22:16:52.929+0000] {taskinstance.py:2327} INFO - Executing <Task(PythonOperator): load_index_id_2979005> on 2024-04-27 22:16:49.790821+00:00
[2024-04-27T22:16:52.948+0000] {standard_task_runner.py:90} INFO - Running: ['***', 'tasks', 'run', 'load_data_mb', 'load_index_id_2979005', 'manual__2024-04-27T22:16:49.790821+00:00', '--job-id', '234', '--raw', '--subdir', 'DAGS_FOLDER/python_op.py', '--cfg-path', '/tmp/tmpjlq6u1mg']
[2024-04-27T22:16:52.954+0000] {standard_task_runner.py:91} INFO - Job 234: Subtask load_index_id_2979005
[2024-04-27T22:16:52.972+0000] {logging_mixin.py:188} WARNING - /home/***/.local/lib/python3.12/site-packages/***/task/task_runner/standard_task_runner.py:61 DeprecationWarning: This process (pid=4711) is multi-threaded, use of fork() may lead to deadlocks in the child.
[2024-04-27T22:16:52.974+0000] {standard_task_runner.py:63} INFO - Started process 4712 to run task
[2024-04-27T22:16:53.035+0000] {task_command.py:426} INFO - Running <TaskInstance: load_data_mb.load_index_id_2979005 manual__2024-04-27T22:16:49.790821+00:00 [running]> on host d933ead87eb5
[2024-04-27T22:16:53.263+0000] {taskinstance.py:2644} INFO - Exporting env vars: AIRFLOW_CTX_DAG_OWNER='***' AIRFLOW_CTX_DAG_ID='load_data_mb' AIRFLOW_CTX_TASK_ID='load_index_id_2979005' AIRFLOW_CTX_EXECUTION_DATE='2024-04-27T22:16:49.790821+00:00' AIRFLOW_CTX_TRY_NUMBER='1' AIRFLOW_CTX_DAG_RUN_ID='manual__2024-04-27T22:16:49.790821+00:00'
[2024-04-27T22:16:53.269+0000] {taskinstance.py:430} INFO - ::endgroup::
[2024-04-27T22:17:00.106+0000] {logging_mixin.py:188} INFO - {'index_name': 'индекс физического объема валового внутреннего продукта методом производства', 'index_id': 2979005, 'dic_names': ['Регионы'], 'period_name': 'Квартал с накоплением', 'info': 'нет новых данных'}
[2024-04-27T22:17:00.120+0000] {logging_mixin.py:188} INFO - {'index_name': 'индекс физического объема валового внутреннего продукта методом производства', 'index_id': 2979005, 'dic_names': ['Регионы'], 'period_name': 'Месяц с накоплением', 'info': 'нет новых данных'}
[2024-04-27T22:17:00.154+0000] {logging_mixin.py:188} INFO - {'index_name': 'индекс физического объема валового внутреннего продукта методом производства', 'index_id': 2979005, 'dic_names': ['Регионы'], 'period_name': 'Год', 'info': 'нет новых данных'}
[2024-04-27T22:17:00.178+0000] {python.py:237} INFO - Done. Returned value was: None
[2024-04-27T22:17:00.184+0000] {taskinstance.py:441} INFO - ::group::Post task execution logs
[2024-04-27T22:17:00.231+0000] {taskinstance.py:1205} INFO - Marking task as SUCCESS. dag_id=load_data_mb, task_id=load_index_id_2979005, execution_date=20240427T221649, start_date=20240427T221652, end_date=20240427T221700
[2024-04-27T22:17:00.384+0000] {local_task_job_runner.py:240} INFO - Task exited with return code 0
[2024-04-27T22:17:00.434+0000] {taskinstance.py:3482} INFO - 0 downstream tasks scheduled from follow-on schedule check
[2024-04-27T22:17:00.442+0000] {local_task_job_runner.py:222} INFO - ::endgroup::
