[2024-04-27T19:16:09.328+0000] {local_task_job_runner.py:120} INFO - ::group::Pre task execution logs
[2024-04-27T19:16:09.386+0000] {taskinstance.py:2073} INFO - Dependencies all met for dep_context=non-requeueable deps ti=<TaskInstance: load_data_mb.load_index_id_20372988 scheduled__2024-04-26T00:00:00+00:00 [queued]>
[2024-04-27T19:16:09.403+0000] {taskinstance.py:2073} INFO - Dependencies all met for dep_context=requeueable deps ti=<TaskInstance: load_data_mb.load_index_id_20372988 scheduled__2024-04-26T00:00:00+00:00 [queued]>
[2024-04-27T19:16:09.405+0000] {taskinstance.py:2303} INFO - Starting attempt 1 of 4
[2024-04-27T19:16:09.429+0000] {taskinstance.py:2327} INFO - Executing <Task(PythonOperator): load_index_id_20372988> on 2024-04-26 00:00:00+00:00
[2024-04-27T19:16:09.440+0000] {standard_task_runner.py:90} INFO - Running: ['***', 'tasks', 'run', 'load_data_mb', 'load_index_id_20372988', 'scheduled__2024-04-26T00:00:00+00:00', '--job-id', '183', '--raw', '--subdir', 'DAGS_FOLDER/python_op.py', '--cfg-path', '/tmp/tmpykl90ym3']
[2024-04-27T19:16:09.445+0000] {standard_task_runner.py:91} INFO - Job 183: Subtask load_index_id_20372988
[2024-04-27T19:16:09.447+0000] {logging_mixin.py:188} WARNING - /home/***/.local/lib/python3.12/site-packages/***/task/task_runner/standard_task_runner.py:61 DeprecationWarning: This process (pid=540) is multi-threaded, use of fork() may lead to deadlocks in the child.
[2024-04-27T19:16:09.450+0000] {standard_task_runner.py:63} INFO - Started process 541 to run task
[2024-04-27T19:16:09.525+0000] {task_command.py:426} INFO - Running <TaskInstance: load_data_mb.load_index_id_20372988 scheduled__2024-04-26T00:00:00+00:00 [running]> on host d933ead87eb5
[2024-04-27T19:16:09.668+0000] {taskinstance.py:2644} INFO - Exporting env vars: AIRFLOW_CTX_DAG_OWNER='***' AIRFLOW_CTX_DAG_ID='load_data_mb' AIRFLOW_CTX_TASK_ID='load_index_id_20372988' AIRFLOW_CTX_EXECUTION_DATE='2024-04-26T00:00:00+00:00' AIRFLOW_CTX_TRY_NUMBER='1' AIRFLOW_CTX_DAG_RUN_ID='scheduled__2024-04-26T00:00:00+00:00'
[2024-04-27T19:16:09.670+0000] {taskinstance.py:430} INFO - ::endgroup::
[2024-04-27T19:16:35.219+0000] {taskinstance.py:441} INFO - ::group::Post task execution logs
[2024-04-27T19:16:35.220+0000] {taskinstance.py:2890} ERROR - Task failed with exception
Traceback (most recent call last):
  File "/home/airflow/.local/lib/python3.12/site-packages/airflow/models/taskinstance.py", line 465, in _execute_task
    result = _execute_callable(context=context, **execute_callable_kwargs)
             ^^^^^^^^^^^^^^^^^^^^^^^^^^^^^^^^^^^^^^^^^^^^^^^^^^^^^^^^^^^^^
  File "/home/airflow/.local/lib/python3.12/site-packages/airflow/models/taskinstance.py", line 432, in _execute_callable
    return execute_callable(context=context, **execute_callable_kwargs)
           ^^^^^^^^^^^^^^^^^^^^^^^^^^^^^^^^^^^^^^^^^^^^^^^^^^^^^^^^^^^^
  File "/home/airflow/.local/lib/python3.12/site-packages/airflow/models/baseoperator.py", line 400, in wrapper
    return func(self, *args, **kwargs)
           ^^^^^^^^^^^^^^^^^^^^^^^^^^^
  File "/home/airflow/.local/lib/python3.12/site-packages/airflow/operators/python.py", line 235, in execute
    return_value = self.execute_callable()
                   ^^^^^^^^^^^^^^^^^^^^^^^
  File "/home/airflow/.local/lib/python3.12/site-packages/airflow/operators/python.py", line 252, in execute_callable
    return self.python_callable(*self.op_args, **self.op_kwargs)
           ^^^^^^^^^^^^^^^^^^^^^^^^^^^^^^^^^^^^^^^^^^^^^^^^^^^^^
  File "/opt/airflow/dags/python_op.py", line 20, in load_index
    print(response)
                  ^^
TypeError: string indices must be integers, not 'str'
[2024-04-27T19:16:35.249+0000] {taskinstance.py:1205} INFO - Marking task as UP_FOR_RETRY. dag_id=load_data_mb, task_id=load_index_id_20372988, execution_date=20240426T000000, start_date=20240427T191609, end_date=20240427T191635
[2024-04-27T19:16:35.285+0000] {standard_task_runner.py:110} ERROR - Failed to execute job 183 for task load_index_id_20372988 (string indices must be integers, not 'str'; 541)
[2024-04-27T19:16:35.323+0000] {local_task_job_runner.py:240} INFO - Task exited with return code 1
[2024-04-27T19:16:35.385+0000] {taskinstance.py:3482} INFO - 0 downstream tasks scheduled from follow-on schedule check
[2024-04-27T19:16:35.392+0000] {local_task_job_runner.py:222} INFO - ::endgroup::
[2024-04-27T19:17:35.392+0000] {local_task_job_runner.py:120} INFO - ::group::Pre task execution logs
[2024-04-27T19:17:35.445+0000] {taskinstance.py:2073} INFO - Dependencies all met for dep_context=non-requeueable deps ti=<TaskInstance: load_data_mb.load_index_id_20372988 scheduled__2024-04-26T00:00:00+00:00 [queued]>
[2024-04-27T19:17:35.468+0000] {taskinstance.py:2073} INFO - Dependencies all met for dep_context=requeueable deps ti=<TaskInstance: load_data_mb.load_index_id_20372988 scheduled__2024-04-26T00:00:00+00:00 [queued]>
[2024-04-27T19:17:35.469+0000] {taskinstance.py:2303} INFO - Starting attempt 1 of 4
[2024-04-27T19:17:35.496+0000] {taskinstance.py:2327} INFO - Executing <Task(PythonOperator): load_index_id_20372988> on 2024-04-26 00:00:00+00:00
[2024-04-27T19:17:35.506+0000] {standard_task_runner.py:90} INFO - Running: ['***', 'tasks', 'run', 'load_data_mb', 'load_index_id_20372988', 'scheduled__2024-04-26T00:00:00+00:00', '--job-id', '188', '--raw', '--subdir', 'DAGS_FOLDER/python_op.py', '--cfg-path', '/tmp/tmpmo7ceeik']
[2024-04-27T19:17:35.510+0000] {standard_task_runner.py:91} INFO - Job 188: Subtask load_index_id_20372988
[2024-04-27T19:17:35.512+0000] {logging_mixin.py:188} WARNING - /home/***/.local/lib/python3.12/site-packages/***/task/task_runner/standard_task_runner.py:61 DeprecationWarning: This process (pid=583) is multi-threaded, use of fork() may lead to deadlocks in the child.
[2024-04-27T19:17:35.515+0000] {standard_task_runner.py:63} INFO - Started process 584 to run task
[2024-04-27T19:17:35.593+0000] {task_command.py:426} INFO - Running <TaskInstance: load_data_mb.load_index_id_20372988 scheduled__2024-04-26T00:00:00+00:00 [running]> on host d933ead87eb5
[2024-04-27T19:17:35.732+0000] {taskinstance.py:2644} INFO - Exporting env vars: AIRFLOW_CTX_DAG_OWNER='***' AIRFLOW_CTX_DAG_ID='load_data_mb' AIRFLOW_CTX_TASK_ID='load_index_id_20372988' AIRFLOW_CTX_EXECUTION_DATE='2024-04-26T00:00:00+00:00' AIRFLOW_CTX_TRY_NUMBER='1' AIRFLOW_CTX_DAG_RUN_ID='scheduled__2024-04-26T00:00:00+00:00'
[2024-04-27T19:17:35.733+0000] {taskinstance.py:430} INFO - ::endgroup::
[2024-04-27T19:18:01.425+0000] {logging_mixin.py:188} INFO - <Response [201]>
[2024-04-27T19:18:01.429+0000] {python.py:237} INFO - Done. Returned value was: None
[2024-04-27T19:18:01.433+0000] {taskinstance.py:441} INFO - ::group::Post task execution logs
[2024-04-27T19:18:01.486+0000] {taskinstance.py:1205} INFO - Marking task as SUCCESS. dag_id=load_data_mb, task_id=load_index_id_20372988, execution_date=20240426T000000, start_date=20240427T191735, end_date=20240427T191801
[2024-04-27T19:18:01.598+0000] {local_task_job_runner.py:240} INFO - Task exited with return code 0
[2024-04-27T19:18:01.660+0000] {taskinstance.py:3482} INFO - 0 downstream tasks scheduled from follow-on schedule check
[2024-04-27T19:18:01.674+0000] {local_task_job_runner.py:222} INFO - ::endgroup::
