[2024-04-25T21:13:59.897+0000] {local_task_job_runner.py:120} INFO - ::group::Pre task execution logs
[2024-04-25T21:13:59.978+0000] {taskinstance.py:2073} INFO - Dependencies all met for dep_context=non-requeueable deps ti=<TaskInstance: my_dag.task_5 manual__2024-04-25T21:13:50.626031+00:00 [queued]>
[2024-04-25T21:14:00.004+0000] {taskinstance.py:2073} INFO - Dependencies all met for dep_context=requeueable deps ti=<TaskInstance: my_dag.task_5 manual__2024-04-25T21:13:50.626031+00:00 [queued]>
[2024-04-25T21:14:00.006+0000] {taskinstance.py:2303} INFO - Starting attempt 1 of 4
[2024-04-25T21:14:00.070+0000] {taskinstance.py:2327} INFO - Executing <Task(PythonOperator): task_5> on 2024-04-25 21:13:50.626031+00:00
[2024-04-25T21:14:00.086+0000] {standard_task_runner.py:90} INFO - Running: ['***', 'tasks', 'run', 'my_dag', 'task_5', 'manual__2024-04-25T21:13:50.626031+00:00', '--job-id', '143', '--raw', '--subdir', 'DAGS_FOLDER/python_op.py', '--cfg-path', '/tmp/tmpn1ykve87']
[2024-04-25T21:14:00.094+0000] {standard_task_runner.py:91} INFO - Job 143: Subtask task_5
[2024-04-25T21:14:00.094+0000] {logging_mixin.py:188} WARNING - /home/***/.local/lib/python3.12/site-packages/***/task/task_runner/standard_task_runner.py:61 DeprecationWarning: This process (pid=1821) is multi-threaded, use of fork() may lead to deadlocks in the child.
[2024-04-25T21:14:00.097+0000] {standard_task_runner.py:63} INFO - Started process 1822 to run task
[2024-04-25T21:14:00.178+0000] {task_command.py:426} INFO - Running <TaskInstance: my_dag.task_5 manual__2024-04-25T21:13:50.626031+00:00 [running]> on host f9a12f9b65d4
[2024-04-25T21:14:00.335+0000] {taskinstance.py:2644} INFO - Exporting env vars: AIRFLOW_CTX_DAG_OWNER='***' AIRFLOW_CTX_DAG_ID='my_dag' AIRFLOW_CTX_TASK_ID='task_5' AIRFLOW_CTX_EXECUTION_DATE='2024-04-25T21:13:50.626031+00:00' AIRFLOW_CTX_TRY_NUMBER='1' AIRFLOW_CTX_DAG_RUN_ID='manual__2024-04-25T21:13:50.626031+00:00'
[2024-04-25T21:14:00.336+0000] {taskinstance.py:430} INFO - ::endgroup::
[2024-04-25T21:14:00.359+0000] {logging_mixin.py:188} INFO - 5
[2024-04-25T21:14:00.360+0000] {logging_mixin.py:188} INFO - test
[2024-04-25T21:14:00.362+0000] {python.py:237} INFO - Done. Returned value was: None
[2024-04-25T21:14:00.364+0000] {taskinstance.py:441} INFO - ::group::Post task execution logs
[2024-04-25T21:14:00.381+0000] {taskinstance.py:1205} INFO - Marking task as SUCCESS. dag_id=my_dag, task_id=task_5, execution_date=20240425T211350, start_date=20240425T211359, end_date=20240425T211400
[2024-04-25T21:14:00.434+0000] {local_task_job_runner.py:240} INFO - Task exited with return code 0
[2024-04-25T21:14:00.458+0000] {taskinstance.py:3482} INFO - 0 downstream tasks scheduled from follow-on schedule check
[2024-04-25T21:14:00.463+0000] {local_task_job_runner.py:222} INFO - ::endgroup::
