[2024-05-14T09:59:17.718+0000] {local_task_job_runner.py:120} INFO - ::group::Pre task execution logs
[2024-05-14T09:59:17.773+0000] {taskinstance.py:2073} INFO - Dependencies all met for dep_context=non-requeueable deps ti=<TaskInstance: load_data_mb.load_index_id_704448 scheduled__2024-05-02T00:00:00+00:00 [queued]>
[2024-05-14T09:59:17.788+0000] {taskinstance.py:2073} INFO - Dependencies all met for dep_context=requeueable deps ti=<TaskInstance: load_data_mb.load_index_id_704448 scheduled__2024-05-02T00:00:00+00:00 [queued]>
[2024-05-14T09:59:17.789+0000] {taskinstance.py:2303} INFO - Starting attempt 1 of 1
[2024-05-14T09:59:17.811+0000] {taskinstance.py:2327} INFO - Executing <Task(PythonOperator): load_index_id_704448> on 2024-05-02 00:00:00+00:00
[2024-05-14T09:59:17.821+0000] {standard_task_runner.py:90} INFO - Running: ['***', 'tasks', 'run', 'load_data_mb', 'load_index_id_704448', 'scheduled__2024-05-02T00:00:00+00:00', '--job-id', '496', '--raw', '--subdir', 'DAGS_FOLDER/load_data_mb.py', '--cfg-path', '/tmp/tmp6qoeyft3']
[2024-05-14T09:59:17.827+0000] {standard_task_runner.py:91} INFO - Job 496: Subtask load_index_id_704448
[2024-05-14T09:59:17.829+0000] {logging_mixin.py:188} WARNING - /home/***/.local/lib/python3.12/site-packages/***/task/task_runner/standard_task_runner.py:61 DeprecationWarning: This process (pid=204) is multi-threaded, use of fork() may lead to deadlocks in the child.
[2024-05-14T09:59:17.831+0000] {standard_task_runner.py:63} INFO - Started process 205 to run task
[2024-05-14T09:59:17.903+0000] {task_command.py:426} INFO - Running <TaskInstance: load_data_mb.load_index_id_704448 scheduled__2024-05-02T00:00:00+00:00 [running]> on host d933ead87eb5
[2024-05-14T09:59:18.027+0000] {taskinstance.py:2644} INFO - Exporting env vars: AIRFLOW_CTX_DAG_OWNER='***' AIRFLOW_CTX_DAG_ID='load_data_mb' AIRFLOW_CTX_TASK_ID='load_index_id_704448' AIRFLOW_CTX_EXECUTION_DATE='2024-05-02T00:00:00+00:00' AIRFLOW_CTX_TRY_NUMBER='1' AIRFLOW_CTX_DAG_RUN_ID='scheduled__2024-05-02T00:00:00+00:00'
[2024-05-14T09:59:18.029+0000] {taskinstance.py:430} INFO - ::endgroup::
[2024-05-14T09:59:25.595+0000] {logging_mixin.py:188} INFO - {'index_name': 'индекс номинальных денежных доходов', 'index_id': 704448, 'dic_names': ['Регионы'], 'period_name': 'Год', 'info': 'ошибка талдау', 'error_code': 500}
[2024-05-14T09:59:25.597+0000] {logging_mixin.py:188} INFO - {'index_name': 'индекс номинальных денежных доходов', 'index_id': 704448, 'dic_names': ['Регионы'], 'period_name': 'Квартал', 'info': 'ошибка талдау', 'error_code': 500}
[2024-05-14T09:59:25.597+0000] {logging_mixin.py:188} INFO - {'index_name': 'индекс номинальных денежных доходов', 'index_id': 704448, 'dic_names': ['Регионы'], 'period_name': 'Месяц', 'info': 'ошибка талдау', 'error_code': 500}
[2024-05-14T09:59:25.598+0000] {python.py:237} INFO - Done. Returned value was: None
[2024-05-14T09:59:25.599+0000] {taskinstance.py:441} INFO - ::group::Post task execution logs
[2024-05-14T09:59:25.614+0000] {taskinstance.py:1205} INFO - Marking task as SUCCESS. dag_id=load_data_mb, task_id=load_index_id_704448, execution_date=20240502T000000, start_date=20240514T095917, end_date=20240514T095925
[2024-05-14T09:59:25.658+0000] {local_task_job_runner.py:240} INFO - Task exited with return code 0
[2024-05-14T09:59:25.680+0000] {taskinstance.py:3482} INFO - 0 downstream tasks scheduled from follow-on schedule check
[2024-05-14T09:59:25.684+0000] {local_task_job_runner.py:222} INFO - ::endgroup::
