[2024-06-11T21:29:36.253+0000] {local_task_job_runner.py:120} INFO - ::group::Pre task execution logs
[2024-06-11T21:29:36.305+0000] {taskinstance.py:2073} INFO - Dependencies all met for dep_context=non-requeueable deps ti=<TaskInstance: load_data_mb.load_index_id_701939 scheduled__2024-06-10T00:00:00+00:00 [queued]>
[2024-06-11T21:29:36.330+0000] {taskinstance.py:2073} INFO - Dependencies all met for dep_context=requeueable deps ti=<TaskInstance: load_data_mb.load_index_id_701939 scheduled__2024-06-10T00:00:00+00:00 [queued]>
[2024-06-11T21:29:36.332+0000] {taskinstance.py:2303} INFO - Starting attempt 1 of 1
[2024-06-11T21:29:36.355+0000] {taskinstance.py:2327} INFO - Executing <Task(PythonOperator): load_index_id_701939> on 2024-06-10 00:00:00+00:00
[2024-06-11T21:29:36.366+0000] {logging_mixin.py:188} WARNING - /home/***/.local/lib/python3.12/site-packages/***/task/task_runner/standard_task_runner.py:61 DeprecationWarning: This process (pid=292) is multi-threaded, use of fork() may lead to deadlocks in the child.
[2024-06-11T21:29:36.369+0000] {standard_task_runner.py:63} INFO - Started process 293 to run task
[2024-06-11T21:29:36.366+0000] {standard_task_runner.py:90} INFO - Running: ['***', 'tasks', 'run', 'load_data_mb', 'load_index_id_701939', 'scheduled__2024-06-10T00:00:00+00:00', '--job-id', '148', '--raw', '--subdir', 'DAGS_FOLDER/load_data_mb.py', '--cfg-path', '/tmp/tmpsirh4ct1']
[2024-06-11T21:29:36.370+0000] {standard_task_runner.py:91} INFO - Job 148: Subtask load_index_id_701939
[2024-06-11T21:29:36.459+0000] {task_command.py:426} INFO - Running <TaskInstance: load_data_mb.load_index_id_701939 scheduled__2024-06-10T00:00:00+00:00 [running]> on host e6f094d2943c
[2024-06-11T21:29:36.610+0000] {taskinstance.py:2644} INFO - Exporting env vars: AIRFLOW_CTX_DAG_OWNER='***' AIRFLOW_CTX_DAG_ID='load_data_mb' AIRFLOW_CTX_TASK_ID='load_index_id_701939' AIRFLOW_CTX_EXECUTION_DATE='2024-06-10T00:00:00+00:00' AIRFLOW_CTX_TRY_NUMBER='1' AIRFLOW_CTX_DAG_RUN_ID='scheduled__2024-06-10T00:00:00+00:00'
[2024-06-11T21:29:36.611+0000] {taskinstance.py:430} INFO - ::endgroup::
[2024-06-11T21:29:36.660+0000] {logging_mixin.py:188} INFO - Ошибка в коде или неверный json
[2024-06-11T21:29:36.661+0000] {taskinstance.py:441} INFO - ::group::Post task execution logs
[2024-06-11T21:29:36.662+0000] {taskinstance.py:2892} ERROR - Task failed due to SystemExit(1)
[2024-06-11T21:29:36.673+0000] {taskinstance.py:1205} INFO - Marking task as FAILED. dag_id=load_data_mb, task_id=load_index_id_701939, execution_date=20240610T000000, start_date=20240611T212936, end_date=20240611T212936
[2024-06-11T21:29:36.690+0000] {standard_task_runner.py:110} ERROR - Failed to execute job 148 for task load_index_id_701939 (Task failed due to SystemExit(1); 293)
[2024-06-11T21:29:36.706+0000] {local_task_job_runner.py:240} INFO - Task exited with return code 1
[2024-06-11T21:29:36.729+0000] {taskinstance.py:3482} INFO - 0 downstream tasks scheduled from follow-on schedule check
[2024-06-11T21:29:36.734+0000] {local_task_job_runner.py:222} INFO - ::endgroup::
[2024-06-11T21:31:36.743+0000] {local_task_job_runner.py:120} INFO - ::group::Pre task execution logs
[2024-06-11T21:31:36.839+0000] {taskinstance.py:2073} INFO - Dependencies all met for dep_context=non-requeueable deps ti=<TaskInstance: load_data_mb.load_index_id_701939 scheduled__2024-06-10T00:00:00+00:00 [queued]>
[2024-06-11T21:31:36.860+0000] {taskinstance.py:2073} INFO - Dependencies all met for dep_context=requeueable deps ti=<TaskInstance: load_data_mb.load_index_id_701939 scheduled__2024-06-10T00:00:00+00:00 [queued]>
[2024-06-11T21:31:36.861+0000] {taskinstance.py:2303} INFO - Starting attempt 1 of 1
[2024-06-11T21:31:36.885+0000] {taskinstance.py:2327} INFO - Executing <Task(PythonOperator): load_index_id_701939> on 2024-06-10 00:00:00+00:00
[2024-06-11T21:31:36.897+0000] {logging_mixin.py:188} WARNING - /home/***/.local/lib/python3.12/site-packages/***/task/task_runner/standard_task_runner.py:61 DeprecationWarning: This process (pid=435) is multi-threaded, use of fork() may lead to deadlocks in the child.
[2024-06-11T21:31:36.895+0000] {standard_task_runner.py:90} INFO - Running: ['***', 'tasks', 'run', 'load_data_mb', 'load_index_id_701939', 'scheduled__2024-06-10T00:00:00+00:00', '--job-id', '198', '--raw', '--subdir', 'DAGS_FOLDER/load_data_mb.py', '--cfg-path', '/tmp/tmpfemz5cw1']
[2024-06-11T21:31:36.902+0000] {standard_task_runner.py:63} INFO - Started process 436 to run task
[2024-06-11T21:31:36.902+0000] {standard_task_runner.py:91} INFO - Job 198: Subtask load_index_id_701939
[2024-06-11T21:31:36.984+0000] {task_command.py:426} INFO - Running <TaskInstance: load_data_mb.load_index_id_701939 scheduled__2024-06-10T00:00:00+00:00 [running]> on host e6f094d2943c
[2024-06-11T21:31:37.332+0000] {taskinstance.py:2644} INFO - Exporting env vars: AIRFLOW_CTX_DAG_OWNER='***' AIRFLOW_CTX_DAG_ID='load_data_mb' AIRFLOW_CTX_TASK_ID='load_index_id_701939' AIRFLOW_CTX_EXECUTION_DATE='2024-06-10T00:00:00+00:00' AIRFLOW_CTX_TRY_NUMBER='1' AIRFLOW_CTX_DAG_RUN_ID='scheduled__2024-06-10T00:00:00+00:00'
[2024-06-11T21:31:37.335+0000] {taskinstance.py:430} INFO - ::endgroup::
[2024-06-11T21:31:37.397+0000] {logging_mixin.py:188} INFO - Ошибка в коде или неверный json
[2024-06-11T21:31:37.402+0000] {taskinstance.py:441} INFO - ::group::Post task execution logs
[2024-06-11T21:31:37.404+0000] {taskinstance.py:2892} ERROR - Task failed due to SystemExit(1)
[2024-06-11T21:31:37.419+0000] {taskinstance.py:1205} INFO - Marking task as FAILED. dag_id=load_data_mb, task_id=load_index_id_701939, execution_date=20240610T000000, start_date=20240611T213136, end_date=20240611T213137
[2024-06-11T21:31:37.497+0000] {standard_task_runner.py:110} ERROR - Failed to execute job 198 for task load_index_id_701939 (Task failed due to SystemExit(1); 436)
[2024-06-11T21:31:37.521+0000] {local_task_job_runner.py:240} INFO - Task exited with return code 1
[2024-06-11T21:31:37.544+0000] {taskinstance.py:3482} INFO - 0 downstream tasks scheduled from follow-on schedule check
[2024-06-11T21:31:37.584+0000] {local_task_job_runner.py:222} INFO - ::endgroup::
[2024-06-11T21:44:54.129+0000] {local_task_job_runner.py:120} INFO - ::group::Pre task execution logs
[2024-06-11T21:44:54.213+0000] {taskinstance.py:2073} INFO - Dependencies all met for dep_context=non-requeueable deps ti=<TaskInstance: load_data_mb.load_index_id_701939 scheduled__2024-06-10T00:00:00+00:00 [queued]>
[2024-06-11T21:44:54.231+0000] {taskinstance.py:2073} INFO - Dependencies all met for dep_context=requeueable deps ti=<TaskInstance: load_data_mb.load_index_id_701939 scheduled__2024-06-10T00:00:00+00:00 [queued]>
[2024-06-11T21:44:54.233+0000] {taskinstance.py:2303} INFO - Starting attempt 1 of 1
[2024-06-11T21:44:54.362+0000] {taskinstance.py:2327} INFO - Executing <Task(PythonOperator): load_index_id_701939> on 2024-06-10 00:00:00+00:00
[2024-06-11T21:44:54.374+0000] {standard_task_runner.py:90} INFO - Running: ['***', 'tasks', 'run', 'load_data_mb', 'load_index_id_701939', 'scheduled__2024-06-10T00:00:00+00:00', '--job-id', '257', '--raw', '--subdir', 'DAGS_FOLDER/load_data.py', '--cfg-path', '/tmp/tmpo8lnkw_b']
[2024-06-11T21:44:54.381+0000] {logging_mixin.py:188} WARNING - /home/***/.local/lib/python3.12/site-packages/***/task/task_runner/standard_task_runner.py:61 DeprecationWarning: This process (pid=172) is multi-threaded, use of fork() may lead to deadlocks in the child.
[2024-06-11T21:44:54.405+0000] {standard_task_runner.py:91} INFO - Job 257: Subtask load_index_id_701939
[2024-06-11T21:44:54.405+0000] {standard_task_runner.py:63} INFO - Started process 173 to run task
[2024-06-11T21:44:54.608+0000] {task_command.py:426} INFO - Running <TaskInstance: load_data_mb.load_index_id_701939 scheduled__2024-06-10T00:00:00+00:00 [running]> on host f7fd8afd804e
[2024-06-11T21:44:54.834+0000] {taskinstance.py:2644} INFO - Exporting env vars: AIRFLOW_CTX_DAG_OWNER='***' AIRFLOW_CTX_DAG_ID='load_data_mb' AIRFLOW_CTX_TASK_ID='load_index_id_701939' AIRFLOW_CTX_EXECUTION_DATE='2024-06-10T00:00:00+00:00' AIRFLOW_CTX_TRY_NUMBER='1' AIRFLOW_CTX_DAG_RUN_ID='scheduled__2024-06-10T00:00:00+00:00'
[2024-06-11T21:44:54.836+0000] {taskinstance.py:430} INFO - ::endgroup::
[2024-06-11T21:44:54.895+0000] {logging_mixin.py:188} INFO - Ошибка в коде или неверный json
[2024-06-11T21:44:54.896+0000] {taskinstance.py:441} INFO - ::group::Post task execution logs
[2024-06-11T21:44:54.897+0000] {taskinstance.py:2892} ERROR - Task failed due to SystemExit(1)
[2024-06-11T21:44:54.908+0000] {taskinstance.py:1205} INFO - Marking task as FAILED. dag_id=load_data_mb, task_id=load_index_id_701939, execution_date=20240610T000000, start_date=20240611T214454, end_date=20240611T214454
[2024-06-11T21:44:54.928+0000] {standard_task_runner.py:110} ERROR - Failed to execute job 257 for task load_index_id_701939 (Task failed due to SystemExit(1); 173)
[2024-06-11T21:44:54.943+0000] {local_task_job_runner.py:240} INFO - Task exited with return code 1
[2024-06-11T21:44:54.969+0000] {taskinstance.py:3482} INFO - 0 downstream tasks scheduled from follow-on schedule check
[2024-06-11T21:44:54.974+0000] {local_task_job_runner.py:222} INFO - ::endgroup::
