[2024-05-14T10:06:07.308+0000] {local_task_job_runner.py:120} INFO - ::group::Pre task execution logs
[2024-05-14T10:06:07.359+0000] {taskinstance.py:2073} INFO - Dependencies all met for dep_context=non-requeueable deps ti=<TaskInstance: load_data_mb.load_index_id_702974 scheduled__2024-05-02T00:00:00+00:00 [queued]>
[2024-05-14T10:06:07.378+0000] {taskinstance.py:2073} INFO - Dependencies all met for dep_context=requeueable deps ti=<TaskInstance: load_data_mb.load_index_id_702974 scheduled__2024-05-02T00:00:00+00:00 [queued]>
[2024-05-14T10:06:07.379+0000] {taskinstance.py:2303} INFO - Starting attempt 2 of 1
[2024-05-14T10:06:07.404+0000] {taskinstance.py:2327} INFO - Executing <Task(PythonOperator): load_index_id_702974> on 2024-05-02 00:00:00+00:00
[2024-05-14T10:06:07.416+0000] {standard_task_runner.py:90} INFO - Running: ['***', 'tasks', 'run', 'load_data_mb', 'load_index_id_702974', 'scheduled__2024-05-02T00:00:00+00:00', '--job-id', '520', '--raw', '--subdir', 'DAGS_FOLDER/load_data_mb.py', '--cfg-path', '/tmp/tmpt9pf5gfq']
[2024-05-14T10:06:07.420+0000] {standard_task_runner.py:91} INFO - Job 520: Subtask load_index_id_702974
[2024-05-14T10:06:07.422+0000] {logging_mixin.py:188} WARNING - /home/***/.local/lib/python3.12/site-packages/***/task/task_runner/standard_task_runner.py:61 DeprecationWarning: This process (pid=408) is multi-threaded, use of fork() may lead to deadlocks in the child.
[2024-05-14T10:06:07.423+0000] {standard_task_runner.py:63} INFO - Started process 409 to run task
[2024-05-14T10:06:07.504+0000] {task_command.py:426} INFO - Running <TaskInstance: load_data_mb.load_index_id_702974 scheduled__2024-05-02T00:00:00+00:00 [running]> on host d933ead87eb5
[2024-05-14T10:06:07.675+0000] {taskinstance.py:2644} INFO - Exporting env vars: AIRFLOW_CTX_DAG_OWNER='***' AIRFLOW_CTX_DAG_ID='load_data_mb' AIRFLOW_CTX_TASK_ID='load_index_id_702974' AIRFLOW_CTX_EXECUTION_DATE='2024-05-02T00:00:00+00:00' AIRFLOW_CTX_TRY_NUMBER='2' AIRFLOW_CTX_DAG_RUN_ID='scheduled__2024-05-02T00:00:00+00:00'
[2024-05-14T10:06:07.677+0000] {taskinstance.py:430} INFO - ::endgroup::
[2024-05-14T10:06:24.585+0000] {logging_mixin.py:188} INFO - {'index_name': 'индекс номинальной заработной платы', 'index_id': 702974, 'dic_names': ['Регионы', 'Виды экономической деятельности', 'Размерность предприятий', 'Категории работников', 'По полу', 'Соотнесение периодов'], 'period_name': 'Год', 'info': 'ошибка талдау', 'error_code': 500}
[2024-05-14T10:06:24.587+0000] {logging_mixin.py:188} INFO - {'index_name': 'индекс номинальной заработной платы', 'index_id': 702974, 'dic_names': ['Регионы', 'Виды экономической деятельности', 'Размерность предприятий', 'Соотнесение периодов'], 'period_name': 'Квартал', 'info': 'ошибка талдау', 'error_code': 500}
[2024-05-14T10:06:24.587+0000] {logging_mixin.py:188} INFO - {'index_name': 'индекс номинальной заработной платы', 'index_id': 702974, 'dic_names': ['Регионы', 'Виды экономической деятельности', 'Тип местности и административное деление', 'Размерность предприятий', 'По полу', 'Соотнесение периодов'], 'period_name': 'Квартал', 'info': 'ошибка талдау', 'error_code': 500}
[2024-05-14T10:06:24.588+0000] {logging_mixin.py:188} INFO - {'index_name': 'индекс номинальной заработной платы', 'index_id': 702974, 'dic_names': ['Регионы', 'Виды экономической деятельности', 'Размерность предприятий', 'Соотнесение периодов'], 'period_name': 'Месяц', 'info': 'ошибка талдау', 'error_code': 500}
[2024-05-14T10:06:24.589+0000] {logging_mixin.py:188} INFO - {'index_name': 'индекс номинальной заработной платы', 'index_id': 702974, 'dic_names': ['Регионы', 'Виды экономической деятельности', 'Размерность предприятий', 'Соотнесение периодов'], 'period_name': 'Квартал с накоплением', 'info': 'ошибка талдау', 'error_code': 500}
[2024-05-14T10:06:24.590+0000] {logging_mixin.py:188} INFO - {'index_name': 'индекс номинальной заработной платы', 'index_id': 702974, 'dic_names': ['Регионы', 'Виды экономической деятельности', 'Тип местности и административное деление', 'Размерность предприятий', 'По полу', 'Соотнесение периодов'], 'period_name': 'Квартал с накоплением', 'info': 'ошибка талдау', 'error_code': 500}
[2024-05-14T10:06:24.591+0000] {logging_mixin.py:188} INFO - {'index_name': 'индекс номинальной заработной платы', 'index_id': 702974, 'dic_names': ['Регионы', 'Виды экономической деятельности', 'Размерность предприятий', 'Соотнесение периодов'], 'period_name': 'Месяц с накоплением', 'info': 'ошибка талдау', 'error_code': 500}
[2024-05-14T10:06:24.592+0000] {logging_mixin.py:188} INFO - {'index_name': 'индекс номинальной заработной платы', 'index_id': 702974, 'dic_names': ['Регионы', 'Виды экономической деятельности', 'Размерность предприятий', 'По полу', 'Соотнесение периодов'], 'period_name': 'Год', 'info': 'ошибка талдау', 'error_code': 500}
[2024-05-14T10:06:24.593+0000] {python.py:237} INFO - Done. Returned value was: None
[2024-05-14T10:06:24.595+0000] {taskinstance.py:441} INFO - ::group::Post task execution logs
[2024-05-14T10:06:24.608+0000] {taskinstance.py:1205} INFO - Marking task as SUCCESS. dag_id=load_data_mb, task_id=load_index_id_702974, execution_date=20240502T000000, start_date=20240514T100607, end_date=20240514T100624
[2024-05-14T10:06:24.647+0000] {local_task_job_runner.py:240} INFO - Task exited with return code 0
[2024-05-14T10:06:24.674+0000] {taskinstance.py:3482} INFO - 0 downstream tasks scheduled from follow-on schedule check
[2024-05-14T10:06:24.680+0000] {local_task_job_runner.py:222} INFO - ::endgroup::
