[2024-05-14T10:15:15.874+0000] {local_task_job_runner.py:120} INFO - ::group::Pre task execution logs
[2024-05-14T10:15:15.923+0000] {taskinstance.py:2073} INFO - Dependencies all met for dep_context=non-requeueable deps ti=<TaskInstance: load_data_mb.load_index_id_702022 scheduled__2024-05-13T00:00:00+00:00 [queued]>
[2024-05-14T10:15:15.938+0000] {taskinstance.py:2073} INFO - Dependencies all met for dep_context=requeueable deps ti=<TaskInstance: load_data_mb.load_index_id_702022 scheduled__2024-05-13T00:00:00+00:00 [queued]>
[2024-05-14T10:15:15.939+0000] {taskinstance.py:2303} INFO - Starting attempt 1 of 1
[2024-05-14T10:15:15.960+0000] {taskinstance.py:2327} INFO - Executing <Task(PythonOperator): load_index_id_702022> on 2024-05-13 00:00:00+00:00
[2024-05-14T10:15:15.969+0000] {standard_task_runner.py:90} INFO - Running: ['***', 'tasks', 'run', 'load_data_mb', 'load_index_id_702022', 'scheduled__2024-05-13T00:00:00+00:00', '--job-id', '544', '--raw', '--subdir', 'DAGS_FOLDER/load_data_mb.py', '--cfg-path', '/tmp/tmprgme3uvr']
[2024-05-14T10:15:15.973+0000] {standard_task_runner.py:91} INFO - Job 544: Subtask load_index_id_702022
[2024-05-14T10:15:15.973+0000] {logging_mixin.py:188} WARNING - /home/***/.local/lib/python3.12/site-packages/***/task/task_runner/standard_task_runner.py:61 DeprecationWarning: This process (pid=654) is multi-threaded, use of fork() may lead to deadlocks in the child.
[2024-05-14T10:15:15.974+0000] {standard_task_runner.py:63} INFO - Started process 655 to run task
[2024-05-14T10:15:16.038+0000] {task_command.py:426} INFO - Running <TaskInstance: load_data_mb.load_index_id_702022 scheduled__2024-05-13T00:00:00+00:00 [running]> on host d933ead87eb5
[2024-05-14T10:15:16.170+0000] {taskinstance.py:2644} INFO - Exporting env vars: AIRFLOW_CTX_DAG_OWNER='***' AIRFLOW_CTX_DAG_ID='load_data_mb' AIRFLOW_CTX_TASK_ID='load_index_id_702022' AIRFLOW_CTX_EXECUTION_DATE='2024-05-13T00:00:00+00:00' AIRFLOW_CTX_TRY_NUMBER='1' AIRFLOW_CTX_DAG_RUN_ID='scheduled__2024-05-13T00:00:00+00:00'
[2024-05-14T10:15:16.171+0000] {taskinstance.py:430} INFO - ::endgroup::
[2024-05-14T10:15:23.267+0000] {logging_mixin.py:188} INFO - {'index_name': 'Индекс физического объема оптовой торговли', 'index_id': 702022, 'dic_names': ['Регионы', 'Тип местности и административное деление', 'Виды товаров', 'Соотнесение периодов', 'Типы правовых единиц', 'Услуги внутренней торговли'], 'period_name': 'Год', 'info': 'нет новых данных'}
[2024-05-14T10:15:23.268+0000] {logging_mixin.py:188} INFO - {'index_name': 'Индекс физического объема оптовой торговли', 'index_id': 702022, 'dic_names': ['Регионы', 'Торгующие предприятия, организации, рынки и индивидуальные предприниматели', 'Соотнесение периодов'], 'period_name': 'Месяц', 'info': 'нет новых данных'}
[2024-05-14T10:15:23.269+0000] {logging_mixin.py:188} INFO - {'index_name': 'Индекс физического объема оптовой торговли', 'index_id': 702022, 'dic_names': ['Регионы', 'Торгующие предприятия, организации, рынки и индивидуальные предприниматели', 'Соотнесение периодов'], 'period_name': 'Месяц с накоплением', 'info': 'нет новых данных'}
[2024-05-14T10:15:23.270+0000] {python.py:237} INFO - Done. Returned value was: None
[2024-05-14T10:15:23.271+0000] {taskinstance.py:441} INFO - ::group::Post task execution logs
[2024-05-14T10:15:23.288+0000] {taskinstance.py:1205} INFO - Marking task as SUCCESS. dag_id=load_data_mb, task_id=load_index_id_702022, execution_date=20240513T000000, start_date=20240514T101515, end_date=20240514T101523
[2024-05-14T10:15:23.325+0000] {local_task_job_runner.py:240} INFO - Task exited with return code 0
[2024-05-14T10:15:23.348+0000] {taskinstance.py:3482} INFO - 0 downstream tasks scheduled from follow-on schedule check
[2024-05-14T10:15:23.353+0000] {local_task_job_runner.py:222} INFO - ::endgroup::
