[2024-04-25T20:38:21.496+0000] {local_task_job_runner.py:120} INFO - ::group::Pre task execution logs
[2024-04-25T20:38:21.749+0000] {taskinstance.py:2073} INFO - Dependencies all met for dep_context=non-requeueable deps ti=<TaskInstance: my_dag.task_4 manual__2024-04-25T20:38:18.642040+00:00 [queued]>
[2024-04-25T20:38:21.814+0000] {taskinstance.py:2073} INFO - Dependencies all met for dep_context=requeueable deps ti=<TaskInstance: my_dag.task_4 manual__2024-04-25T20:38:18.642040+00:00 [queued]>
[2024-04-25T20:38:21.815+0000] {taskinstance.py:2303} INFO - Starting attempt 1 of 4
[2024-04-25T20:38:21.926+0000] {taskinstance.py:2327} INFO - Executing <Task(PythonOperator): task_4> on 2024-04-25 20:38:18.642040+00:00
[2024-04-25T20:38:22.045+0000] {logging_mixin.py:188} WARNING - /home/***/.local/lib/python3.12/site-packages/***/task/task_runner/standard_task_runner.py:61 DeprecationWarning: This process (pid=517) is multi-threaded, use of fork() may lead to deadlocks in the child.
[2024-04-25T20:38:22.071+0000] {standard_task_runner.py:63} INFO - Started process 521 to run task
[2024-04-25T20:38:22.024+0000] {standard_task_runner.py:90} INFO - Running: ['***', 'tasks', 'run', 'my_dag', 'task_4', 'manual__2024-04-25T20:38:18.642040+00:00', '--job-id', '91', '--raw', '--subdir', 'DAGS_FOLDER/python_op.py', '--cfg-path', '/tmp/tmp8i1r5qd6']
[2024-04-25T20:38:22.096+0000] {standard_task_runner.py:91} INFO - Job 91: Subtask task_4
[2024-04-25T20:38:22.589+0000] {task_command.py:426} INFO - Running <TaskInstance: my_dag.task_4 manual__2024-04-25T20:38:18.642040+00:00 [running]> on host f9a12f9b65d4
[2024-04-25T20:38:23.219+0000] {taskinstance.py:2644} INFO - Exporting env vars: AIRFLOW_CTX_DAG_OWNER='***' AIRFLOW_CTX_DAG_ID='my_dag' AIRFLOW_CTX_TASK_ID='task_4' AIRFLOW_CTX_EXECUTION_DATE='2024-04-25T20:38:18.642040+00:00' AIRFLOW_CTX_TRY_NUMBER='1' AIRFLOW_CTX_DAG_RUN_ID='manual__2024-04-25T20:38:18.642040+00:00'
[2024-04-25T20:38:23.224+0000] {taskinstance.py:430} INFO - ::endgroup::
[2024-04-25T20:38:23.362+0000] {taskinstance.py:441} INFO - ::group::Post task execution logs
[2024-04-25T20:38:23.366+0000] {taskinstance.py:2890} ERROR - Task failed with exception
Traceback (most recent call last):
  File "/home/airflow/.local/lib/python3.12/site-packages/airflow/models/taskinstance.py", line 465, in _execute_task
    result = _execute_callable(context=context, **execute_callable_kwargs)
             ^^^^^^^^^^^^^^^^^^^^^^^^^^^^^^^^^^^^^^^^^^^^^^^^^^^^^^^^^^^^^
  File "/home/airflow/.local/lib/python3.12/site-packages/airflow/models/taskinstance.py", line 432, in _execute_callable
    return execute_callable(context=context, **execute_callable_kwargs)
           ^^^^^^^^^^^^^^^^^^^^^^^^^^^^^^^^^^^^^^^^^^^^^^^^^^^^^^^^^^^^
  File "/home/airflow/.local/lib/python3.12/site-packages/airflow/models/baseoperator.py", line 400, in wrapper
    return func(self, *args, **kwargs)
           ^^^^^^^^^^^^^^^^^^^^^^^^^^^
  File "/home/airflow/.local/lib/python3.12/site-packages/airflow/operators/python.py", line 235, in execute
    return_value = self.execute_callable()
                   ^^^^^^^^^^^^^^^^^^^^^^^
  File "/home/airflow/.local/lib/python3.12/site-packages/airflow/operators/python.py", line 252, in execute_callable
    return self.python_callable(*self.op_args, **self.op_kwargs)
           ^^^^^^^^^^^^^^^^^^^^^^^^^^^^^^^^^^^^^^^^^^^^^^^^^^^^^
TypeError: _process() missing 1 required positional argument: 'i'
[2024-04-25T20:38:23.408+0000] {taskinstance.py:1205} INFO - Marking task as UP_FOR_RETRY. dag_id=my_dag, task_id=task_4, execution_date=20240425T203818, start_date=20240425T203821, end_date=20240425T203823
[2024-04-25T20:38:23.499+0000] {standard_task_runner.py:110} ERROR - Failed to execute job 91 for task task_4 (_process() missing 1 required positional argument: 'i'; 521)
[2024-04-25T20:38:23.531+0000] {local_task_job_runner.py:240} INFO - Task exited with return code 1
[2024-04-25T20:38:23.616+0000] {taskinstance.py:3482} INFO - 0 downstream tasks scheduled from follow-on schedule check
[2024-04-25T20:38:23.620+0000] {local_task_job_runner.py:222} INFO - ::endgroup::
