[2024-05-02T08:29:50.000+0000] {local_task_job_runner.py:120} INFO - ::group::Pre task execution logs
[2024-05-02T08:29:50.046+0000] {taskinstance.py:2073} INFO - Dependencies all met for dep_context=non-requeueable deps ti=<TaskInstance: load_data_mb.load_index_id_4023003 scheduled__2024-05-01T00:00:00+00:00 [queued]>
[2024-05-02T08:29:50.067+0000] {taskinstance.py:2073} INFO - Dependencies all met for dep_context=requeueable deps ti=<TaskInstance: load_data_mb.load_index_id_4023003 scheduled__2024-05-01T00:00:00+00:00 [queued]>
[2024-05-02T08:29:50.068+0000] {taskinstance.py:2303} INFO - Starting attempt 1 of 1
[2024-05-02T08:29:50.097+0000] {taskinstance.py:2327} INFO - Executing <Task(PythonOperator): load_index_id_4023003> on 2024-05-01 00:00:00+00:00
[2024-05-02T08:29:50.106+0000] {logging_mixin.py:188} WARNING - /home/***/.local/lib/python3.12/site-packages/***/task/task_runner/standard_task_runner.py:61 DeprecationWarning: This process (pid=1024) is multi-threaded, use of fork() may lead to deadlocks in the child.
[2024-05-02T08:29:50.108+0000] {standard_task_runner.py:63} INFO - Started process 1025 to run task
[2024-05-02T08:29:50.106+0000] {standard_task_runner.py:90} INFO - Running: ['***', 'tasks', 'run', 'load_data_mb', 'load_index_id_4023003', 'scheduled__2024-05-01T00:00:00+00:00', '--job-id', '448', '--raw', '--subdir', 'DAGS_FOLDER/load_data_mb.py', '--cfg-path', '/tmp/tmpbkpmvs9i']
[2024-05-02T08:29:50.109+0000] {standard_task_runner.py:91} INFO - Job 448: Subtask load_index_id_4023003
[2024-05-02T08:29:50.183+0000] {task_command.py:426} INFO - Running <TaskInstance: load_data_mb.load_index_id_4023003 scheduled__2024-05-01T00:00:00+00:00 [running]> on host d933ead87eb5
[2024-05-02T08:29:50.373+0000] {taskinstance.py:2644} INFO - Exporting env vars: AIRFLOW_CTX_DAG_OWNER='***' AIRFLOW_CTX_DAG_ID='load_data_mb' AIRFLOW_CTX_TASK_ID='load_index_id_4023003' AIRFLOW_CTX_EXECUTION_DATE='2024-05-01T00:00:00+00:00' AIRFLOW_CTX_TRY_NUMBER='1' AIRFLOW_CTX_DAG_RUN_ID='scheduled__2024-05-01T00:00:00+00:00'
[2024-05-02T08:29:50.375+0000] {taskinstance.py:430} INFO - ::endgroup::
[2024-05-02T08:29:59.947+0000] {logging_mixin.py:188} INFO - {'index_name': 'Производительность труда ', 'index_id': 4023003, 'dic_names': ['Регионы', 'Виды экономической деятельности'], 'period_name': 'Год', 'info': 'ошибка талдау', 'error_code': 500}
[2024-05-02T08:29:59.951+0000] {logging_mixin.py:188} INFO - {'index_name': 'Производительность труда ', 'index_id': 4023003, 'dic_names': ['Регионы'], 'period_name': 'Год', 'info': 'ошибка талдау', 'error_code': 500}
[2024-05-02T08:29:59.953+0000] {logging_mixin.py:188} INFO - {'index_name': 'Производительность труда ', 'index_id': 4023003, 'dic_names': ['Регионы', 'Виды экономической деятельности'], 'period_name': 'Квартал с накоплением', 'info': 'ошибка талдау', 'error_code': 500}
[2024-05-02T08:29:59.955+0000] {logging_mixin.py:188} INFO - {'index_name': 'Производительность труда ', 'index_id': 4023003, 'dic_names': ['Регионы'], 'period_name': 'Квартал с накоплением', 'info': 'ошибка талдау', 'error_code': 500}
[2024-05-02T08:29:59.958+0000] {python.py:237} INFO - Done. Returned value was: None
[2024-05-02T08:29:59.960+0000] {taskinstance.py:441} INFO - ::group::Post task execution logs
[2024-05-02T08:29:59.998+0000] {taskinstance.py:1205} INFO - Marking task as SUCCESS. dag_id=load_data_mb, task_id=load_index_id_4023003, execution_date=20240501T000000, start_date=20240502T082950, end_date=20240502T082959
[2024-05-02T08:30:00.102+0000] {local_task_job_runner.py:240} INFO - Task exited with return code 0
[2024-05-02T08:30:00.147+0000] {taskinstance.py:3482} INFO - 0 downstream tasks scheduled from follow-on schedule check
[2024-05-02T08:30:00.153+0000] {local_task_job_runner.py:222} INFO - ::endgroup::
