[2024-05-14T10:16:53.706+0000] {local_task_job_runner.py:120} INFO - ::group::Pre task execution logs
[2024-05-14T10:16:53.747+0000] {taskinstance.py:2073} INFO - Dependencies all met for dep_context=non-requeueable deps ti=<TaskInstance: load_data_mb.load_index_id_701830 scheduled__2024-05-13T00:00:00+00:00 [queued]>
[2024-05-14T10:16:53.760+0000] {taskinstance.py:2073} INFO - Dependencies all met for dep_context=requeueable deps ti=<TaskInstance: load_data_mb.load_index_id_701830 scheduled__2024-05-13T00:00:00+00:00 [queued]>
[2024-05-14T10:16:53.761+0000] {taskinstance.py:2303} INFO - Starting attempt 1 of 1
[2024-05-14T10:16:53.780+0000] {taskinstance.py:2327} INFO - Executing <Task(PythonOperator): load_index_id_701830> on 2024-05-13 00:00:00+00:00
[2024-05-14T10:16:53.790+0000] {standard_task_runner.py:90} INFO - Running: ['***', 'tasks', 'run', 'load_data_mb', 'load_index_id_701830', 'scheduled__2024-05-13T00:00:00+00:00', '--job-id', '549', '--raw', '--subdir', 'DAGS_FOLDER/load_data_mb.py', '--cfg-path', '/tmp/tmptsxeh7uq']
[2024-05-14T10:16:53.794+0000] {standard_task_runner.py:91} INFO - Job 549: Subtask load_index_id_701830
[2024-05-14T10:16:53.794+0000] {logging_mixin.py:188} WARNING - /home/***/.local/lib/python3.12/site-packages/***/task/task_runner/standard_task_runner.py:61 DeprecationWarning: This process (pid=697) is multi-threaded, use of fork() may lead to deadlocks in the child.
[2024-05-14T10:16:53.796+0000] {standard_task_runner.py:63} INFO - Started process 698 to run task
[2024-05-14T10:16:53.859+0000] {task_command.py:426} INFO - Running <TaskInstance: load_data_mb.load_index_id_701830 scheduled__2024-05-13T00:00:00+00:00 [running]> on host d933ead87eb5
[2024-05-14T10:16:54.002+0000] {taskinstance.py:2644} INFO - Exporting env vars: AIRFLOW_CTX_DAG_OWNER='***' AIRFLOW_CTX_DAG_ID='load_data_mb' AIRFLOW_CTX_TASK_ID='load_index_id_701830' AIRFLOW_CTX_EXECUTION_DATE='2024-05-13T00:00:00+00:00' AIRFLOW_CTX_TRY_NUMBER='1' AIRFLOW_CTX_DAG_RUN_ID='scheduled__2024-05-13T00:00:00+00:00'
[2024-05-14T10:16:54.004+0000] {taskinstance.py:430} INFO - ::endgroup::
[2024-05-14T10:17:38.111+0000] {logging_mixin.py:188} INFO - {'index_name': 'Инвестиции в основной капитал по направлениям использования', 'index_id': 701830, 'dic_names': ['Регионы', 'Виды экономической деятельности', 'Формы и видов собственности', 'Типы правовых единиц'], 'period_name': 'Год', 'info': 'ошибка талдау', 'error_code': 500}
[2024-05-14T10:17:38.113+0000] {logging_mixin.py:188} INFO - {'index_name': 'Инвестиции в основной капитал по направлениям использования', 'index_id': 701830, 'dic_names': ['Регионы', 'Тип местности и административное деление', 'Формы и видов собственности', 'Источник финансирования', 'Виды экономической деятельности'], 'period_name': 'Год', 'info': 'ошибка талдау', 'error_code': 500}
[2024-05-14T10:17:38.114+0000] {logging_mixin.py:188} INFO - {'index_name': 'Инвестиции в основной капитал по направлениям использования', 'index_id': 701830, 'dic_names': ['Регионы', 'Тип местности и административное деление', 'Размерность юридических лиц, филиалов и представительств, а также субъектов индивидуального предпринимательства по численности работников', 'Виды экономической деятельности', 'Виды затрат в объеме инвестиций в основной капитал'], 'period_name': 'Год', 'info': 'ошибка талдау', 'error_code': 500}
[2024-05-14T10:17:38.115+0000] {logging_mixin.py:188} INFO - {'index_name': 'Инвестиции в основной капитал по направлениям использования', 'index_id': 701830, 'dic_names': ['Регионы', 'Тип местности и административное деление', 'Формы и видов собственности', 'Виды экономической деятельности', 'Виды затрат в объеме инвестиций в основной капитал'], 'period_name': 'Год', 'info': 'ошибка талдау', 'error_code': 500}
[2024-05-14T10:17:38.116+0000] {logging_mixin.py:188} INFO - {'index_name': 'Инвестиции в основной капитал по направлениям использования', 'index_id': 701830, 'dic_names': ['Регионы', 'Виды экономической деятельности', 'Тип местности и административное деление', 'Размерность юридических лиц, филиалов и представительств, а также субъектов индивидуального предпринимательства по численности работников', 'Формы и видов собственности', 'Источник финансирования'], 'period_name': 'Год', 'info': 'ошибка талдау', 'error_code': 500}
[2024-05-14T10:17:38.117+0000] {logging_mixin.py:188} INFO - {'index_name': 'Инвестиции в основной капитал по направлениям использования', 'index_id': 701830, 'dic_names': ['Регионы', 'Виды экономической деятельности', 'Организационно-правовые формы хозяйствования'], 'period_name': 'Месяц', 'info': 'ошибка талдау', 'error_code': 500}
[2024-05-14T10:17:38.117+0000] {logging_mixin.py:188} INFO - {'index_name': 'Инвестиции в основной капитал по направлениям использования', 'index_id': 701830, 'dic_names': ['Регионы', 'Виды экономической деятельности', 'Сектора экономики'], 'period_name': 'Месяц', 'info': 'ошибка талдау', 'error_code': 500}
[2024-05-14T10:17:38.118+0000] {logging_mixin.py:188} INFO - {'index_name': 'Инвестиции в основной капитал по направлениям использования', 'index_id': 701830, 'dic_names': ['Регионы', 'Формы и видов собственности', 'Источник финансирования', 'Виды экономической деятельности'], 'period_name': 'Месяц', 'info': 'ошибка талдау', 'error_code': 500}
[2024-05-14T10:17:38.119+0000] {logging_mixin.py:188} INFO - {'index_name': 'Инвестиции в основной капитал по направлениям использования', 'index_id': 701830, 'dic_names': ['Регионы', 'Размерность юридических лиц, филиалов и представительств, а также субъектов индивидуального предпринимательства по численности работников', 'Источник финансирования', 'Виды экономической деятельности'], 'period_name': 'Месяц', 'info': 'ошибка талдау', 'error_code': 500}
[2024-05-14T10:17:38.120+0000] {logging_mixin.py:188} INFO - {'index_name': 'Инвестиции в основной капитал по направлениям использования', 'index_id': 701830, 'dic_names': ['Регионы', 'Виды экономической деятельности', 'Тип местности и административное деление', 'Размерность юридических лиц, филиалов и представительств, а также субъектов индивидуального предпринимательства по численности работников', 'Источник финансирования'], 'period_name': 'Месяц', 'info': 'ошибка талдау', 'error_code': 500}
[2024-05-14T10:17:38.120+0000] {logging_mixin.py:188} INFO - {'index_name': 'Инвестиции в основной капитал по направлениям использования', 'index_id': 701830, 'dic_names': ['Регионы', 'Виды экономической деятельности', 'Тип местности и административное деление', 'Формы и видов собственности', 'Источник финансирования'], 'period_name': 'Месяц', 'info': 'ошибка талдау', 'error_code': 500}
[2024-05-14T10:17:38.121+0000] {logging_mixin.py:188} INFO - {'index_name': 'Инвестиции в основной капитал по направлениям использования', 'index_id': 701830, 'dic_names': ['Регионы', 'Виды экономической деятельности', 'Тип местности и административное деление', 'Размерность юридических лиц, филиалов и представительств, а также субъектов индивидуального предпринимательства по численности работников', 'Формы и видов собственности', 'Источник финансирования'], 'period_name': 'Месяц', 'info': 'ошибка талдау', 'error_code': 500}
[2024-05-14T10:17:38.122+0000] {logging_mixin.py:188} INFO - {'index_name': 'Инвестиции в основной капитал по направлениям использования', 'index_id': 701830, 'dic_names': ['Регионы', 'Виды экономической деятельности', 'Сектора экономики'], 'period_name': 'Месяц с накоплением', 'info': 'ошибка талдау', 'error_code': 500}
[2024-05-14T10:17:38.123+0000] {logging_mixin.py:188} INFO - {'index_name': 'Инвестиции в основной капитал по направлениям использования', 'index_id': 701830, 'dic_names': ['Регионы', 'Виды экономической деятельности', 'Организационно-правовые формы хозяйствования'], 'period_name': 'Месяц с накоплением', 'info': 'ошибка талдау', 'error_code': 500}
[2024-05-14T10:17:38.123+0000] {logging_mixin.py:188} INFO - {'index_name': 'Инвестиции в основной капитал по направлениям использования', 'index_id': 701830, 'dic_names': ['Регионы', 'Размерность юридических лиц, филиалов и представительств, а также субъектов индивидуального предпринимательства по численности работников', 'Источник финансирования', 'Виды экономической деятельности'], 'period_name': 'Месяц с накоплением', 'info': 'ошибка талдау', 'error_code': 500}
[2024-05-14T10:17:38.124+0000] {logging_mixin.py:188} INFO - {'index_name': 'Инвестиции в основной капитал по направлениям использования', 'index_id': 701830, 'dic_names': ['Регионы', 'Формы и видов собственности', 'Источник финансирования', 'Виды экономической деятельности'], 'period_name': 'Месяц с накоплением', 'info': 'ошибка талдау', 'error_code': 500}
[2024-05-14T10:17:38.125+0000] {logging_mixin.py:188} INFO - {'index_name': 'Инвестиции в основной капитал по направлениям использования', 'index_id': 701830, 'dic_names': ['Регионы', 'Виды экономической деятельности', 'Тип местности и административное деление', 'Размерность юридических лиц, филиалов и представительств, а также субъектов индивидуального предпринимательства по численности работников', 'Источник финансирования'], 'period_name': 'Месяц с накоплением', 'info': 'ошибка талдау', 'error_code': 500}
[2024-05-14T10:17:38.125+0000] {logging_mixin.py:188} INFO - {'index_name': 'Инвестиции в основной капитал по направлениям использования', 'index_id': 701830, 'dic_names': ['Регионы', 'Виды экономической деятельности', 'Тип местности и административное деление', 'Формы и видов собственности', 'Источник финансирования'], 'period_name': 'Месяц с накоплением', 'info': 'ошибка талдау', 'error_code': 500}
[2024-05-14T10:17:38.126+0000] {logging_mixin.py:188} INFO - {'index_name': 'Инвестиции в основной капитал по направлениям использования', 'index_id': 701830, 'dic_names': ['Регионы', 'Виды экономической деятельности', 'Тип местности и административное деление', 'Размерность юридических лиц, филиалов и представительств, а также субъектов индивидуального предпринимательства по численности работников', 'Формы и видов собственности', 'Источник финансирования'], 'period_name': 'Месяц с накоплением', 'info': 'ошибка талдау', 'error_code': 500}
[2024-05-14T10:17:38.127+0000] {python.py:237} INFO - Done. Returned value was: None
[2024-05-14T10:17:38.128+0000] {taskinstance.py:441} INFO - ::group::Post task execution logs
[2024-05-14T10:17:38.141+0000] {taskinstance.py:1205} INFO - Marking task as SUCCESS. dag_id=load_data_mb, task_id=load_index_id_701830, execution_date=20240513T000000, start_date=20240514T101653, end_date=20240514T101738
[2024-05-14T10:17:38.204+0000] {local_task_job_runner.py:240} INFO - Task exited with return code 0
[2024-05-14T10:17:38.227+0000] {taskinstance.py:3482} INFO - 0 downstream tasks scheduled from follow-on schedule check
[2024-05-14T10:17:38.234+0000] {local_task_job_runner.py:222} INFO - ::endgroup::
