[2024-05-02T08:22:22.439+0000] {local_task_job_runner.py:120} INFO - ::group::Pre task execution logs
[2024-05-02T08:22:22.517+0000] {taskinstance.py:2073} INFO - Dependencies all met for dep_context=non-requeueable deps ti=<TaskInstance: load_data_mb.load_index_id_701830 scheduled__2024-04-30T00:00:00+00:00 [queued]>
[2024-05-02T08:22:22.539+0000] {taskinstance.py:2073} INFO - Dependencies all met for dep_context=requeueable deps ti=<TaskInstance: load_data_mb.load_index_id_701830 scheduled__2024-04-30T00:00:00+00:00 [queued]>
[2024-05-02T08:22:22.540+0000] {taskinstance.py:2303} INFO - Starting attempt 1 of 1
[2024-05-02T08:22:22.574+0000] {taskinstance.py:2327} INFO - Executing <Task(PythonOperator): load_index_id_701830> on 2024-04-30 00:00:00+00:00
[2024-05-02T08:22:22.590+0000] {standard_task_runner.py:90} INFO - Running: ['***', 'tasks', 'run', 'load_data_mb', 'load_index_id_701830', 'scheduled__2024-04-30T00:00:00+00:00', '--job-id', '421', '--raw', '--subdir', 'DAGS_FOLDER/load_data_mb.py', '--cfg-path', '/tmp/tmp6tytmmus']
[2024-05-02T08:22:22.595+0000] {standard_task_runner.py:91} INFO - Job 421: Subtask load_index_id_701830
[2024-05-02T08:22:22.598+0000] {logging_mixin.py:188} WARNING - /home/***/.local/lib/python3.12/site-packages/***/task/task_runner/standard_task_runner.py:61 DeprecationWarning: This process (pid=808) is multi-threaded, use of fork() may lead to deadlocks in the child.
[2024-05-02T08:22:22.600+0000] {standard_task_runner.py:63} INFO - Started process 811 to run task
[2024-05-02T08:22:22.675+0000] {task_command.py:426} INFO - Running <TaskInstance: load_data_mb.load_index_id_701830 scheduled__2024-04-30T00:00:00+00:00 [running]> on host d933ead87eb5
[2024-05-02T08:22:22.920+0000] {taskinstance.py:2644} INFO - Exporting env vars: AIRFLOW_CTX_DAG_OWNER='***' AIRFLOW_CTX_DAG_ID='load_data_mb' AIRFLOW_CTX_TASK_ID='load_index_id_701830' AIRFLOW_CTX_EXECUTION_DATE='2024-04-30T00:00:00+00:00' AIRFLOW_CTX_TRY_NUMBER='1' AIRFLOW_CTX_DAG_RUN_ID='scheduled__2024-04-30T00:00:00+00:00'
[2024-05-02T08:22:22.923+0000] {taskinstance.py:430} INFO - ::endgroup::
[2024-05-02T08:23:04.829+0000] {logging_mixin.py:188} INFO - {'index_name': 'Инвестиции в основной капитал по направлениям использования', 'index_id': 701830, 'dic_names': ['Регионы', 'Виды экономической деятельности', 'Формы и видов собственности', 'Типы правовых единиц'], 'period_name': 'Год', 'info': 'ошибка талдау', 'error_code': 500}
[2024-05-02T08:23:04.832+0000] {logging_mixin.py:188} INFO - {'index_name': 'Инвестиции в основной капитал по направлениям использования', 'index_id': 701830, 'dic_names': ['Регионы', 'Тип местности и административное деление', 'Формы и видов собственности', 'Источник финансирования', 'Виды экономической деятельности'], 'period_name': 'Год', 'info': 'ошибка талдау', 'error_code': 500}
[2024-05-02T08:23:04.834+0000] {logging_mixin.py:188} INFO - {'index_name': 'Инвестиции в основной капитал по направлениям использования', 'index_id': 701830, 'dic_names': ['Регионы', 'Тип местности и административное деление', 'Размерность юридических лиц, филиалов и представительств, а также субъектов индивидуального предпринимательства по численности работников', 'Виды экономической деятельности', 'Виды затрат в объеме инвестиций в основной капитал'], 'period_name': 'Год', 'info': 'ошибка талдау', 'error_code': 500}
[2024-05-02T08:23:04.836+0000] {logging_mixin.py:188} INFO - {'index_name': 'Инвестиции в основной капитал по направлениям использования', 'index_id': 701830, 'dic_names': ['Регионы', 'Тип местности и административное деление', 'Формы и видов собственности', 'Виды экономической деятельности', 'Виды затрат в объеме инвестиций в основной капитал'], 'period_name': 'Год', 'info': 'ошибка талдау', 'error_code': 500}
[2024-05-02T08:23:04.839+0000] {logging_mixin.py:188} INFO - {'index_name': 'Инвестиции в основной капитал по направлениям использования', 'index_id': 701830, 'dic_names': ['Регионы', 'Виды экономической деятельности', 'Тип местности и административное деление', 'Размерность юридических лиц, филиалов и представительств, а также субъектов индивидуального предпринимательства по численности работников', 'Формы и видов собственности', 'Источник финансирования'], 'period_name': 'Год', 'info': 'ошибка талдау', 'error_code': 500}
[2024-05-02T08:23:04.841+0000] {logging_mixin.py:188} INFO - {'index_name': 'Инвестиции в основной капитал по направлениям использования', 'index_id': 701830, 'dic_names': ['Регионы', 'Виды экономической деятельности', 'Организационно-правовые формы хозяйствования'], 'period_name': 'Месяц', 'info': 'ошибка талдау', 'error_code': 500}
[2024-05-02T08:23:04.843+0000] {logging_mixin.py:188} INFO - {'index_name': 'Инвестиции в основной капитал по направлениям использования', 'index_id': 701830, 'dic_names': ['Регионы', 'Виды экономической деятельности', 'Сектора экономики'], 'period_name': 'Месяц', 'info': 'ошибка талдау', 'error_code': 500}
[2024-05-02T08:23:04.845+0000] {logging_mixin.py:188} INFO - {'index_name': 'Инвестиции в основной капитал по направлениям использования', 'index_id': 701830, 'dic_names': ['Регионы', 'Формы и видов собственности', 'Источник финансирования', 'Виды экономической деятельности'], 'period_name': 'Месяц', 'info': 'ошибка талдау', 'error_code': 500}
[2024-05-02T08:23:04.848+0000] {logging_mixin.py:188} INFO - {'index_name': 'Инвестиции в основной капитал по направлениям использования', 'index_id': 701830, 'dic_names': ['Регионы', 'Размерность юридических лиц, филиалов и представительств, а также субъектов индивидуального предпринимательства по численности работников', 'Источник финансирования', 'Виды экономической деятельности'], 'period_name': 'Месяц', 'info': 'ошибка талдау', 'error_code': 500}
[2024-05-02T08:23:04.850+0000] {logging_mixin.py:188} INFO - {'index_name': 'Инвестиции в основной капитал по направлениям использования', 'index_id': 701830, 'dic_names': ['Регионы', 'Виды экономической деятельности', 'Тип местности и административное деление', 'Размерность юридических лиц, филиалов и представительств, а также субъектов индивидуального предпринимательства по численности работников', 'Источник финансирования'], 'period_name': 'Месяц', 'info': 'ошибка талдау', 'error_code': 500}
[2024-05-02T08:23:04.852+0000] {logging_mixin.py:188} INFO - {'index_name': 'Инвестиции в основной капитал по направлениям использования', 'index_id': 701830, 'dic_names': ['Регионы', 'Виды экономической деятельности', 'Тип местности и административное деление', 'Формы и видов собственности', 'Источник финансирования'], 'period_name': 'Месяц', 'info': 'ошибка талдау', 'error_code': 500}
[2024-05-02T08:23:04.854+0000] {logging_mixin.py:188} INFO - {'index_name': 'Инвестиции в основной капитал по направлениям использования', 'index_id': 701830, 'dic_names': ['Регионы', 'Виды экономической деятельности', 'Тип местности и административное деление', 'Размерность юридических лиц, филиалов и представительств, а также субъектов индивидуального предпринимательства по численности работников', 'Формы и видов собственности', 'Источник финансирования'], 'period_name': 'Месяц', 'info': 'ошибка талдау', 'error_code': 500}
[2024-05-02T08:23:04.857+0000] {logging_mixin.py:188} INFO - {'index_name': 'Инвестиции в основной капитал по направлениям использования', 'index_id': 701830, 'dic_names': ['Регионы', 'Виды экономической деятельности', 'Сектора экономики'], 'period_name': 'Месяц с накоплением', 'info': 'ошибка талдау', 'error_code': 500}
[2024-05-02T08:23:04.859+0000] {logging_mixin.py:188} INFO - {'index_name': 'Инвестиции в основной капитал по направлениям использования', 'index_id': 701830, 'dic_names': ['Регионы', 'Виды экономической деятельности', 'Организационно-правовые формы хозяйствования'], 'period_name': 'Месяц с накоплением', 'info': 'ошибка талдау', 'error_code': 500}
[2024-05-02T08:23:04.861+0000] {logging_mixin.py:188} INFO - {'index_name': 'Инвестиции в основной капитал по направлениям использования', 'index_id': 701830, 'dic_names': ['Регионы', 'Размерность юридических лиц, филиалов и представительств, а также субъектов индивидуального предпринимательства по численности работников', 'Источник финансирования', 'Виды экономической деятельности'], 'period_name': 'Месяц с накоплением', 'info': 'ошибка талдау', 'error_code': 500}
[2024-05-02T08:23:04.863+0000] {logging_mixin.py:188} INFO - {'index_name': 'Инвестиции в основной капитал по направлениям использования', 'index_id': 701830, 'dic_names': ['Регионы', 'Формы и видов собственности', 'Источник финансирования', 'Виды экономической деятельности'], 'period_name': 'Месяц с накоплением', 'info': 'ошибка талдау', 'error_code': 500}
[2024-05-02T08:23:04.865+0000] {logging_mixin.py:188} INFO - {'index_name': 'Инвестиции в основной капитал по направлениям использования', 'index_id': 701830, 'dic_names': ['Регионы', 'Виды экономической деятельности', 'Тип местности и административное деление', 'Размерность юридических лиц, филиалов и представительств, а также субъектов индивидуального предпринимательства по численности работников', 'Источник финансирования'], 'period_name': 'Месяц с накоплением', 'info': 'ошибка талдау', 'error_code': 500}
[2024-05-02T08:23:04.867+0000] {logging_mixin.py:188} INFO - {'index_name': 'Инвестиции в основной капитал по направлениям использования', 'index_id': 701830, 'dic_names': ['Регионы', 'Виды экономической деятельности', 'Тип местности и административное деление', 'Формы и видов собственности', 'Источник финансирования'], 'period_name': 'Месяц с накоплением', 'info': 'ошибка талдау', 'error_code': 500}
[2024-05-02T08:23:04.869+0000] {logging_mixin.py:188} INFO - {'index_name': 'Инвестиции в основной капитал по направлениям использования', 'index_id': 701830, 'dic_names': ['Регионы', 'Виды экономической деятельности', 'Тип местности и административное деление', 'Размерность юридических лиц, филиалов и представительств, а также субъектов индивидуального предпринимательства по численности работников', 'Формы и видов собственности', 'Источник финансирования'], 'period_name': 'Месяц с накоплением', 'info': 'ошибка талдау', 'error_code': 500}
[2024-05-02T08:23:04.871+0000] {python.py:237} INFO - Done. Returned value was: None
[2024-05-02T08:23:04.874+0000] {taskinstance.py:441} INFO - ::group::Post task execution logs
[2024-05-02T08:23:04.934+0000] {taskinstance.py:1205} INFO - Marking task as SUCCESS. dag_id=load_data_mb, task_id=load_index_id_701830, execution_date=20240430T000000, start_date=20240502T082222, end_date=20240502T082304
[2024-05-02T08:23:05.044+0000] {local_task_job_runner.py:240} INFO - Task exited with return code 0
[2024-05-02T08:23:05.109+0000] {taskinstance.py:3482} INFO - 0 downstream tasks scheduled from follow-on schedule check
[2024-05-02T08:23:05.118+0000] {local_task_job_runner.py:222} INFO - ::endgroup::
