[2024-04-27T19:15:54.341+0000] {local_task_job_runner.py:120} INFO - ::group::Pre task execution logs
[2024-04-27T19:15:54.455+0000] {taskinstance.py:2073} INFO - Dependencies all met for dep_context=non-requeueable deps ti=<TaskInstance: load_data_mb.load_index_id_701063 scheduled__2024-04-26T00:00:00+00:00 [queued]>
[2024-04-27T19:15:54.489+0000] {taskinstance.py:2073} INFO - Dependencies all met for dep_context=requeueable deps ti=<TaskInstance: load_data_mb.load_index_id_701063 scheduled__2024-04-26T00:00:00+00:00 [queued]>
[2024-04-27T19:15:54.490+0000] {taskinstance.py:2303} INFO - Starting attempt 1 of 4
[2024-04-27T19:15:54.526+0000] {taskinstance.py:2327} INFO - Executing <Task(PythonOperator): load_index_id_701063> on 2024-04-26 00:00:00+00:00
[2024-04-27T19:15:54.538+0000] {standard_task_runner.py:90} INFO - Running: ['***', 'tasks', 'run', 'load_data_mb', 'load_index_id_701063', 'scheduled__2024-04-26T00:00:00+00:00', '--job-id', '181', '--raw', '--subdir', 'DAGS_FOLDER/python_op.py', '--cfg-path', '/tmp/tmp76ora9zb']
[2024-04-27T19:15:54.543+0000] {standard_task_runner.py:91} INFO - Job 181: Subtask load_index_id_701063
[2024-04-27T19:15:54.547+0000] {logging_mixin.py:188} WARNING - /home/***/.local/lib/python3.12/site-packages/***/task/task_runner/standard_task_runner.py:61 DeprecationWarning: This process (pid=531) is multi-threaded, use of fork() may lead to deadlocks in the child.
[2024-04-27T19:15:54.549+0000] {standard_task_runner.py:63} INFO - Started process 532 to run task
[2024-04-27T19:15:54.618+0000] {task_command.py:426} INFO - Running <TaskInstance: load_data_mb.load_index_id_701063 scheduled__2024-04-26T00:00:00+00:00 [running]> on host d933ead87eb5
[2024-04-27T19:15:54.769+0000] {taskinstance.py:2644} INFO - Exporting env vars: AIRFLOW_CTX_DAG_OWNER='***' AIRFLOW_CTX_DAG_ID='load_data_mb' AIRFLOW_CTX_TASK_ID='load_index_id_701063' AIRFLOW_CTX_EXECUTION_DATE='2024-04-26T00:00:00+00:00' AIRFLOW_CTX_TRY_NUMBER='1' AIRFLOW_CTX_DAG_RUN_ID='scheduled__2024-04-26T00:00:00+00:00'
[2024-04-27T19:15:54.770+0000] {taskinstance.py:430} INFO - ::endgroup::
[2024-04-27T19:15:59.144+0000] {taskinstance.py:441} INFO - ::group::Post task execution logs
[2024-04-27T19:15:59.147+0000] {taskinstance.py:2890} ERROR - Task failed with exception
Traceback (most recent call last):
  File "/home/airflow/.local/lib/python3.12/site-packages/airflow/models/taskinstance.py", line 465, in _execute_task
    result = _execute_callable(context=context, **execute_callable_kwargs)
             ^^^^^^^^^^^^^^^^^^^^^^^^^^^^^^^^^^^^^^^^^^^^^^^^^^^^^^^^^^^^^
  File "/home/airflow/.local/lib/python3.12/site-packages/airflow/models/taskinstance.py", line 432, in _execute_callable
    return execute_callable(context=context, **execute_callable_kwargs)
           ^^^^^^^^^^^^^^^^^^^^^^^^^^^^^^^^^^^^^^^^^^^^^^^^^^^^^^^^^^^^
  File "/home/airflow/.local/lib/python3.12/site-packages/airflow/models/baseoperator.py", line 400, in wrapper
    return func(self, *args, **kwargs)
           ^^^^^^^^^^^^^^^^^^^^^^^^^^^
  File "/home/airflow/.local/lib/python3.12/site-packages/airflow/operators/python.py", line 235, in execute
    return_value = self.execute_callable()
                   ^^^^^^^^^^^^^^^^^^^^^^^
  File "/home/airflow/.local/lib/python3.12/site-packages/airflow/operators/python.py", line 252, in execute_callable
    return self.python_callable(*self.op_args, **self.op_kwargs)
           ^^^^^^^^^^^^^^^^^^^^^^^^^^^^^^^^^^^^^^^^^^^^^^^^^^^^^
  File "/opt/airflow/dags/python_op.py", line 20, in load_index
    for status in response.text["info"]:
                  ~~~~~~~~~~~~~^^^^^^^^
TypeError: string indices must be integers, not 'str'
[2024-04-27T19:15:59.244+0000] {taskinstance.py:1205} INFO - Marking task as UP_FOR_RETRY. dag_id=load_data_mb, task_id=load_index_id_701063, execution_date=20240426T000000, start_date=20240427T191554, end_date=20240427T191559
[2024-04-27T19:15:59.504+0000] {standard_task_runner.py:110} ERROR - Failed to execute job 181 for task load_index_id_701063 (string indices must be integers, not 'str'; 532)
[2024-04-27T19:15:59.533+0000] {local_task_job_runner.py:240} INFO - Task exited with return code 1
[2024-04-27T19:15:59.620+0000] {taskinstance.py:3482} INFO - 0 downstream tasks scheduled from follow-on schedule check
[2024-04-27T19:15:59.635+0000] {local_task_job_runner.py:222} INFO - ::endgroup::
[2024-04-27T19:17:19.117+0000] {local_task_job_runner.py:120} INFO - ::group::Pre task execution logs
[2024-04-27T19:17:19.165+0000] {taskinstance.py:2073} INFO - Dependencies all met for dep_context=non-requeueable deps ti=<TaskInstance: load_data_mb.load_index_id_701063 scheduled__2024-04-26T00:00:00+00:00 [queued]>
[2024-04-27T19:17:19.177+0000] {taskinstance.py:2073} INFO - Dependencies all met for dep_context=requeueable deps ti=<TaskInstance: load_data_mb.load_index_id_701063 scheduled__2024-04-26T00:00:00+00:00 [queued]>
[2024-04-27T19:17:19.179+0000] {taskinstance.py:2303} INFO - Starting attempt 1 of 4
[2024-04-27T19:17:19.204+0000] {taskinstance.py:2327} INFO - Executing <Task(PythonOperator): load_index_id_701063> on 2024-04-26 00:00:00+00:00
[2024-04-27T19:17:19.214+0000] {standard_task_runner.py:90} INFO - Running: ['***', 'tasks', 'run', 'load_data_mb', 'load_index_id_701063', 'scheduled__2024-04-26T00:00:00+00:00', '--job-id', '186', '--raw', '--subdir', 'DAGS_FOLDER/python_op.py', '--cfg-path', '/tmp/tmpyfnidm1w']
[2024-04-27T19:17:19.219+0000] {standard_task_runner.py:91} INFO - Job 186: Subtask load_index_id_701063
[2024-04-27T19:17:19.220+0000] {logging_mixin.py:188} WARNING - /home/***/.local/lib/python3.12/site-packages/***/task/task_runner/standard_task_runner.py:61 DeprecationWarning: This process (pid=574) is multi-threaded, use of fork() may lead to deadlocks in the child.
[2024-04-27T19:17:19.221+0000] {standard_task_runner.py:63} INFO - Started process 575 to run task
[2024-04-27T19:17:19.296+0000] {task_command.py:426} INFO - Running <TaskInstance: load_data_mb.load_index_id_701063 scheduled__2024-04-26T00:00:00+00:00 [running]> on host d933ead87eb5
[2024-04-27T19:17:19.426+0000] {taskinstance.py:2644} INFO - Exporting env vars: AIRFLOW_CTX_DAG_OWNER='***' AIRFLOW_CTX_DAG_ID='load_data_mb' AIRFLOW_CTX_TASK_ID='load_index_id_701063' AIRFLOW_CTX_EXECUTION_DATE='2024-04-26T00:00:00+00:00' AIRFLOW_CTX_TRY_NUMBER='1' AIRFLOW_CTX_DAG_RUN_ID='scheduled__2024-04-26T00:00:00+00:00'
[2024-04-27T19:17:19.428+0000] {taskinstance.py:430} INFO - ::endgroup::
[2024-04-27T19:17:27.000+0000] {logging_mixin.py:188} INFO - <Response [201]>
[2024-04-27T19:17:27.001+0000] {taskinstance.py:441} INFO - ::group::Post task execution logs
[2024-04-27T19:17:27.002+0000] {taskinstance.py:2890} ERROR - Task failed with exception
Traceback (most recent call last):
  File "/home/airflow/.local/lib/python3.12/site-packages/airflow/models/taskinstance.py", line 465, in _execute_task
    result = _execute_callable(context=context, **execute_callable_kwargs)
             ^^^^^^^^^^^^^^^^^^^^^^^^^^^^^^^^^^^^^^^^^^^^^^^^^^^^^^^^^^^^^
  File "/home/airflow/.local/lib/python3.12/site-packages/airflow/models/taskinstance.py", line 432, in _execute_callable
    return execute_callable(context=context, **execute_callable_kwargs)
           ^^^^^^^^^^^^^^^^^^^^^^^^^^^^^^^^^^^^^^^^^^^^^^^^^^^^^^^^^^^^
  File "/home/airflow/.local/lib/python3.12/site-packages/airflow/models/baseoperator.py", line 400, in wrapper
    return func(self, *args, **kwargs)
           ^^^^^^^^^^^^^^^^^^^^^^^^^^^
  File "/home/airflow/.local/lib/python3.12/site-packages/airflow/operators/python.py", line 235, in execute
    return_value = self.execute_callable()
                   ^^^^^^^^^^^^^^^^^^^^^^^
  File "/home/airflow/.local/lib/python3.12/site-packages/airflow/operators/python.py", line 252, in execute_callable
    return self.python_callable(*self.op_args, **self.op_kwargs)
           ^^^^^^^^^^^^^^^^^^^^^^^^^^^^^^^^^^^^^^^^^^^^^^^^^^^^^
  File "/opt/airflow/dags/python_op.py", line 21, in load_index
    for status in response.text["info"]:
                  ~~~~~~~~~~~~~^^^^^^^^
TypeError: string indices must be integers, not 'str'
[2024-04-27T19:17:27.021+0000] {taskinstance.py:1205} INFO - Marking task as UP_FOR_RETRY. dag_id=load_data_mb, task_id=load_index_id_701063, execution_date=20240426T000000, start_date=20240427T191719, end_date=20240427T191727
[2024-04-27T19:17:27.040+0000] {standard_task_runner.py:110} ERROR - Failed to execute job 186 for task load_index_id_701063 (string indices must be integers, not 'str'; 575)
[2024-04-27T19:17:27.055+0000] {local_task_job_runner.py:240} INFO - Task exited with return code 1
[2024-04-27T19:17:27.088+0000] {taskinstance.py:3482} INFO - 0 downstream tasks scheduled from follow-on schedule check
[2024-04-27T19:17:27.096+0000] {local_task_job_runner.py:222} INFO - ::endgroup::
