[2024-05-04T23:16:05.217+0000] {processor.py:161} INFO - Started process (PID=170) to work on /opt/airflow/dags/load_data_mb.py
[2024-05-04T23:16:05.219+0000] {processor.py:830} INFO - Processing file /opt/airflow/dags/load_data_mb.py for tasks to queue
[2024-05-04T23:16:05.232+0000] {logging_mixin.py:188} INFO - [2024-05-04T23:16:05.230+0000] {dagbag.py:540} INFO - Filling up the DagBag from /opt/airflow/dags/load_data_mb.py
[2024-05-04T23:16:05.331+0000] {processor.py:840} INFO - DAG(s) 'load_data_mb' retrieved from /opt/airflow/dags/load_data_mb.py
[2024-05-04T23:16:05.686+0000] {logging_mixin.py:188} INFO - [2024-05-04T23:16:05.685+0000] {dag.py:3096} INFO - Sync 1 DAGs
[2024-05-04T23:16:05.845+0000] {processor.py:183} INFO - Processing /opt/airflow/dags/load_data_mb.py took 0.662 seconds
[2024-05-04T23:16:36.260+0000] {processor.py:161} INFO - Started process (PID=184) to work on /opt/airflow/dags/load_data_mb.py
[2024-05-04T23:16:36.269+0000] {processor.py:830} INFO - Processing file /opt/airflow/dags/load_data_mb.py for tasks to queue
[2024-05-04T23:16:36.286+0000] {logging_mixin.py:188} INFO - [2024-05-04T23:16:36.280+0000] {dagbag.py:540} INFO - Filling up the DagBag from /opt/airflow/dags/load_data_mb.py
[2024-05-04T23:16:36.485+0000] {processor.py:840} INFO - DAG(s) 'load_data_mb' retrieved from /opt/airflow/dags/load_data_mb.py
[2024-05-04T23:16:36.624+0000] {logging_mixin.py:188} INFO - [2024-05-04T23:16:36.624+0000] {dag.py:3096} INFO - Sync 1 DAGs
[2024-05-04T23:16:36.742+0000] {processor.py:183} INFO - Processing /opt/airflow/dags/load_data_mb.py took 0.534 seconds
[2024-05-04T23:17:06.940+0000] {processor.py:161} INFO - Started process (PID=195) to work on /opt/airflow/dags/load_data_mb.py
[2024-05-04T23:17:06.942+0000] {processor.py:830} INFO - Processing file /opt/airflow/dags/load_data_mb.py for tasks to queue
[2024-05-04T23:17:06.945+0000] {logging_mixin.py:188} INFO - [2024-05-04T23:17:06.944+0000] {dagbag.py:540} INFO - Filling up the DagBag from /opt/airflow/dags/load_data_mb.py
[2024-05-04T23:17:06.989+0000] {processor.py:840} INFO - DAG(s) 'load_data_mb' retrieved from /opt/airflow/dags/load_data_mb.py
[2024-05-04T23:17:07.054+0000] {logging_mixin.py:188} INFO - [2024-05-04T23:17:07.054+0000] {dag.py:3096} INFO - Sync 1 DAGs
[2024-05-04T23:17:07.119+0000] {processor.py:183} INFO - Processing /opt/airflow/dags/load_data_mb.py took 0.188 seconds
[2024-05-04T23:17:37.373+0000] {processor.py:161} INFO - Started process (PID=206) to work on /opt/airflow/dags/load_data_mb.py
[2024-05-04T23:17:37.375+0000] {processor.py:830} INFO - Processing file /opt/airflow/dags/load_data_mb.py for tasks to queue
[2024-05-04T23:17:37.378+0000] {logging_mixin.py:188} INFO - [2024-05-04T23:17:37.377+0000] {dagbag.py:540} INFO - Filling up the DagBag from /opt/airflow/dags/load_data_mb.py
[2024-05-04T23:17:37.425+0000] {processor.py:840} INFO - DAG(s) 'load_data_mb' retrieved from /opt/airflow/dags/load_data_mb.py
[2024-05-04T23:17:37.505+0000] {logging_mixin.py:188} INFO - [2024-05-04T23:17:37.505+0000] {dag.py:3096} INFO - Sync 1 DAGs
[2024-05-04T23:17:37.583+0000] {processor.py:183} INFO - Processing /opt/airflow/dags/load_data_mb.py took 0.225 seconds
[2024-05-04T23:18:07.866+0000] {processor.py:161} INFO - Started process (PID=217) to work on /opt/airflow/dags/load_data_mb.py
[2024-05-04T23:18:07.868+0000] {processor.py:830} INFO - Processing file /opt/airflow/dags/load_data_mb.py for tasks to queue
[2024-05-04T23:18:07.871+0000] {logging_mixin.py:188} INFO - [2024-05-04T23:18:07.870+0000] {dagbag.py:540} INFO - Filling up the DagBag from /opt/airflow/dags/load_data_mb.py
[2024-05-04T23:18:07.915+0000] {processor.py:840} INFO - DAG(s) 'load_data_mb' retrieved from /opt/airflow/dags/load_data_mb.py
[2024-05-04T23:18:07.979+0000] {logging_mixin.py:188} INFO - [2024-05-04T23:18:07.978+0000] {dag.py:3096} INFO - Sync 1 DAGs
[2024-05-04T23:18:08.041+0000] {processor.py:183} INFO - Processing /opt/airflow/dags/load_data_mb.py took 0.187 seconds
[2024-05-04T23:18:38.390+0000] {processor.py:161} INFO - Started process (PID=228) to work on /opt/airflow/dags/load_data_mb.py
[2024-05-04T23:18:38.392+0000] {processor.py:830} INFO - Processing file /opt/airflow/dags/load_data_mb.py for tasks to queue
[2024-05-04T23:18:38.394+0000] {logging_mixin.py:188} INFO - [2024-05-04T23:18:38.394+0000] {dagbag.py:540} INFO - Filling up the DagBag from /opt/airflow/dags/load_data_mb.py
[2024-05-04T23:18:38.437+0000] {processor.py:840} INFO - DAG(s) 'load_data_mb' retrieved from /opt/airflow/dags/load_data_mb.py
[2024-05-04T23:18:38.496+0000] {logging_mixin.py:188} INFO - [2024-05-04T23:18:38.495+0000] {dag.py:3096} INFO - Sync 1 DAGs
[2024-05-04T23:18:38.566+0000] {processor.py:183} INFO - Processing /opt/airflow/dags/load_data_mb.py took 0.184 seconds
[2024-05-04T23:19:08.688+0000] {processor.py:161} INFO - Started process (PID=239) to work on /opt/airflow/dags/load_data_mb.py
[2024-05-04T23:19:08.696+0000] {processor.py:830} INFO - Processing file /opt/airflow/dags/load_data_mb.py for tasks to queue
[2024-05-04T23:19:08.708+0000] {logging_mixin.py:188} INFO - [2024-05-04T23:19:08.705+0000] {dagbag.py:540} INFO - Filling up the DagBag from /opt/airflow/dags/load_data_mb.py
[2024-05-04T23:19:08.830+0000] {processor.py:840} INFO - DAG(s) 'load_data_mb' retrieved from /opt/airflow/dags/load_data_mb.py
[2024-05-04T23:19:08.961+0000] {logging_mixin.py:188} INFO - [2024-05-04T23:19:08.960+0000] {dag.py:3096} INFO - Sync 1 DAGs
[2024-05-04T23:19:09.161+0000] {processor.py:183} INFO - Processing /opt/airflow/dags/load_data_mb.py took 0.482 seconds
[2024-05-04T23:19:39.556+0000] {processor.py:161} INFO - Started process (PID=250) to work on /opt/airflow/dags/load_data_mb.py
[2024-05-04T23:19:39.558+0000] {processor.py:830} INFO - Processing file /opt/airflow/dags/load_data_mb.py for tasks to queue
[2024-05-04T23:19:39.561+0000] {logging_mixin.py:188} INFO - [2024-05-04T23:19:39.560+0000] {dagbag.py:540} INFO - Filling up the DagBag from /opt/airflow/dags/load_data_mb.py
[2024-05-04T23:19:39.618+0000] {processor.py:840} INFO - DAG(s) 'load_data_mb' retrieved from /opt/airflow/dags/load_data_mb.py
[2024-05-04T23:19:39.842+0000] {logging_mixin.py:188} INFO - [2024-05-04T23:19:39.841+0000] {dag.py:3096} INFO - Sync 1 DAGs
[2024-05-04T23:19:39.933+0000] {processor.py:183} INFO - Processing /opt/airflow/dags/load_data_mb.py took 0.392 seconds
[2024-05-04T23:20:10.217+0000] {processor.py:161} INFO - Started process (PID=261) to work on /opt/airflow/dags/load_data_mb.py
[2024-05-04T23:20:10.219+0000] {processor.py:830} INFO - Processing file /opt/airflow/dags/load_data_mb.py for tasks to queue
[2024-05-04T23:20:10.222+0000] {logging_mixin.py:188} INFO - [2024-05-04T23:20:10.221+0000] {dagbag.py:540} INFO - Filling up the DagBag from /opt/airflow/dags/load_data_mb.py
[2024-05-04T23:20:10.272+0000] {processor.py:840} INFO - DAG(s) 'load_data_mb' retrieved from /opt/airflow/dags/load_data_mb.py
[2024-05-04T23:20:10.358+0000] {logging_mixin.py:188} INFO - [2024-05-04T23:20:10.357+0000] {dag.py:3096} INFO - Sync 1 DAGs
[2024-05-04T23:20:10.435+0000] {processor.py:183} INFO - Processing /opt/airflow/dags/load_data_mb.py took 0.227 seconds
[2024-05-04T23:20:40.719+0000] {processor.py:161} INFO - Started process (PID=272) to work on /opt/airflow/dags/load_data_mb.py
[2024-05-04T23:20:40.720+0000] {processor.py:830} INFO - Processing file /opt/airflow/dags/load_data_mb.py for tasks to queue
[2024-05-04T23:20:40.723+0000] {logging_mixin.py:188} INFO - [2024-05-04T23:20:40.722+0000] {dagbag.py:540} INFO - Filling up the DagBag from /opt/airflow/dags/load_data_mb.py
[2024-05-04T23:20:40.767+0000] {processor.py:840} INFO - DAG(s) 'load_data_mb' retrieved from /opt/airflow/dags/load_data_mb.py
[2024-05-04T23:20:40.835+0000] {logging_mixin.py:188} INFO - [2024-05-04T23:20:40.835+0000] {dag.py:3096} INFO - Sync 1 DAGs
[2024-05-04T23:20:40.903+0000] {processor.py:183} INFO - Processing /opt/airflow/dags/load_data_mb.py took 0.193 seconds
[2024-05-04T23:21:11.054+0000] {processor.py:161} INFO - Started process (PID=283) to work on /opt/airflow/dags/load_data_mb.py
[2024-05-04T23:21:11.056+0000] {processor.py:830} INFO - Processing file /opt/airflow/dags/load_data_mb.py for tasks to queue
[2024-05-04T23:21:11.059+0000] {logging_mixin.py:188} INFO - [2024-05-04T23:21:11.058+0000] {dagbag.py:540} INFO - Filling up the DagBag from /opt/airflow/dags/load_data_mb.py
[2024-05-04T23:21:11.104+0000] {processor.py:840} INFO - DAG(s) 'load_data_mb' retrieved from /opt/airflow/dags/load_data_mb.py
[2024-05-04T23:21:11.187+0000] {logging_mixin.py:188} INFO - [2024-05-04T23:21:11.186+0000] {dag.py:3096} INFO - Sync 1 DAGs
[2024-05-04T23:21:11.271+0000] {processor.py:183} INFO - Processing /opt/airflow/dags/load_data_mb.py took 0.228 seconds
[2024-05-04T23:21:41.493+0000] {processor.py:161} INFO - Started process (PID=294) to work on /opt/airflow/dags/load_data_mb.py
[2024-05-04T23:21:41.496+0000] {processor.py:830} INFO - Processing file /opt/airflow/dags/load_data_mb.py for tasks to queue
[2024-05-04T23:21:41.502+0000] {logging_mixin.py:188} INFO - [2024-05-04T23:21:41.502+0000] {dagbag.py:540} INFO - Filling up the DagBag from /opt/airflow/dags/load_data_mb.py
[2024-05-04T23:21:41.553+0000] {processor.py:840} INFO - DAG(s) 'load_data_mb' retrieved from /opt/airflow/dags/load_data_mb.py
[2024-05-04T23:21:41.621+0000] {logging_mixin.py:188} INFO - [2024-05-04T23:21:41.621+0000] {dag.py:3096} INFO - Sync 1 DAGs
[2024-05-04T23:21:41.708+0000] {processor.py:183} INFO - Processing /opt/airflow/dags/load_data_mb.py took 0.224 seconds
[2024-05-04T23:22:12.414+0000] {processor.py:161} INFO - Started process (PID=305) to work on /opt/airflow/dags/load_data_mb.py
[2024-05-04T23:22:12.424+0000] {processor.py:830} INFO - Processing file /opt/airflow/dags/load_data_mb.py for tasks to queue
[2024-05-04T23:22:12.458+0000] {logging_mixin.py:188} INFO - [2024-05-04T23:22:12.455+0000] {dagbag.py:540} INFO - Filling up the DagBag from /opt/airflow/dags/load_data_mb.py
[2024-05-04T23:22:12.604+0000] {processor.py:840} INFO - DAG(s) 'load_data_mb' retrieved from /opt/airflow/dags/load_data_mb.py
[2024-05-04T23:22:12.954+0000] {logging_mixin.py:188} INFO - [2024-05-04T23:22:12.953+0000] {dag.py:3096} INFO - Sync 1 DAGs
[2024-05-04T23:22:13.219+0000] {processor.py:183} INFO - Processing /opt/airflow/dags/load_data_mb.py took 0.846 seconds
[2024-05-04T23:22:43.474+0000] {processor.py:161} INFO - Started process (PID=316) to work on /opt/airflow/dags/load_data_mb.py
[2024-05-04T23:22:43.476+0000] {processor.py:830} INFO - Processing file /opt/airflow/dags/load_data_mb.py for tasks to queue
[2024-05-04T23:22:43.480+0000] {logging_mixin.py:188} INFO - [2024-05-04T23:22:43.479+0000] {dagbag.py:540} INFO - Filling up the DagBag from /opt/airflow/dags/load_data_mb.py
[2024-05-04T23:22:43.522+0000] {processor.py:840} INFO - DAG(s) 'load_data_mb' retrieved from /opt/airflow/dags/load_data_mb.py
[2024-05-04T23:22:43.607+0000] {logging_mixin.py:188} INFO - [2024-05-04T23:22:43.606+0000] {dag.py:3096} INFO - Sync 1 DAGs
[2024-05-04T23:22:43.727+0000] {processor.py:183} INFO - Processing /opt/airflow/dags/load_data_mb.py took 0.261 seconds
[2024-05-04T23:23:14.070+0000] {processor.py:161} INFO - Started process (PID=327) to work on /opt/airflow/dags/load_data_mb.py
[2024-05-04T23:23:14.072+0000] {processor.py:830} INFO - Processing file /opt/airflow/dags/load_data_mb.py for tasks to queue
[2024-05-04T23:23:14.076+0000] {logging_mixin.py:188} INFO - [2024-05-04T23:23:14.075+0000] {dagbag.py:540} INFO - Filling up the DagBag from /opt/airflow/dags/load_data_mb.py
[2024-05-04T23:23:14.114+0000] {processor.py:840} INFO - DAG(s) 'load_data_mb' retrieved from /opt/airflow/dags/load_data_mb.py
[2024-05-04T23:23:14.195+0000] {logging_mixin.py:188} INFO - [2024-05-04T23:23:14.194+0000] {dag.py:3096} INFO - Sync 1 DAGs
[2024-05-04T23:23:14.280+0000] {processor.py:183} INFO - Processing /opt/airflow/dags/load_data_mb.py took 0.221 seconds
[2024-05-04T23:23:44.567+0000] {processor.py:161} INFO - Started process (PID=338) to work on /opt/airflow/dags/load_data_mb.py
[2024-05-04T23:23:44.569+0000] {processor.py:830} INFO - Processing file /opt/airflow/dags/load_data_mb.py for tasks to queue
[2024-05-04T23:23:44.571+0000] {logging_mixin.py:188} INFO - [2024-05-04T23:23:44.571+0000] {dagbag.py:540} INFO - Filling up the DagBag from /opt/airflow/dags/load_data_mb.py
[2024-05-04T23:23:44.617+0000] {processor.py:840} INFO - DAG(s) 'load_data_mb' retrieved from /opt/airflow/dags/load_data_mb.py
[2024-05-04T23:23:44.695+0000] {logging_mixin.py:188} INFO - [2024-05-04T23:23:44.695+0000] {dag.py:3096} INFO - Sync 1 DAGs
[2024-05-04T23:23:44.760+0000] {processor.py:183} INFO - Processing /opt/airflow/dags/load_data_mb.py took 0.201 seconds
[2024-05-04T23:24:15.019+0000] {processor.py:161} INFO - Started process (PID=349) to work on /opt/airflow/dags/load_data_mb.py
[2024-05-04T23:24:15.021+0000] {processor.py:830} INFO - Processing file /opt/airflow/dags/load_data_mb.py for tasks to queue
[2024-05-04T23:24:15.023+0000] {logging_mixin.py:188} INFO - [2024-05-04T23:24:15.023+0000] {dagbag.py:540} INFO - Filling up the DagBag from /opt/airflow/dags/load_data_mb.py
[2024-05-04T23:24:15.063+0000] {processor.py:840} INFO - DAG(s) 'load_data_mb' retrieved from /opt/airflow/dags/load_data_mb.py
[2024-05-04T23:24:15.128+0000] {logging_mixin.py:188} INFO - [2024-05-04T23:24:15.128+0000] {dag.py:3096} INFO - Sync 1 DAGs
[2024-05-04T23:24:15.193+0000] {processor.py:183} INFO - Processing /opt/airflow/dags/load_data_mb.py took 0.183 seconds
[2024-05-04T23:24:45.473+0000] {processor.py:161} INFO - Started process (PID=360) to work on /opt/airflow/dags/load_data_mb.py
[2024-05-04T23:24:45.475+0000] {processor.py:830} INFO - Processing file /opt/airflow/dags/load_data_mb.py for tasks to queue
[2024-05-04T23:24:45.478+0000] {logging_mixin.py:188} INFO - [2024-05-04T23:24:45.478+0000] {dagbag.py:540} INFO - Filling up the DagBag from /opt/airflow/dags/load_data_mb.py
[2024-05-04T23:24:45.517+0000] {processor.py:840} INFO - DAG(s) 'load_data_mb' retrieved from /opt/airflow/dags/load_data_mb.py
[2024-05-04T23:24:45.580+0000] {logging_mixin.py:188} INFO - [2024-05-04T23:24:45.579+0000] {dag.py:3096} INFO - Sync 1 DAGs
[2024-05-04T23:24:45.648+0000] {processor.py:183} INFO - Processing /opt/airflow/dags/load_data_mb.py took 0.188 seconds
[2024-05-04T23:25:16.033+0000] {processor.py:161} INFO - Started process (PID=371) to work on /opt/airflow/dags/load_data_mb.py
[2024-05-04T23:25:16.037+0000] {processor.py:830} INFO - Processing file /opt/airflow/dags/load_data_mb.py for tasks to queue
[2024-05-04T23:25:16.044+0000] {logging_mixin.py:188} INFO - [2024-05-04T23:25:16.043+0000] {dagbag.py:540} INFO - Filling up the DagBag from /opt/airflow/dags/load_data_mb.py
[2024-05-04T23:25:16.090+0000] {processor.py:840} INFO - DAG(s) 'load_data_mb' retrieved from /opt/airflow/dags/load_data_mb.py
[2024-05-04T23:25:16.166+0000] {logging_mixin.py:188} INFO - [2024-05-04T23:25:16.166+0000] {dag.py:3096} INFO - Sync 1 DAGs
[2024-05-04T23:25:16.254+0000] {processor.py:183} INFO - Processing /opt/airflow/dags/load_data_mb.py took 0.248 seconds
[2024-05-04T23:25:46.542+0000] {processor.py:161} INFO - Started process (PID=382) to work on /opt/airflow/dags/load_data_mb.py
[2024-05-04T23:25:46.544+0000] {processor.py:830} INFO - Processing file /opt/airflow/dags/load_data_mb.py for tasks to queue
[2024-05-04T23:25:46.548+0000] {logging_mixin.py:188} INFO - [2024-05-04T23:25:46.547+0000] {dagbag.py:540} INFO - Filling up the DagBag from /opt/airflow/dags/load_data_mb.py
[2024-05-04T23:25:46.587+0000] {processor.py:840} INFO - DAG(s) 'load_data_mb' retrieved from /opt/airflow/dags/load_data_mb.py
[2024-05-04T23:25:46.755+0000] {logging_mixin.py:188} INFO - [2024-05-04T23:25:46.755+0000] {dag.py:3096} INFO - Sync 1 DAGs
[2024-05-04T23:25:46.813+0000] {processor.py:183} INFO - Processing /opt/airflow/dags/load_data_mb.py took 0.280 seconds
[2024-05-04T23:26:17.189+0000] {processor.py:161} INFO - Started process (PID=393) to work on /opt/airflow/dags/load_data_mb.py
[2024-05-04T23:26:17.192+0000] {processor.py:830} INFO - Processing file /opt/airflow/dags/load_data_mb.py for tasks to queue
[2024-05-04T23:26:17.196+0000] {logging_mixin.py:188} INFO - [2024-05-04T23:26:17.195+0000] {dagbag.py:540} INFO - Filling up the DagBag from /opt/airflow/dags/load_data_mb.py
[2024-05-04T23:26:17.236+0000] {processor.py:840} INFO - DAG(s) 'load_data_mb' retrieved from /opt/airflow/dags/load_data_mb.py
[2024-05-04T23:26:17.317+0000] {logging_mixin.py:188} INFO - [2024-05-04T23:26:17.317+0000] {dag.py:3096} INFO - Sync 1 DAGs
[2024-05-04T23:26:17.424+0000] {processor.py:183} INFO - Processing /opt/airflow/dags/load_data_mb.py took 0.245 seconds
[2024-05-04T23:26:47.685+0000] {processor.py:161} INFO - Started process (PID=404) to work on /opt/airflow/dags/load_data_mb.py
[2024-05-04T23:26:47.688+0000] {processor.py:830} INFO - Processing file /opt/airflow/dags/load_data_mb.py for tasks to queue
[2024-05-04T23:26:47.692+0000] {logging_mixin.py:188} INFO - [2024-05-04T23:26:47.691+0000] {dagbag.py:540} INFO - Filling up the DagBag from /opt/airflow/dags/load_data_mb.py
[2024-05-04T23:26:47.737+0000] {processor.py:840} INFO - DAG(s) 'load_data_mb' retrieved from /opt/airflow/dags/load_data_mb.py
[2024-05-04T23:26:47.870+0000] {logging_mixin.py:188} INFO - [2024-05-04T23:26:47.869+0000] {dag.py:3096} INFO - Sync 1 DAGs
[2024-05-04T23:26:47.967+0000] {processor.py:183} INFO - Processing /opt/airflow/dags/load_data_mb.py took 0.294 seconds
[2024-05-04T23:27:18.222+0000] {processor.py:161} INFO - Started process (PID=415) to work on /opt/airflow/dags/load_data_mb.py
[2024-05-04T23:27:18.224+0000] {processor.py:830} INFO - Processing file /opt/airflow/dags/load_data_mb.py for tasks to queue
[2024-05-04T23:27:18.226+0000] {logging_mixin.py:188} INFO - [2024-05-04T23:27:18.226+0000] {dagbag.py:540} INFO - Filling up the DagBag from /opt/airflow/dags/load_data_mb.py
[2024-05-04T23:27:18.260+0000] {processor.py:840} INFO - DAG(s) 'load_data_mb' retrieved from /opt/airflow/dags/load_data_mb.py
[2024-05-04T23:27:18.308+0000] {logging_mixin.py:188} INFO - [2024-05-04T23:27:18.308+0000] {dag.py:3096} INFO - Sync 1 DAGs
[2024-05-04T23:27:18.365+0000] {processor.py:183} INFO - Processing /opt/airflow/dags/load_data_mb.py took 0.150 seconds
[2024-05-04T23:27:48.469+0000] {processor.py:161} INFO - Started process (PID=426) to work on /opt/airflow/dags/load_data_mb.py
[2024-05-04T23:27:48.472+0000] {processor.py:830} INFO - Processing file /opt/airflow/dags/load_data_mb.py for tasks to queue
[2024-05-04T23:27:48.479+0000] {logging_mixin.py:188} INFO - [2024-05-04T23:27:48.477+0000] {dagbag.py:540} INFO - Filling up the DagBag from /opt/airflow/dags/load_data_mb.py
[2024-05-04T23:27:48.537+0000] {processor.py:840} INFO - DAG(s) 'load_data_mb' retrieved from /opt/airflow/dags/load_data_mb.py
[2024-05-04T23:27:48.629+0000] {logging_mixin.py:188} INFO - [2024-05-04T23:27:48.629+0000] {dag.py:3096} INFO - Sync 1 DAGs
[2024-05-04T23:27:48.719+0000] {processor.py:183} INFO - Processing /opt/airflow/dags/load_data_mb.py took 0.268 seconds
[2024-05-04T23:28:18.868+0000] {processor.py:161} INFO - Started process (PID=437) to work on /opt/airflow/dags/load_data_mb.py
[2024-05-04T23:28:18.871+0000] {processor.py:830} INFO - Processing file /opt/airflow/dags/load_data_mb.py for tasks to queue
[2024-05-04T23:28:18.875+0000] {logging_mixin.py:188} INFO - [2024-05-04T23:28:18.874+0000] {dagbag.py:540} INFO - Filling up the DagBag from /opt/airflow/dags/load_data_mb.py
[2024-05-04T23:28:18.924+0000] {processor.py:840} INFO - DAG(s) 'load_data_mb' retrieved from /opt/airflow/dags/load_data_mb.py
[2024-05-04T23:28:19.006+0000] {logging_mixin.py:188} INFO - [2024-05-04T23:28:19.005+0000] {dag.py:3096} INFO - Sync 1 DAGs
[2024-05-04T23:28:19.122+0000] {processor.py:183} INFO - Processing /opt/airflow/dags/load_data_mb.py took 0.266 seconds
[2024-05-04T23:28:49.193+0000] {processor.py:161} INFO - Started process (PID=448) to work on /opt/airflow/dags/load_data_mb.py
[2024-05-04T23:28:49.194+0000] {processor.py:830} INFO - Processing file /opt/airflow/dags/load_data_mb.py for tasks to queue
[2024-05-04T23:28:49.197+0000] {logging_mixin.py:188} INFO - [2024-05-04T23:28:49.197+0000] {dagbag.py:540} INFO - Filling up the DagBag from /opt/airflow/dags/load_data_mb.py
[2024-05-04T23:28:49.230+0000] {processor.py:840} INFO - DAG(s) 'load_data_mb' retrieved from /opt/airflow/dags/load_data_mb.py
[2024-05-04T23:28:49.283+0000] {logging_mixin.py:188} INFO - [2024-05-04T23:28:49.283+0000] {dag.py:3096} INFO - Sync 1 DAGs
[2024-05-04T23:28:49.343+0000] {processor.py:183} INFO - Processing /opt/airflow/dags/load_data_mb.py took 0.158 seconds
[2024-05-04T23:29:19.658+0000] {processor.py:161} INFO - Started process (PID=459) to work on /opt/airflow/dags/load_data_mb.py
[2024-05-04T23:29:19.659+0000] {processor.py:830} INFO - Processing file /opt/airflow/dags/load_data_mb.py for tasks to queue
[2024-05-04T23:29:19.663+0000] {logging_mixin.py:188} INFO - [2024-05-04T23:29:19.662+0000] {dagbag.py:540} INFO - Filling up the DagBag from /opt/airflow/dags/load_data_mb.py
[2024-05-04T23:29:19.695+0000] {processor.py:840} INFO - DAG(s) 'load_data_mb' retrieved from /opt/airflow/dags/load_data_mb.py
[2024-05-04T23:29:19.771+0000] {logging_mixin.py:188} INFO - [2024-05-04T23:29:19.771+0000] {dag.py:3096} INFO - Sync 1 DAGs
[2024-05-04T23:29:19.906+0000] {processor.py:183} INFO - Processing /opt/airflow/dags/load_data_mb.py took 0.259 seconds
[2024-05-04T23:29:50.182+0000] {processor.py:161} INFO - Started process (PID=470) to work on /opt/airflow/dags/load_data_mb.py
[2024-05-04T23:29:50.183+0000] {processor.py:830} INFO - Processing file /opt/airflow/dags/load_data_mb.py for tasks to queue
[2024-05-04T23:29:50.186+0000] {logging_mixin.py:188} INFO - [2024-05-04T23:29:50.185+0000] {dagbag.py:540} INFO - Filling up the DagBag from /opt/airflow/dags/load_data_mb.py
[2024-05-04T23:29:50.217+0000] {processor.py:840} INFO - DAG(s) 'load_data_mb' retrieved from /opt/airflow/dags/load_data_mb.py
[2024-05-04T23:29:50.276+0000] {logging_mixin.py:188} INFO - [2024-05-04T23:29:50.276+0000] {dag.py:3096} INFO - Sync 1 DAGs
[2024-05-04T23:29:50.352+0000] {processor.py:183} INFO - Processing /opt/airflow/dags/load_data_mb.py took 0.178 seconds
[2024-05-04T23:30:20.653+0000] {processor.py:161} INFO - Started process (PID=481) to work on /opt/airflow/dags/load_data_mb.py
[2024-05-04T23:30:20.655+0000] {processor.py:830} INFO - Processing file /opt/airflow/dags/load_data_mb.py for tasks to queue
[2024-05-04T23:30:20.658+0000] {logging_mixin.py:188} INFO - [2024-05-04T23:30:20.657+0000] {dagbag.py:540} INFO - Filling up the DagBag from /opt/airflow/dags/load_data_mb.py
[2024-05-04T23:30:20.698+0000] {processor.py:840} INFO - DAG(s) 'load_data_mb' retrieved from /opt/airflow/dags/load_data_mb.py
[2024-05-04T23:30:20.840+0000] {logging_mixin.py:188} INFO - [2024-05-04T23:30:20.840+0000] {dag.py:3096} INFO - Sync 1 DAGs
[2024-05-04T23:30:20.915+0000] {processor.py:183} INFO - Processing /opt/airflow/dags/load_data_mb.py took 0.270 seconds
[2024-05-04T23:30:51.178+0000] {processor.py:161} INFO - Started process (PID=492) to work on /opt/airflow/dags/load_data_mb.py
[2024-05-04T23:30:51.179+0000] {processor.py:830} INFO - Processing file /opt/airflow/dags/load_data_mb.py for tasks to queue
[2024-05-04T23:30:51.183+0000] {logging_mixin.py:188} INFO - [2024-05-04T23:30:51.182+0000] {dagbag.py:540} INFO - Filling up the DagBag from /opt/airflow/dags/load_data_mb.py
[2024-05-04T23:30:51.218+0000] {processor.py:840} INFO - DAG(s) 'load_data_mb' retrieved from /opt/airflow/dags/load_data_mb.py
[2024-05-04T23:30:51.325+0000] {logging_mixin.py:188} INFO - [2024-05-04T23:30:51.324+0000] {dag.py:3096} INFO - Sync 1 DAGs
[2024-05-04T23:30:51.392+0000] {processor.py:183} INFO - Processing /opt/airflow/dags/load_data_mb.py took 0.224 seconds
[2024-05-04T23:31:21.471+0000] {processor.py:161} INFO - Started process (PID=503) to work on /opt/airflow/dags/load_data_mb.py
[2024-05-04T23:31:21.472+0000] {processor.py:830} INFO - Processing file /opt/airflow/dags/load_data_mb.py for tasks to queue
[2024-05-04T23:31:21.475+0000] {logging_mixin.py:188} INFO - [2024-05-04T23:31:21.475+0000] {dagbag.py:540} INFO - Filling up the DagBag from /opt/airflow/dags/load_data_mb.py
[2024-05-04T23:31:21.514+0000] {processor.py:840} INFO - DAG(s) 'load_data_mb' retrieved from /opt/airflow/dags/load_data_mb.py
[2024-05-04T23:31:21.577+0000] {logging_mixin.py:188} INFO - [2024-05-04T23:31:21.576+0000] {dag.py:3096} INFO - Sync 1 DAGs
[2024-05-04T23:31:21.633+0000] {processor.py:183} INFO - Processing /opt/airflow/dags/load_data_mb.py took 0.170 seconds
[2024-05-04T23:31:51.893+0000] {processor.py:161} INFO - Started process (PID=514) to work on /opt/airflow/dags/load_data_mb.py
[2024-05-04T23:31:51.895+0000] {processor.py:830} INFO - Processing file /opt/airflow/dags/load_data_mb.py for tasks to queue
[2024-05-04T23:31:51.900+0000] {logging_mixin.py:188} INFO - [2024-05-04T23:31:51.900+0000] {dagbag.py:540} INFO - Filling up the DagBag from /opt/airflow/dags/load_data_mb.py
[2024-05-04T23:31:51.933+0000] {processor.py:840} INFO - DAG(s) 'load_data_mb' retrieved from /opt/airflow/dags/load_data_mb.py
[2024-05-04T23:31:52.001+0000] {logging_mixin.py:188} INFO - [2024-05-04T23:31:52.000+0000] {dag.py:3096} INFO - Sync 1 DAGs
[2024-05-04T23:31:52.060+0000] {processor.py:183} INFO - Processing /opt/airflow/dags/load_data_mb.py took 0.175 seconds
[2024-05-04T23:32:22.146+0000] {processor.py:161} INFO - Started process (PID=525) to work on /opt/airflow/dags/load_data_mb.py
[2024-05-04T23:32:22.148+0000] {processor.py:830} INFO - Processing file /opt/airflow/dags/load_data_mb.py for tasks to queue
[2024-05-04T23:32:22.150+0000] {logging_mixin.py:188} INFO - [2024-05-04T23:32:22.150+0000] {dagbag.py:540} INFO - Filling up the DagBag from /opt/airflow/dags/load_data_mb.py
[2024-05-04T23:32:22.284+0000] {processor.py:840} INFO - DAG(s) 'load_data_mb' retrieved from /opt/airflow/dags/load_data_mb.py
[2024-05-04T23:32:22.369+0000] {logging_mixin.py:188} INFO - [2024-05-04T23:32:22.369+0000] {dag.py:3096} INFO - Sync 1 DAGs
[2024-05-04T23:32:22.465+0000] {processor.py:183} INFO - Processing /opt/airflow/dags/load_data_mb.py took 0.328 seconds
[2024-05-04T23:32:52.589+0000] {processor.py:161} INFO - Started process (PID=536) to work on /opt/airflow/dags/load_data_mb.py
[2024-05-04T23:32:52.591+0000] {processor.py:830} INFO - Processing file /opt/airflow/dags/load_data_mb.py for tasks to queue
[2024-05-04T23:32:52.597+0000] {logging_mixin.py:188} INFO - [2024-05-04T23:32:52.596+0000] {dagbag.py:540} INFO - Filling up the DagBag from /opt/airflow/dags/load_data_mb.py
[2024-05-04T23:32:52.657+0000] {processor.py:840} INFO - DAG(s) 'load_data_mb' retrieved from /opt/airflow/dags/load_data_mb.py
[2024-05-04T23:32:52.827+0000] {logging_mixin.py:188} INFO - [2024-05-04T23:32:52.826+0000] {dag.py:3096} INFO - Sync 1 DAGs
[2024-05-04T23:32:53.111+0000] {processor.py:183} INFO - Processing /opt/airflow/dags/load_data_mb.py took 0.535 seconds
[2024-05-04T23:33:23.478+0000] {processor.py:161} INFO - Started process (PID=547) to work on /opt/airflow/dags/load_data_mb.py
[2024-05-04T23:33:23.480+0000] {processor.py:830} INFO - Processing file /opt/airflow/dags/load_data_mb.py for tasks to queue
[2024-05-04T23:33:23.484+0000] {logging_mixin.py:188} INFO - [2024-05-04T23:33:23.483+0000] {dagbag.py:540} INFO - Filling up the DagBag from /opt/airflow/dags/load_data_mb.py
[2024-05-04T23:33:23.518+0000] {processor.py:840} INFO - DAG(s) 'load_data_mb' retrieved from /opt/airflow/dags/load_data_mb.py
[2024-05-04T23:33:23.579+0000] {logging_mixin.py:188} INFO - [2024-05-04T23:33:23.579+0000] {dag.py:3096} INFO - Sync 1 DAGs
[2024-05-04T23:33:23.640+0000] {processor.py:183} INFO - Processing /opt/airflow/dags/load_data_mb.py took 0.171 seconds
[2024-05-04T23:33:53.761+0000] {processor.py:161} INFO - Started process (PID=558) to work on /opt/airflow/dags/load_data_mb.py
[2024-05-04T23:33:53.765+0000] {processor.py:830} INFO - Processing file /opt/airflow/dags/load_data_mb.py for tasks to queue
[2024-05-04T23:33:53.772+0000] {logging_mixin.py:188} INFO - [2024-05-04T23:33:53.770+0000] {dagbag.py:540} INFO - Filling up the DagBag from /opt/airflow/dags/load_data_mb.py
[2024-05-04T23:33:53.829+0000] {processor.py:840} INFO - DAG(s) 'load_data_mb' retrieved from /opt/airflow/dags/load_data_mb.py
[2024-05-04T23:33:53.906+0000] {logging_mixin.py:188} INFO - [2024-05-04T23:33:53.906+0000] {dag.py:3096} INFO - Sync 1 DAGs
[2024-05-04T23:33:53.967+0000] {processor.py:183} INFO - Processing /opt/airflow/dags/load_data_mb.py took 0.229 seconds
[2024-05-04T23:34:24.165+0000] {processor.py:161} INFO - Started process (PID=569) to work on /opt/airflow/dags/load_data_mb.py
[2024-05-04T23:34:24.166+0000] {processor.py:830} INFO - Processing file /opt/airflow/dags/load_data_mb.py for tasks to queue
[2024-05-04T23:34:24.169+0000] {logging_mixin.py:188} INFO - [2024-05-04T23:34:24.169+0000] {dagbag.py:540} INFO - Filling up the DagBag from /opt/airflow/dags/load_data_mb.py
[2024-05-04T23:34:24.209+0000] {processor.py:840} INFO - DAG(s) 'load_data_mb' retrieved from /opt/airflow/dags/load_data_mb.py
[2024-05-04T23:34:24.264+0000] {logging_mixin.py:188} INFO - [2024-05-04T23:34:24.264+0000] {dag.py:3096} INFO - Sync 1 DAGs
[2024-05-04T23:34:24.350+0000] {processor.py:183} INFO - Processing /opt/airflow/dags/load_data_mb.py took 0.193 seconds
[2024-05-04T23:34:54.510+0000] {processor.py:161} INFO - Started process (PID=580) to work on /opt/airflow/dags/load_data_mb.py
[2024-05-04T23:34:54.512+0000] {processor.py:830} INFO - Processing file /opt/airflow/dags/load_data_mb.py for tasks to queue
[2024-05-04T23:34:54.515+0000] {logging_mixin.py:188} INFO - [2024-05-04T23:34:54.514+0000] {dagbag.py:540} INFO - Filling up the DagBag from /opt/airflow/dags/load_data_mb.py
[2024-05-04T23:34:54.555+0000] {processor.py:840} INFO - DAG(s) 'load_data_mb' retrieved from /opt/airflow/dags/load_data_mb.py
[2024-05-04T23:34:54.615+0000] {logging_mixin.py:188} INFO - [2024-05-04T23:34:54.615+0000] {dag.py:3096} INFO - Sync 1 DAGs
[2024-05-04T23:34:54.690+0000] {processor.py:183} INFO - Processing /opt/airflow/dags/load_data_mb.py took 0.188 seconds
[2024-05-04T23:35:24.818+0000] {processor.py:161} INFO - Started process (PID=591) to work on /opt/airflow/dags/load_data_mb.py
[2024-05-04T23:35:24.820+0000] {processor.py:830} INFO - Processing file /opt/airflow/dags/load_data_mb.py for tasks to queue
[2024-05-04T23:35:24.823+0000] {logging_mixin.py:188} INFO - [2024-05-04T23:35:24.823+0000] {dagbag.py:540} INFO - Filling up the DagBag from /opt/airflow/dags/load_data_mb.py
[2024-05-04T23:35:24.867+0000] {processor.py:840} INFO - DAG(s) 'load_data_mb' retrieved from /opt/airflow/dags/load_data_mb.py
[2024-05-04T23:35:24.942+0000] {logging_mixin.py:188} INFO - [2024-05-04T23:35:24.941+0000] {dag.py:3096} INFO - Sync 1 DAGs
[2024-05-04T23:35:25.028+0000] {processor.py:183} INFO - Processing /opt/airflow/dags/load_data_mb.py took 0.219 seconds
[2024-05-04T23:35:55.180+0000] {processor.py:161} INFO - Started process (PID=602) to work on /opt/airflow/dags/load_data_mb.py
[2024-05-04T23:35:55.181+0000] {processor.py:830} INFO - Processing file /opt/airflow/dags/load_data_mb.py for tasks to queue
[2024-05-04T23:35:55.184+0000] {logging_mixin.py:188} INFO - [2024-05-04T23:35:55.184+0000] {dagbag.py:540} INFO - Filling up the DagBag from /opt/airflow/dags/load_data_mb.py
[2024-05-04T23:35:55.236+0000] {processor.py:840} INFO - DAG(s) 'load_data_mb' retrieved from /opt/airflow/dags/load_data_mb.py
[2024-05-04T23:35:55.319+0000] {logging_mixin.py:188} INFO - [2024-05-04T23:35:55.319+0000] {dag.py:3096} INFO - Sync 1 DAGs
[2024-05-04T23:35:55.393+0000] {processor.py:183} INFO - Processing /opt/airflow/dags/load_data_mb.py took 0.222 seconds
[2024-05-04T23:36:25.671+0000] {processor.py:161} INFO - Started process (PID=613) to work on /opt/airflow/dags/load_data_mb.py
[2024-05-04T23:36:25.673+0000] {processor.py:830} INFO - Processing file /opt/airflow/dags/load_data_mb.py for tasks to queue
[2024-05-04T23:36:25.679+0000] {logging_mixin.py:188} INFO - [2024-05-04T23:36:25.678+0000] {dagbag.py:540} INFO - Filling up the DagBag from /opt/airflow/dags/load_data_mb.py
[2024-05-04T23:36:25.737+0000] {processor.py:840} INFO - DAG(s) 'load_data_mb' retrieved from /opt/airflow/dags/load_data_mb.py
[2024-05-04T23:36:25.833+0000] {logging_mixin.py:188} INFO - [2024-05-04T23:36:25.833+0000] {dag.py:3096} INFO - Sync 1 DAGs
[2024-05-04T23:36:25.913+0000] {processor.py:183} INFO - Processing /opt/airflow/dags/load_data_mb.py took 0.258 seconds
[2024-05-04T23:36:56.188+0000] {processor.py:161} INFO - Started process (PID=624) to work on /opt/airflow/dags/load_data_mb.py
[2024-05-04T23:36:56.189+0000] {processor.py:830} INFO - Processing file /opt/airflow/dags/load_data_mb.py for tasks to queue
[2024-05-04T23:36:56.192+0000] {logging_mixin.py:188} INFO - [2024-05-04T23:36:56.192+0000] {dagbag.py:540} INFO - Filling up the DagBag from /opt/airflow/dags/load_data_mb.py
[2024-05-04T23:36:56.235+0000] {processor.py:840} INFO - DAG(s) 'load_data_mb' retrieved from /opt/airflow/dags/load_data_mb.py
[2024-05-04T23:36:56.300+0000] {logging_mixin.py:188} INFO - [2024-05-04T23:36:56.300+0000] {dag.py:3096} INFO - Sync 1 DAGs
[2024-05-04T23:36:56.367+0000] {processor.py:183} INFO - Processing /opt/airflow/dags/load_data_mb.py took 0.188 seconds
[2024-05-04T23:37:26.635+0000] {processor.py:161} INFO - Started process (PID=635) to work on /opt/airflow/dags/load_data_mb.py
[2024-05-04T23:37:26.638+0000] {processor.py:830} INFO - Processing file /opt/airflow/dags/load_data_mb.py for tasks to queue
[2024-05-04T23:37:26.644+0000] {logging_mixin.py:188} INFO - [2024-05-04T23:37:26.643+0000] {dagbag.py:540} INFO - Filling up the DagBag from /opt/airflow/dags/load_data_mb.py
[2024-05-04T23:37:26.691+0000] {processor.py:840} INFO - DAG(s) 'load_data_mb' retrieved from /opt/airflow/dags/load_data_mb.py
[2024-05-04T23:37:26.769+0000] {logging_mixin.py:188} INFO - [2024-05-04T23:37:26.768+0000] {dag.py:3096} INFO - Sync 1 DAGs
[2024-05-04T23:37:26.840+0000] {processor.py:183} INFO - Processing /opt/airflow/dags/load_data_mb.py took 0.228 seconds
[2024-05-04T23:37:57.135+0000] {processor.py:161} INFO - Started process (PID=646) to work on /opt/airflow/dags/load_data_mb.py
[2024-05-04T23:37:57.136+0000] {processor.py:830} INFO - Processing file /opt/airflow/dags/load_data_mb.py for tasks to queue
[2024-05-04T23:37:57.138+0000] {logging_mixin.py:188} INFO - [2024-05-04T23:37:57.138+0000] {dagbag.py:540} INFO - Filling up the DagBag from /opt/airflow/dags/load_data_mb.py
[2024-05-04T23:37:57.170+0000] {processor.py:840} INFO - DAG(s) 'load_data_mb' retrieved from /opt/airflow/dags/load_data_mb.py
[2024-05-04T23:37:57.225+0000] {logging_mixin.py:188} INFO - [2024-05-04T23:37:57.224+0000] {dag.py:3096} INFO - Sync 1 DAGs
[2024-05-04T23:37:57.283+0000] {processor.py:183} INFO - Processing /opt/airflow/dags/load_data_mb.py took 0.157 seconds
[2024-05-04T23:38:27.382+0000] {processor.py:161} INFO - Started process (PID=657) to work on /opt/airflow/dags/load_data_mb.py
[2024-05-04T23:38:27.384+0000] {processor.py:830} INFO - Processing file /opt/airflow/dags/load_data_mb.py for tasks to queue
[2024-05-04T23:38:27.388+0000] {logging_mixin.py:188} INFO - [2024-05-04T23:38:27.387+0000] {dagbag.py:540} INFO - Filling up the DagBag from /opt/airflow/dags/load_data_mb.py
[2024-05-04T23:38:27.432+0000] {processor.py:840} INFO - DAG(s) 'load_data_mb' retrieved from /opt/airflow/dags/load_data_mb.py
[2024-05-04T23:38:27.499+0000] {logging_mixin.py:188} INFO - [2024-05-04T23:38:27.498+0000] {dag.py:3096} INFO - Sync 1 DAGs
[2024-05-04T23:38:27.623+0000] {processor.py:183} INFO - Processing /opt/airflow/dags/load_data_mb.py took 0.253 seconds
[2024-05-04T23:38:57.766+0000] {processor.py:161} INFO - Started process (PID=668) to work on /opt/airflow/dags/load_data_mb.py
[2024-05-04T23:38:57.768+0000] {processor.py:830} INFO - Processing file /opt/airflow/dags/load_data_mb.py for tasks to queue
[2024-05-04T23:38:57.770+0000] {logging_mixin.py:188} INFO - [2024-05-04T23:38:57.770+0000] {dagbag.py:540} INFO - Filling up the DagBag from /opt/airflow/dags/load_data_mb.py
[2024-05-04T23:38:57.844+0000] {processor.py:840} INFO - DAG(s) 'load_data_mb' retrieved from /opt/airflow/dags/load_data_mb.py
[2024-05-04T23:38:57.929+0000] {logging_mixin.py:188} INFO - [2024-05-04T23:38:57.928+0000] {dag.py:3096} INFO - Sync 1 DAGs
[2024-05-04T23:38:58.053+0000] {processor.py:183} INFO - Processing /opt/airflow/dags/load_data_mb.py took 0.295 seconds
[2024-05-04T23:39:28.131+0000] {processor.py:161} INFO - Started process (PID=679) to work on /opt/airflow/dags/load_data_mb.py
[2024-05-04T23:39:28.133+0000] {processor.py:830} INFO - Processing file /opt/airflow/dags/load_data_mb.py for tasks to queue
[2024-05-04T23:39:28.136+0000] {logging_mixin.py:188} INFO - [2024-05-04T23:39:28.136+0000] {dagbag.py:540} INFO - Filling up the DagBag from /opt/airflow/dags/load_data_mb.py
[2024-05-04T23:39:28.185+0000] {processor.py:840} INFO - DAG(s) 'load_data_mb' retrieved from /opt/airflow/dags/load_data_mb.py
[2024-05-04T23:39:28.265+0000] {logging_mixin.py:188} INFO - [2024-05-04T23:39:28.264+0000] {dag.py:3096} INFO - Sync 1 DAGs
[2024-05-04T23:39:28.347+0000] {processor.py:183} INFO - Processing /opt/airflow/dags/load_data_mb.py took 0.229 seconds
[2024-05-04T23:39:58.601+0000] {processor.py:161} INFO - Started process (PID=690) to work on /opt/airflow/dags/load_data_mb.py
[2024-05-04T23:39:58.603+0000] {processor.py:830} INFO - Processing file /opt/airflow/dags/load_data_mb.py for tasks to queue
[2024-05-04T23:39:58.608+0000] {logging_mixin.py:188} INFO - [2024-05-04T23:39:58.607+0000] {dagbag.py:540} INFO - Filling up the DagBag from /opt/airflow/dags/load_data_mb.py
[2024-05-04T23:39:58.648+0000] {processor.py:840} INFO - DAG(s) 'load_data_mb' retrieved from /opt/airflow/dags/load_data_mb.py
[2024-05-04T23:39:58.710+0000] {logging_mixin.py:188} INFO - [2024-05-04T23:39:58.709+0000] {dag.py:3096} INFO - Sync 1 DAGs
[2024-05-04T23:39:58.773+0000] {processor.py:183} INFO - Processing /opt/airflow/dags/load_data_mb.py took 0.183 seconds
[2024-05-04T23:40:28.853+0000] {processor.py:161} INFO - Started process (PID=701) to work on /opt/airflow/dags/load_data_mb.py
[2024-05-04T23:40:28.855+0000] {processor.py:830} INFO - Processing file /opt/airflow/dags/load_data_mb.py for tasks to queue
[2024-05-04T23:40:28.857+0000] {logging_mixin.py:188} INFO - [2024-05-04T23:40:28.857+0000] {dagbag.py:540} INFO - Filling up the DagBag from /opt/airflow/dags/load_data_mb.py
[2024-05-04T23:40:28.899+0000] {processor.py:840} INFO - DAG(s) 'load_data_mb' retrieved from /opt/airflow/dags/load_data_mb.py
[2024-05-04T23:40:28.984+0000] {logging_mixin.py:188} INFO - [2024-05-04T23:40:28.984+0000] {dag.py:3096} INFO - Sync 1 DAGs
[2024-05-04T23:40:29.075+0000] {processor.py:183} INFO - Processing /opt/airflow/dags/load_data_mb.py took 0.231 seconds
[2024-05-04T23:40:59.236+0000] {processor.py:161} INFO - Started process (PID=712) to work on /opt/airflow/dags/load_data_mb.py
[2024-05-04T23:40:59.237+0000] {processor.py:830} INFO - Processing file /opt/airflow/dags/load_data_mb.py for tasks to queue
[2024-05-04T23:40:59.240+0000] {logging_mixin.py:188} INFO - [2024-05-04T23:40:59.239+0000] {dagbag.py:540} INFO - Filling up the DagBag from /opt/airflow/dags/load_data_mb.py
[2024-05-04T23:40:59.277+0000] {processor.py:840} INFO - DAG(s) 'load_data_mb' retrieved from /opt/airflow/dags/load_data_mb.py
[2024-05-04T23:40:59.339+0000] {logging_mixin.py:188} INFO - [2024-05-04T23:40:59.339+0000] {dag.py:3096} INFO - Sync 1 DAGs
[2024-05-04T23:40:59.475+0000] {processor.py:183} INFO - Processing /opt/airflow/dags/load_data_mb.py took 0.250 seconds
[2024-05-04T23:41:29.816+0000] {processor.py:161} INFO - Started process (PID=724) to work on /opt/airflow/dags/load_data_mb.py
[2024-05-04T23:41:29.818+0000] {processor.py:830} INFO - Processing file /opt/airflow/dags/load_data_mb.py for tasks to queue
[2024-05-04T23:41:29.820+0000] {logging_mixin.py:188} INFO - [2024-05-04T23:41:29.820+0000] {dagbag.py:540} INFO - Filling up the DagBag from /opt/airflow/dags/load_data_mb.py
[2024-05-04T23:41:29.859+0000] {processor.py:840} INFO - DAG(s) 'load_data_mb' retrieved from /opt/airflow/dags/load_data_mb.py
[2024-05-04T23:41:29.933+0000] {logging_mixin.py:188} INFO - [2024-05-04T23:41:29.932+0000] {dag.py:3096} INFO - Sync 1 DAGs
[2024-05-04T23:41:29.992+0000] {processor.py:183} INFO - Processing /opt/airflow/dags/load_data_mb.py took 0.186 seconds
[2024-05-04T23:42:00.256+0000] {processor.py:161} INFO - Started process (PID=735) to work on /opt/airflow/dags/load_data_mb.py
[2024-05-04T23:42:00.258+0000] {processor.py:830} INFO - Processing file /opt/airflow/dags/load_data_mb.py for tasks to queue
[2024-05-04T23:42:00.261+0000] {logging_mixin.py:188} INFO - [2024-05-04T23:42:00.260+0000] {dagbag.py:540} INFO - Filling up the DagBag from /opt/airflow/dags/load_data_mb.py
[2024-05-04T23:42:00.299+0000] {processor.py:840} INFO - DAG(s) 'load_data_mb' retrieved from /opt/airflow/dags/load_data_mb.py
[2024-05-04T23:42:00.353+0000] {logging_mixin.py:188} INFO - [2024-05-04T23:42:00.353+0000] {dag.py:3096} INFO - Sync 1 DAGs
[2024-05-04T23:42:00.411+0000] {processor.py:183} INFO - Processing /opt/airflow/dags/load_data_mb.py took 0.163 seconds
[2024-05-04T23:42:30.512+0000] {processor.py:161} INFO - Started process (PID=746) to work on /opt/airflow/dags/load_data_mb.py
[2024-05-04T23:42:30.514+0000] {processor.py:830} INFO - Processing file /opt/airflow/dags/load_data_mb.py for tasks to queue
[2024-05-04T23:42:30.518+0000] {logging_mixin.py:188} INFO - [2024-05-04T23:42:30.517+0000] {dagbag.py:540} INFO - Filling up the DagBag from /opt/airflow/dags/load_data_mb.py
[2024-05-04T23:42:30.555+0000] {processor.py:840} INFO - DAG(s) 'load_data_mb' retrieved from /opt/airflow/dags/load_data_mb.py
[2024-05-04T23:42:30.612+0000] {logging_mixin.py:188} INFO - [2024-05-04T23:42:30.611+0000] {dag.py:3096} INFO - Sync 1 DAGs
[2024-05-04T23:42:30.676+0000] {processor.py:183} INFO - Processing /opt/airflow/dags/load_data_mb.py took 0.173 seconds
[2024-05-04T23:43:00.955+0000] {processor.py:161} INFO - Started process (PID=757) to work on /opt/airflow/dags/load_data_mb.py
[2024-05-04T23:43:00.956+0000] {processor.py:830} INFO - Processing file /opt/airflow/dags/load_data_mb.py for tasks to queue
[2024-05-04T23:43:00.959+0000] {logging_mixin.py:188} INFO - [2024-05-04T23:43:00.958+0000] {dagbag.py:540} INFO - Filling up the DagBag from /opt/airflow/dags/load_data_mb.py
[2024-05-04T23:43:01.007+0000] {processor.py:840} INFO - DAG(s) 'load_data_mb' retrieved from /opt/airflow/dags/load_data_mb.py
[2024-05-04T23:43:01.093+0000] {logging_mixin.py:188} INFO - [2024-05-04T23:43:01.092+0000] {dag.py:3096} INFO - Sync 1 DAGs
[2024-05-04T23:43:01.169+0000] {processor.py:183} INFO - Processing /opt/airflow/dags/load_data_mb.py took 0.227 seconds
[2024-05-04T23:43:31.446+0000] {processor.py:161} INFO - Started process (PID=768) to work on /opt/airflow/dags/load_data_mb.py
[2024-05-04T23:43:31.448+0000] {processor.py:830} INFO - Processing file /opt/airflow/dags/load_data_mb.py for tasks to queue
[2024-05-04T23:43:31.452+0000] {logging_mixin.py:188} INFO - [2024-05-04T23:43:31.451+0000] {dagbag.py:540} INFO - Filling up the DagBag from /opt/airflow/dags/load_data_mb.py
[2024-05-04T23:43:31.502+0000] {processor.py:840} INFO - DAG(s) 'load_data_mb' retrieved from /opt/airflow/dags/load_data_mb.py
[2024-05-04T23:43:31.572+0000] {logging_mixin.py:188} INFO - [2024-05-04T23:43:31.572+0000] {dag.py:3096} INFO - Sync 1 DAGs
[2024-05-04T23:43:31.647+0000] {processor.py:183} INFO - Processing /opt/airflow/dags/load_data_mb.py took 0.209 seconds
[2024-05-04T23:44:01.913+0000] {processor.py:161} INFO - Started process (PID=779) to work on /opt/airflow/dags/load_data_mb.py
[2024-05-04T23:44:01.915+0000] {processor.py:830} INFO - Processing file /opt/airflow/dags/load_data_mb.py for tasks to queue
[2024-05-04T23:44:01.917+0000] {logging_mixin.py:188} INFO - [2024-05-04T23:44:01.917+0000] {dagbag.py:540} INFO - Filling up the DagBag from /opt/airflow/dags/load_data_mb.py
[2024-05-04T23:44:01.991+0000] {processor.py:840} INFO - DAG(s) 'load_data_mb' retrieved from /opt/airflow/dags/load_data_mb.py
[2024-05-04T23:44:02.092+0000] {logging_mixin.py:188} INFO - [2024-05-04T23:44:02.092+0000] {dag.py:3096} INFO - Sync 1 DAGs
[2024-05-04T23:44:02.190+0000] {processor.py:183} INFO - Processing /opt/airflow/dags/load_data_mb.py took 0.286 seconds
[2024-05-04T23:44:32.502+0000] {processor.py:161} INFO - Started process (PID=790) to work on /opt/airflow/dags/load_data_mb.py
[2024-05-04T23:44:32.504+0000] {processor.py:830} INFO - Processing file /opt/airflow/dags/load_data_mb.py for tasks to queue
[2024-05-04T23:44:32.507+0000] {logging_mixin.py:188} INFO - [2024-05-04T23:44:32.507+0000] {dagbag.py:540} INFO - Filling up the DagBag from /opt/airflow/dags/load_data_mb.py
[2024-05-04T23:44:32.556+0000] {processor.py:840} INFO - DAG(s) 'load_data_mb' retrieved from /opt/airflow/dags/load_data_mb.py
[2024-05-04T23:44:32.626+0000] {logging_mixin.py:188} INFO - [2024-05-04T23:44:32.626+0000] {dag.py:3096} INFO - Sync 1 DAGs
[2024-05-04T23:44:32.697+0000] {processor.py:183} INFO - Processing /opt/airflow/dags/load_data_mb.py took 0.206 seconds
[2024-05-04T23:45:02.796+0000] {processor.py:161} INFO - Started process (PID=801) to work on /opt/airflow/dags/load_data_mb.py
[2024-05-04T23:45:02.799+0000] {processor.py:830} INFO - Processing file /opt/airflow/dags/load_data_mb.py for tasks to queue
[2024-05-04T23:45:02.803+0000] {logging_mixin.py:188} INFO - [2024-05-04T23:45:02.802+0000] {dagbag.py:540} INFO - Filling up the DagBag from /opt/airflow/dags/load_data_mb.py
[2024-05-04T23:45:02.899+0000] {processor.py:840} INFO - DAG(s) 'load_data_mb' retrieved from /opt/airflow/dags/load_data_mb.py
[2024-05-04T23:45:02.994+0000] {logging_mixin.py:188} INFO - [2024-05-04T23:45:02.994+0000] {dag.py:3096} INFO - Sync 1 DAGs
[2024-05-04T23:45:03.156+0000] {processor.py:183} INFO - Processing /opt/airflow/dags/load_data_mb.py took 0.380 seconds
[2024-05-04T23:45:33.527+0000] {processor.py:161} INFO - Started process (PID=812) to work on /opt/airflow/dags/load_data_mb.py
[2024-05-04T23:45:33.531+0000] {processor.py:830} INFO - Processing file /opt/airflow/dags/load_data_mb.py for tasks to queue
[2024-05-04T23:45:33.534+0000] {logging_mixin.py:188} INFO - [2024-05-04T23:45:33.534+0000] {dagbag.py:540} INFO - Filling up the DagBag from /opt/airflow/dags/load_data_mb.py
[2024-05-04T23:45:33.583+0000] {processor.py:840} INFO - DAG(s) 'load_data_mb' retrieved from /opt/airflow/dags/load_data_mb.py
[2024-05-04T23:45:33.673+0000] {logging_mixin.py:188} INFO - [2024-05-04T23:45:33.672+0000] {dag.py:3096} INFO - Sync 1 DAGs
[2024-05-04T23:45:33.765+0000] {processor.py:183} INFO - Processing /opt/airflow/dags/load_data_mb.py took 0.249 seconds
[2024-05-04T23:46:04.041+0000] {processor.py:161} INFO - Started process (PID=823) to work on /opt/airflow/dags/load_data_mb.py
[2024-05-04T23:46:04.043+0000] {processor.py:830} INFO - Processing file /opt/airflow/dags/load_data_mb.py for tasks to queue
[2024-05-04T23:46:04.047+0000] {logging_mixin.py:188} INFO - [2024-05-04T23:46:04.045+0000] {dagbag.py:540} INFO - Filling up the DagBag from /opt/airflow/dags/load_data_mb.py
[2024-05-04T23:46:04.091+0000] {processor.py:840} INFO - DAG(s) 'load_data_mb' retrieved from /opt/airflow/dags/load_data_mb.py
[2024-05-04T23:46:04.158+0000] {logging_mixin.py:188} INFO - [2024-05-04T23:46:04.158+0000] {dag.py:3096} INFO - Sync 1 DAGs
[2024-05-04T23:46:04.229+0000] {processor.py:183} INFO - Processing /opt/airflow/dags/load_data_mb.py took 0.196 seconds
[2024-05-04T23:46:34.432+0000] {processor.py:161} INFO - Started process (PID=834) to work on /opt/airflow/dags/load_data_mb.py
[2024-05-04T23:46:34.434+0000] {processor.py:830} INFO - Processing file /opt/airflow/dags/load_data_mb.py for tasks to queue
[2024-05-04T23:46:34.437+0000] {logging_mixin.py:188} INFO - [2024-05-04T23:46:34.436+0000] {dagbag.py:540} INFO - Filling up the DagBag from /opt/airflow/dags/load_data_mb.py
[2024-05-04T23:46:34.489+0000] {processor.py:840} INFO - DAG(s) 'load_data_mb' retrieved from /opt/airflow/dags/load_data_mb.py
[2024-05-04T23:46:34.608+0000] {logging_mixin.py:188} INFO - [2024-05-04T23:46:34.608+0000] {dag.py:3096} INFO - Sync 1 DAGs
[2024-05-04T23:46:34.694+0000] {processor.py:183} INFO - Processing /opt/airflow/dags/load_data_mb.py took 0.272 seconds
[2024-05-04T23:47:04.813+0000] {processor.py:161} INFO - Started process (PID=847) to work on /opt/airflow/dags/load_data_mb.py
[2024-05-04T23:47:04.816+0000] {processor.py:830} INFO - Processing file /opt/airflow/dags/load_data_mb.py for tasks to queue
[2024-05-04T23:47:04.825+0000] {logging_mixin.py:188} INFO - [2024-05-04T23:47:04.824+0000] {dagbag.py:540} INFO - Filling up the DagBag from /opt/airflow/dags/load_data_mb.py
[2024-05-04T23:47:04.875+0000] {processor.py:840} INFO - DAG(s) 'load_data_mb' retrieved from /opt/airflow/dags/load_data_mb.py
[2024-05-04T23:47:04.983+0000] {logging_mixin.py:188} INFO - [2024-05-04T23:47:04.982+0000] {dag.py:3096} INFO - Sync 1 DAGs
[2024-05-04T23:47:05.074+0000] {processor.py:183} INFO - Processing /opt/airflow/dags/load_data_mb.py took 0.288 seconds
[2024-05-04T23:47:35.251+0000] {processor.py:161} INFO - Started process (PID=864) to work on /opt/airflow/dags/load_data_mb.py
[2024-05-04T23:47:35.252+0000] {processor.py:830} INFO - Processing file /opt/airflow/dags/load_data_mb.py for tasks to queue
[2024-05-04T23:47:35.255+0000] {logging_mixin.py:188} INFO - [2024-05-04T23:47:35.254+0000] {dagbag.py:540} INFO - Filling up the DagBag from /opt/airflow/dags/load_data_mb.py
[2024-05-04T23:47:35.303+0000] {processor.py:840} INFO - DAG(s) 'load_data_mb' retrieved from /opt/airflow/dags/load_data_mb.py
[2024-05-04T23:47:35.371+0000] {logging_mixin.py:188} INFO - [2024-05-04T23:47:35.371+0000] {dag.py:3096} INFO - Sync 1 DAGs
[2024-05-04T23:47:35.454+0000] {processor.py:183} INFO - Processing /opt/airflow/dags/load_data_mb.py took 0.218 seconds
[2024-05-04T23:48:05.666+0000] {processor.py:161} INFO - Started process (PID=875) to work on /opt/airflow/dags/load_data_mb.py
[2024-05-04T23:48:05.667+0000] {processor.py:830} INFO - Processing file /opt/airflow/dags/load_data_mb.py for tasks to queue
[2024-05-04T23:48:05.670+0000] {logging_mixin.py:188} INFO - [2024-05-04T23:48:05.670+0000] {dagbag.py:540} INFO - Filling up the DagBag from /opt/airflow/dags/load_data_mb.py
[2024-05-04T23:48:05.718+0000] {processor.py:840} INFO - DAG(s) 'load_data_mb' retrieved from /opt/airflow/dags/load_data_mb.py
[2024-05-04T23:48:05.798+0000] {logging_mixin.py:188} INFO - [2024-05-04T23:48:05.796+0000] {dag.py:3096} INFO - Sync 1 DAGs
[2024-05-04T23:48:05.905+0000] {processor.py:183} INFO - Processing /opt/airflow/dags/load_data_mb.py took 0.253 seconds
[2024-05-04T23:48:36.004+0000] {processor.py:161} INFO - Started process (PID=886) to work on /opt/airflow/dags/load_data_mb.py
[2024-05-04T23:48:36.005+0000] {processor.py:830} INFO - Processing file /opt/airflow/dags/load_data_mb.py for tasks to queue
[2024-05-04T23:48:36.008+0000] {logging_mixin.py:188} INFO - [2024-05-04T23:48:36.007+0000] {dagbag.py:540} INFO - Filling up the DagBag from /opt/airflow/dags/load_data_mb.py
[2024-05-04T23:48:36.053+0000] {processor.py:840} INFO - DAG(s) 'load_data_mb' retrieved from /opt/airflow/dags/load_data_mb.py
[2024-05-04T23:48:36.156+0000] {logging_mixin.py:188} INFO - [2024-05-04T23:48:36.155+0000] {dag.py:3096} INFO - Sync 1 DAGs
[2024-05-04T23:48:36.285+0000] {processor.py:183} INFO - Processing /opt/airflow/dags/load_data_mb.py took 0.296 seconds
[2024-05-04T23:49:06.568+0000] {processor.py:161} INFO - Started process (PID=897) to work on /opt/airflow/dags/load_data_mb.py
[2024-05-04T23:49:06.573+0000] {processor.py:830} INFO - Processing file /opt/airflow/dags/load_data_mb.py for tasks to queue
[2024-05-04T23:49:06.576+0000] {logging_mixin.py:188} INFO - [2024-05-04T23:49:06.575+0000] {dagbag.py:540} INFO - Filling up the DagBag from /opt/airflow/dags/load_data_mb.py
[2024-05-04T23:49:06.689+0000] {processor.py:840} INFO - DAG(s) 'load_data_mb' retrieved from /opt/airflow/dags/load_data_mb.py
[2024-05-04T23:49:06.792+0000] {logging_mixin.py:188} INFO - [2024-05-04T23:49:06.792+0000] {dag.py:3096} INFO - Sync 1 DAGs
[2024-05-04T23:49:06.949+0000] {processor.py:183} INFO - Processing /opt/airflow/dags/load_data_mb.py took 0.473 seconds
