[2024-04-28T12:43:56.306+0000] {local_task_job_runner.py:120} INFO - ::group::Pre task execution logs
[2024-04-28T12:43:56.365+0000] {taskinstance.py:2073} INFO - Dependencies all met for dep_context=non-requeueable deps ti=<TaskInstance: load_data_mb.load_index_id_701925 manual__2024-04-28T12:25:28.517410+00:00 [queued]>
[2024-04-28T12:43:56.378+0000] {taskinstance.py:2073} INFO - Dependencies all met for dep_context=requeueable deps ti=<TaskInstance: load_data_mb.load_index_id_701925 manual__2024-04-28T12:25:28.517410+00:00 [queued]>
[2024-04-28T12:43:56.379+0000] {taskinstance.py:2303} INFO - Starting attempt 1 of 1
[2024-04-28T12:43:56.403+0000] {taskinstance.py:2327} INFO - Executing <Task(PythonOperator): load_index_id_701925> on 2024-04-28 12:25:28.517410+00:00
[2024-04-28T12:43:56.414+0000] {standard_task_runner.py:90} INFO - Running: ['***', 'tasks', 'run', 'load_data_mb', 'load_index_id_701925', 'manual__2024-04-28T12:25:28.517410+00:00', '--job-id', '323', '--raw', '--subdir', 'DAGS_FOLDER/load_data_mb.py', '--cfg-path', '/tmp/tmp98lqysee']
[2024-04-28T12:43:56.419+0000] {standard_task_runner.py:91} INFO - Job 323: Subtask load_index_id_701925
[2024-04-28T12:43:56.431+0000] {logging_mixin.py:188} WARNING - /home/***/.local/lib/python3.12/site-packages/***/task/task_runner/standard_task_runner.py:61 DeprecationWarning: This process (pid=24028) is multi-threaded, use of fork() may lead to deadlocks in the child.
[2024-04-28T12:43:56.432+0000] {standard_task_runner.py:63} INFO - Started process 24029 to run task
[2024-04-28T12:43:56.503+0000] {task_command.py:426} INFO - Running <TaskInstance: load_data_mb.load_index_id_701925 manual__2024-04-28T12:25:28.517410+00:00 [running]> on host d933ead87eb5
[2024-04-28T12:43:56.669+0000] {taskinstance.py:2644} INFO - Exporting env vars: AIRFLOW_CTX_DAG_OWNER='***' AIRFLOW_CTX_DAG_ID='load_data_mb' AIRFLOW_CTX_TASK_ID='load_index_id_701925' AIRFLOW_CTX_EXECUTION_DATE='2024-04-28T12:25:28.517410+00:00' AIRFLOW_CTX_TRY_NUMBER='1' AIRFLOW_CTX_DAG_RUN_ID='manual__2024-04-28T12:25:28.517410+00:00'
[2024-04-28T12:43:56.671+0000] {taskinstance.py:430} INFO - ::endgroup::
[2024-04-28T12:44:25.173+0000] {logging_mixin.py:188} INFO - {'index_name': 'Общая площадь введенных в эксплуатацию жилых зданий', 'index_id': 701925, 'dic_names': ['Регионы', 'Тип местности и административное деление', 'Формы и видов собственности', 'Типы правовых единиц'], 'period_name': 'Год', 'info': 'нет новых данных'}
[2024-04-28T12:44:25.176+0000] {logging_mixin.py:188} INFO - {'index_name': 'Общая площадь введенных в эксплуатацию жилых зданий', 'index_id': 701925, 'dic_names': ['Регионы', 'Тип местности и административное деление', 'Благоустройство дома', 'Виды объектов и мощностей'], 'period_name': 'Год', 'info': 'нет новых данных'}
[2024-04-28T12:44:25.177+0000] {logging_mixin.py:188} INFO - {'index_name': 'Общая площадь введенных в эксплуатацию жилых зданий', 'index_id': 701925, 'dic_names': ['Регионы', 'Тип местности и административное деление', 'Формы и видов собственности', 'Типы правовых единиц', 'Виды объектов и мощностей'], 'period_name': 'Год', 'info': 'нет новых данных'}
[2024-04-28T12:44:25.180+0000] {logging_mixin.py:188} INFO - {'index_name': 'Общая площадь введенных в эксплуатацию жилых зданий', 'index_id': 701925, 'dic_names': ['Регионы', 'Тип местности и административное деление', 'Источник финансирования', 'Виды объектов и мощностей', 'Типы правовых единиц'], 'period_name': 'Год', 'info': 'нет новых данных'}
[2024-04-28T12:44:25.184+0000] {logging_mixin.py:188} INFO - {'index_name': 'Общая площадь введенных в эксплуатацию жилых зданий', 'index_id': 701925, 'dic_names': ['Регионы', 'Тип местности и административное деление', 'Формы и видов собственности', 'Благоустройство дома', 'Типы правовых единиц'], 'period_name': 'Год', 'info': 'нет новых данных'}
[2024-04-28T12:44:25.186+0000] {logging_mixin.py:188} INFO - {'index_name': 'Общая площадь введенных в эксплуатацию жилых зданий', 'index_id': 701925, 'dic_names': ['Регионы', 'Тип местности и административное деление', 'Формы и видов собственности', 'Виды объектов и мощностей', 'Типы правовых единиц'], 'period_name': 'Год', 'info': 'нет новых данных'}
[2024-04-28T12:44:25.188+0000] {logging_mixin.py:188} INFO - {'index_name': 'Общая площадь введенных в эксплуатацию жилых зданий', 'index_id': 701925, 'dic_names': ['Регионы', 'Тип местности и административное деление', 'Формы и видов собственности', 'Виды объектов и мощностей', 'Типы правовых единиц'], 'period_name': 'Месяц', 'info': 'нет новых данных'}
[2024-04-28T12:44:25.192+0000] {logging_mixin.py:188} INFO - {'index_name': 'Общая площадь введенных в эксплуатацию жилых зданий', 'index_id': 701925, 'dic_names': ['Регионы', 'Тип местности и административное деление', 'Формы и видов собственности', 'Виды объектов и мощностей', 'Группировки типов правовых единиц'], 'period_name': 'Месяц с накоплением', 'info': 'нет новых данных'}
[2024-04-28T12:44:25.193+0000] {logging_mixin.py:188} INFO - {'index_name': 'Общая площадь введенных в эксплуатацию жилых зданий', 'index_id': 701925, 'dic_names': ['Регионы', 'Тип местности и административное деление', 'Формы и видов собственности', 'Виды объектов и мощностей', 'Типы правовых единиц'], 'period_name': 'Месяц с накоплением', 'info': 'нет новых данных'}
[2024-04-28T12:44:25.195+0000] {logging_mixin.py:188} INFO - {'index_name': 'Общая площадь введенных в эксплуатацию жилых зданий', 'index_id': 701925, 'dic_names': ['Регионы', 'Источник финансирования'], 'period_name': 'Месяц', 'info': 'нет новых данных'}
[2024-04-28T12:44:25.197+0000] {logging_mixin.py:188} INFO - {'index_name': 'Общая площадь введенных в эксплуатацию жилых зданий', 'index_id': 701925, 'dic_names': ['Регионы', 'Тип местности и административное деление', 'Формы и видов собственности', 'Типы правовых единиц', 'Виды объектов и мощностей'], 'period_name': 'Месяц', 'info': 'нет новых данных'}
[2024-04-28T12:44:25.199+0000] {logging_mixin.py:188} INFO - {'index_name': 'Общая площадь введенных в эксплуатацию жилых зданий', 'index_id': 701925, 'dic_names': ['Регионы', 'Источник финансирования'], 'period_name': 'Месяц с накоплением', 'info': 'нет новых данных'}
[2024-04-28T12:44:25.200+0000] {logging_mixin.py:188} INFO - {'index_name': 'Общая площадь введенных в эксплуатацию жилых зданий', 'index_id': 701925, 'dic_names': ['Регионы', 'Тип местности и административное деление', 'Формы и видов собственности', 'Типы правовых единиц', 'Виды объектов и мощностей'], 'period_name': 'Месяц с накоплением', 'info': 'нет новых данных'}
[2024-04-28T12:44:25.202+0000] {python.py:237} INFO - Done. Returned value was: None
[2024-04-28T12:44:25.208+0000] {taskinstance.py:441} INFO - ::group::Post task execution logs
[2024-04-28T12:44:25.235+0000] {taskinstance.py:1205} INFO - Marking task as SUCCESS. dag_id=load_data_mb, task_id=load_index_id_701925, execution_date=20240428T122528, start_date=20240428T124356, end_date=20240428T124425
[2024-04-28T12:44:25.386+0000] {local_task_job_runner.py:240} INFO - Task exited with return code 0
[2024-04-28T12:44:25.457+0000] {taskinstance.py:3482} INFO - 0 downstream tasks scheduled from follow-on schedule check
[2024-04-28T12:44:25.464+0000] {local_task_job_runner.py:222} INFO - ::endgroup::
