[2024-04-25T20:59:57.004+0000] {local_task_job_runner.py:120} INFO - ::group::Pre task execution logs
[2024-04-25T20:59:57.111+0000] {taskinstance.py:2073} INFO - Dependencies all met for dep_context=non-requeueable deps ti=<TaskInstance: my_dag.task_0 manual__2024-04-25T20:59:54.642786+00:00 [queued]>
[2024-04-25T20:59:57.175+0000] {taskinstance.py:2073} INFO - Dependencies all met for dep_context=requeueable deps ti=<TaskInstance: my_dag.task_0 manual__2024-04-25T20:59:54.642786+00:00 [queued]>
[2024-04-25T20:59:57.181+0000] {taskinstance.py:2303} INFO - Starting attempt 1 of 4
[2024-04-25T20:59:57.260+0000] {taskinstance.py:2327} INFO - Executing <Task(PythonOperator): task_0> on 2024-04-25 20:59:54.642786+00:00
[2024-04-25T20:59:57.319+0000] {logging_mixin.py:188} WARNING - /home/***/.local/lib/python3.12/site-packages/***/task/task_runner/standard_task_runner.py:61 DeprecationWarning: This process (pid=1295) is multi-threaded, use of fork() may lead to deadlocks in the child.
[2024-04-25T20:59:57.323+0000] {standard_task_runner.py:63} INFO - Started process 1302 to run task
[2024-04-25T20:59:57.321+0000] {standard_task_runner.py:90} INFO - Running: ['***', 'tasks', 'run', 'my_dag', 'task_0', 'manual__2024-04-25T20:59:54.642786+00:00', '--job-id', '118', '--raw', '--subdir', 'DAGS_FOLDER/python_op.py', '--cfg-path', '/tmp/tmpi7_3yfjj']
[2024-04-25T20:59:57.354+0000] {standard_task_runner.py:91} INFO - Job 118: Subtask task_0
[2024-04-25T20:59:57.757+0000] {task_command.py:426} INFO - Running <TaskInstance: my_dag.task_0 manual__2024-04-25T20:59:54.642786+00:00 [running]> on host f9a12f9b65d4
[2024-04-25T21:00:02.416+0000] {taskinstance.py:2644} INFO - Exporting env vars: AIRFLOW_CTX_DAG_OWNER='***' AIRFLOW_CTX_DAG_ID='my_dag' AIRFLOW_CTX_TASK_ID='task_0' AIRFLOW_CTX_EXECUTION_DATE='2024-04-25T20:59:54.642786+00:00' AIRFLOW_CTX_TRY_NUMBER='1' AIRFLOW_CTX_DAG_RUN_ID='manual__2024-04-25T20:59:54.642786+00:00'
[2024-04-25T21:00:02.424+0000] {taskinstance.py:430} INFO - ::endgroup::
[2024-04-25T21:00:02.897+0000] {logging_mixin.py:188} INFO - 0
[2024-04-25T21:00:17.900+0000] {logging_mixin.py:188} INFO - test
[2024-04-25T21:00:17.903+0000] {python.py:237} INFO - Done. Returned value was: None
[2024-04-25T21:00:17.907+0000] {taskinstance.py:441} INFO - ::group::Post task execution logs
[2024-04-25T21:00:18.004+0000] {taskinstance.py:1205} INFO - Marking task as SUCCESS. dag_id=my_dag, task_id=task_0, execution_date=20240425T205954, start_date=20240425T205957, end_date=20240425T210017
[2024-04-25T21:00:19.129+0000] {local_task_job_runner.py:240} INFO - Task exited with return code 0
[2024-04-25T21:00:19.239+0000] {taskinstance.py:3482} INFO - 0 downstream tasks scheduled from follow-on schedule check
[2024-04-25T21:00:19.247+0000] {local_task_job_runner.py:222} INFO - ::endgroup::
