[2024-04-25T18:02:03.101+0000] {local_task_job_runner.py:120} INFO - ::group::Pre task execution logs
[2024-04-25T18:02:03.197+0000] {taskinstance.py:2073} INFO - Dependencies all met for dep_context=non-requeueable deps ti=<TaskInstance: my_dag.task_a manual__2024-04-25T18:02:01.374673+00:00 [queued]>
[2024-04-25T18:02:03.212+0000] {taskinstance.py:2073} INFO - Dependencies all met for dep_context=requeueable deps ti=<TaskInstance: my_dag.task_a manual__2024-04-25T18:02:01.374673+00:00 [queued]>
[2024-04-25T18:02:03.213+0000] {taskinstance.py:2303} INFO - Starting attempt 1 of 4
[2024-04-25T18:02:03.239+0000] {taskinstance.py:2327} INFO - Executing <Task(PythonOperator): task_a> on 2024-04-25 18:02:01.374673+00:00
[2024-04-25T18:02:03.247+0000] {standard_task_runner.py:90} INFO - Running: ['***', 'tasks', 'run', 'my_dag', 'task_a', 'manual__2024-04-25T18:02:01.374673+00:00', '--job-id', '78', '--raw', '--subdir', 'DAGS_FOLDER/python_op.py', '--cfg-path', '/tmp/tmpe5k1bq7x']
[2024-04-25T18:02:03.253+0000] {standard_task_runner.py:91} INFO - Job 78: Subtask task_a
[2024-04-25T18:02:03.255+0000] {logging_mixin.py:188} WARNING - /home/***/.local/lib/python3.12/site-packages/***/task/task_runner/standard_task_runner.py:61 DeprecationWarning: This process (pid=3777) is multi-threaded, use of fork() may lead to deadlocks in the child.
[2024-04-25T18:02:03.257+0000] {standard_task_runner.py:63} INFO - Started process 3778 to run task
[2024-04-25T18:02:03.337+0000] {task_command.py:426} INFO - Running <TaskInstance: my_dag.task_a manual__2024-04-25T18:02:01.374673+00:00 [running]> on host f9a12f9b65d4
[2024-04-25T18:02:03.487+0000] {taskinstance.py:2644} INFO - Exporting env vars: AIRFLOW_CTX_DAG_OWNER='***' AIRFLOW_CTX_DAG_ID='my_dag' AIRFLOW_CTX_TASK_ID='task_a' AIRFLOW_CTX_EXECUTION_DATE='2024-04-25T18:02:01.374673+00:00' AIRFLOW_CTX_TRY_NUMBER='1' AIRFLOW_CTX_DAG_RUN_ID='manual__2024-04-25T18:02:01.374673+00:00'
[2024-04-25T18:02:03.489+0000] {taskinstance.py:430} INFO - ::endgroup::
[2024-04-25T18:02:03.519+0000] {logging_mixin.py:188} INFO - Process DONE!
[2024-04-25T18:02:03.521+0000] {taskinstance.py:441} INFO - ::group::Post task execution logs
[2024-04-25T18:02:03.522+0000] {taskinstance.py:2892} ERROR - Task failed due to SystemExit(1)
[2024-04-25T18:02:03.532+0000] {taskinstance.py:1205} INFO - Marking task as UP_FOR_RETRY. dag_id=my_dag, task_id=task_a, execution_date=20240425T180201, start_date=20240425T180203, end_date=20240425T180203
[2024-04-25T18:02:03.558+0000] {standard_task_runner.py:110} ERROR - Failed to execute job 78 for task task_a (Task failed due to SystemExit(1); 3778)
[2024-04-25T18:02:03.595+0000] {local_task_job_runner.py:240} INFO - Task exited with return code 1
[2024-04-25T18:02:03.626+0000] {taskinstance.py:3482} INFO - 0 downstream tasks scheduled from follow-on schedule check
[2024-04-25T18:02:03.633+0000] {local_task_job_runner.py:222} INFO - ::endgroup::
