[2024-05-14T10:04:18.961+0000] {local_task_job_runner.py:120} INFO - ::group::Pre task execution logs
[2024-05-14T10:04:19.042+0000] {taskinstance.py:2073} INFO - Dependencies all met for dep_context=non-requeueable deps ti=<TaskInstance: load_data_mb.load_index_id_4023004 scheduled__2024-05-02T00:00:00+00:00 [queued]>
[2024-05-14T10:04:19.065+0000] {taskinstance.py:2073} INFO - Dependencies all met for dep_context=requeueable deps ti=<TaskInstance: load_data_mb.load_index_id_4023004 scheduled__2024-05-02T00:00:00+00:00 [queued]>
[2024-05-14T10:04:19.066+0000] {taskinstance.py:2303} INFO - Starting attempt 1 of 1
[2024-05-14T10:04:19.097+0000] {taskinstance.py:2327} INFO - Executing <Task(PythonOperator): load_index_id_4023004> on 2024-05-02 00:00:00+00:00
[2024-05-14T10:04:19.108+0000] {standard_task_runner.py:90} INFO - Running: ['***', 'tasks', 'run', 'load_data_mb', 'load_index_id_4023004', 'scheduled__2024-05-02T00:00:00+00:00', '--job-id', '514', '--raw', '--subdir', 'DAGS_FOLDER/load_data_mb.py', '--cfg-path', '/tmp/tmpxpq1r1vy']
[2024-05-14T10:04:19.113+0000] {standard_task_runner.py:91} INFO - Job 514: Subtask load_index_id_4023004
[2024-05-14T10:04:19.116+0000] {logging_mixin.py:188} WARNING - /home/***/.local/lib/python3.12/site-packages/***/task/task_runner/standard_task_runner.py:61 DeprecationWarning: This process (pid=352) is multi-threaded, use of fork() may lead to deadlocks in the child.
[2024-05-14T10:04:19.118+0000] {standard_task_runner.py:63} INFO - Started process 353 to run task
[2024-05-14T10:04:19.184+0000] {task_command.py:426} INFO - Running <TaskInstance: load_data_mb.load_index_id_4023004 scheduled__2024-05-02T00:00:00+00:00 [running]> on host d933ead87eb5
[2024-05-14T10:04:19.308+0000] {taskinstance.py:2644} INFO - Exporting env vars: AIRFLOW_CTX_DAG_OWNER='***' AIRFLOW_CTX_DAG_ID='load_data_mb' AIRFLOW_CTX_TASK_ID='load_index_id_4023004' AIRFLOW_CTX_EXECUTION_DATE='2024-05-02T00:00:00+00:00' AIRFLOW_CTX_TRY_NUMBER='1' AIRFLOW_CTX_DAG_RUN_ID='scheduled__2024-05-02T00:00:00+00:00'
[2024-05-14T10:04:19.310+0000] {taskinstance.py:430} INFO - ::endgroup::
[2024-05-14T10:04:32.588+0000] {logging_mixin.py:188} INFO - {'index_name': 'индекс производительности труда', 'index_id': 4023004, 'date_ids': [994], 'dic_names': ['Регионы'], 'period_name': 'Год', 'info': 'загружены актуальные данные'}
[2024-05-14T10:04:32.590+0000] {logging_mixin.py:188} INFO - {'index_name': 'индекс производительности труда', 'index_id': 4023004, 'date_ids': [994], 'dic_names': ['Регионы', 'Виды экономической деятельности'], 'period_name': 'Год', 'info': 'загружены актуальные данные'}
[2024-05-14T10:04:32.592+0000] {logging_mixin.py:188} INFO - {'index_name': 'индекс производительности труда', 'index_id': 4023004, 'dic_names': ['Регионы'], 'period_name': 'Квартал с накоплением', 'info': 'нет новых данных'}
[2024-05-14T10:04:32.593+0000] {logging_mixin.py:188} INFO - {'index_name': 'индекс производительности труда', 'index_id': 4023004, 'dic_names': ['Регионы', 'Виды экономической деятельности'], 'period_name': 'Квартал с накоплением', 'info': 'нет новых данных'}
[2024-05-14T10:04:32.594+0000] {python.py:237} INFO - Done. Returned value was: None
[2024-05-14T10:04:32.598+0000] {taskinstance.py:441} INFO - ::group::Post task execution logs
[2024-05-14T10:04:32.653+0000] {taskinstance.py:1205} INFO - Marking task as SUCCESS. dag_id=load_data_mb, task_id=load_index_id_4023004, execution_date=20240502T000000, start_date=20240514T100419, end_date=20240514T100432
[2024-05-14T10:04:32.728+0000] {local_task_job_runner.py:240} INFO - Task exited with return code 0
[2024-05-14T10:04:32.776+0000] {taskinstance.py:3482} INFO - 0 downstream tasks scheduled from follow-on schedule check
[2024-05-14T10:04:32.805+0000] {local_task_job_runner.py:222} INFO - ::endgroup::
