[2024-06-11T21:28:56.361+0000] {local_task_job_runner.py:120} INFO - ::group::Pre task execution logs
[2024-06-11T21:28:56.426+0000] {taskinstance.py:2073} INFO - Dependencies all met for dep_context=non-requeueable deps ti=<TaskInstance: load_data_mb.load_index_id_702041 scheduled__2024-06-10T00:00:00+00:00 [queued]>
[2024-06-11T21:28:56.442+0000] {taskinstance.py:2073} INFO - Dependencies all met for dep_context=requeueable deps ti=<TaskInstance: load_data_mb.load_index_id_702041 scheduled__2024-06-10T00:00:00+00:00 [queued]>
[2024-06-11T21:28:56.444+0000] {taskinstance.py:2303} INFO - Starting attempt 1 of 1
[2024-06-11T21:28:56.467+0000] {taskinstance.py:2327} INFO - Executing <Task(PythonOperator): load_index_id_702041> on 2024-06-10 00:00:00+00:00
[2024-06-11T21:28:56.478+0000] {standard_task_runner.py:90} INFO - Running: ['***', 'tasks', 'run', 'load_data_mb', 'load_index_id_702041', 'scheduled__2024-06-10T00:00:00+00:00', '--job-id', '129', '--raw', '--subdir', 'DAGS_FOLDER/load_data_mb.py', '--cfg-path', '/tmp/tmpkurg7d_k']
[2024-06-11T21:28:56.482+0000] {standard_task_runner.py:91} INFO - Job 129: Subtask load_index_id_702041
[2024-06-11T21:28:56.485+0000] {logging_mixin.py:188} WARNING - /home/***/.local/lib/python3.12/site-packages/***/task/task_runner/standard_task_runner.py:61 DeprecationWarning: This process (pid=238) is multi-threaded, use of fork() may lead to deadlocks in the child.
[2024-06-11T21:28:56.487+0000] {standard_task_runner.py:63} INFO - Started process 239 to run task
[2024-06-11T21:28:56.561+0000] {task_command.py:426} INFO - Running <TaskInstance: load_data_mb.load_index_id_702041 scheduled__2024-06-10T00:00:00+00:00 [running]> on host e6f094d2943c
[2024-06-11T21:28:56.720+0000] {taskinstance.py:2644} INFO - Exporting env vars: AIRFLOW_CTX_DAG_OWNER='***' AIRFLOW_CTX_DAG_ID='load_data_mb' AIRFLOW_CTX_TASK_ID='load_index_id_702041' AIRFLOW_CTX_EXECUTION_DATE='2024-06-10T00:00:00+00:00' AIRFLOW_CTX_TRY_NUMBER='1' AIRFLOW_CTX_DAG_RUN_ID='scheduled__2024-06-10T00:00:00+00:00'
[2024-06-11T21:28:56.722+0000] {taskinstance.py:430} INFO - ::endgroup::
[2024-06-11T21:28:56.777+0000] {python.py:237} INFO - Done. Returned value was: None
[2024-06-11T21:28:56.778+0000] {taskinstance.py:441} INFO - ::group::Post task execution logs
[2024-06-11T21:28:56.796+0000] {taskinstance.py:1205} INFO - Marking task as SUCCESS. dag_id=load_data_mb, task_id=load_index_id_702041, execution_date=20240610T000000, start_date=20240611T212856, end_date=20240611T212856
[2024-06-11T21:28:56.824+0000] {local_task_job_runner.py:240} INFO - Task exited with return code 0
[2024-06-11T21:28:56.850+0000] {taskinstance.py:3482} INFO - 0 downstream tasks scheduled from follow-on schedule check
[2024-06-11T21:28:56.854+0000] {local_task_job_runner.py:222} INFO - ::endgroup::
[2024-06-11T21:30:00.757+0000] {local_task_job_runner.py:120} INFO - ::group::Pre task execution logs
[2024-06-11T21:30:00.861+0000] {taskinstance.py:2073} INFO - Dependencies all met for dep_context=non-requeueable deps ti=<TaskInstance: load_data_mb.load_index_id_702041 scheduled__2024-06-10T00:00:00+00:00 [queued]>
[2024-06-11T21:30:00.902+0000] {taskinstance.py:2073} INFO - Dependencies all met for dep_context=requeueable deps ti=<TaskInstance: load_data_mb.load_index_id_702041 scheduled__2024-06-10T00:00:00+00:00 [queued]>
[2024-06-11T21:30:00.905+0000] {taskinstance.py:2303} INFO - Starting attempt 1 of 1
[2024-06-11T21:30:00.955+0000] {taskinstance.py:2327} INFO - Executing <Task(PythonOperator): load_index_id_702041> on 2024-06-10 00:00:00+00:00
[2024-06-11T21:30:00.974+0000] {logging_mixin.py:188} WARNING - /home/***/.local/lib/python3.12/site-packages/***/task/task_runner/standard_task_runner.py:61 DeprecationWarning: This process (pid=323) is multi-threaded, use of fork() may lead to deadlocks in the child.
[2024-06-11T21:30:00.971+0000] {standard_task_runner.py:90} INFO - Running: ['***', 'tasks', 'run', 'load_data_mb', 'load_index_id_702041', 'scheduled__2024-06-10T00:00:00+00:00', '--job-id', '158', '--raw', '--subdir', 'DAGS_FOLDER/load_data_mb.py', '--cfg-path', '/tmp/tmpmyt15_1t']
[2024-06-11T21:30:00.977+0000] {standard_task_runner.py:63} INFO - Started process 324 to run task
[2024-06-11T21:30:00.978+0000] {standard_task_runner.py:91} INFO - Job 158: Subtask load_index_id_702041
[2024-06-11T21:30:01.131+0000] {task_command.py:426} INFO - Running <TaskInstance: load_data_mb.load_index_id_702041 scheduled__2024-06-10T00:00:00+00:00 [running]> on host e6f094d2943c
[2024-06-11T21:30:01.408+0000] {taskinstance.py:2644} INFO - Exporting env vars: AIRFLOW_CTX_DAG_OWNER='***' AIRFLOW_CTX_DAG_ID='load_data_mb' AIRFLOW_CTX_TASK_ID='load_index_id_702041' AIRFLOW_CTX_EXECUTION_DATE='2024-06-10T00:00:00+00:00' AIRFLOW_CTX_TRY_NUMBER='1' AIRFLOW_CTX_DAG_RUN_ID='scheduled__2024-06-10T00:00:00+00:00'
[2024-06-11T21:30:01.410+0000] {taskinstance.py:430} INFO - ::endgroup::
[2024-06-11T21:30:01.484+0000] {logging_mixin.py:188} INFO - Ошибка в коде или неверный json
[2024-06-11T21:30:01.486+0000] {taskinstance.py:441} INFO - ::group::Post task execution logs
[2024-06-11T21:30:01.487+0000] {taskinstance.py:2892} ERROR - Task failed due to SystemExit(1)
[2024-06-11T21:30:01.499+0000] {taskinstance.py:1205} INFO - Marking task as FAILED. dag_id=load_data_mb, task_id=load_index_id_702041, execution_date=20240610T000000, start_date=20240611T213000, end_date=20240611T213001
[2024-06-11T21:30:01.514+0000] {standard_task_runner.py:110} ERROR - Failed to execute job 158 for task load_index_id_702041 (Task failed due to SystemExit(1); 324)
[2024-06-11T21:30:01.556+0000] {local_task_job_runner.py:240} INFO - Task exited with return code 1
[2024-06-11T21:30:01.583+0000] {taskinstance.py:3482} INFO - 0 downstream tasks scheduled from follow-on schedule check
[2024-06-11T21:30:01.586+0000] {local_task_job_runner.py:222} INFO - ::endgroup::
[2024-06-11T21:31:42.150+0000] {local_task_job_runner.py:120} INFO - ::group::Pre task execution logs
[2024-06-11T21:31:42.200+0000] {taskinstance.py:2073} INFO - Dependencies all met for dep_context=non-requeueable deps ti=<TaskInstance: load_data_mb.load_index_id_702041 scheduled__2024-06-10T00:00:00+00:00 [queued]>
[2024-06-11T21:31:42.214+0000] {taskinstance.py:2073} INFO - Dependencies all met for dep_context=requeueable deps ti=<TaskInstance: load_data_mb.load_index_id_702041 scheduled__2024-06-10T00:00:00+00:00 [queued]>
[2024-06-11T21:31:42.215+0000] {taskinstance.py:2303} INFO - Starting attempt 1 of 1
[2024-06-11T21:31:42.236+0000] {taskinstance.py:2327} INFO - Executing <Task(PythonOperator): load_index_id_702041> on 2024-06-10 00:00:00+00:00
[2024-06-11T21:31:42.247+0000] {logging_mixin.py:188} WARNING - /home/***/.local/lib/python3.12/site-packages/***/task/task_runner/standard_task_runner.py:61 DeprecationWarning: This process (pid=439) is multi-threaded, use of fork() may lead to deadlocks in the child.
[2024-06-11T21:31:42.245+0000] {standard_task_runner.py:90} INFO - Running: ['***', 'tasks', 'run', 'load_data_mb', 'load_index_id_702041', 'scheduled__2024-06-10T00:00:00+00:00', '--job-id', '200', '--raw', '--subdir', 'DAGS_FOLDER/load_data_mb.py', '--cfg-path', '/tmp/tmp2ft64c05']
[2024-06-11T21:31:42.249+0000] {standard_task_runner.py:63} INFO - Started process 440 to run task
[2024-06-11T21:31:42.249+0000] {standard_task_runner.py:91} INFO - Job 200: Subtask load_index_id_702041
[2024-06-11T21:31:42.316+0000] {task_command.py:426} INFO - Running <TaskInstance: load_data_mb.load_index_id_702041 scheduled__2024-06-10T00:00:00+00:00 [running]> on host e6f094d2943c
[2024-06-11T21:31:42.446+0000] {taskinstance.py:2644} INFO - Exporting env vars: AIRFLOW_CTX_DAG_OWNER='***' AIRFLOW_CTX_DAG_ID='load_data_mb' AIRFLOW_CTX_TASK_ID='load_index_id_702041' AIRFLOW_CTX_EXECUTION_DATE='2024-06-10T00:00:00+00:00' AIRFLOW_CTX_TRY_NUMBER='1' AIRFLOW_CTX_DAG_RUN_ID='scheduled__2024-06-10T00:00:00+00:00'
[2024-06-11T21:31:42.448+0000] {taskinstance.py:430} INFO - ::endgroup::
[2024-06-11T21:31:42.502+0000] {logging_mixin.py:188} INFO - Ошибка в коде или неверный json
[2024-06-11T21:31:42.503+0000] {taskinstance.py:441} INFO - ::group::Post task execution logs
[2024-06-11T21:31:42.504+0000] {taskinstance.py:2892} ERROR - Task failed due to SystemExit(1)
[2024-06-11T21:31:42.515+0000] {taskinstance.py:1205} INFO - Marking task as FAILED. dag_id=load_data_mb, task_id=load_index_id_702041, execution_date=20240610T000000, start_date=20240611T213142, end_date=20240611T213142
[2024-06-11T21:31:42.539+0000] {standard_task_runner.py:110} ERROR - Failed to execute job 200 for task load_index_id_702041 (Task failed due to SystemExit(1); 440)
[2024-06-11T21:31:42.585+0000] {local_task_job_runner.py:240} INFO - Task exited with return code 1
[2024-06-11T21:31:42.614+0000] {taskinstance.py:3482} INFO - 0 downstream tasks scheduled from follow-on schedule check
[2024-06-11T21:31:42.621+0000] {local_task_job_runner.py:222} INFO - ::endgroup::
[2024-06-11T21:44:57.424+0000] {local_task_job_runner.py:120} INFO - ::group::Pre task execution logs
[2024-06-11T21:44:57.502+0000] {taskinstance.py:2073} INFO - Dependencies all met for dep_context=non-requeueable deps ti=<TaskInstance: load_data_mb.load_index_id_702041 scheduled__2024-06-10T00:00:00+00:00 [queued]>
[2024-06-11T21:44:57.523+0000] {taskinstance.py:2073} INFO - Dependencies all met for dep_context=requeueable deps ti=<TaskInstance: load_data_mb.load_index_id_702041 scheduled__2024-06-10T00:00:00+00:00 [queued]>
[2024-06-11T21:44:57.524+0000] {taskinstance.py:2303} INFO - Starting attempt 1 of 1
[2024-06-11T21:44:57.555+0000] {taskinstance.py:2327} INFO - Executing <Task(PythonOperator): load_index_id_702041> on 2024-06-10 00:00:00+00:00
[2024-06-11T21:44:57.568+0000] {standard_task_runner.py:90} INFO - Running: ['***', 'tasks', 'run', 'load_data_mb', 'load_index_id_702041', 'scheduled__2024-06-10T00:00:00+00:00', '--job-id', '259', '--raw', '--subdir', 'DAGS_FOLDER/load_data.py', '--cfg-path', '/tmp/tmpaqj45_bm']
[2024-06-11T21:44:57.574+0000] {standard_task_runner.py:91} INFO - Job 259: Subtask load_index_id_702041
[2024-06-11T21:44:57.575+0000] {logging_mixin.py:188} WARNING - /home/***/.local/lib/python3.12/site-packages/***/task/task_runner/standard_task_runner.py:61 DeprecationWarning: This process (pid=182) is multi-threaded, use of fork() may lead to deadlocks in the child.
[2024-06-11T21:44:57.577+0000] {standard_task_runner.py:63} INFO - Started process 183 to run task
[2024-06-11T21:44:57.669+0000] {task_command.py:426} INFO - Running <TaskInstance: load_data_mb.load_index_id_702041 scheduled__2024-06-10T00:00:00+00:00 [running]> on host f7fd8afd804e
[2024-06-11T21:44:57.823+0000] {taskinstance.py:2644} INFO - Exporting env vars: AIRFLOW_CTX_DAG_OWNER='***' AIRFLOW_CTX_DAG_ID='load_data_mb' AIRFLOW_CTX_TASK_ID='load_index_id_702041' AIRFLOW_CTX_EXECUTION_DATE='2024-06-10T00:00:00+00:00' AIRFLOW_CTX_TRY_NUMBER='1' AIRFLOW_CTX_DAG_RUN_ID='scheduled__2024-06-10T00:00:00+00:00'
[2024-06-11T21:44:57.825+0000] {taskinstance.py:430} INFO - ::endgroup::
[2024-06-11T21:44:57.883+0000] {logging_mixin.py:188} INFO - Ошибка в коде или неверный json
[2024-06-11T21:44:57.884+0000] {taskinstance.py:441} INFO - ::group::Post task execution logs
[2024-06-11T21:44:57.885+0000] {taskinstance.py:2892} ERROR - Task failed due to SystemExit(1)
[2024-06-11T21:44:57.901+0000] {taskinstance.py:1205} INFO - Marking task as FAILED. dag_id=load_data_mb, task_id=load_index_id_702041, execution_date=20240610T000000, start_date=20240611T214457, end_date=20240611T214457
[2024-06-11T21:44:57.921+0000] {standard_task_runner.py:110} ERROR - Failed to execute job 259 for task load_index_id_702041 (Task failed due to SystemExit(1); 183)
[2024-06-11T21:44:57.954+0000] {local_task_job_runner.py:240} INFO - Task exited with return code 1
[2024-06-11T21:44:57.980+0000] {taskinstance.py:3482} INFO - 0 downstream tasks scheduled from follow-on schedule check
[2024-06-11T21:44:57.986+0000] {local_task_job_runner.py:222} INFO - ::endgroup::
