[2024-04-28T08:02:17.612+0000] {local_task_job_runner.py:120} INFO - ::group::Pre task execution logs
[2024-04-28T08:02:17.681+0000] {taskinstance.py:2073} INFO - Dependencies all met for dep_context=non-requeueable deps ti=<TaskInstance: load_data_mb.load_index_id_20372988 scheduled__2024-04-27T00:00:00+00:00 [queued]>
[2024-04-28T08:02:17.696+0000] {taskinstance.py:2073} INFO - Dependencies all met for dep_context=requeueable deps ti=<TaskInstance: load_data_mb.load_index_id_20372988 scheduled__2024-04-27T00:00:00+00:00 [queued]>
[2024-04-28T08:02:17.697+0000] {taskinstance.py:2303} INFO - Starting attempt 1 of 1
[2024-04-28T08:02:17.731+0000] {taskinstance.py:2327} INFO - Executing <Task(PythonOperator): load_index_id_20372988> on 2024-04-27 00:00:00+00:00
[2024-04-28T08:02:17.742+0000] {standard_task_runner.py:90} INFO - Running: ['***', 'tasks', 'run', 'load_data_mb', 'load_index_id_20372988', 'scheduled__2024-04-27T00:00:00+00:00', '--job-id', '269', '--raw', '--subdir', 'DAGS_FOLDER/load_data_mb.py', '--cfg-path', '/tmp/tmpn9fcgt7j']
[2024-04-28T08:02:17.761+0000] {standard_task_runner.py:91} INFO - Job 269: Subtask load_index_id_20372988
[2024-04-28T08:02:17.767+0000] {logging_mixin.py:188} WARNING - /home/***/.local/lib/python3.12/site-packages/***/task/task_runner/standard_task_runner.py:61 DeprecationWarning: This process (pid=17708) is multi-threaded, use of fork() may lead to deadlocks in the child.
[2024-04-28T08:02:17.770+0000] {standard_task_runner.py:63} INFO - Started process 17715 to run task
[2024-04-28T08:02:17.872+0000] {task_command.py:426} INFO - Running <TaskInstance: load_data_mb.load_index_id_20372988 scheduled__2024-04-27T00:00:00+00:00 [running]> on host d933ead87eb5
[2024-04-28T08:02:18.053+0000] {taskinstance.py:2644} INFO - Exporting env vars: AIRFLOW_CTX_DAG_OWNER='***' AIRFLOW_CTX_DAG_ID='load_data_mb' AIRFLOW_CTX_TASK_ID='load_index_id_20372988' AIRFLOW_CTX_EXECUTION_DATE='2024-04-27T00:00:00+00:00' AIRFLOW_CTX_TRY_NUMBER='1' AIRFLOW_CTX_DAG_RUN_ID='scheduled__2024-04-27T00:00:00+00:00'
[2024-04-28T08:02:18.055+0000] {taskinstance.py:430} INFO - ::endgroup::
[2024-04-28T08:02:43.138+0000] {logging_mixin.py:188} INFO - Ошибка в коде или неверный json
[2024-04-28T08:02:43.140+0000] {taskinstance.py:441} INFO - ::group::Post task execution logs
[2024-04-28T08:02:43.141+0000] {taskinstance.py:2892} ERROR - Task failed due to SystemExit(1)
[2024-04-28T08:02:43.154+0000] {taskinstance.py:1205} INFO - Marking task as FAILED. dag_id=load_data_mb, task_id=load_index_id_20372988, execution_date=20240427T000000, start_date=20240428T080217, end_date=20240428T080243
[2024-04-28T08:02:43.173+0000] {standard_task_runner.py:110} ERROR - Failed to execute job 269 for task load_index_id_20372988 (Task failed due to SystemExit(1); 17715)
[2024-04-28T08:02:43.209+0000] {local_task_job_runner.py:240} INFO - Task exited with return code 1
[2024-04-28T08:02:43.236+0000] {taskinstance.py:3482} INFO - 0 downstream tasks scheduled from follow-on schedule check
[2024-04-28T08:02:43.243+0000] {local_task_job_runner.py:222} INFO - ::endgroup::
[2024-04-28T08:04:36.553+0000] {local_task_job_runner.py:120} INFO - ::group::Pre task execution logs
[2024-04-28T08:04:36.615+0000] {taskinstance.py:2073} INFO - Dependencies all met for dep_context=non-requeueable deps ti=<TaskInstance: load_data_mb.load_index_id_20372988 scheduled__2024-04-27T00:00:00+00:00 [queued]>
[2024-04-28T08:04:36.632+0000] {taskinstance.py:2073} INFO - Dependencies all met for dep_context=requeueable deps ti=<TaskInstance: load_data_mb.load_index_id_20372988 scheduled__2024-04-27T00:00:00+00:00 [queued]>
[2024-04-28T08:04:36.633+0000] {taskinstance.py:2303} INFO - Starting attempt 1 of 1
[2024-04-28T08:04:36.659+0000] {taskinstance.py:2327} INFO - Executing <Task(PythonOperator): load_index_id_20372988> on 2024-04-27 00:00:00+00:00
[2024-04-28T08:04:36.673+0000] {standard_task_runner.py:90} INFO - Running: ['***', 'tasks', 'run', 'load_data_mb', 'load_index_id_20372988', 'scheduled__2024-04-27T00:00:00+00:00', '--job-id', '271', '--raw', '--subdir', 'DAGS_FOLDER/load_data_mb.py', '--cfg-path', '/tmp/tmp2xb9eld0']
[2024-04-28T08:04:36.679+0000] {standard_task_runner.py:91} INFO - Job 271: Subtask load_index_id_20372988
[2024-04-28T08:04:36.686+0000] {logging_mixin.py:188} WARNING - /home/***/.local/lib/python3.12/site-packages/***/task/task_runner/standard_task_runner.py:61 DeprecationWarning: This process (pid=17822) is multi-threaded, use of fork() may lead to deadlocks in the child.
[2024-04-28T08:04:36.688+0000] {standard_task_runner.py:63} INFO - Started process 17823 to run task
[2024-04-28T08:04:36.758+0000] {task_command.py:426} INFO - Running <TaskInstance: load_data_mb.load_index_id_20372988 scheduled__2024-04-27T00:00:00+00:00 [running]> on host d933ead87eb5
[2024-04-28T08:04:36.880+0000] {taskinstance.py:2644} INFO - Exporting env vars: AIRFLOW_CTX_DAG_OWNER='***' AIRFLOW_CTX_DAG_ID='load_data_mb' AIRFLOW_CTX_TASK_ID='load_index_id_20372988' AIRFLOW_CTX_EXECUTION_DATE='2024-04-27T00:00:00+00:00' AIRFLOW_CTX_TRY_NUMBER='1' AIRFLOW_CTX_DAG_RUN_ID='scheduled__2024-04-27T00:00:00+00:00'
[2024-04-28T08:04:36.882+0000] {taskinstance.py:430} INFO - ::endgroup::
[2024-04-28T08:05:02.082+0000] {logging_mixin.py:188} INFO - {'index_name': 'доля респондентов, отметивших, что правоохранительные органы патрулируют (на машине или пешком) по улицам в районе их проживания ', 'index_id': 20372988, 'dic_names': ['Регионы', 'Тип местности и административное деление', 'Частота патрулирования', 'Национальности'], 'period_name': 'Два раза в год', 'info': 'нет новых данных'}
[2024-04-28T08:05:02.085+0000] {logging_mixin.py:188} INFO - {'index_name': 'доля респондентов, отметивших, что правоохранительные органы патрулируют (на машине или пешком) по улицам в районе их проживания ', 'index_id': 20372988, 'dic_names': ['Регионы', 'Тип местности и административное деление', 'Частота патрулирования', 'Уровни образования'], 'period_name': 'Два раза в год', 'info': 'нет новых данных'}
[2024-04-28T08:05:02.085+0000] {logging_mixin.py:188} INFO - {'index_name': 'доля респондентов, отметивших, что правоохранительные органы патрулируют (на машине или пешком) по улицам в районе их проживания ', 'index_id': 20372988, 'dic_names': ['Регионы', 'Тип местности и административное деление', 'Частота патрулирования', 'Семейное положение'], 'period_name': 'Два раза в год', 'info': 'нет новых данных'}
[2024-04-28T08:05:02.086+0000] {logging_mixin.py:188} INFO - {'index_name': 'доля респондентов, отметивших, что правоохранительные органы патрулируют (на машине или пешком) по улицам в районе их проживания ', 'index_id': 20372988, 'dic_names': ['Регионы', 'Тип местности и административное деление', 'Частота патрулирования', 'По полу'], 'period_name': 'Два раза в год', 'info': 'нет новых данных'}
[2024-04-28T08:05:02.087+0000] {logging_mixin.py:188} INFO - {'index_name': 'доля респондентов, отметивших, что правоохранительные органы патрулируют (на машине или пешком) по улицам в районе их проживания ', 'index_id': 20372988, 'dic_names': ['Регионы', 'Тип местности и административное деление', 'Занятость', 'Частота патрулирования'], 'period_name': 'Два раза в год', 'info': 'нет новых данных'}
[2024-04-28T08:05:02.087+0000] {logging_mixin.py:188} INFO - {'index_name': 'доля респондентов, отметивших, что правоохранительные органы патрулируют (на машине или пешком) по улицам в районе их проживания ', 'index_id': 20372988, 'dic_names': ['Регионы', 'Тип местности и административное деление', 'Возраст', 'Частота патрулирования'], 'period_name': 'Два раза в год', 'info': 'нет новых данных'}
[2024-04-28T08:05:02.088+0000] {logging_mixin.py:188} INFO - {'index_name': 'доля респондентов, отметивших, что правоохранительные органы патрулируют (на машине или пешком) по улицам в районе их проживания ', 'index_id': 20372988, 'dic_names': ['Регионы', 'Тип местности и административное деление', 'Частота патрулирования', 'Национальности'], 'period_name': 'Один раз в год', 'info': 'нет новых данных'}
[2024-04-28T08:05:02.089+0000] {logging_mixin.py:188} INFO - {'index_name': 'доля респондентов, отметивших, что правоохранительные органы патрулируют (на машине или пешком) по улицам в районе их проживания ', 'index_id': 20372988, 'dic_names': ['Регионы', 'Тип местности и административное деление', 'Частота патрулирования', 'По полу'], 'period_name': 'Один раз в год', 'info': 'нет новых данных'}
[2024-04-28T08:05:02.089+0000] {logging_mixin.py:188} INFO - {'index_name': 'доля респондентов, отметивших, что правоохранительные органы патрулируют (на машине или пешком) по улицам в районе их проживания ', 'index_id': 20372988, 'dic_names': ['Регионы', 'Тип местности и административное деление', 'Частота патрулирования', 'Семейное положение'], 'period_name': 'Один раз в год', 'info': 'нет новых данных'}
[2024-04-28T08:05:02.090+0000] {logging_mixin.py:188} INFO - {'index_name': 'доля респондентов, отметивших, что правоохранительные органы патрулируют (на машине или пешком) по улицам в районе их проживания ', 'index_id': 20372988, 'dic_names': ['Регионы', 'Тип местности и административное деление', 'Занятость', 'Частота патрулирования'], 'period_name': 'Один раз в год', 'info': 'нет новых данных'}
[2024-04-28T08:05:02.091+0000] {logging_mixin.py:188} INFO - {'index_name': 'доля респондентов, отметивших, что правоохранительные органы патрулируют (на машине или пешком) по улицам в районе их проживания ', 'index_id': 20372988, 'dic_names': ['Регионы', 'Тип местности и административное деление', 'Частота патрулирования', 'Уровни образования'], 'period_name': 'Один раз в год', 'info': 'нет новых данных'}
[2024-04-28T08:05:02.092+0000] {logging_mixin.py:188} INFO - {'index_name': 'доля респондентов, отметивших, что правоохранительные органы патрулируют (на машине или пешком) по улицам в районе их проживания ', 'index_id': 20372988, 'dic_names': ['Регионы', 'Тип местности и административное деление', 'Возраст', 'Частота патрулирования'], 'period_name': 'Один раз в год', 'info': 'нет новых данных'}
[2024-04-28T08:05:02.093+0000] {python.py:237} INFO - Done. Returned value was: None
[2024-04-28T08:05:02.094+0000] {taskinstance.py:441} INFO - ::group::Post task execution logs
[2024-04-28T08:05:02.109+0000] {taskinstance.py:1205} INFO - Marking task as SUCCESS. dag_id=load_data_mb, task_id=load_index_id_20372988, execution_date=20240427T000000, start_date=20240428T080436, end_date=20240428T080502
[2024-04-28T08:05:02.147+0000] {local_task_job_runner.py:240} INFO - Task exited with return code 0
[2024-04-28T08:05:02.181+0000] {taskinstance.py:3482} INFO - 0 downstream tasks scheduled from follow-on schedule check
[2024-04-28T08:05:02.187+0000] {local_task_job_runner.py:222} INFO - ::endgroup::
