[2024-04-28T08:26:40.770+0000] {local_task_job_runner.py:120} INFO - ::group::Pre task execution logs
[2024-04-28T08:26:40.837+0000] {taskinstance.py:2073} INFO - Dependencies all met for dep_context=non-requeueable deps ti=<TaskInstance: load_data_mb.load_index_id_704447 manual__2024-04-28T08:06:57.479140+00:00 [queued]>
[2024-04-28T08:26:40.856+0000] {taskinstance.py:2073} INFO - Dependencies all met for dep_context=requeueable deps ti=<TaskInstance: load_data_mb.load_index_id_704447 manual__2024-04-28T08:06:57.479140+00:00 [queued]>
[2024-04-28T08:26:40.857+0000] {taskinstance.py:2303} INFO - Starting attempt 1 of 1
[2024-04-28T08:26:40.882+0000] {taskinstance.py:2327} INFO - Executing <Task(PythonOperator): load_index_id_704447> on 2024-04-28 08:06:57.479140+00:00
[2024-04-28T08:26:40.894+0000] {standard_task_runner.py:90} INFO - Running: ['***', 'tasks', 'run', 'load_data_mb', 'load_index_id_704447', 'manual__2024-04-28T08:06:57.479140+00:00', '--job-id', '289', '--raw', '--subdir', 'DAGS_FOLDER/load_data_mb.py', '--cfg-path', '/tmp/tmp2d0ufy4d']
[2024-04-28T08:26:40.898+0000] {standard_task_runner.py:91} INFO - Job 289: Subtask load_index_id_704447
[2024-04-28T08:26:40.916+0000] {logging_mixin.py:188} WARNING - /home/***/.local/lib/python3.12/site-packages/***/task/task_runner/standard_task_runner.py:61 DeprecationWarning: This process (pid=18343) is multi-threaded, use of fork() may lead to deadlocks in the child.
[2024-04-28T08:26:40.917+0000] {standard_task_runner.py:63} INFO - Started process 18344 to run task
[2024-04-28T08:26:40.977+0000] {task_command.py:426} INFO - Running <TaskInstance: load_data_mb.load_index_id_704447 manual__2024-04-28T08:06:57.479140+00:00 [running]> on host d933ead87eb5
[2024-04-28T08:26:41.139+0000] {taskinstance.py:2644} INFO - Exporting env vars: AIRFLOW_CTX_DAG_OWNER='***' AIRFLOW_CTX_DAG_ID='load_data_mb' AIRFLOW_CTX_TASK_ID='load_index_id_704447' AIRFLOW_CTX_EXECUTION_DATE='2024-04-28T08:06:57.479140+00:00' AIRFLOW_CTX_TRY_NUMBER='1' AIRFLOW_CTX_DAG_RUN_ID='manual__2024-04-28T08:06:57.479140+00:00'
[2024-04-28T08:26:41.142+0000] {taskinstance.py:430} INFO - ::endgroup::
[2024-04-28T08:26:48.228+0000] {logging_mixin.py:188} INFO - {'index_name': 'Среднедушевые номинальные денежные доходы населения', 'index_id': 704447, 'dic_names': ['Регионы'], 'period_name': 'Год', 'info': 'нет новых данных'}
[2024-04-28T08:26:48.233+0000] {logging_mixin.py:188} INFO - {'index_name': 'Среднедушевые номинальные денежные доходы населения', 'index_id': 704447, 'dic_names': ['Регионы'], 'period_name': 'Квартал', 'info': 'нет новых данных'}
[2024-04-28T08:26:48.238+0000] {logging_mixin.py:188} INFO - {'index_name': 'Среднедушевые номинальные денежные доходы населения', 'index_id': 704447, 'dic_names': ['Регионы'], 'period_name': 'Месяц', 'info': 'нет новых данных'}
[2024-04-28T08:26:48.241+0000] {python.py:237} INFO - Done. Returned value was: None
[2024-04-28T08:26:48.243+0000] {taskinstance.py:441} INFO - ::group::Post task execution logs
[2024-04-28T08:26:48.307+0000] {taskinstance.py:1205} INFO - Marking task as SUCCESS. dag_id=load_data_mb, task_id=load_index_id_704447, execution_date=20240428T080657, start_date=20240428T082640, end_date=20240428T082648
[2024-04-28T08:26:48.422+0000] {local_task_job_runner.py:240} INFO - Task exited with return code 0
[2024-04-28T08:26:48.542+0000] {taskinstance.py:3482} INFO - 0 downstream tasks scheduled from follow-on schedule check
[2024-04-28T08:26:48.548+0000] {local_task_job_runner.py:222} INFO - ::endgroup::
