[2024-04-25T20:43:09.792+0000] {local_task_job_runner.py:120} INFO - ::group::Pre task execution logs
[2024-04-25T20:43:09.879+0000] {taskinstance.py:2073} INFO - Dependencies all met for dep_context=non-requeueable deps ti=<TaskInstance: my_dag.task_0 manual__2024-04-25T20:43:08.132767+00:00 [queued]>
[2024-04-25T20:43:09.901+0000] {taskinstance.py:2073} INFO - Dependencies all met for dep_context=requeueable deps ti=<TaskInstance: my_dag.task_0 manual__2024-04-25T20:43:08.132767+00:00 [queued]>
[2024-04-25T20:43:09.902+0000] {taskinstance.py:2303} INFO - Starting attempt 1 of 4
[2024-04-25T20:43:10.023+0000] {taskinstance.py:2327} INFO - Executing <Task(PythonOperator): task_0> on 2024-04-25 20:43:08.132767+00:00
[2024-04-25T20:43:10.042+0000] {standard_task_runner.py:90} INFO - Running: ['***', 'tasks', 'run', 'my_dag', 'task_0', 'manual__2024-04-25T20:43:08.132767+00:00', '--job-id', '107', '--raw', '--subdir', 'DAGS_FOLDER/python_op.py', '--cfg-path', '/tmp/tmpvpilb8rp']
[2024-04-25T20:43:10.051+0000] {standard_task_runner.py:91} INFO - Job 107: Subtask task_0
[2024-04-25T20:43:10.052+0000] {logging_mixin.py:188} WARNING - /home/***/.local/lib/python3.12/site-packages/***/task/task_runner/standard_task_runner.py:61 DeprecationWarning: This process (pid=749) is multi-threaded, use of fork() may lead to deadlocks in the child.
[2024-04-25T20:43:10.054+0000] {standard_task_runner.py:63} INFO - Started process 758 to run task
[2024-04-25T20:43:10.179+0000] {task_command.py:426} INFO - Running <TaskInstance: my_dag.task_0 manual__2024-04-25T20:43:08.132767+00:00 [running]> on host f9a12f9b65d4
[2024-04-25T20:43:10.540+0000] {taskinstance.py:2644} INFO - Exporting env vars: AIRFLOW_CTX_DAG_OWNER='***' AIRFLOW_CTX_DAG_ID='my_dag' AIRFLOW_CTX_TASK_ID='task_0' AIRFLOW_CTX_EXECUTION_DATE='2024-04-25T20:43:08.132767+00:00' AIRFLOW_CTX_TRY_NUMBER='1' AIRFLOW_CTX_DAG_RUN_ID='manual__2024-04-25T20:43:08.132767+00:00'
[2024-04-25T20:43:10.555+0000] {taskinstance.py:430} INFO - ::endgroup::
[2024-04-25T20:43:10.874+0000] {logging_mixin.py:188} INFO - 0
[2024-04-25T20:43:20.877+0000] {logging_mixin.py:188} INFO - test
[2024-04-25T20:43:20.880+0000] {python.py:237} INFO - Done. Returned value was: None
[2024-04-25T20:43:20.882+0000] {taskinstance.py:441} INFO - ::group::Post task execution logs
[2024-04-25T20:43:20.904+0000] {taskinstance.py:1205} INFO - Marking task as SUCCESS. dag_id=my_dag, task_id=task_0, execution_date=20240425T204308, start_date=20240425T204309, end_date=20240425T204320
[2024-04-25T20:43:20.978+0000] {local_task_job_runner.py:240} INFO - Task exited with return code 0
[2024-04-25T20:43:21.011+0000] {taskinstance.py:3482} INFO - 0 downstream tasks scheduled from follow-on schedule check
[2024-04-25T20:43:21.018+0000] {local_task_job_runner.py:222} INFO - ::endgroup::
