[2024-05-02T08:24:27.625+0000] {local_task_job_runner.py:120} INFO - ::group::Pre task execution logs
[2024-05-02T08:24:27.678+0000] {taskinstance.py:2073} INFO - Dependencies all met for dep_context=non-requeueable deps ti=<TaskInstance: load_data_mb.load_index_id_702972 scheduled__2024-05-01T00:00:00+00:00 [queued]>
[2024-05-02T08:24:27.696+0000] {taskinstance.py:2073} INFO - Dependencies all met for dep_context=requeueable deps ti=<TaskInstance: load_data_mb.load_index_id_702972 scheduled__2024-05-01T00:00:00+00:00 [queued]>
[2024-05-02T08:24:27.697+0000] {taskinstance.py:2303} INFO - Starting attempt 1 of 1
[2024-05-02T08:24:27.724+0000] {taskinstance.py:2327} INFO - Executing <Task(PythonOperator): load_index_id_702972> on 2024-05-01 00:00:00+00:00
[2024-05-02T08:24:27.734+0000] {standard_task_runner.py:90} INFO - Running: ['***', 'tasks', 'run', 'load_data_mb', 'load_index_id_702972', 'scheduled__2024-05-01T00:00:00+00:00', '--job-id', '428', '--raw', '--subdir', 'DAGS_FOLDER/load_data_mb.py', '--cfg-path', '/tmp/tmp9utp62ad']
[2024-05-02T08:24:27.739+0000] {standard_task_runner.py:91} INFO - Job 428: Subtask load_index_id_702972
[2024-05-02T08:24:27.740+0000] {logging_mixin.py:188} WARNING - /home/***/.local/lib/python3.12/site-packages/***/task/task_runner/standard_task_runner.py:61 DeprecationWarning: This process (pid=868) is multi-threaded, use of fork() may lead to deadlocks in the child.
[2024-05-02T08:24:27.742+0000] {standard_task_runner.py:63} INFO - Started process 869 to run task
[2024-05-02T08:24:27.809+0000] {task_command.py:426} INFO - Running <TaskInstance: load_data_mb.load_index_id_702972 scheduled__2024-05-01T00:00:00+00:00 [running]> on host d933ead87eb5
[2024-05-02T08:24:27.972+0000] {taskinstance.py:2644} INFO - Exporting env vars: AIRFLOW_CTX_DAG_OWNER='***' AIRFLOW_CTX_DAG_ID='load_data_mb' AIRFLOW_CTX_TASK_ID='load_index_id_702972' AIRFLOW_CTX_EXECUTION_DATE='2024-05-01T00:00:00+00:00' AIRFLOW_CTX_TRY_NUMBER='1' AIRFLOW_CTX_DAG_RUN_ID='scheduled__2024-05-01T00:00:00+00:00'
[2024-05-02T08:24:27.973+0000] {taskinstance.py:430} INFO - ::endgroup::
[2024-05-02T08:25:19.656+0000] {logging_mixin.py:188} INFO - {'index_name': 'Среднемесячная номинальная заработная плата одного работника', 'index_id': 702972, 'dic_names': ['Регионы', 'Виды экономической деятельности', 'Тип местности и административное деление', 'Размерность предприятий', 'По полу'], 'period_name': 'Год', 'info': 'ошибка талдау', 'error_code': 500}
[2024-05-02T08:25:19.664+0000] {logging_mixin.py:188} INFO - {'index_name': 'Среднемесячная номинальная заработная плата одного работника', 'index_id': 702972, 'dic_names': ['Регионы', 'Виды экономической деятельности', 'Размерность предприятий', 'Категории работников'], 'period_name': 'Год', 'info': 'ошибка талдау', 'error_code': 500}
[2024-05-02T08:25:19.672+0000] {logging_mixin.py:188} INFO - {'index_name': 'Среднемесячная номинальная заработная плата одного работника', 'index_id': 702972, 'dic_names': ['Регионы', 'Виды экономической деятельности', 'По полу', 'Сектора экономики'], 'period_name': 'Год', 'info': 'ошибка талдау', 'error_code': 500}
[2024-05-02T08:25:19.676+0000] {logging_mixin.py:188} INFO - {'index_name': 'Среднемесячная номинальная заработная плата одного работника', 'index_id': 702972, 'dic_names': ['Регионы', 'Виды экономической деятельности', 'Размерность предприятий', 'Формы и видов собственности'], 'period_name': 'Год', 'info': 'ошибка талдау', 'error_code': 500}
[2024-05-02T08:25:19.679+0000] {logging_mixin.py:188} INFO - {'index_name': 'Среднемесячная номинальная заработная плата одного работника', 'index_id': 702972, 'dic_names': ['Регионы', 'Виды экономической деятельности', 'Размерность предприятий', 'Формы и видов собственности', 'Организационно-правовые формы хозяйствования'], 'period_name': 'Год', 'info': 'ошибка талдау', 'error_code': 500}
[2024-05-02T08:25:19.681+0000] {logging_mixin.py:188} INFO - {'index_name': 'Среднемесячная номинальная заработная плата одного работника', 'index_id': 702972, 'dic_names': ['Регионы', 'Виды экономической деятельности', 'Размерность предприятий', 'Занятия', 'По полу'], 'period_name': 'Год', 'info': 'ошибка талдау', 'error_code': 500}
[2024-05-02T08:25:19.683+0000] {logging_mixin.py:188} INFO - {'index_name': 'Среднемесячная номинальная заработная плата одного работника', 'index_id': 702972, 'dic_names': ['Регионы', 'Виды экономической деятельности', 'Тип местности и административное деление', 'Размерность предприятий', 'Формы и видов собственности', 'Занятия', 'Категории работников', 'По полу'], 'period_name': 'Год', 'info': 'ошибка талдау', 'error_code': 500}
[2024-05-02T08:25:19.684+0000] {logging_mixin.py:188} INFO - {'index_name': 'Среднемесячная номинальная заработная плата одного работника', 'index_id': 702972, 'dic_names': ['Регионы', 'Виды экономической деятельности', 'Сектора экономики'], 'period_name': 'Квартал', 'info': 'ошибка талдау', 'error_code': 500}
[2024-05-02T08:25:19.685+0000] {logging_mixin.py:188} INFO - {'index_name': 'Среднемесячная номинальная заработная плата одного работника', 'index_id': 702972, 'dic_names': ['Регионы', 'Виды экономической деятельности', 'Тип местности и административное деление', 'Размерность предприятий'], 'period_name': 'Квартал', 'info': 'ошибка талдау', 'error_code': 500}
[2024-05-02T08:25:19.687+0000] {logging_mixin.py:188} INFO - {'index_name': 'Среднемесячная номинальная заработная плата одного работника', 'index_id': 702972, 'dic_names': ['Регионы', 'Виды экономической деятельности', 'Тип местности и административное деление', 'Размерность предприятий', 'По полу'], 'period_name': 'Квартал', 'info': 'ошибка талдау', 'error_code': 500}
[2024-05-02T08:25:19.688+0000] {logging_mixin.py:188} INFO - {'index_name': 'Среднемесячная номинальная заработная плата одного работника', 'index_id': 702972, 'dic_names': ['Регионы', 'Виды экономической деятельности', 'Тип местности и административное деление', 'Размерность предприятий'], 'period_name': 'Месяц', 'info': 'ошибка талдау', 'error_code': 500}
[2024-05-02T08:25:19.689+0000] {logging_mixin.py:188} INFO - {'index_name': 'Среднемесячная номинальная заработная плата одного работника', 'index_id': 702972, 'dic_names': ['Регионы', 'Виды экономической деятельности', 'Сектора экономики'], 'period_name': 'Квартал с накоплением', 'info': 'ошибка талдау', 'error_code': 500}
[2024-05-02T08:25:19.691+0000] {logging_mixin.py:188} INFO - {'index_name': 'Среднемесячная номинальная заработная плата одного работника', 'index_id': 702972, 'dic_names': ['Регионы', 'Виды экономической деятельности', 'Тип местности и административное деление', 'Размерность предприятий'], 'period_name': 'Квартал с накоплением', 'info': 'ошибка талдау', 'error_code': 500}
[2024-05-02T08:25:19.692+0000] {logging_mixin.py:188} INFO - {'index_name': 'Среднемесячная номинальная заработная плата одного работника', 'index_id': 702972, 'dic_names': ['Регионы', 'Виды экономической деятельности', 'Тип местности и административное деление', 'Размерность предприятий', 'По полу'], 'period_name': 'Квартал с накоплением', 'info': 'ошибка талдау', 'error_code': 500}
[2024-05-02T08:25:19.693+0000] {logging_mixin.py:188} INFO - {'index_name': 'Среднемесячная номинальная заработная плата одного работника', 'index_id': 702972, 'dic_names': ['Регионы', 'Виды экономической деятельности', 'Тип местности и административное деление', 'Размерность предприятий'], 'period_name': 'Месяц с накоплением', 'info': 'ошибка талдау', 'error_code': 500}
[2024-05-02T08:25:19.694+0000] {logging_mixin.py:188} INFO - {'index_name': 'Среднемесячная номинальная заработная плата одного работника', 'index_id': 702972, 'dic_names': ['Регионы', 'Виды экономической деятельности', 'Занятия', 'По полу'], 'period_name': 'Один раз в год', 'info': 'ошибка талдау', 'error_code': 500}
[2024-05-02T08:25:19.696+0000] {logging_mixin.py:188} INFO - {'index_name': 'Среднемесячная номинальная заработная плата одного работника', 'index_id': 702972, 'dic_names': ['Регионы', 'Виды экономической деятельности', 'Уровни образования', 'По полу'], 'period_name': 'Один раз в год', 'info': 'ошибка талдау', 'error_code': 500}
[2024-05-02T08:25:19.697+0000] {logging_mixin.py:188} INFO - {'index_name': 'Среднемесячная номинальная заработная плата одного работника', 'index_id': 702972, 'dic_names': ['Регионы', 'Виды экономической деятельности', 'По полу', 'Профессии рабочих и должности служащих'], 'period_name': 'Один раз в год', 'info': 'ошибка талдау', 'error_code': 500}
[2024-05-02T08:25:19.700+0000] {logging_mixin.py:188} INFO - {'index_name': 'Среднемесячная номинальная заработная плата одного работника', 'index_id': 702972, 'dic_names': ['Регионы', 'Виды экономической деятельности', 'По полу', 'Дополнительные профессий рабочих и должностей служащих отдельных видов экономической деятельности'], 'period_name': 'Один раз в год', 'info': 'ошибка талдау', 'error_code': 500}
[2024-05-02T08:25:19.702+0000] {logging_mixin.py:188} INFO - {'index_name': 'Среднемесячная номинальная заработная плата одного работника', 'index_id': 702972, 'dic_names': ['Регионы', 'Виды экономической деятельности', 'Формы и видов собственности', 'Занятия', 'По полу'], 'period_name': 'Один раз в год', 'info': 'ошибка талдау', 'error_code': 500}
[2024-05-02T08:25:19.704+0000] {logging_mixin.py:188} INFO - {'index_name': 'Среднемесячная номинальная заработная плата одного работника', 'index_id': 702972, 'dic_names': ['Регионы', 'Виды экономической деятельности', 'Формы и видов собственности', 'Возраста', 'По полу'], 'period_name': 'Один раз в год', 'info': 'ошибка талдау', 'error_code': 500}
[2024-05-02T08:25:19.705+0000] {logging_mixin.py:188} INFO - {'index_name': 'Среднемесячная номинальная заработная плата одного работника', 'index_id': 702972, 'dic_names': ['Регионы', 'Виды экономической деятельности', 'Формы и видов собственности', 'Режим работы', 'По полу'], 'period_name': 'Один раз в год', 'info': 'ошибка талдау', 'error_code': 500}
[2024-05-02T08:25:19.707+0000] {logging_mixin.py:188} INFO - {'index_name': 'Среднемесячная номинальная заработная плата одного работника', 'index_id': 702972, 'dic_names': ['Регионы', 'Виды экономической деятельности', 'Размерность юридических лиц, филиалов и представительств, а также субъектов индивидуального предпринимательства по численности работников', 'Режим работы', 'Уровни образования', 'По полу'], 'period_name': 'Один раз в год', 'info': 'ошибка талдау', 'error_code': 500}
[2024-05-02T08:25:19.709+0000] {python.py:237} INFO - Done. Returned value was: None
[2024-05-02T08:25:19.712+0000] {taskinstance.py:441} INFO - ::group::Post task execution logs
[2024-05-02T08:25:19.736+0000] {taskinstance.py:1205} INFO - Marking task as SUCCESS. dag_id=load_data_mb, task_id=load_index_id_702972, execution_date=20240501T000000, start_date=20240502T082427, end_date=20240502T082519
[2024-05-02T08:25:19.793+0000] {local_task_job_runner.py:240} INFO - Task exited with return code 0
[2024-05-02T08:25:19.819+0000] {taskinstance.py:3482} INFO - 0 downstream tasks scheduled from follow-on schedule check
[2024-05-02T08:25:19.825+0000] {local_task_job_runner.py:222} INFO - ::endgroup::
