[2024-04-25T20:53:07.389+0000] {local_task_job_runner.py:120} INFO - ::group::Pre task execution logs
[2024-04-25T20:53:07.468+0000] {taskinstance.py:2073} INFO - Dependencies all met for dep_context=non-requeueable deps ti=<TaskInstance: my_dag.task_0 manual__2024-04-25T20:49:06.044931+00:00 [queued]>
[2024-04-25T20:53:07.484+0000] {taskinstance.py:2073} INFO - Dependencies all met for dep_context=requeueable deps ti=<TaskInstance: my_dag.task_0 manual__2024-04-25T20:49:06.044931+00:00 [queued]>
[2024-04-25T20:53:07.486+0000] {taskinstance.py:2303} INFO - Starting attempt 2 of 5
[2024-04-25T20:53:07.532+0000] {taskinstance.py:2327} INFO - Executing <Task(PythonOperator): task_0> on 2024-04-25 20:49:06.044931+00:00
[2024-04-25T20:53:07.572+0000] {logging_mixin.py:188} WARNING - /home/***/.local/lib/python3.12/site-packages/***/task/task_runner/standard_task_runner.py:61 DeprecationWarning: This process (pid=1062) is multi-threaded, use of fork() may lead to deadlocks in the child.
[2024-04-25T20:53:07.575+0000] {standard_task_runner.py:63} INFO - Started process 1074 to run task
[2024-04-25T20:53:07.588+0000] {standard_task_runner.py:90} INFO - Running: ['***', 'tasks', 'run', 'my_dag', 'task_0', 'manual__2024-04-25T20:49:06.044931+00:00', '--job-id', '109', '--raw', '--subdir', 'DAGS_FOLDER/python_op.py', '--cfg-path', '/tmp/tmp7r7phwhx']
[2024-04-25T20:53:07.600+0000] {standard_task_runner.py:91} INFO - Job 109: Subtask task_0
[2024-04-25T20:53:09.512+0000] {task_command.py:426} INFO - Running <TaskInstance: my_dag.task_0 manual__2024-04-25T20:49:06.044931+00:00 [running]> on host f9a12f9b65d4
[2024-04-25T20:53:10.176+0000] {taskinstance.py:2644} INFO - Exporting env vars: AIRFLOW_CTX_DAG_OWNER='***' AIRFLOW_CTX_DAG_ID='my_dag' AIRFLOW_CTX_TASK_ID='task_0' AIRFLOW_CTX_EXECUTION_DATE='2024-04-25T20:49:06.044931+00:00' AIRFLOW_CTX_TRY_NUMBER='2' AIRFLOW_CTX_DAG_RUN_ID='manual__2024-04-25T20:49:06.044931+00:00'
[2024-04-25T20:53:10.192+0000] {taskinstance.py:430} INFO - ::endgroup::
[2024-04-25T20:53:10.290+0000] {logging_mixin.py:188} INFO - 0
[2024-04-25T20:53:10.293+0000] {logging_mixin.py:188} INFO - test
[2024-04-25T20:53:10.300+0000] {python.py:237} INFO - Done. Returned value was: None
[2024-04-25T20:53:10.304+0000] {taskinstance.py:441} INFO - ::group::Post task execution logs
[2024-04-25T20:53:10.351+0000] {taskinstance.py:1205} INFO - Marking task as SUCCESS. dag_id=my_dag, task_id=task_0, execution_date=20240425T204906, start_date=20240425T205307, end_date=20240425T205310
[2024-04-25T20:53:10.570+0000] {local_task_job_runner.py:240} INFO - Task exited with return code 0
[2024-04-25T20:53:10.877+0000] {taskinstance.py:3482} INFO - 0 downstream tasks scheduled from follow-on schedule check
[2024-04-25T20:53:10.899+0000] {local_task_job_runner.py:222} INFO - ::endgroup::
