[2024-06-11T21:29:40.005+0000] {local_task_job_runner.py:120} INFO - ::group::Pre task execution logs
[2024-06-11T21:29:40.121+0000] {taskinstance.py:2073} INFO - Dependencies all met for dep_context=non-requeueable deps ti=<TaskInstance: load_data_mb.load_index_id_4023003 scheduled__2024-06-10T00:00:00+00:00 [queued]>
[2024-06-11T21:29:40.146+0000] {taskinstance.py:2073} INFO - Dependencies all met for dep_context=requeueable deps ti=<TaskInstance: load_data_mb.load_index_id_4023003 scheduled__2024-06-10T00:00:00+00:00 [queued]>
[2024-06-11T21:29:40.147+0000] {taskinstance.py:2303} INFO - Starting attempt 1 of 1
[2024-06-11T21:29:40.198+0000] {taskinstance.py:2327} INFO - Executing <Task(PythonOperator): load_index_id_4023003> on 2024-06-10 00:00:00+00:00
[2024-06-11T21:29:40.225+0000] {logging_mixin.py:188} WARNING - /home/***/.local/lib/python3.12/site-packages/***/task/task_runner/standard_task_runner.py:61 DeprecationWarning: This process (pid=298) is multi-threaded, use of fork() may lead to deadlocks in the child.
[2024-06-11T21:29:40.223+0000] {standard_task_runner.py:90} INFO - Running: ['***', 'tasks', 'run', 'load_data_mb', 'load_index_id_4023003', 'scheduled__2024-06-10T00:00:00+00:00', '--job-id', '151', '--raw', '--subdir', 'DAGS_FOLDER/load_data_mb.py', '--cfg-path', '/tmp/tmplbbh6hcj']
[2024-06-11T21:29:40.228+0000] {standard_task_runner.py:63} INFO - Started process 299 to run task
[2024-06-11T21:29:40.230+0000] {standard_task_runner.py:91} INFO - Job 151: Subtask load_index_id_4023003
[2024-06-11T21:29:40.356+0000] {task_command.py:426} INFO - Running <TaskInstance: load_data_mb.load_index_id_4023003 scheduled__2024-06-10T00:00:00+00:00 [running]> on host e6f094d2943c
[2024-06-11T21:29:40.479+0000] {taskinstance.py:2644} INFO - Exporting env vars: AIRFLOW_CTX_DAG_OWNER='***' AIRFLOW_CTX_DAG_ID='load_data_mb' AIRFLOW_CTX_TASK_ID='load_index_id_4023003' AIRFLOW_CTX_EXECUTION_DATE='2024-06-10T00:00:00+00:00' AIRFLOW_CTX_TRY_NUMBER='1' AIRFLOW_CTX_DAG_RUN_ID='scheduled__2024-06-10T00:00:00+00:00'
[2024-06-11T21:29:40.480+0000] {taskinstance.py:430} INFO - ::endgroup::
[2024-06-11T21:29:40.533+0000] {logging_mixin.py:188} INFO - Ошибка в коде или неверный json
[2024-06-11T21:29:40.535+0000] {taskinstance.py:441} INFO - ::group::Post task execution logs
[2024-06-11T21:29:40.536+0000] {taskinstance.py:2892} ERROR - Task failed due to SystemExit(1)
[2024-06-11T21:29:40.547+0000] {taskinstance.py:1205} INFO - Marking task as FAILED. dag_id=load_data_mb, task_id=load_index_id_4023003, execution_date=20240610T000000, start_date=20240611T212940, end_date=20240611T212940
[2024-06-11T21:29:40.565+0000] {standard_task_runner.py:110} ERROR - Failed to execute job 151 for task load_index_id_4023003 (Task failed due to SystemExit(1); 299)
[2024-06-11T21:29:40.607+0000] {local_task_job_runner.py:240} INFO - Task exited with return code 1
[2024-06-11T21:29:40.631+0000] {taskinstance.py:3482} INFO - 0 downstream tasks scheduled from follow-on schedule check
[2024-06-11T21:29:40.634+0000] {local_task_job_runner.py:222} INFO - ::endgroup::
[2024-06-11T21:30:03.203+0000] {local_task_job_runner.py:120} INFO - ::group::Pre task execution logs
[2024-06-11T21:30:03.247+0000] {taskinstance.py:2073} INFO - Dependencies all met for dep_context=non-requeueable deps ti=<TaskInstance: load_data_mb.load_index_id_4023003 scheduled__2024-06-10T00:00:00+00:00 [queued]>
[2024-06-11T21:30:03.261+0000] {taskinstance.py:2073} INFO - Dependencies all met for dep_context=requeueable deps ti=<TaskInstance: load_data_mb.load_index_id_4023003 scheduled__2024-06-10T00:00:00+00:00 [queued]>
[2024-06-11T21:30:03.262+0000] {taskinstance.py:2303} INFO - Starting attempt 1 of 1
[2024-06-11T21:30:03.286+0000] {taskinstance.py:2327} INFO - Executing <Task(PythonOperator): load_index_id_4023003> on 2024-06-10 00:00:00+00:00
[2024-06-11T21:30:03.296+0000] {standard_task_runner.py:90} INFO - Running: ['***', 'tasks', 'run', 'load_data_mb', 'load_index_id_4023003', 'scheduled__2024-06-10T00:00:00+00:00', '--job-id', '160', '--raw', '--subdir', 'DAGS_FOLDER/load_data_mb.py', '--cfg-path', '/tmp/tmp7n823opf']
[2024-06-11T21:30:03.297+0000] {logging_mixin.py:188} WARNING - /home/***/.local/lib/python3.12/site-packages/***/task/task_runner/standard_task_runner.py:61 DeprecationWarning: This process (pid=327) is multi-threaded, use of fork() may lead to deadlocks in the child.
[2024-06-11T21:30:03.300+0000] {standard_task_runner.py:91} INFO - Job 160: Subtask load_index_id_4023003
[2024-06-11T21:30:03.300+0000] {standard_task_runner.py:63} INFO - Started process 328 to run task
[2024-06-11T21:30:03.366+0000] {task_command.py:426} INFO - Running <TaskInstance: load_data_mb.load_index_id_4023003 scheduled__2024-06-10T00:00:00+00:00 [running]> on host e6f094d2943c
[2024-06-11T21:30:03.714+0000] {taskinstance.py:2644} INFO - Exporting env vars: AIRFLOW_CTX_DAG_OWNER='***' AIRFLOW_CTX_DAG_ID='load_data_mb' AIRFLOW_CTX_TASK_ID='load_index_id_4023003' AIRFLOW_CTX_EXECUTION_DATE='2024-06-10T00:00:00+00:00' AIRFLOW_CTX_TRY_NUMBER='1' AIRFLOW_CTX_DAG_RUN_ID='scheduled__2024-06-10T00:00:00+00:00'
[2024-06-11T21:30:03.735+0000] {taskinstance.py:430} INFO - ::endgroup::
[2024-06-11T21:30:03.906+0000] {logging_mixin.py:188} INFO - Ошибка в коде или неверный json
[2024-06-11T21:30:03.913+0000] {taskinstance.py:441} INFO - ::group::Post task execution logs
[2024-06-11T21:30:03.915+0000] {taskinstance.py:2892} ERROR - Task failed due to SystemExit(1)
[2024-06-11T21:30:03.959+0000] {taskinstance.py:1205} INFO - Marking task as FAILED. dag_id=load_data_mb, task_id=load_index_id_4023003, execution_date=20240610T000000, start_date=20240611T213003, end_date=20240611T213003
[2024-06-11T21:30:04.063+0000] {standard_task_runner.py:110} ERROR - Failed to execute job 160 for task load_index_id_4023003 (Task failed due to SystemExit(1); 328)
[2024-06-11T21:30:04.146+0000] {local_task_job_runner.py:240} INFO - Task exited with return code 1
[2024-06-11T21:30:04.261+0000] {taskinstance.py:3482} INFO - 0 downstream tasks scheduled from follow-on schedule check
[2024-06-11T21:30:04.277+0000] {local_task_job_runner.py:222} INFO - ::endgroup::
[2024-06-11T21:31:44.695+0000] {local_task_job_runner.py:120} INFO - ::group::Pre task execution logs
[2024-06-11T21:31:44.791+0000] {taskinstance.py:2073} INFO - Dependencies all met for dep_context=non-requeueable deps ti=<TaskInstance: load_data_mb.load_index_id_4023003 scheduled__2024-06-10T00:00:00+00:00 [queued]>
[2024-06-11T21:31:44.829+0000] {taskinstance.py:2073} INFO - Dependencies all met for dep_context=requeueable deps ti=<TaskInstance: load_data_mb.load_index_id_4023003 scheduled__2024-06-10T00:00:00+00:00 [queued]>
[2024-06-11T21:31:44.831+0000] {taskinstance.py:2303} INFO - Starting attempt 1 of 1
[2024-06-11T21:31:44.913+0000] {taskinstance.py:2327} INFO - Executing <Task(PythonOperator): load_index_id_4023003> on 2024-06-10 00:00:00+00:00
[2024-06-11T21:31:44.983+0000] {standard_task_runner.py:90} INFO - Running: ['***', 'tasks', 'run', 'load_data_mb', 'load_index_id_4023003', 'scheduled__2024-06-10T00:00:00+00:00', '--job-id', '202', '--raw', '--subdir', 'DAGS_FOLDER/load_data_mb.py', '--cfg-path', '/tmp/tmp0x5iq2ll']
[2024-06-11T21:31:45.023+0000] {logging_mixin.py:188} WARNING - /home/***/.local/lib/python3.12/site-packages/***/task/task_runner/standard_task_runner.py:61 DeprecationWarning: This process (pid=443) is multi-threaded, use of fork() may lead to deadlocks in the child.
[2024-06-11T21:31:45.020+0000] {standard_task_runner.py:91} INFO - Job 202: Subtask load_index_id_4023003
[2024-06-11T21:31:45.045+0000] {standard_task_runner.py:63} INFO - Started process 444 to run task
[2024-06-11T21:31:45.509+0000] {task_command.py:426} INFO - Running <TaskInstance: load_data_mb.load_index_id_4023003 scheduled__2024-06-10T00:00:00+00:00 [running]> on host e6f094d2943c
[2024-06-11T21:31:45.835+0000] {taskinstance.py:2644} INFO - Exporting env vars: AIRFLOW_CTX_DAG_OWNER='***' AIRFLOW_CTX_DAG_ID='load_data_mb' AIRFLOW_CTX_TASK_ID='load_index_id_4023003' AIRFLOW_CTX_EXECUTION_DATE='2024-06-10T00:00:00+00:00' AIRFLOW_CTX_TRY_NUMBER='1' AIRFLOW_CTX_DAG_RUN_ID='scheduled__2024-06-10T00:00:00+00:00'
[2024-06-11T21:31:45.837+0000] {taskinstance.py:430} INFO - ::endgroup::
[2024-06-11T21:31:45.891+0000] {logging_mixin.py:188} INFO - Ошибка в коде или неверный json
[2024-06-11T21:31:45.893+0000] {taskinstance.py:441} INFO - ::group::Post task execution logs
[2024-06-11T21:31:45.895+0000] {taskinstance.py:2892} ERROR - Task failed due to SystemExit(1)
[2024-06-11T21:31:45.909+0000] {taskinstance.py:1205} INFO - Marking task as FAILED. dag_id=load_data_mb, task_id=load_index_id_4023003, execution_date=20240610T000000, start_date=20240611T213144, end_date=20240611T213145
[2024-06-11T21:31:45.927+0000] {standard_task_runner.py:110} ERROR - Failed to execute job 202 for task load_index_id_4023003 (Task failed due to SystemExit(1); 444)
[2024-06-11T21:31:45.971+0000] {local_task_job_runner.py:240} INFO - Task exited with return code 1
[2024-06-11T21:31:45.997+0000] {taskinstance.py:3482} INFO - 0 downstream tasks scheduled from follow-on schedule check
[2024-06-11T21:31:46.002+0000] {local_task_job_runner.py:222} INFO - ::endgroup::
[2024-06-11T21:44:59.790+0000] {local_task_job_runner.py:120} INFO - ::group::Pre task execution logs
[2024-06-11T21:44:59.853+0000] {taskinstance.py:2073} INFO - Dependencies all met for dep_context=non-requeueable deps ti=<TaskInstance: load_data_mb.load_index_id_4023003 scheduled__2024-06-10T00:00:00+00:00 [queued]>
[2024-06-11T21:44:59.872+0000] {taskinstance.py:2073} INFO - Dependencies all met for dep_context=requeueable deps ti=<TaskInstance: load_data_mb.load_index_id_4023003 scheduled__2024-06-10T00:00:00+00:00 [queued]>
[2024-06-11T21:44:59.873+0000] {taskinstance.py:2303} INFO - Starting attempt 1 of 1
[2024-06-11T21:44:59.900+0000] {taskinstance.py:2327} INFO - Executing <Task(PythonOperator): load_index_id_4023003> on 2024-06-10 00:00:00+00:00
[2024-06-11T21:44:59.912+0000] {standard_task_runner.py:90} INFO - Running: ['***', 'tasks', 'run', 'load_data_mb', 'load_index_id_4023003', 'scheduled__2024-06-10T00:00:00+00:00', '--job-id', '261', '--raw', '--subdir', 'DAGS_FOLDER/load_data.py', '--cfg-path', '/tmp/tmp45i0kjp6']
[2024-06-11T21:44:59.920+0000] {standard_task_runner.py:91} INFO - Job 261: Subtask load_index_id_4023003
[2024-06-11T21:44:59.924+0000] {logging_mixin.py:188} WARNING - /home/***/.local/lib/python3.12/site-packages/***/task/task_runner/standard_task_runner.py:61 DeprecationWarning: This process (pid=186) is multi-threaded, use of fork() may lead to deadlocks in the child.
[2024-06-11T21:44:59.926+0000] {standard_task_runner.py:63} INFO - Started process 187 to run task
[2024-06-11T21:45:00.044+0000] {task_command.py:426} INFO - Running <TaskInstance: load_data_mb.load_index_id_4023003 scheduled__2024-06-10T00:00:00+00:00 [running]> on host f7fd8afd804e
[2024-06-11T21:45:00.205+0000] {taskinstance.py:2644} INFO - Exporting env vars: AIRFLOW_CTX_DAG_OWNER='***' AIRFLOW_CTX_DAG_ID='load_data_mb' AIRFLOW_CTX_TASK_ID='load_index_id_4023003' AIRFLOW_CTX_EXECUTION_DATE='2024-06-10T00:00:00+00:00' AIRFLOW_CTX_TRY_NUMBER='1' AIRFLOW_CTX_DAG_RUN_ID='scheduled__2024-06-10T00:00:00+00:00'
[2024-06-11T21:45:00.206+0000] {taskinstance.py:430} INFO - ::endgroup::
[2024-06-11T21:45:00.267+0000] {logging_mixin.py:188} INFO - Ошибка в коде или неверный json
[2024-06-11T21:45:00.268+0000] {taskinstance.py:441} INFO - ::group::Post task execution logs
[2024-06-11T21:45:00.269+0000] {taskinstance.py:2892} ERROR - Task failed due to SystemExit(1)
[2024-06-11T21:45:00.285+0000] {taskinstance.py:1205} INFO - Marking task as FAILED. dag_id=load_data_mb, task_id=load_index_id_4023003, execution_date=20240610T000000, start_date=20240611T214459, end_date=20240611T214500
[2024-06-11T21:45:00.308+0000] {standard_task_runner.py:110} ERROR - Failed to execute job 261 for task load_index_id_4023003 (Task failed due to SystemExit(1); 187)
[2024-06-11T21:45:00.344+0000] {local_task_job_runner.py:240} INFO - Task exited with return code 1
[2024-06-11T21:45:00.375+0000] {taskinstance.py:3482} INFO - 0 downstream tasks scheduled from follow-on schedule check
[2024-06-11T21:45:00.381+0000] {local_task_job_runner.py:222} INFO - ::endgroup::
