[2024-05-02T08:29:31.788+0000] {local_task_job_runner.py:120} INFO - ::group::Pre task execution logs
[2024-05-02T08:29:31.843+0000] {taskinstance.py:2073} INFO - Dependencies all met for dep_context=non-requeueable deps ti=<TaskInstance: load_data_mb.load_index_id_700917 scheduled__2024-05-01T00:00:00+00:00 [queued]>
[2024-05-02T08:29:31.859+0000] {taskinstance.py:2073} INFO - Dependencies all met for dep_context=requeueable deps ti=<TaskInstance: load_data_mb.load_index_id_700917 scheduled__2024-05-01T00:00:00+00:00 [queued]>
[2024-05-02T08:29:31.861+0000] {taskinstance.py:2303} INFO - Starting attempt 1 of 1
[2024-05-02T08:29:31.885+0000] {taskinstance.py:2327} INFO - Executing <Task(PythonOperator): load_index_id_700917> on 2024-05-01 00:00:00+00:00
[2024-05-02T08:29:31.895+0000] {logging_mixin.py:188} WARNING - /home/***/.local/lib/python3.12/site-packages/***/task/task_runner/standard_task_runner.py:61 DeprecationWarning: This process (pid=1022) is multi-threaded, use of fork() may lead to deadlocks in the child.
[2024-05-02T08:29:31.894+0000] {standard_task_runner.py:90} INFO - Running: ['***', 'tasks', 'run', 'load_data_mb', 'load_index_id_700917', 'scheduled__2024-05-01T00:00:00+00:00', '--job-id', '447', '--raw', '--subdir', 'DAGS_FOLDER/load_data_mb.py', '--cfg-path', '/tmp/tmpvmfanc91']
[2024-05-02T08:29:31.898+0000] {standard_task_runner.py:63} INFO - Started process 1023 to run task
[2024-05-02T08:29:31.898+0000] {standard_task_runner.py:91} INFO - Job 447: Subtask load_index_id_700917
[2024-05-02T08:29:31.967+0000] {task_command.py:426} INFO - Running <TaskInstance: load_data_mb.load_index_id_700917 scheduled__2024-05-01T00:00:00+00:00 [running]> on host d933ead87eb5
[2024-05-02T08:29:32.104+0000] {taskinstance.py:2644} INFO - Exporting env vars: AIRFLOW_CTX_DAG_OWNER='***' AIRFLOW_CTX_DAG_ID='load_data_mb' AIRFLOW_CTX_TASK_ID='load_index_id_700917' AIRFLOW_CTX_EXECUTION_DATE='2024-05-01T00:00:00+00:00' AIRFLOW_CTX_TRY_NUMBER='1' AIRFLOW_CTX_DAG_RUN_ID='scheduled__2024-05-01T00:00:00+00:00'
[2024-05-02T08:29:32.107+0000] {taskinstance.py:430} INFO - ::endgroup::
[2024-05-02T08:29:48.879+0000] {logging_mixin.py:188} INFO - {'index_name': 'индекс физического объема валовой добавленной стоимости в счете производства ', 'index_id': 700917, 'dic_names': ['Регионы', 'Виды экономической деятельности', 'Соотнесение периодов'], 'period_name': 'Год', 'info': 'ошибка талдау', 'error_code': 500}
[2024-05-02T08:29:48.880+0000] {logging_mixin.py:188} INFO - {'index_name': 'индекс физического объема валовой добавленной стоимости в счете производства ', 'index_id': 700917, 'dic_names': ['Регионы', 'Соотнесение периодов', 'Типы секторов экономики'], 'period_name': 'Год', 'info': 'ошибка талдау', 'error_code': 500}
[2024-05-02T08:29:48.881+0000] {logging_mixin.py:188} INFO - {'index_name': 'индекс физического объема валовой добавленной стоимости в счете производства ', 'index_id': 700917, 'dic_names': ['Регионы', 'Соотнесение периодов', 'Типы секторов экономики'], 'period_name': 'Квартал с накоплением', 'info': 'ошибка талдау', 'error_code': 500}
[2024-05-02T08:29:48.882+0000] {logging_mixin.py:188} INFO - {'index_name': 'индекс физического объема валовой добавленной стоимости в счете производства ', 'index_id': 700917, 'dic_names': ['Регионы'], 'period_name': 'Год', 'info': 'ошибка талдау', 'error_code': 500}
[2024-05-02T08:29:48.882+0000] {logging_mixin.py:188} INFO - {'index_name': 'индекс физического объема валовой добавленной стоимости в счете производства ', 'index_id': 700917, 'dic_names': ['Регионы', 'Виды экономической деятельности'], 'period_name': 'Год', 'info': 'ошибка талдау', 'error_code': 500}
[2024-05-02T08:29:48.883+0000] {logging_mixin.py:188} INFO - {'index_name': 'индекс физического объема валовой добавленной стоимости в счете производства ', 'index_id': 700917, 'dic_names': ['Регионы'], 'period_name': 'Квартал с накоплением', 'info': 'ошибка талдау', 'error_code': 500}
[2024-05-02T08:29:48.884+0000] {logging_mixin.py:188} INFO - {'index_name': 'индекс физического объема валовой добавленной стоимости в счете производства ', 'index_id': 700917, 'dic_names': ['Регионы', 'Виды экономической деятельности'], 'period_name': 'Квартал с накоплением', 'info': 'ошибка талдау', 'error_code': 500}
[2024-05-02T08:29:48.885+0000] {logging_mixin.py:188} INFO - {'index_name': 'индекс физического объема валовой добавленной стоимости в счете производства ', 'index_id': 700917, 'dic_names': ['Регионы', 'Виды экономической деятельности', 'Соотнесение периодов'], 'period_name': 'Квартал с накоплением', 'info': 'ошибка талдау', 'error_code': 500}
[2024-05-02T08:29:48.886+0000] {python.py:237} INFO - Done. Returned value was: None
[2024-05-02T08:29:48.887+0000] {taskinstance.py:441} INFO - ::group::Post task execution logs
[2024-05-02T08:29:48.902+0000] {taskinstance.py:1205} INFO - Marking task as SUCCESS. dag_id=load_data_mb, task_id=load_index_id_700917, execution_date=20240501T000000, start_date=20240502T082931, end_date=20240502T082948
[2024-05-02T08:29:48.955+0000] {local_task_job_runner.py:240} INFO - Task exited with return code 0
[2024-05-02T08:29:48.977+0000] {taskinstance.py:3482} INFO - 0 downstream tasks scheduled from follow-on schedule check
[2024-05-02T08:29:48.983+0000] {local_task_job_runner.py:222} INFO - ::endgroup::
