[2024-05-02T08:25:57.280+0000] {local_task_job_runner.py:120} INFO - ::group::Pre task execution logs
[2024-05-02T08:25:57.346+0000] {taskinstance.py:2073} INFO - Dependencies all met for dep_context=non-requeueable deps ti=<TaskInstance: load_data_mb.load_index_id_704449 scheduled__2024-05-01T00:00:00+00:00 [queued]>
[2024-05-02T08:25:57.361+0000] {taskinstance.py:2073} INFO - Dependencies all met for dep_context=requeueable deps ti=<TaskInstance: load_data_mb.load_index_id_704449 scheduled__2024-05-01T00:00:00+00:00 [queued]>
[2024-05-02T08:25:57.362+0000] {taskinstance.py:2303} INFO - Starting attempt 1 of 1
[2024-05-02T08:25:57.386+0000] {taskinstance.py:2327} INFO - Executing <Task(PythonOperator): load_index_id_704449> on 2024-05-01 00:00:00+00:00
[2024-05-02T08:25:57.396+0000] {logging_mixin.py:188} WARNING - /home/***/.local/lib/python3.12/site-packages/***/task/task_runner/standard_task_runner.py:61 DeprecationWarning: This process (pid=909) is multi-threaded, use of fork() may lead to deadlocks in the child.
[2024-05-02T08:25:57.398+0000] {standard_task_runner.py:63} INFO - Started process 910 to run task
[2024-05-02T08:25:57.396+0000] {standard_task_runner.py:90} INFO - Running: ['***', 'tasks', 'run', 'load_data_mb', 'load_index_id_704449', 'scheduled__2024-05-01T00:00:00+00:00', '--job-id', '432', '--raw', '--subdir', 'DAGS_FOLDER/load_data_mb.py', '--cfg-path', '/tmp/tmpqsz9n8cw']
[2024-05-02T08:25:57.399+0000] {standard_task_runner.py:91} INFO - Job 432: Subtask load_index_id_704449
[2024-05-02T08:25:57.466+0000] {task_command.py:426} INFO - Running <TaskInstance: load_data_mb.load_index_id_704449 scheduled__2024-05-01T00:00:00+00:00 [running]> on host d933ead87eb5
[2024-05-02T08:25:57.692+0000] {taskinstance.py:2644} INFO - Exporting env vars: AIRFLOW_CTX_DAG_OWNER='***' AIRFLOW_CTX_DAG_ID='load_data_mb' AIRFLOW_CTX_TASK_ID='load_index_id_704449' AIRFLOW_CTX_EXECUTION_DATE='2024-05-01T00:00:00+00:00' AIRFLOW_CTX_TRY_NUMBER='1' AIRFLOW_CTX_DAG_RUN_ID='scheduled__2024-05-01T00:00:00+00:00'
[2024-05-02T08:25:57.695+0000] {taskinstance.py:430} INFO - ::endgroup::
[2024-05-02T08:26:10.114+0000] {logging_mixin.py:188} INFO - {'index_name': 'индекс реальных денежных доходов', 'index_id': 704449, 'dic_names': ['Регионы'], 'period_name': 'Год', 'info': 'ошибка талдау', 'error_code': 500}
[2024-05-02T08:26:10.116+0000] {logging_mixin.py:188} INFO - {'index_name': 'индекс реальных денежных доходов', 'index_id': 704449, 'dic_names': ['Регионы'], 'period_name': 'Квартал', 'info': 'ошибка талдау', 'error_code': 500}
[2024-05-02T08:26:10.117+0000] {logging_mixin.py:188} INFO - {'index_name': 'индекс реальных денежных доходов', 'index_id': 704449, 'dic_names': ['Регионы'], 'period_name': 'Месяц', 'info': 'ошибка талдау', 'error_code': 500}
[2024-05-02T08:26:10.118+0000] {logging_mixin.py:188} INFO - {'index_name': 'индекс реальных денежных доходов', 'index_id': 704449, 'dic_names': ['Регионы'], 'period_name': 'Месяц с накоплением', 'info': 'ошибка талдау', 'error_code': 500}
[2024-05-02T08:26:10.120+0000] {python.py:237} INFO - Done. Returned value was: None
[2024-05-02T08:26:10.122+0000] {taskinstance.py:441} INFO - ::group::Post task execution logs
[2024-05-02T08:26:10.136+0000] {taskinstance.py:1205} INFO - Marking task as SUCCESS. dag_id=load_data_mb, task_id=load_index_id_704449, execution_date=20240501T000000, start_date=20240502T082557, end_date=20240502T082610
[2024-05-02T08:26:10.194+0000] {local_task_job_runner.py:240} INFO - Task exited with return code 0
[2024-05-02T08:26:10.217+0000] {taskinstance.py:3482} INFO - 0 downstream tasks scheduled from follow-on schedule check
[2024-05-02T08:26:10.223+0000] {local_task_job_runner.py:222} INFO - ::endgroup::
