[2024-06-11T21:45:16.416+0000] {local_task_job_runner.py:120} INFO - ::group::Pre task execution logs
[2024-06-11T21:45:16.466+0000] {taskinstance.py:2073} INFO - Dependencies all met for dep_context=non-requeueable deps ti=<TaskInstance: load_data_mb.load_index_id_702972 manual__2024-06-11T21:41:03.459046+00:00 [queued]>
[2024-06-11T21:45:16.478+0000] {taskinstance.py:2073} INFO - Dependencies all met for dep_context=requeueable deps ti=<TaskInstance: load_data_mb.load_index_id_702972 manual__2024-06-11T21:41:03.459046+00:00 [queued]>
[2024-06-11T21:45:16.479+0000] {taskinstance.py:2303} INFO - Starting attempt 1 of 1
[2024-06-11T21:45:16.502+0000] {taskinstance.py:2327} INFO - Executing <Task(PythonOperator): load_index_id_702972> on 2024-06-11 21:41:03.459046+00:00
[2024-06-11T21:45:16.513+0000] {standard_task_runner.py:90} INFO - Running: ['***', 'tasks', 'run', 'load_data_mb', 'load_index_id_702972', 'manual__2024-06-11T21:41:03.459046+00:00', '--job-id', '271', '--raw', '--subdir', 'DAGS_FOLDER/load_data.py', '--cfg-path', '/tmp/tmpxf7i7w4t']
[2024-06-11T21:45:16.521+0000] {standard_task_runner.py:91} INFO - Job 271: Subtask load_index_id_702972
[2024-06-11T21:45:16.526+0000] {logging_mixin.py:188} WARNING - /home/***/.local/lib/python3.12/site-packages/***/task/task_runner/standard_task_runner.py:61 DeprecationWarning: This process (pid=206) is multi-threaded, use of fork() may lead to deadlocks in the child.
[2024-06-11T21:45:16.528+0000] {standard_task_runner.py:63} INFO - Started process 207 to run task
[2024-06-11T21:45:16.614+0000] {task_command.py:426} INFO - Running <TaskInstance: load_data_mb.load_index_id_702972 manual__2024-06-11T21:41:03.459046+00:00 [running]> on host f7fd8afd804e
[2024-06-11T21:45:16.757+0000] {taskinstance.py:2644} INFO - Exporting env vars: AIRFLOW_CTX_DAG_OWNER='***' AIRFLOW_CTX_DAG_ID='load_data_mb' AIRFLOW_CTX_TASK_ID='load_index_id_702972' AIRFLOW_CTX_EXECUTION_DATE='2024-06-11T21:41:03.459046+00:00' AIRFLOW_CTX_TRY_NUMBER='1' AIRFLOW_CTX_DAG_RUN_ID='manual__2024-06-11T21:41:03.459046+00:00'
[2024-06-11T21:45:16.758+0000] {taskinstance.py:430} INFO - ::endgroup::
[2024-06-11T21:45:16.810+0000] {logging_mixin.py:188} INFO - Ошибка в коде или неверный json
[2024-06-11T21:45:16.812+0000] {taskinstance.py:441} INFO - ::group::Post task execution logs
[2024-06-11T21:45:16.813+0000] {taskinstance.py:2892} ERROR - Task failed due to SystemExit(1)
[2024-06-11T21:45:16.826+0000] {taskinstance.py:1205} INFO - Marking task as FAILED. dag_id=load_data_mb, task_id=load_index_id_702972, execution_date=20240611T214103, start_date=20240611T214516, end_date=20240611T214516
[2024-06-11T21:45:16.849+0000] {standard_task_runner.py:110} ERROR - Failed to execute job 271 for task load_index_id_702972 (Task failed due to SystemExit(1); 207)
[2024-06-11T21:45:16.866+0000] {local_task_job_runner.py:240} INFO - Task exited with return code 1
[2024-06-11T21:45:16.896+0000] {taskinstance.py:3482} INFO - 0 downstream tasks scheduled from follow-on schedule check
[2024-06-11T21:45:16.905+0000] {local_task_job_runner.py:222} INFO - ::endgroup::
