[2024-06-06T21:37:16.148+0000] {local_task_job_runner.py:120} INFO - ::group::Pre task execution logs
[2024-06-06T21:37:16.213+0000] {taskinstance.py:2073} INFO - Dependencies all met for dep_context=non-requeueable deps ti=<TaskInstance: load_data_mb.load_index_id_702972 scheduled__2024-06-05T00:00:00+00:00 [queued]>
[2024-06-06T21:37:16.228+0000] {taskinstance.py:2073} INFO - Dependencies all met for dep_context=requeueable deps ti=<TaskInstance: load_data_mb.load_index_id_702972 scheduled__2024-06-05T00:00:00+00:00 [queued]>
[2024-06-06T21:37:16.229+0000] {taskinstance.py:2303} INFO - Starting attempt 1 of 1
[2024-06-06T21:37:16.257+0000] {taskinstance.py:2327} INFO - Executing <Task(PythonOperator): load_index_id_702972> on 2024-06-05 00:00:00+00:00
[2024-06-06T21:37:16.267+0000] {standard_task_runner.py:90} INFO - Running: ['***', 'tasks', 'run', 'load_data_mb', 'load_index_id_702972', 'scheduled__2024-06-05T00:00:00+00:00', '--job-id', '7', '--raw', '--subdir', 'DAGS_FOLDER/load_data_mb.py', '--cfg-path', '/tmp/tmppf0n63ym']
[2024-06-06T21:37:16.271+0000] {standard_task_runner.py:91} INFO - Job 7: Subtask load_index_id_702972
[2024-06-06T21:37:16.272+0000] {logging_mixin.py:188} WARNING - /home/***/.local/lib/python3.12/site-packages/***/task/task_runner/standard_task_runner.py:61 DeprecationWarning: This process (pid=809) is multi-threaded, use of fork() may lead to deadlocks in the child.
[2024-06-06T21:37:16.273+0000] {standard_task_runner.py:63} INFO - Started process 810 to run task
[2024-06-06T21:37:16.389+0000] {task_command.py:426} INFO - Running <TaskInstance: load_data_mb.load_index_id_702972 scheduled__2024-06-05T00:00:00+00:00 [running]> on host e6f094d2943c
[2024-06-06T21:37:16.560+0000] {taskinstance.py:2644} INFO - Exporting env vars: AIRFLOW_CTX_DAG_OWNER='***' AIRFLOW_CTX_DAG_ID='load_data_mb' AIRFLOW_CTX_TASK_ID='load_index_id_702972' AIRFLOW_CTX_EXECUTION_DATE='2024-06-05T00:00:00+00:00' AIRFLOW_CTX_TRY_NUMBER='1' AIRFLOW_CTX_DAG_RUN_ID='scheduled__2024-06-05T00:00:00+00:00'
[2024-06-06T21:37:16.562+0000] {taskinstance.py:430} INFO - ::endgroup::
[2024-06-06T21:38:52.696+0000] {local_task_job_runner.py:310} WARNING - State of this instance has been externally set to None. Terminating instance.
[2024-06-06T21:38:52.699+0000] {local_task_job_runner.py:222} INFO - ::endgroup::
[2024-06-06T21:38:52.741+0000] {process_utils.py:132} INFO - Sending 15 to group 810. PIDs of all processes in the group: [810]
[2024-06-06T21:38:52.742+0000] {process_utils.py:87} INFO - Sending the signal 15 to group 810
[2024-06-06T21:38:52.744+0000] {taskinstance.py:2607} ERROR - Received SIGTERM. Terminating subprocesses.
[2024-06-06T21:38:52.756+0000] {taskinstance.py:441} INFO - ::group::Post task execution logs
[2024-06-06T21:38:52.854+0000] {taskinstance.py:2890} ERROR - Task failed with exception
Traceback (most recent call last):
  File "/home/airflow/.local/lib/python3.12/site-packages/airflow/models/taskinstance.py", line 465, in _execute_task
    result = _execute_callable(context=context, **execute_callable_kwargs)
             ^^^^^^^^^^^^^^^^^^^^^^^^^^^^^^^^^^^^^^^^^^^^^^^^^^^^^^^^^^^^^
  File "/home/airflow/.local/lib/python3.12/site-packages/airflow/models/taskinstance.py", line 432, in _execute_callable
    return execute_callable(context=context, **execute_callable_kwargs)
           ^^^^^^^^^^^^^^^^^^^^^^^^^^^^^^^^^^^^^^^^^^^^^^^^^^^^^^^^^^^^
  File "/home/airflow/.local/lib/python3.12/site-packages/airflow/models/baseoperator.py", line 400, in wrapper
    return func(self, *args, **kwargs)
           ^^^^^^^^^^^^^^^^^^^^^^^^^^^
  File "/home/airflow/.local/lib/python3.12/site-packages/airflow/operators/python.py", line 235, in execute
    return_value = self.execute_callable()
                   ^^^^^^^^^^^^^^^^^^^^^^^
  File "/home/airflow/.local/lib/python3.12/site-packages/airflow/operators/python.py", line 252, in execute_callable
    return self.python_callable(*self.op_args, **self.op_kwargs)
           ^^^^^^^^^^^^^^^^^^^^^^^^^^^^^^^^^^^^^^^^^^^^^^^^^^^^^
  File "/opt/airflow/dags/load_data_mb.py", line 18, in load_index
    response = requests.post(url, headers=headers, json=data)
               ^^^^^^^^^^^^^^^^^^^^^^^^^^^^^^^^^^^^^^^^^^^^^^
  File "/home/airflow/.local/lib/python3.12/site-packages/requests/api.py", line 115, in post
    return request("post", url, data=data, json=json, **kwargs)
           ^^^^^^^^^^^^^^^^^^^^^^^^^^^^^^^^^^^^^^^^^^^^^^^^^^^^
  File "/home/airflow/.local/lib/python3.12/site-packages/requests/api.py", line 59, in request
    return session.request(method=method, url=url, **kwargs)
           ^^^^^^^^^^^^^^^^^^^^^^^^^^^^^^^^^^^^^^^^^^^^^^^^^
  File "/home/airflow/.local/lib/python3.12/site-packages/requests/sessions.py", line 589, in request
    resp = self.send(prep, **send_kwargs)
           ^^^^^^^^^^^^^^^^^^^^^^^^^^^^^^
  File "/home/airflow/.local/lib/python3.12/site-packages/requests/sessions.py", line 703, in send
    r = adapter.send(request, **kwargs)
        ^^^^^^^^^^^^^^^^^^^^^^^^^^^^^^^
  File "/home/airflow/.local/lib/python3.12/site-packages/requests/adapters.py", line 486, in send
    resp = conn.urlopen(
           ^^^^^^^^^^^^^
  File "/home/airflow/.local/lib/python3.12/site-packages/urllib3/connectionpool.py", line 715, in urlopen
    httplib_response = self._make_request(
                       ^^^^^^^^^^^^^^^^^^^
  File "/home/airflow/.local/lib/python3.12/site-packages/urllib3/connectionpool.py", line 467, in _make_request
    six.raise_from(e, None)
  File "<string>", line 3, in raise_from
  File "/home/airflow/.local/lib/python3.12/site-packages/urllib3/connectionpool.py", line 462, in _make_request
    httplib_response = conn.getresponse()
                       ^^^^^^^^^^^^^^^^^^
  File "/usr/local/lib/python3.12/http/client.py", line 1423, in getresponse
    response.begin()
  File "/usr/local/lib/python3.12/http/client.py", line 331, in begin
    version, status, reason = self._read_status()
                              ^^^^^^^^^^^^^^^^^^^
  File "/usr/local/lib/python3.12/http/client.py", line 292, in _read_status
    line = str(self.fp.readline(_MAXLINE + 1), "iso-8859-1")
               ^^^^^^^^^^^^^^^^^^^^^^^^^^^^^^
  File "/usr/local/lib/python3.12/socket.py", line 707, in readinto
    return self._sock.recv_into(b)
           ^^^^^^^^^^^^^^^^^^^^^^^
  File "/home/airflow/.local/lib/python3.12/site-packages/airflow/models/taskinstance.py", line 2609, in signal_handler
    raise AirflowTaskTerminated("Task received SIGTERM signal")
airflow.exceptions.AirflowTaskTerminated: Task received SIGTERM signal
[2024-06-06T21:38:52.904+0000] {taskinstance.py:1205} INFO - Marking task as FAILED. dag_id=load_data_mb, task_id=load_index_id_702972, execution_date=20240605T000000, start_date=20240606T213716, end_date=20240606T213852
[2024-06-06T21:38:52.997+0000] {standard_task_runner.py:110} ERROR - Failed to execute job 7 for task load_index_id_702972 ((psycopg2.errors.ForeignKeyViolation) insert or update on table "task_fail" violates foreign key constraint "task_fail_ti_fkey"
DETAIL:  Key (dag_id, task_id, run_id, map_index)=(load_data_mb, load_index_id_702972, scheduled__2024-06-05T00:00:00+00:00, -1) is not present in table "task_instance".

[SQL: INSERT INTO task_fail (task_id, dag_id, run_id, map_index, start_date, end_date, duration) VALUES (%(task_id)s, %(dag_id)s, %(run_id)s, %(map_index)s, %(start_date)s, %(end_date)s, %(duration)s) RETURNING task_fail.id]
[parameters: {'task_id': 'load_index_id_702972', 'dag_id': 'load_data_mb', 'run_id': 'scheduled__2024-06-05T00:00:00+00:00', 'map_index': -1, 'start_date': datetime.datetime(2024, 6, 6, 21, 37, 16, 214754, tzinfo=Timezone('UTC')), 'end_date': datetime.datetime(2024, 6, 6, 21, 38, 52, 904185, tzinfo=Timezone('UTC')), 'duration': 96}]
(Background on this error at: https://sqlalche.me/e/14/gkpj); 810)
[2024-06-06T21:38:53.037+0000] {process_utils.py:80} INFO - Process psutil.Process(pid=810, status='terminated', exitcode=1, started='21:37:16') (810) terminated with exit code 1
[2024-06-06T22:52:34.737+0000] {local_task_job_runner.py:120} INFO - ::group::Pre task execution logs
[2024-06-06T22:52:34.793+0000] {taskinstance.py:2073} INFO - Dependencies all met for dep_context=non-requeueable deps ti=<TaskInstance: load_data_mb.load_index_id_702972 scheduled__2024-06-05T00:00:00+00:00 [queued]>
[2024-06-06T22:52:34.809+0000] {taskinstance.py:2073} INFO - Dependencies all met for dep_context=requeueable deps ti=<TaskInstance: load_data_mb.load_index_id_702972 scheduled__2024-06-05T00:00:00+00:00 [queued]>
[2024-06-06T22:52:34.810+0000] {taskinstance.py:2303} INFO - Starting attempt 1 of 1
[2024-06-06T22:52:34.834+0000] {taskinstance.py:2327} INFO - Executing <Task(PythonOperator): load_index_id_702972> on 2024-06-05 00:00:00+00:00
[2024-06-06T22:52:34.846+0000] {standard_task_runner.py:90} INFO - Running: ['***', 'tasks', 'run', 'load_data_mb', 'load_index_id_702972', 'scheduled__2024-06-05T00:00:00+00:00', '--job-id', '39', '--raw', '--subdir', 'DAGS_FOLDER/load_data_mb.py', '--cfg-path', '/tmp/tmpgnwicbe1']
[2024-06-06T22:52:34.850+0000] {standard_task_runner.py:91} INFO - Job 39: Subtask load_index_id_702972
[2024-06-06T22:52:34.850+0000] {logging_mixin.py:188} WARNING - /home/***/.local/lib/python3.12/site-packages/***/task/task_runner/standard_task_runner.py:61 DeprecationWarning: This process (pid=2533) is multi-threaded, use of fork() may lead to deadlocks in the child.
[2024-06-06T22:52:34.851+0000] {standard_task_runner.py:63} INFO - Started process 2534 to run task
[2024-06-06T22:52:34.915+0000] {task_command.py:426} INFO - Running <TaskInstance: load_data_mb.load_index_id_702972 scheduled__2024-06-05T00:00:00+00:00 [running]> on host e6f094d2943c
[2024-06-06T22:52:35.026+0000] {taskinstance.py:2644} INFO - Exporting env vars: AIRFLOW_CTX_DAG_OWNER='***' AIRFLOW_CTX_DAG_ID='load_data_mb' AIRFLOW_CTX_TASK_ID='load_index_id_702972' AIRFLOW_CTX_EXECUTION_DATE='2024-06-05T00:00:00+00:00' AIRFLOW_CTX_TRY_NUMBER='1' AIRFLOW_CTX_DAG_RUN_ID='scheduled__2024-06-05T00:00:00+00:00'
[2024-06-06T22:52:35.027+0000] {taskinstance.py:430} INFO - ::endgroup::
[2024-06-06T22:53:27.210+0000] {logging_mixin.py:188} INFO - {'status': 'success', 'info': [{'index_name': 'Среднемесячная номинальная заработная плата одного работника', 'index_id': 702972, 'dic_names': ['Регионы', 'Виды экономической деятельности', 'Тип местности и административное деление', 'Размерность предприятий', 'По полу'], 'period_name': 'Год', 'info': 'ошибка талдау', 'error_code': 500}, {'index_name': 'Среднемесячная номинальная заработная плата одного работника', 'index_id': 702972, 'dic_names': ['Регионы', 'Виды экономической деятельности', 'Размерность предприятий', 'Категории работников'], 'period_name': 'Год', 'info': 'ошибка талдау', 'error_code': 500}, {'index_name': 'Среднемесячная номинальная заработная плата одного работника', 'index_id': 702972, 'dic_names': ['Регионы', 'Виды экономической деятельности', 'По полу', 'Сектора экономики'], 'period_name': 'Год', 'info': 'ошибка талдау', 'error_code': 500}, {'index_name': 'Среднемесячная номинальная заработная плата одного работника', 'index_id': 702972, 'dic_names': ['Регионы', 'Виды экономической деятельности', 'Размерность предприятий', 'Формы и видов собственности'], 'period_name': 'Год', 'info': 'ошибка талдау', 'error_code': 500}, {'index_name': 'Среднемесячная номинальная заработная плата одного работника', 'index_id': 702972, 'dic_names': ['Регионы', 'Виды экономической деятельности', 'Размерность предприятий', 'Формы и видов собственности', 'Организационно-правовые формы хозяйствования'], 'period_name': 'Год', 'info': 'ошибка талдау', 'error_code': 500}, {'index_name': 'Среднемесячная номинальная заработная плата одного работника', 'index_id': 702972, 'dic_names': ['Регионы', 'Виды экономической деятельности', 'Размерность предприятий', 'Занятия', 'По полу'], 'period_name': 'Год', 'info': 'ошибка талдау', 'error_code': 500}, {'index_name': 'Среднемесячная номинальная заработная плата одного работника', 'index_id': 702972, 'dic_names': ['Регионы', 'Виды экономической деятельности', 'Тип местности и административное деление', 'Размерность предприятий', 'Формы и видов собственности', 'Занятия', 'Категории работников', 'По полу'], 'period_name': 'Год', 'info': 'ошибка талдау', 'error_code': 500}, {'index_name': 'Среднемесячная номинальная заработная плата одного работника', 'index_id': 702972, 'dic_names': ['Регионы', 'Виды экономической деятельности', 'Сектора экономики'], 'period_name': 'Квартал', 'info': 'ошибка талдау', 'error_code': 500}, {'index_name': 'Среднемесячная номинальная заработная плата одного работника', 'index_id': 702972, 'dic_names': ['Регионы', 'Виды экономической деятельности', 'Тип местности и административное деление', 'Размерность предприятий'], 'period_name': 'Квартал', 'info': 'ошибка талдау', 'error_code': 500}, {'index_name': 'Среднемесячная номинальная заработная плата одного работника', 'index_id': 702972, 'dic_names': ['Регионы', 'Виды экономической деятельности', 'Тип местности и административное деление', 'Размерность предприятий', 'По полу'], 'period_name': 'Квартал', 'info': 'ошибка талдау', 'error_code': 500}, {'index_name': 'Среднемесячная номинальная заработная плата одного работника', 'index_id': 702972, 'dic_names': ['Регионы', 'Виды экономической деятельности', 'Тип местности и административное деление', 'Размерность предприятий'], 'period_name': 'Месяц', 'info': 'ошибка талдау', 'error_code': 500}, {'index_name': 'Среднемесячная номинальная заработная плата одного работника', 'index_id': 702972, 'dic_names': ['Регионы', 'Виды экономической деятельности', 'Сектора экономики'], 'period_name': 'Квартал с накоплением', 'info': 'ошибка талдау', 'error_code': 500}, {'index_name': 'Среднемесячная номинальная заработная плата одного работника', 'index_id': 702972, 'dic_names': ['Регионы', 'Виды экономической деятельности', 'Тип местности и административное деление', 'Размерность предприятий'], 'period_name': 'Квартал с накоплением', 'info': 'ошибка талдау', 'error_code': 500}, {'index_name': 'Среднемесячная номинальная заработная плата одного работника', 'index_id': 702972, 'dic_names': ['Регионы', 'Виды экономической деятельности', 'Тип местности и административное деление', 'Размерность предприятий', 'По полу'], 'period_name': 'Квартал с накоплением', 'info': 'ошибка талдау', 'error_code': 500}, {'index_name': 'Среднемесячная номинальная заработная плата одного работника', 'index_id': 702972, 'dic_names': ['Регионы', 'Виды экономической деятельности', 'Тип местности и административное деление', 'Размерность предприятий'], 'period_name': 'Месяц с накоплением', 'info': 'ошибка талдау', 'error_code': 500}, {'index_name': 'Среднемесячная номинальная заработная плата одного работника', 'index_id': 702972, 'dic_names': ['Регионы', 'Виды экономической деятельности', 'Занятия', 'По полу'], 'period_name': 'Один раз в год', 'info': 'ошибка талдау', 'error_code': 500}, {'index_name': 'Среднемесячная номинальная заработная плата одного работника', 'index_id': 702972, 'dic_names': ['Регионы', 'Виды экономической деятельности', 'Уровни образования', 'По полу'], 'period_name': 'Один раз в год', 'info': 'ошибка талдау', 'error_code': 500}, {'index_name': 'Среднемесячная номинальная заработная плата одного работника', 'index_id': 702972, 'dic_names': ['Регионы', 'Виды экономической деятельности', 'По полу', 'Профессии рабочих и должности служащих'], 'period_name': 'Один раз в год', 'info': 'ошибка талдау', 'error_code': 500}, {'index_name': 'Среднемесячная номинальная заработная плата одного работника', 'index_id': 702972, 'dic_names': ['Регионы', 'Виды экономической деятельности', 'По полу', 'Дополнительные профессий рабочих и должностей служащих отдельных видов экономической деятельности'], 'period_name': 'Один раз в год', 'info': 'ошибка талдау', 'error_code': 500}, {'index_name': 'Среднемесячная номинальная заработная плата одного работника', 'index_id': 702972, 'dic_names': ['Регионы', 'Виды экономической деятельности', 'Формы и видов собственности', 'Занятия', 'По полу'], 'period_name': 'Один раз в год', 'info': 'ошибка талдау', 'error_code': 500}, {'index_name': 'Среднемесячная номинальная заработная плата одного работника', 'index_id': 702972, 'dic_names': ['Регионы', 'Виды экономической деятельности', 'Формы и видов собственности', 'Возраста', 'По полу'], 'period_name': 'Один раз в год', 'info': 'ошибка талдау', 'error_code': 500}, {'index_name': 'Среднемесячная номинальная заработная плата одного работника', 'index_id': 702972, 'dic_names': ['Регионы', 'Виды экономической деятельности', 'Формы и видов собственности', 'Режим работы', 'По полу'], 'period_name': 'Один раз в год', 'info': 'ошибка талдау', 'error_code': 500}, {'index_name': 'Среднемесячная номинальная заработная плата одного работника', 'index_id': 702972, 'dic_names': ['Регионы', 'Виды экономической деятельности', 'Размерность юридических лиц, филиалов и представительств, а также субъектов индивидуального предпринимательства по численности работников', 'Режим работы', 'Уровни образования', 'По полу'], 'period_name': 'Один раз в год', 'info': 'ошибка талдау', 'error_code': 500}]}
[2024-06-06T22:53:27.211+0000] {python.py:237} INFO - Done. Returned value was: None
[2024-06-06T22:53:27.213+0000] {taskinstance.py:441} INFO - ::group::Post task execution logs
[2024-06-06T22:53:27.226+0000] {taskinstance.py:1205} INFO - Marking task as SUCCESS. dag_id=load_data_mb, task_id=load_index_id_702972, execution_date=20240605T000000, start_date=20240606T225234, end_date=20240606T225327
[2024-06-06T22:53:27.292+0000] {local_task_job_runner.py:240} INFO - Task exited with return code 0
[2024-06-06T22:53:27.311+0000] {taskinstance.py:3482} INFO - 0 downstream tasks scheduled from follow-on schedule check
[2024-06-06T22:53:27.317+0000] {local_task_job_runner.py:222} INFO - ::endgroup::
