[2024-05-14T10:05:43.129+0000] {local_task_job_runner.py:120} INFO - ::group::Pre task execution logs
[2024-05-14T10:05:43.183+0000] {taskinstance.py:2073} INFO - Dependencies all met for dep_context=non-requeueable deps ti=<TaskInstance: load_data_mb.load_index_id_703076 scheduled__2024-05-02T00:00:00+00:00 [queued]>
[2024-05-14T10:05:43.202+0000] {taskinstance.py:2073} INFO - Dependencies all met for dep_context=requeueable deps ti=<TaskInstance: load_data_mb.load_index_id_703076 scheduled__2024-05-02T00:00:00+00:00 [queued]>
[2024-05-14T10:05:43.203+0000] {taskinstance.py:2303} INFO - Starting attempt 1 of 1
[2024-05-14T10:05:43.228+0000] {taskinstance.py:2327} INFO - Executing <Task(PythonOperator): load_index_id_703076> on 2024-05-02 00:00:00+00:00
[2024-05-14T10:05:43.238+0000] {standard_task_runner.py:90} INFO - Running: ['***', 'tasks', 'run', 'load_data_mb', 'load_index_id_703076', 'scheduled__2024-05-02T00:00:00+00:00', '--job-id', '517', '--raw', '--subdir', 'DAGS_FOLDER/load_data_mb.py', '--cfg-path', '/tmp/tmpj5enpc4o']
[2024-05-14T10:05:43.241+0000] {standard_task_runner.py:91} INFO - Job 517: Subtask load_index_id_703076
[2024-05-14T10:05:43.245+0000] {logging_mixin.py:188} WARNING - /home/***/.local/lib/python3.12/site-packages/***/task/task_runner/standard_task_runner.py:61 DeprecationWarning: This process (pid=391) is multi-threaded, use of fork() may lead to deadlocks in the child.
[2024-05-14T10:05:43.246+0000] {standard_task_runner.py:63} INFO - Started process 392 to run task
[2024-05-14T10:05:43.312+0000] {task_command.py:426} INFO - Running <TaskInstance: load_data_mb.load_index_id_703076 scheduled__2024-05-02T00:00:00+00:00 [running]> on host d933ead87eb5
[2024-05-14T10:05:43.460+0000] {taskinstance.py:2644} INFO - Exporting env vars: AIRFLOW_CTX_DAG_OWNER='***' AIRFLOW_CTX_DAG_ID='load_data_mb' AIRFLOW_CTX_TASK_ID='load_index_id_703076' AIRFLOW_CTX_EXECUTION_DATE='2024-05-02T00:00:00+00:00' AIRFLOW_CTX_TRY_NUMBER='1' AIRFLOW_CTX_DAG_RUN_ID='scheduled__2024-05-02T00:00:00+00:00'
[2024-05-14T10:05:43.462+0000] {taskinstance.py:430} INFO - ::endgroup::
[2024-05-14T10:05:50.167+0000] {logging_mixin.py:188} INFO - {'index_name': 'Индекс потребительских цен', 'index_id': 703076, 'dic_names': ['Регионы', 'Соотнесение периодов', 'Потребительские товары и услуги'], 'period_name': 'Месяц', 'info': 'ошибка талдау', 'error_code': 500}
[2024-05-14T10:05:50.177+0000] {logging_mixin.py:188} INFO - {'index_name': 'Индекс потребительских цен', 'index_id': 703076, 'dic_names': ['Регионы', 'Соотнесение периодов', 'Потребительские товары и услуги'], 'period_name': 'Месяц с накоплением', 'info': 'ошибка талдау', 'error_code': 500}
[2024-05-14T10:05:50.182+0000] {logging_mixin.py:188} INFO - {'index_name': 'Индекс потребительских цен', 'index_id': 703076, 'dic_names': ['Регионы', 'Соотнесение периодов', 'Потребительские товары и услуги'], 'period_name': 'Квартал', 'info': 'ошибка талдау', 'error_code': 500}
[2024-05-14T10:05:50.186+0000] {python.py:237} INFO - Done. Returned value was: None
[2024-05-14T10:05:50.189+0000] {taskinstance.py:441} INFO - ::group::Post task execution logs
[2024-05-14T10:05:50.217+0000] {taskinstance.py:1205} INFO - Marking task as SUCCESS. dag_id=load_data_mb, task_id=load_index_id_703076, execution_date=20240502T000000, start_date=20240514T100543, end_date=20240514T100550
[2024-05-14T10:05:50.292+0000] {local_task_job_runner.py:240} INFO - Task exited with return code 0
[2024-05-14T10:05:50.342+0000] {taskinstance.py:3482} INFO - 0 downstream tasks scheduled from follow-on schedule check
[2024-05-14T10:05:50.347+0000] {local_task_job_runner.py:222} INFO - ::endgroup::
