[2024-05-14T10:11:44.183+0000] {local_task_job_runner.py:120} INFO - ::group::Pre task execution logs
[2024-05-14T10:11:44.237+0000] {taskinstance.py:2073} INFO - Dependencies all met for dep_context=non-requeueable deps ti=<TaskInstance: load_data_mb.load_index_id_701592 scheduled__2024-05-13T00:00:00+00:00 [queued]>
[2024-05-14T10:11:44.255+0000] {taskinstance.py:2073} INFO - Dependencies all met for dep_context=requeueable deps ti=<TaskInstance: load_data_mb.load_index_id_701592 scheduled__2024-05-13T00:00:00+00:00 [queued]>
[2024-05-14T10:11:44.257+0000] {taskinstance.py:2303} INFO - Starting attempt 1 of 1
[2024-05-14T10:11:44.285+0000] {taskinstance.py:2327} INFO - Executing <Task(PythonOperator): load_index_id_701592> on 2024-05-13 00:00:00+00:00
[2024-05-14T10:11:44.295+0000] {standard_task_runner.py:90} INFO - Running: ['***', 'tasks', 'run', 'load_data_mb', 'load_index_id_701592', 'scheduled__2024-05-13T00:00:00+00:00', '--job-id', '537', '--raw', '--subdir', 'DAGS_FOLDER/load_data_mb.py', '--cfg-path', '/tmp/tmpmkh4qspv']
[2024-05-14T10:11:44.300+0000] {standard_task_runner.py:91} INFO - Job 537: Subtask load_index_id_701592
[2024-05-14T10:11:44.304+0000] {logging_mixin.py:188} WARNING - /home/***/.local/lib/python3.12/site-packages/***/task/task_runner/standard_task_runner.py:61 DeprecationWarning: This process (pid=563) is multi-threaded, use of fork() may lead to deadlocks in the child.
[2024-05-14T10:11:44.306+0000] {standard_task_runner.py:63} INFO - Started process 564 to run task
[2024-05-14T10:11:44.381+0000] {task_command.py:426} INFO - Running <TaskInstance: load_data_mb.load_index_id_701592 scheduled__2024-05-13T00:00:00+00:00 [running]> on host d933ead87eb5
[2024-05-14T10:11:44.565+0000] {taskinstance.py:2644} INFO - Exporting env vars: AIRFLOW_CTX_DAG_OWNER='***' AIRFLOW_CTX_DAG_ID='load_data_mb' AIRFLOW_CTX_TASK_ID='load_index_id_701592' AIRFLOW_CTX_EXECUTION_DATE='2024-05-13T00:00:00+00:00' AIRFLOW_CTX_TRY_NUMBER='1' AIRFLOW_CTX_DAG_RUN_ID='scheduled__2024-05-13T00:00:00+00:00'
[2024-05-14T10:11:44.568+0000] {taskinstance.py:430} INFO - ::endgroup::
[2024-05-14T10:12:05.840+0000] {logging_mixin.py:188} INFO - {'index_name': 'объем производства промышленной продукции (товаров, услуг), в стоимостном выражении', 'index_id': 701592, 'dic_names': ['Регионы', 'Тип местности и административное деление', 'Размерность предприятий', 'Формы и видов собственности', 'Организационно-правовые формы хозяйствования', 'Виды деятельности', 'Сектора экономики', 'Виды экономической деятельности'], 'period_name': 'Год', 'info': 'нет новых данных'}
[2024-05-14T10:12:05.841+0000] {logging_mixin.py:188} INFO - {'index_name': 'объем производства промышленной продукции (товаров, услуг), в стоимостном выражении', 'index_id': 701592, 'dic_names': ['Регионы', 'Виды экономической деятельности'], 'period_name': 'Год', 'info': 'нет новых данных'}
[2024-05-14T10:12:05.841+0000] {logging_mixin.py:188} INFO - {'index_name': 'объем производства промышленной продукции (товаров, услуг), в стоимостном выражении', 'index_id': 701592, 'dic_names': ['Регионы', 'Тип местности и административное деление', 'Виды экономической деятельности'], 'period_name': 'Месяц с накоплением', 'info': 'нет новых данных'}
[2024-05-14T10:12:05.843+0000] {logging_mixin.py:188} INFO - {'index_name': 'объем производства промышленной продукции (товаров, услуг), в стоимостном выражении', 'index_id': 701592, 'dic_names': ['Регионы', 'Тип местности и административное деление', 'Виды экономической деятельности', 'Периоды для справочника статистических показателей'], 'period_name': 'Месяц', 'info': 'нет новых данных'}
[2024-05-14T10:12:05.846+0000] {logging_mixin.py:188} INFO - {'index_name': 'объем производства промышленной продукции (товаров, услуг), в стоимостном выражении', 'index_id': 701592, 'dic_names': ['Регионы', 'Виды экономической деятельности', 'Тип местности и административное деление', 'Размерность юридических лиц, филиалов и представительств, а также субъектов индивидуального предпринимательства по численности работников', 'Формы и видов собственности'], 'period_name': 'Месяц', 'info': 'нет новых данных'}
[2024-05-14T10:12:05.847+0000] {logging_mixin.py:188} INFO - {'index_name': 'объем производства промышленной продукции (товаров, услуг), в стоимостном выражении', 'index_id': 701592, 'dic_names': ['Регионы', 'Тип местности и административное деление', 'Виды экономической деятельности'], 'period_name': 'Месяц', 'info': 'нет новых данных'}
[2024-05-14T10:12:05.849+0000] {logging_mixin.py:188} INFO - {'index_name': 'объем производства промышленной продукции (товаров, услуг), в стоимостном выражении', 'index_id': 701592, 'dic_names': ['Регионы', 'Тип местности и административное деление', 'Виды экономической деятельности', 'Периоды для справочника статистических показателей'], 'period_name': 'Месяц с накоплением', 'info': 'нет новых данных'}
[2024-05-14T10:12:05.851+0000] {logging_mixin.py:188} INFO - {'index_name': 'объем производства промышленной продукции (товаров, услуг), в стоимостном выражении', 'index_id': 701592, 'dic_names': ['Регионы', 'Виды экономической деятельности', 'Тип местности и административное деление', 'Размерность юридических лиц, филиалов и представительств, а также субъектов индивидуального предпринимательства по численности работников', 'Формы и видов собственности'], 'period_name': 'Месяц с накоплением', 'info': 'нет новых данных'}
[2024-05-14T10:12:05.851+0000] {python.py:237} INFO - Done. Returned value was: None
[2024-05-14T10:12:05.853+0000] {taskinstance.py:441} INFO - ::group::Post task execution logs
[2024-05-14T10:12:05.872+0000] {taskinstance.py:1205} INFO - Marking task as SUCCESS. dag_id=load_data_mb, task_id=load_index_id_701592, execution_date=20240513T000000, start_date=20240514T101144, end_date=20240514T101205
[2024-05-14T10:12:05.917+0000] {local_task_job_runner.py:240} INFO - Task exited with return code 0
[2024-05-14T10:12:05.950+0000] {taskinstance.py:3482} INFO - 0 downstream tasks scheduled from follow-on schedule check
[2024-05-14T10:12:05.956+0000] {local_task_job_runner.py:222} INFO - ::endgroup::
