[2024-04-27T19:35:44.985+0000] {local_task_job_runner.py:120} INFO - ::group::Pre task execution logs
[2024-04-27T19:35:45.041+0000] {taskinstance.py:2073} INFO - Dependencies all met for dep_context=non-requeueable deps ti=<TaskInstance: load_data_mb.load_index_id_2979005 manual__2024-04-27T19:35:43.429665+00:00 [queued]>
[2024-04-27T19:35:45.057+0000] {taskinstance.py:2073} INFO - Dependencies all met for dep_context=requeueable deps ti=<TaskInstance: load_data_mb.load_index_id_2979005 manual__2024-04-27T19:35:43.429665+00:00 [queued]>
[2024-04-27T19:35:45.058+0000] {taskinstance.py:2303} INFO - Starting attempt 1 of 4
[2024-04-27T19:35:45.086+0000] {taskinstance.py:2327} INFO - Executing <Task(PythonOperator): load_index_id_2979005> on 2024-04-27 19:35:43.429665+00:00
[2024-04-27T19:35:45.102+0000] {standard_task_runner.py:90} INFO - Running: ['***', 'tasks', 'run', 'load_data_mb', 'load_index_id_2979005', 'manual__2024-04-27T19:35:43.429665+00:00', '--job-id', '218', '--raw', '--subdir', 'DAGS_FOLDER/python_op.py', '--cfg-path', '/tmp/tmp4357rt42']
[2024-04-27T19:35:45.108+0000] {standard_task_runner.py:91} INFO - Job 218: Subtask load_index_id_2979005
[2024-04-27T19:35:45.114+0000] {logging_mixin.py:188} WARNING - /home/***/.local/lib/python3.12/site-packages/***/task/task_runner/standard_task_runner.py:61 DeprecationWarning: This process (pid=1161) is multi-threaded, use of fork() may lead to deadlocks in the child.
[2024-04-27T19:35:45.117+0000] {standard_task_runner.py:63} INFO - Started process 1162 to run task
[2024-04-27T19:35:45.207+0000] {task_command.py:426} INFO - Running <TaskInstance: load_data_mb.load_index_id_2979005 manual__2024-04-27T19:35:43.429665+00:00 [running]> on host d933ead87eb5
[2024-04-27T19:35:45.337+0000] {taskinstance.py:2644} INFO - Exporting env vars: AIRFLOW_CTX_DAG_OWNER='***' AIRFLOW_CTX_DAG_ID='load_data_mb' AIRFLOW_CTX_TASK_ID='load_index_id_2979005' AIRFLOW_CTX_EXECUTION_DATE='2024-04-27T19:35:43.429665+00:00' AIRFLOW_CTX_TRY_NUMBER='1' AIRFLOW_CTX_DAG_RUN_ID='manual__2024-04-27T19:35:43.429665+00:00'
[2024-04-27T19:35:45.338+0000] {taskinstance.py:430} INFO - ::endgroup::
[2024-04-27T19:35:53.890+0000] {logging_mixin.py:188} INFO - {'index_name': 'индекс физического объема валового внутреннего продукта методом производства', 'dic_names': ['Регионы'], 'period_name': 'Квартал с накоплением', 'info': 'нет новых данных'}
[2024-04-27T19:35:53.892+0000] {logging_mixin.py:188} INFO - {'index_name': 'индекс физического объема валового внутреннего продукта методом производства', 'dic_names': ['Регионы'], 'period_name': 'Месяц с накоплением', 'info': 'нет новых данных'}
[2024-04-27T19:35:53.894+0000] {logging_mixin.py:188} INFO - {'index_name': 'индекс физического объема валового внутреннего продукта методом производства', 'dic_names': ['Регионы'], 'period_name': 'Год', 'info': 'загружены актуальные данные'}
[2024-04-27T19:35:53.897+0000] {python.py:237} INFO - Done. Returned value was: None
[2024-04-27T19:35:53.901+0000] {taskinstance.py:441} INFO - ::group::Post task execution logs
[2024-04-27T19:35:53.930+0000] {taskinstance.py:1205} INFO - Marking task as SUCCESS. dag_id=load_data_mb, task_id=load_index_id_2979005, execution_date=20240427T193543, start_date=20240427T193545, end_date=20240427T193553
[2024-04-27T19:35:54.018+0000] {local_task_job_runner.py:240} INFO - Task exited with return code 0
[2024-04-27T19:35:54.053+0000] {taskinstance.py:3482} INFO - 0 downstream tasks scheduled from follow-on schedule check
[2024-04-27T19:35:54.059+0000] {local_task_job_runner.py:222} INFO - ::endgroup::
