[2024-04-27T20:56:28.851+0000] {local_task_job_runner.py:120} INFO - ::group::Pre task execution logs
[2024-04-27T20:56:28.912+0000] {taskinstance.py:2073} INFO - Dependencies all met for dep_context=non-requeueable deps ti=<TaskInstance: load_data_mb.load_index_id_20372988 manual__2024-04-27T20:56:26.984943+00:00 [queued]>
[2024-04-27T20:56:28.936+0000] {taskinstance.py:2073} INFO - Dependencies all met for dep_context=requeueable deps ti=<TaskInstance: load_data_mb.load_index_id_20372988 manual__2024-04-27T20:56:26.984943+00:00 [queued]>
[2024-04-27T20:56:28.937+0000] {taskinstance.py:2303} INFO - Starting attempt 1 of 4
[2024-04-27T20:56:28.974+0000] {taskinstance.py:2327} INFO - Executing <Task(PythonOperator): load_index_id_20372988> on 2024-04-27 20:56:26.984943+00:00
[2024-04-27T20:56:28.985+0000] {standard_task_runner.py:90} INFO - Running: ['***', 'tasks', 'run', 'load_data_mb', 'load_index_id_20372988', 'manual__2024-04-27T20:56:26.984943+00:00', '--job-id', '230', '--raw', '--subdir', 'DAGS_FOLDER/python_op.py', '--cfg-path', '/tmp/tmpe1xdvl_i']
[2024-04-27T20:56:28.989+0000] {standard_task_runner.py:91} INFO - Job 230: Subtask load_index_id_20372988
[2024-04-27T20:56:29.003+0000] {logging_mixin.py:188} WARNING - /home/***/.local/lib/python3.12/site-packages/***/task/task_runner/standard_task_runner.py:61 DeprecationWarning: This process (pid=2948) is multi-threaded, use of fork() may lead to deadlocks in the child.
[2024-04-27T20:56:29.004+0000] {standard_task_runner.py:63} INFO - Started process 2949 to run task
[2024-04-27T20:56:29.058+0000] {task_command.py:426} INFO - Running <TaskInstance: load_data_mb.load_index_id_20372988 manual__2024-04-27T20:56:26.984943+00:00 [running]> on host d933ead87eb5
[2024-04-27T20:56:29.186+0000] {taskinstance.py:2644} INFO - Exporting env vars: AIRFLOW_CTX_DAG_OWNER='***' AIRFLOW_CTX_DAG_ID='load_data_mb' AIRFLOW_CTX_TASK_ID='load_index_id_20372988' AIRFLOW_CTX_EXECUTION_DATE='2024-04-27T20:56:26.984943+00:00' AIRFLOW_CTX_TRY_NUMBER='1' AIRFLOW_CTX_DAG_RUN_ID='manual__2024-04-27T20:56:26.984943+00:00'
[2024-04-27T20:56:29.187+0000] {taskinstance.py:430} INFO - ::endgroup::
[2024-04-27T20:57:51.388+0000] {logging_mixin.py:188} INFO - {'index_name': 'доля респондентов, отметивших, что правоохранительные органы патрулируют (на машине или пешком) по улицам в районе их проживания ', 'dic_names': ['Регионы', 'Тип местности и административное деление', 'Частота патрулирования', 'Национальности'], 'period_name': 'Два раза в год', 'info': 'нет новых данных'}
[2024-04-27T20:57:51.392+0000] {logging_mixin.py:188} INFO - {'index_name': 'доля респондентов, отметивших, что правоохранительные органы патрулируют (на машине или пешком) по улицам в районе их проживания ', 'dic_names': ['Регионы', 'Тип местности и административное деление', 'Частота патрулирования', 'Уровни образования'], 'period_name': 'Два раза в год', 'info': 'нет новых данных'}
[2024-04-27T20:57:51.394+0000] {logging_mixin.py:188} INFO - {'index_name': 'доля респондентов, отметивших, что правоохранительные органы патрулируют (на машине или пешком) по улицам в районе их проживания ', 'dic_names': ['Регионы', 'Тип местности и административное деление', 'Частота патрулирования', 'Семейное положение'], 'period_name': 'Два раза в год', 'info': 'нет новых данных'}
[2024-04-27T20:57:51.395+0000] {logging_mixin.py:188} INFO - {'index_name': 'доля респондентов, отметивших, что правоохранительные органы патрулируют (на машине или пешком) по улицам в районе их проживания ', 'dic_names': ['Регионы', 'Тип местности и административное деление', 'Частота патрулирования', 'По полу'], 'period_name': 'Два раза в год', 'info': 'нет новых данных'}
[2024-04-27T20:57:51.396+0000] {logging_mixin.py:188} INFO - {'index_name': 'доля респондентов, отметивших, что правоохранительные органы патрулируют (на машине или пешком) по улицам в районе их проживания ', 'dic_names': ['Регионы', 'Тип местности и административное деление', 'Занятость', 'Частота патрулирования'], 'period_name': 'Два раза в год', 'info': 'нет новых данных'}
[2024-04-27T20:57:51.398+0000] {logging_mixin.py:188} INFO - {'index_name': 'доля респондентов, отметивших, что правоохранительные органы патрулируют (на машине или пешком) по улицам в районе их проживания ', 'dic_names': ['Регионы', 'Тип местности и административное деление', 'Возраст', 'Частота патрулирования'], 'period_name': 'Два раза в год', 'info': 'нет новых данных'}
[2024-04-27T20:57:51.401+0000] {logging_mixin.py:188} INFO - {'index_name': 'доля респондентов, отметивших, что правоохранительные органы патрулируют (на машине или пешком) по улицам в районе их проживания ', 'dic_names': ['Регионы', 'Тип местности и административное деление', 'Частота патрулирования', 'Национальности'], 'period_name': 'Один раз в год', 'info': 'нет новых данных'}
[2024-04-27T20:57:51.403+0000] {logging_mixin.py:188} INFO - {'index_name': 'доля респондентов, отметивших, что правоохранительные органы патрулируют (на машине или пешком) по улицам в районе их проживания ', 'dic_names': ['Регионы', 'Тип местности и административное деление', 'Частота патрулирования', 'По полу'], 'period_name': 'Один раз в год', 'info': 'нет новых данных'}
[2024-04-27T20:57:51.404+0000] {logging_mixin.py:188} INFO - {'index_name': 'доля респондентов, отметивших, что правоохранительные органы патрулируют (на машине или пешком) по улицам в районе их проживания ', 'dic_names': ['Регионы', 'Тип местности и административное деление', 'Частота патрулирования', 'Семейное положение'], 'period_name': 'Один раз в год', 'info': 'нет новых данных'}
[2024-04-27T20:57:51.405+0000] {logging_mixin.py:188} INFO - {'index_name': 'доля респондентов, отметивших, что правоохранительные органы патрулируют (на машине или пешком) по улицам в районе их проживания ', 'dic_names': ['Регионы', 'Тип местности и административное деление', 'Занятость', 'Частота патрулирования'], 'period_name': 'Один раз в год', 'info': 'нет новых данных'}
[2024-04-27T20:57:51.406+0000] {logging_mixin.py:188} INFO - {'index_name': 'доля респондентов, отметивших, что правоохранительные органы патрулируют (на машине или пешком) по улицам в районе их проживания ', 'dic_names': ['Регионы', 'Тип местности и административное деление', 'Частота патрулирования', 'Уровни образования'], 'period_name': 'Один раз в год', 'info': 'нет новых данных'}
[2024-04-27T20:57:51.406+0000] {logging_mixin.py:188} INFO - {'index_name': 'доля респондентов, отметивших, что правоохранительные органы патрулируют (на машине или пешком) по улицам в районе их проживания ', 'dic_names': ['Регионы', 'Тип местности и административное деление', 'Возраст', 'Частота патрулирования'], 'period_name': 'Один раз в год', 'info': 'нет новых данных'}
[2024-04-27T20:57:51.407+0000] {python.py:237} INFO - Done. Returned value was: None
[2024-04-27T20:57:51.408+0000] {taskinstance.py:441} INFO - ::group::Post task execution logs
[2024-04-27T20:57:51.435+0000] {taskinstance.py:1205} INFO - Marking task as SUCCESS. dag_id=load_data_mb, task_id=load_index_id_20372988, execution_date=20240427T205626, start_date=20240427T205628, end_date=20240427T205751
[2024-04-27T20:57:51.496+0000] {local_task_job_runner.py:240} INFO - Task exited with return code 0
[2024-04-27T20:57:51.534+0000] {taskinstance.py:3482} INFO - 0 downstream tasks scheduled from follow-on schedule check
[2024-04-27T20:57:51.540+0000] {local_task_job_runner.py:222} INFO - ::endgroup::
