[2024-04-27T18:25:56.792+0000] {local_task_job_runner.py:120} INFO - ::group::Pre task execution logs
[2024-04-27T18:25:56.835+0000] {taskinstance.py:2073} INFO - Dependencies all met for dep_context=non-requeueable deps ti=<TaskInstance: my_dag.load_index_id_2979005 scheduled__2024-04-26T00:00:00+00:00 [queued]>
[2024-04-27T18:25:56.846+0000] {taskinstance.py:2073} INFO - Dependencies all met for dep_context=requeueable deps ti=<TaskInstance: my_dag.load_index_id_2979005 scheduled__2024-04-26T00:00:00+00:00 [queued]>
[2024-04-27T18:25:56.847+0000] {taskinstance.py:2303} INFO - Starting attempt 1 of 4
[2024-04-27T18:25:56.864+0000] {taskinstance.py:2327} INFO - Executing <Task(PythonOperator): load_index_id_2979005> on 2024-04-26 00:00:00+00:00
[2024-04-27T18:25:56.871+0000] {standard_task_runner.py:90} INFO - Running: ['***', 'tasks', 'run', 'my_dag', 'load_index_id_2979005', 'scheduled__2024-04-26T00:00:00+00:00', '--job-id', '174', '--raw', '--subdir', 'DAGS_FOLDER/python_op.py', '--cfg-path', '/tmp/tmp3jluk9cn']
[2024-04-27T18:25:56.874+0000] {standard_task_runner.py:91} INFO - Job 174: Subtask load_index_id_2979005
[2024-04-27T18:25:56.876+0000] {logging_mixin.py:188} WARNING - /home/***/.local/lib/python3.12/site-packages/***/task/task_runner/standard_task_runner.py:61 DeprecationWarning: This process (pid=166) is multi-threaded, use of fork() may lead to deadlocks in the child.
[2024-04-27T18:25:56.878+0000] {standard_task_runner.py:63} INFO - Started process 177 to run task
[2024-04-27T18:25:56.943+0000] {task_command.py:426} INFO - Running <TaskInstance: my_dag.load_index_id_2979005 scheduled__2024-04-26T00:00:00+00:00 [running]> on host f9a12f9b65d4
[2024-04-27T18:25:57.086+0000] {taskinstance.py:2644} INFO - Exporting env vars: AIRFLOW_CTX_DAG_OWNER='***' AIRFLOW_CTX_DAG_ID='my_dag' AIRFLOW_CTX_TASK_ID='load_index_id_2979005' AIRFLOW_CTX_EXECUTION_DATE='2024-04-26T00:00:00+00:00' AIRFLOW_CTX_TRY_NUMBER='1' AIRFLOW_CTX_DAG_RUN_ID='scheduled__2024-04-26T00:00:00+00:00'
[2024-04-27T18:25:57.088+0000] {taskinstance.py:430} INFO - ::endgroup::
[2024-04-27T18:25:57.120+0000] {logging_mixin.py:188} INFO - test1
[2024-04-27T18:26:05.224+0000] {logging_mixin.py:188} INFO - test2
[2024-04-27T18:26:05.226+0000] {logging_mixin.py:188} INFO - {"status":"success","info":[{"index_name":"индекс физического объема валового внутреннего продукта методом производства","dic_names":["Регионы"],"period_name":"Квартал с накоплением","info":"ошибка талдау","error_code":500},{"index_name":"индекс физического объема валового внутреннего продукта методом производства","dic_names":["Регионы"],"period_name":"Месяц с накоплением","info":"ошибка талдау","error_code":500},{"index_name":"индекс физического объема валового внутреннего продукта методом производства","dic_names":["Регионы"],"period_name":"Год","info":"ошибка талдау","error_code":500}]}
[2024-04-27T18:26:05.227+0000] {python.py:237} INFO - Done. Returned value was: None
[2024-04-27T18:26:05.228+0000] {taskinstance.py:441} INFO - ::group::Post task execution logs
[2024-04-27T18:26:05.241+0000] {taskinstance.py:1205} INFO - Marking task as SUCCESS. dag_id=my_dag, task_id=load_index_id_2979005, execution_date=20240426T000000, start_date=20240427T182556, end_date=20240427T182605
[2024-04-27T18:26:05.299+0000] {local_task_job_runner.py:240} INFO - Task exited with return code 0
[2024-04-27T18:26:05.319+0000] {taskinstance.py:3482} INFO - 0 downstream tasks scheduled from follow-on schedule check
[2024-04-27T18:26:05.322+0000] {local_task_job_runner.py:222} INFO - ::endgroup::
