[2024-05-14T10:02:25.057+0000] {local_task_job_runner.py:120} INFO - ::group::Pre task execution logs
[2024-05-14T10:02:25.119+0000] {taskinstance.py:2073} INFO - Dependencies all met for dep_context=non-requeueable deps ti=<TaskInstance: load_data_mb.load_index_id_701939 scheduled__2024-05-02T00:00:00+00:00 [queued]>
[2024-05-14T10:02:25.147+0000] {taskinstance.py:2073} INFO - Dependencies all met for dep_context=requeueable deps ti=<TaskInstance: load_data_mb.load_index_id_701939 scheduled__2024-05-02T00:00:00+00:00 [queued]>
[2024-05-14T10:02:25.149+0000] {taskinstance.py:2303} INFO - Starting attempt 1 of 1
[2024-05-14T10:02:25.184+0000] {taskinstance.py:2327} INFO - Executing <Task(PythonOperator): load_index_id_701939> on 2024-05-02 00:00:00+00:00
[2024-05-14T10:02:25.234+0000] {logging_mixin.py:188} WARNING - /home/***/.local/lib/python3.12/site-packages/***/task/task_runner/standard_task_runner.py:61 DeprecationWarning: This process (pid=303) is multi-threaded, use of fork() may lead to deadlocks in the child.
[2024-05-14T10:02:25.218+0000] {standard_task_runner.py:90} INFO - Running: ['***', 'tasks', 'run', 'load_data_mb', 'load_index_id_701939', 'scheduled__2024-05-02T00:00:00+00:00', '--job-id', '509', '--raw', '--subdir', 'DAGS_FOLDER/load_data_mb.py', '--cfg-path', '/tmp/tmpp9m15rd2']
[2024-05-14T10:02:25.238+0000] {standard_task_runner.py:63} INFO - Started process 304 to run task
[2024-05-14T10:02:25.238+0000] {standard_task_runner.py:91} INFO - Job 509: Subtask load_index_id_701939
[2024-05-14T10:02:25.353+0000] {task_command.py:426} INFO - Running <TaskInstance: load_data_mb.load_index_id_701939 scheduled__2024-05-02T00:00:00+00:00 [running]> on host d933ead87eb5
[2024-05-14T10:02:25.613+0000] {taskinstance.py:2644} INFO - Exporting env vars: AIRFLOW_CTX_DAG_OWNER='***' AIRFLOW_CTX_DAG_ID='load_data_mb' AIRFLOW_CTX_TASK_ID='load_index_id_701939' AIRFLOW_CTX_EXECUTION_DATE='2024-05-02T00:00:00+00:00' AIRFLOW_CTX_TRY_NUMBER='1' AIRFLOW_CTX_DAG_RUN_ID='scheduled__2024-05-02T00:00:00+00:00'
[2024-05-14T10:02:25.615+0000] {taskinstance.py:430} INFO - ::endgroup::
[2024-05-14T10:02:49.813+0000] {logging_mixin.py:188} INFO - {'index_name': 'Индекс физического объема общей площади введенных в эксплуатацию жилых зданий', 'index_id': 701939, 'dic_names': ['Регионы', 'Соотнесение периодов', 'Типы правовых единиц'], 'period_name': 'Год', 'info': 'нет новых данных'}
[2024-05-14T10:02:49.815+0000] {logging_mixin.py:188} INFO - {'index_name': 'Индекс физического объема общей площади введенных в эксплуатацию жилых зданий', 'index_id': 701939, 'dic_names': ['Регионы', 'Тип местности и административное деление', 'Соотнесение периодов', 'Виды объектов и мощностей'], 'period_name': 'Год', 'info': 'нет новых данных'}
[2024-05-14T10:02:49.816+0000] {logging_mixin.py:188} INFO - {'index_name': 'Индекс физического объема общей площади введенных в эксплуатацию жилых зданий', 'index_id': 701939, 'dic_names': ['Регионы', 'Тип местности и административное деление', 'Соотнесение периодов'], 'period_name': 'Месяц', 'info': 'нет новых данных'}
[2024-05-14T10:02:49.817+0000] {logging_mixin.py:188} INFO - {'index_name': 'Индекс физического объема общей площади введенных в эксплуатацию жилых зданий', 'index_id': 701939, 'dic_names': ['Регионы', 'Тип местности и административное деление', 'Соотнесение периодов', 'Виды объектов и мощностей'], 'period_name': 'Месяц', 'info': 'нет новых данных'}
[2024-05-14T10:02:49.817+0000] {logging_mixin.py:188} INFO - {'index_name': 'Индекс физического объема общей площади введенных в эксплуатацию жилых зданий', 'index_id': 701939, 'dic_names': ['Регионы', 'Тип местности и административное деление', 'Соотнесение периодов'], 'period_name': 'Месяц с накоплением', 'info': 'нет новых данных'}
[2024-05-14T10:02:49.818+0000] {logging_mixin.py:188} INFO - {'index_name': 'Индекс физического объема общей площади введенных в эксплуатацию жилых зданий', 'index_id': 701939, 'dic_names': ['Регионы', 'Тип местности и административное деление', 'Соотнесение периодов', 'Виды объектов и мощностей'], 'period_name': 'Месяц с накоплением', 'info': 'нет новых данных'}
[2024-05-14T10:02:49.819+0000] {logging_mixin.py:188} INFO - {'index_name': 'Индекс физического объема общей площади введенных в эксплуатацию жилых зданий', 'index_id': 701939, 'dic_names': ['Соотнесение периодов', 'Административно-территориальные объекты по малым городам'], 'period_name': 'Месяц', 'info': 'нет новых данных'}
[2024-05-14T10:02:49.820+0000] {logging_mixin.py:188} INFO - {'index_name': 'Индекс физического объема общей площади введенных в эксплуатацию жилых зданий', 'index_id': 701939, 'dic_names': ['Административно-территориальные объекты по моногородам', 'Соотнесение периодов'], 'period_name': 'Месяц', 'info': 'нет новых данных'}
[2024-05-14T10:02:49.821+0000] {logging_mixin.py:188} INFO - {'index_name': 'Индекс физического объема общей площади введенных в эксплуатацию жилых зданий', 'index_id': 701939, 'dic_names': ['Административно-территориальные объекты по моногородам', 'Соотнесение периодов'], 'period_name': 'Месяц с накоплением', 'info': 'нет новых данных'}
[2024-05-14T10:02:49.822+0000] {logging_mixin.py:188} INFO - {'index_name': 'Индекс физического объема общей площади введенных в эксплуатацию жилых зданий', 'index_id': 701939, 'dic_names': ['Соотнесение периодов', 'Административно-территориальные объекты по малым городам'], 'period_name': 'Месяц с накоплением', 'info': 'нет новых данных'}
[2024-05-14T10:02:49.823+0000] {logging_mixin.py:188} INFO - {'index_name': 'Индекс физического объема общей площади введенных в эксплуатацию жилых зданий', 'index_id': 701939, 'dic_names': ['Регионы', 'Соотнесение периодов', 'Группировки типов правовых единиц'], 'period_name': 'Месяц с накоплением', 'info': 'нет новых данных'}
[2024-05-14T10:02:49.824+0000] {python.py:237} INFO - Done. Returned value was: None
[2024-05-14T10:02:49.825+0000] {taskinstance.py:441} INFO - ::group::Post task execution logs
[2024-05-14T10:02:49.839+0000] {taskinstance.py:1205} INFO - Marking task as SUCCESS. dag_id=load_data_mb, task_id=load_index_id_701939, execution_date=20240502T000000, start_date=20240514T100225, end_date=20240514T100249
[2024-05-14T10:02:49.870+0000] {local_task_job_runner.py:240} INFO - Task exited with return code 0
[2024-05-14T10:02:49.893+0000] {taskinstance.py:3482} INFO - 0 downstream tasks scheduled from follow-on schedule check
[2024-05-14T10:02:49.896+0000] {local_task_job_runner.py:222} INFO - ::endgroup::
