[2024-06-11T21:29:03.847+0000] {local_task_job_runner.py:120} INFO - ::group::Pre task execution logs
[2024-06-11T21:29:03.894+0000] {taskinstance.py:2073} INFO - Dependencies all met for dep_context=non-requeueable deps ti=<TaskInstance: load_data_mb.load_index_id_704448 scheduled__2024-06-10T00:00:00+00:00 [queued]>
[2024-06-11T21:29:03.906+0000] {taskinstance.py:2073} INFO - Dependencies all met for dep_context=requeueable deps ti=<TaskInstance: load_data_mb.load_index_id_704448 scheduled__2024-06-10T00:00:00+00:00 [queued]>
[2024-06-11T21:29:03.909+0000] {taskinstance.py:2303} INFO - Starting attempt 1 of 1
[2024-06-11T21:29:03.928+0000] {taskinstance.py:2327} INFO - Executing <Task(PythonOperator): load_index_id_704448> on 2024-06-10 00:00:00+00:00
[2024-06-11T21:29:03.937+0000] {standard_task_runner.py:90} INFO - Running: ['***', 'tasks', 'run', 'load_data_mb', 'load_index_id_704448', 'scheduled__2024-06-10T00:00:00+00:00', '--job-id', '135', '--raw', '--subdir', 'DAGS_FOLDER/load_data_mb.py', '--cfg-path', '/tmp/tmpkidjpfmh']
[2024-06-11T21:29:03.941+0000] {standard_task_runner.py:91} INFO - Job 135: Subtask load_index_id_704448
[2024-06-11T21:29:03.942+0000] {logging_mixin.py:188} WARNING - /home/***/.local/lib/python3.12/site-packages/***/task/task_runner/standard_task_runner.py:61 DeprecationWarning: This process (pid=255) is multi-threaded, use of fork() may lead to deadlocks in the child.
[2024-06-11T21:29:03.943+0000] {standard_task_runner.py:63} INFO - Started process 256 to run task
[2024-06-11T21:29:04.005+0000] {task_command.py:426} INFO - Running <TaskInstance: load_data_mb.load_index_id_704448 scheduled__2024-06-10T00:00:00+00:00 [running]> on host e6f094d2943c
[2024-06-11T21:29:04.159+0000] {taskinstance.py:2644} INFO - Exporting env vars: AIRFLOW_CTX_DAG_OWNER='***' AIRFLOW_CTX_DAG_ID='load_data_mb' AIRFLOW_CTX_TASK_ID='load_index_id_704448' AIRFLOW_CTX_EXECUTION_DATE='2024-06-10T00:00:00+00:00' AIRFLOW_CTX_TRY_NUMBER='1' AIRFLOW_CTX_DAG_RUN_ID='scheduled__2024-06-10T00:00:00+00:00'
[2024-06-11T21:29:04.161+0000] {taskinstance.py:430} INFO - ::endgroup::
[2024-06-11T21:29:04.284+0000] {logging_mixin.py:188} INFO - Ошибка в коде или неверный json
[2024-06-11T21:29:04.285+0000] {taskinstance.py:441} INFO - ::group::Post task execution logs
[2024-06-11T21:29:04.286+0000] {taskinstance.py:2892} ERROR - Task failed due to SystemExit(1)
[2024-06-11T21:29:04.298+0000] {taskinstance.py:1205} INFO - Marking task as FAILED. dag_id=load_data_mb, task_id=load_index_id_704448, execution_date=20240610T000000, start_date=20240611T212903, end_date=20240611T212904
[2024-06-11T21:29:04.319+0000] {standard_task_runner.py:110} ERROR - Failed to execute job 135 for task load_index_id_704448 (Task failed due to SystemExit(1); 256)
[2024-06-11T21:29:04.360+0000] {local_task_job_runner.py:240} INFO - Task exited with return code 1
[2024-06-11T21:29:04.397+0000] {taskinstance.py:3482} INFO - 0 downstream tasks scheduled from follow-on schedule check
[2024-06-11T21:29:04.400+0000] {local_task_job_runner.py:222} INFO - ::endgroup::
[2024-06-11T21:30:28.197+0000] {local_task_job_runner.py:120} INFO - ::group::Pre task execution logs
[2024-06-11T21:30:28.247+0000] {taskinstance.py:2073} INFO - Dependencies all met for dep_context=non-requeueable deps ti=<TaskInstance: load_data_mb.load_index_id_704448 scheduled__2024-06-10T00:00:00+00:00 [queued]>
[2024-06-11T21:30:28.264+0000] {taskinstance.py:2073} INFO - Dependencies all met for dep_context=requeueable deps ti=<TaskInstance: load_data_mb.load_index_id_704448 scheduled__2024-06-10T00:00:00+00:00 [queued]>
[2024-06-11T21:30:28.266+0000] {taskinstance.py:2303} INFO - Starting attempt 1 of 1
[2024-06-11T21:30:28.296+0000] {taskinstance.py:2327} INFO - Executing <Task(PythonOperator): load_index_id_704448> on 2024-06-10 00:00:00+00:00
[2024-06-11T21:30:28.307+0000] {logging_mixin.py:188} WARNING - /home/***/.local/lib/python3.12/site-packages/***/task/task_runner/standard_task_runner.py:61 DeprecationWarning: This process (pid=361) is multi-threaded, use of fork() may lead to deadlocks in the child.
[2024-06-11T21:30:28.306+0000] {standard_task_runner.py:90} INFO - Running: ['***', 'tasks', 'run', 'load_data_mb', 'load_index_id_704448', 'scheduled__2024-06-10T00:00:00+00:00', '--job-id', '174', '--raw', '--subdir', 'DAGS_FOLDER/load_data_mb.py', '--cfg-path', '/tmp/tmp8cw4qsiv']
[2024-06-11T21:30:28.312+0000] {standard_task_runner.py:63} INFO - Started process 362 to run task
[2024-06-11T21:30:28.313+0000] {standard_task_runner.py:91} INFO - Job 174: Subtask load_index_id_704448
[2024-06-11T21:30:28.413+0000] {task_command.py:426} INFO - Running <TaskInstance: load_data_mb.load_index_id_704448 scheduled__2024-06-10T00:00:00+00:00 [running]> on host e6f094d2943c
[2024-06-11T21:30:28.568+0000] {taskinstance.py:2644} INFO - Exporting env vars: AIRFLOW_CTX_DAG_OWNER='***' AIRFLOW_CTX_DAG_ID='load_data_mb' AIRFLOW_CTX_TASK_ID='load_index_id_704448' AIRFLOW_CTX_EXECUTION_DATE='2024-06-10T00:00:00+00:00' AIRFLOW_CTX_TRY_NUMBER='1' AIRFLOW_CTX_DAG_RUN_ID='scheduled__2024-06-10T00:00:00+00:00'
[2024-06-11T21:30:28.571+0000] {taskinstance.py:430} INFO - ::endgroup::
[2024-06-11T21:30:28.638+0000] {logging_mixin.py:188} INFO - Ошибка в коде или неверный json
[2024-06-11T21:30:28.639+0000] {taskinstance.py:441} INFO - ::group::Post task execution logs
[2024-06-11T21:30:28.640+0000] {taskinstance.py:2892} ERROR - Task failed due to SystemExit(1)
[2024-06-11T21:30:28.651+0000] {taskinstance.py:1205} INFO - Marking task as FAILED. dag_id=load_data_mb, task_id=load_index_id_704448, execution_date=20240610T000000, start_date=20240611T213028, end_date=20240611T213028
[2024-06-11T21:30:28.669+0000] {standard_task_runner.py:110} ERROR - Failed to execute job 174 for task load_index_id_704448 (Task failed due to SystemExit(1); 362)
[2024-06-11T21:30:28.690+0000] {local_task_job_runner.py:240} INFO - Task exited with return code 1
[2024-06-11T21:30:28.747+0000] {taskinstance.py:3482} INFO - 0 downstream tasks scheduled from follow-on schedule check
[2024-06-11T21:30:28.755+0000] {local_task_job_runner.py:222} INFO - ::endgroup::
[2024-06-11T21:31:18.794+0000] {local_task_job_runner.py:120} INFO - ::group::Pre task execution logs
[2024-06-11T21:31:18.854+0000] {taskinstance.py:2073} INFO - Dependencies all met for dep_context=non-requeueable deps ti=<TaskInstance: load_data_mb.load_index_id_704448 scheduled__2024-06-10T00:00:00+00:00 [queued]>
[2024-06-11T21:31:18.868+0000] {taskinstance.py:2073} INFO - Dependencies all met for dep_context=requeueable deps ti=<TaskInstance: load_data_mb.load_index_id_704448 scheduled__2024-06-10T00:00:00+00:00 [queued]>
[2024-06-11T21:31:18.869+0000] {taskinstance.py:2303} INFO - Starting attempt 1 of 1
[2024-06-11T21:31:18.892+0000] {taskinstance.py:2327} INFO - Executing <Task(PythonOperator): load_index_id_704448> on 2024-06-10 00:00:00+00:00
[2024-06-11T21:31:18.915+0000] {logging_mixin.py:188} WARNING - /home/***/.local/lib/python3.12/site-packages/***/task/task_runner/standard_task_runner.py:61 DeprecationWarning: This process (pid=398) is multi-threaded, use of fork() may lead to deadlocks in the child.
[2024-06-11T21:31:18.914+0000] {standard_task_runner.py:90} INFO - Running: ['***', 'tasks', 'run', 'load_data_mb', 'load_index_id_704448', 'scheduled__2024-06-10T00:00:00+00:00', '--job-id', '185', '--raw', '--subdir', 'DAGS_FOLDER/load_data_mb.py', '--cfg-path', '/tmp/tmp6lwgz4ez']
[2024-06-11T21:31:18.918+0000] {standard_task_runner.py:63} INFO - Started process 399 to run task
[2024-06-11T21:31:18.918+0000] {standard_task_runner.py:91} INFO - Job 185: Subtask load_index_id_704448
[2024-06-11T21:31:19.001+0000] {task_command.py:426} INFO - Running <TaskInstance: load_data_mb.load_index_id_704448 scheduled__2024-06-10T00:00:00+00:00 [running]> on host e6f094d2943c
[2024-06-11T21:31:19.132+0000] {taskinstance.py:2644} INFO - Exporting env vars: AIRFLOW_CTX_DAG_OWNER='***' AIRFLOW_CTX_DAG_ID='load_data_mb' AIRFLOW_CTX_TASK_ID='load_index_id_704448' AIRFLOW_CTX_EXECUTION_DATE='2024-06-10T00:00:00+00:00' AIRFLOW_CTX_TRY_NUMBER='1' AIRFLOW_CTX_DAG_RUN_ID='scheduled__2024-06-10T00:00:00+00:00'
[2024-06-11T21:31:19.134+0000] {taskinstance.py:430} INFO - ::endgroup::
[2024-06-11T21:31:19.193+0000] {logging_mixin.py:188} INFO - Ошибка в коде или неверный json
[2024-06-11T21:31:19.194+0000] {taskinstance.py:441} INFO - ::group::Post task execution logs
[2024-06-11T21:31:19.195+0000] {taskinstance.py:2892} ERROR - Task failed due to SystemExit(1)
[2024-06-11T21:31:19.205+0000] {taskinstance.py:1205} INFO - Marking task as FAILED. dag_id=load_data_mb, task_id=load_index_id_704448, execution_date=20240610T000000, start_date=20240611T213118, end_date=20240611T213119
[2024-06-11T21:31:19.222+0000] {standard_task_runner.py:110} ERROR - Failed to execute job 185 for task load_index_id_704448 (Task failed due to SystemExit(1); 399)
[2024-06-11T21:31:19.255+0000] {local_task_job_runner.py:240} INFO - Task exited with return code 1
[2024-06-11T21:31:19.282+0000] {taskinstance.py:3482} INFO - 0 downstream tasks scheduled from follow-on schedule check
[2024-06-11T21:31:19.288+0000] {local_task_job_runner.py:222} INFO - ::endgroup::
[2024-06-11T21:41:25.432+0000] {local_task_job_runner.py:120} INFO - ::group::Pre task execution logs
[2024-06-11T21:41:25.533+0000] {taskinstance.py:2073} INFO - Dependencies all met for dep_context=non-requeueable deps ti=<TaskInstance: load_data_mb.load_index_id_704448 scheduled__2024-06-10T00:00:00+00:00 [queued]>
[2024-06-11T21:41:25.553+0000] {taskinstance.py:2073} INFO - Dependencies all met for dep_context=requeueable deps ti=<TaskInstance: load_data_mb.load_index_id_704448 scheduled__2024-06-10T00:00:00+00:00 [queued]>
[2024-06-11T21:41:25.554+0000] {taskinstance.py:2303} INFO - Starting attempt 1 of 1
[2024-06-11T21:41:25.594+0000] {taskinstance.py:2327} INFO - Executing <Task(PythonOperator): load_index_id_704448> on 2024-06-10 00:00:00+00:00
[2024-06-11T21:41:25.610+0000] {standard_task_runner.py:90} INFO - Running: ['***', 'tasks', 'run', 'load_data_mb', 'load_index_id_704448', 'scheduled__2024-06-10T00:00:00+00:00', '--job-id', '242', '--raw', '--subdir', 'DAGS_FOLDER/load_data.py', '--cfg-path', '/tmp/tmphv50vqky']
[2024-06-11T21:41:25.619+0000] {standard_task_runner.py:91} INFO - Job 242: Subtask load_index_id_704448
[2024-06-11T21:41:25.622+0000] {logging_mixin.py:188} WARNING - /home/***/.local/lib/python3.12/site-packages/***/task/task_runner/standard_task_runner.py:61 DeprecationWarning: This process (pid=215) is multi-threaded, use of fork() may lead to deadlocks in the child.
[2024-06-11T21:41:25.624+0000] {standard_task_runner.py:63} INFO - Started process 216 to run task
[2024-06-11T21:41:25.735+0000] {task_command.py:426} INFO - Running <TaskInstance: load_data_mb.load_index_id_704448 scheduled__2024-06-10T00:00:00+00:00 [running]> on host 8195540d7f15
[2024-06-11T21:41:26.025+0000] {taskinstance.py:2644} INFO - Exporting env vars: AIRFLOW_CTX_DAG_OWNER='***' AIRFLOW_CTX_DAG_ID='load_data_mb' AIRFLOW_CTX_TASK_ID='load_index_id_704448' AIRFLOW_CTX_EXECUTION_DATE='2024-06-10T00:00:00+00:00' AIRFLOW_CTX_TRY_NUMBER='1' AIRFLOW_CTX_DAG_RUN_ID='scheduled__2024-06-10T00:00:00+00:00'
[2024-06-11T21:41:26.033+0000] {taskinstance.py:430} INFO - ::endgroup::
[2024-06-11T21:41:26.100+0000] {taskinstance.py:441} INFO - ::group::Post task execution logs
[2024-06-11T21:41:26.102+0000] {taskinstance.py:2890} ERROR - Task failed with exception
Traceback (most recent call last):
  File "/home/airflow/.local/lib/python3.12/site-packages/airflow/models/taskinstance.py", line 465, in _execute_task
    result = _execute_callable(context=context, **execute_callable_kwargs)
             ^^^^^^^^^^^^^^^^^^^^^^^^^^^^^^^^^^^^^^^^^^^^^^^^^^^^^^^^^^^^^
  File "/home/airflow/.local/lib/python3.12/site-packages/airflow/models/taskinstance.py", line 432, in _execute_callable
    return execute_callable(context=context, **execute_callable_kwargs)
           ^^^^^^^^^^^^^^^^^^^^^^^^^^^^^^^^^^^^^^^^^^^^^^^^^^^^^^^^^^^^
  File "/home/airflow/.local/lib/python3.12/site-packages/airflow/models/baseoperator.py", line 400, in wrapper
    return func(self, *args, **kwargs)
           ^^^^^^^^^^^^^^^^^^^^^^^^^^^
  File "/home/airflow/.local/lib/python3.12/site-packages/airflow/operators/python.py", line 235, in execute
    return_value = self.execute_callable()
                   ^^^^^^^^^^^^^^^^^^^^^^^
  File "/home/airflow/.local/lib/python3.12/site-packages/airflow/operators/python.py", line 252, in execute_callable
    return self.python_callable(*self.op_args, **self.op_kwargs)
           ^^^^^^^^^^^^^^^^^^^^^^^^^^^^^^^^^^^^^^^^^^^^^^^^^^^^^
  File "/opt/airflow/dags/load_data.py", line 19, in load_index
    print(response.json()["info"])
          ~~~~~~~~~~~~~~~^^^^^^^^
KeyError: 'info'
[2024-06-11T21:41:26.124+0000] {taskinstance.py:1205} INFO - Marking task as FAILED. dag_id=load_data_mb, task_id=load_index_id_704448, execution_date=20240610T000000, start_date=20240611T214125, end_date=20240611T214126
[2024-06-11T21:41:26.144+0000] {standard_task_runner.py:110} ERROR - Failed to execute job 242 for task load_index_id_704448 ('info'; 216)
[2024-06-11T21:41:26.165+0000] {local_task_job_runner.py:240} INFO - Task exited with return code 1
[2024-06-11T21:41:26.202+0000] {taskinstance.py:3482} INFO - 0 downstream tasks scheduled from follow-on schedule check
[2024-06-11T21:41:26.208+0000] {local_task_job_runner.py:222} INFO - ::endgroup::
