[2024-05-14T10:04:34.469+0000] {local_task_job_runner.py:120} INFO - ::group::Pre task execution logs
[2024-05-14T10:04:34.572+0000] {taskinstance.py:2073} INFO - Dependencies all met for dep_context=non-requeueable deps ti=<TaskInstance: load_data_mb.load_index_id_701830 scheduled__2024-05-02T00:00:00+00:00 [queued]>
[2024-05-14T10:04:34.623+0000] {taskinstance.py:2073} INFO - Dependencies all met for dep_context=requeueable deps ti=<TaskInstance: load_data_mb.load_index_id_701830 scheduled__2024-05-02T00:00:00+00:00 [queued]>
[2024-05-14T10:04:34.625+0000] {taskinstance.py:2303} INFO - Starting attempt 1 of 1
[2024-05-14T10:04:34.690+0000] {taskinstance.py:2327} INFO - Executing <Task(PythonOperator): load_index_id_701830> on 2024-05-02 00:00:00+00:00
[2024-05-14T10:04:34.726+0000] {standard_task_runner.py:90} INFO - Running: ['***', 'tasks', 'run', 'load_data_mb', 'load_index_id_701830', 'scheduled__2024-05-02T00:00:00+00:00', '--job-id', '515', '--raw', '--subdir', 'DAGS_FOLDER/load_data_mb.py', '--cfg-path', '/tmp/tmpxoc4fe3u']
[2024-05-14T10:04:34.743+0000] {standard_task_runner.py:91} INFO - Job 515: Subtask load_index_id_701830
[2024-05-14T10:04:34.744+0000] {logging_mixin.py:188} WARNING - /home/***/.local/lib/python3.12/site-packages/***/task/task_runner/standard_task_runner.py:61 DeprecationWarning: This process (pid=365) is multi-threaded, use of fork() may lead to deadlocks in the child.
[2024-05-14T10:04:34.746+0000] {standard_task_runner.py:63} INFO - Started process 366 to run task
[2024-05-14T10:04:34.928+0000] {task_command.py:426} INFO - Running <TaskInstance: load_data_mb.load_index_id_701830 scheduled__2024-05-02T00:00:00+00:00 [running]> on host d933ead87eb5
[2024-05-14T10:04:35.475+0000] {taskinstance.py:2644} INFO - Exporting env vars: AIRFLOW_CTX_DAG_OWNER='***' AIRFLOW_CTX_DAG_ID='load_data_mb' AIRFLOW_CTX_TASK_ID='load_index_id_701830' AIRFLOW_CTX_EXECUTION_DATE='2024-05-02T00:00:00+00:00' AIRFLOW_CTX_TRY_NUMBER='1' AIRFLOW_CTX_DAG_RUN_ID='scheduled__2024-05-02T00:00:00+00:00'
[2024-05-14T10:04:35.493+0000] {taskinstance.py:430} INFO - ::endgroup::
[2024-05-14T10:05:18.017+0000] {logging_mixin.py:188} INFO - {'index_name': 'Инвестиции в основной капитал по направлениям использования', 'index_id': 701830, 'dic_names': ['Регионы', 'Виды экономической деятельности', 'Формы и видов собственности', 'Типы правовых единиц'], 'period_name': 'Год', 'info': 'ошибка талдау', 'error_code': 503}
[2024-05-14T10:05:18.029+0000] {logging_mixin.py:188} INFO - {'index_name': 'Инвестиции в основной капитал по направлениям использования', 'index_id': 701830, 'dic_names': ['Регионы', 'Тип местности и административное деление', 'Формы и видов собственности', 'Источник финансирования', 'Виды экономической деятельности'], 'period_name': 'Год', 'info': 'ошибка талдау', 'error_code': 503}
[2024-05-14T10:05:18.030+0000] {logging_mixin.py:188} INFO - {'index_name': 'Инвестиции в основной капитал по направлениям использования', 'index_id': 701830, 'dic_names': ['Регионы', 'Тип местности и административное деление', 'Размерность юридических лиц, филиалов и представительств, а также субъектов индивидуального предпринимательства по численности работников', 'Виды экономической деятельности', 'Виды затрат в объеме инвестиций в основной капитал'], 'period_name': 'Год', 'info': 'ошибка талдау', 'error_code': 500}
[2024-05-14T10:05:18.031+0000] {logging_mixin.py:188} INFO - {'index_name': 'Инвестиции в основной капитал по направлениям использования', 'index_id': 701830, 'dic_names': ['Регионы', 'Тип местности и административное деление', 'Формы и видов собственности', 'Виды экономической деятельности', 'Виды затрат в объеме инвестиций в основной капитал'], 'period_name': 'Год', 'info': 'ошибка талдау', 'error_code': 500}
[2024-05-14T10:05:18.032+0000] {logging_mixin.py:188} INFO - {'index_name': 'Инвестиции в основной капитал по направлениям использования', 'index_id': 701830, 'dic_names': ['Регионы', 'Виды экономической деятельности', 'Тип местности и административное деление', 'Размерность юридических лиц, филиалов и представительств, а также субъектов индивидуального предпринимательства по численности работников', 'Формы и видов собственности', 'Источник финансирования'], 'period_name': 'Год', 'info': 'ошибка талдау', 'error_code': 500}
[2024-05-14T10:05:18.033+0000] {logging_mixin.py:188} INFO - {'index_name': 'Инвестиции в основной капитал по направлениям использования', 'index_id': 701830, 'dic_names': ['Регионы', 'Виды экономической деятельности', 'Организационно-правовые формы хозяйствования'], 'period_name': 'Месяц', 'info': 'ошибка талдау', 'error_code': 500}
[2024-05-14T10:05:18.034+0000] {logging_mixin.py:188} INFO - {'index_name': 'Инвестиции в основной капитал по направлениям использования', 'index_id': 701830, 'dic_names': ['Регионы', 'Виды экономической деятельности', 'Сектора экономики'], 'period_name': 'Месяц', 'info': 'ошибка талдау', 'error_code': 500}
[2024-05-14T10:05:18.035+0000] {logging_mixin.py:188} INFO - {'index_name': 'Инвестиции в основной капитал по направлениям использования', 'index_id': 701830, 'dic_names': ['Регионы', 'Формы и видов собственности', 'Источник финансирования', 'Виды экономической деятельности'], 'period_name': 'Месяц', 'info': 'ошибка талдау', 'error_code': 500}
[2024-05-14T10:05:18.036+0000] {logging_mixin.py:188} INFO - {'index_name': 'Инвестиции в основной капитал по направлениям использования', 'index_id': 701830, 'dic_names': ['Регионы', 'Размерность юридических лиц, филиалов и представительств, а также субъектов индивидуального предпринимательства по численности работников', 'Источник финансирования', 'Виды экономической деятельности'], 'period_name': 'Месяц', 'info': 'ошибка талдау', 'error_code': 500}
[2024-05-14T10:05:18.037+0000] {logging_mixin.py:188} INFO - {'index_name': 'Инвестиции в основной капитал по направлениям использования', 'index_id': 701830, 'dic_names': ['Регионы', 'Виды экономической деятельности', 'Тип местности и административное деление', 'Размерность юридических лиц, филиалов и представительств, а также субъектов индивидуального предпринимательства по численности работников', 'Источник финансирования'], 'period_name': 'Месяц', 'info': 'ошибка талдау', 'error_code': 500}
[2024-05-14T10:05:18.037+0000] {logging_mixin.py:188} INFO - {'index_name': 'Инвестиции в основной капитал по направлениям использования', 'index_id': 701830, 'dic_names': ['Регионы', 'Виды экономической деятельности', 'Тип местности и административное деление', 'Формы и видов собственности', 'Источник финансирования'], 'period_name': 'Месяц', 'info': 'ошибка талдау', 'error_code': 500}
[2024-05-14T10:05:18.038+0000] {logging_mixin.py:188} INFO - {'index_name': 'Инвестиции в основной капитал по направлениям использования', 'index_id': 701830, 'dic_names': ['Регионы', 'Виды экономической деятельности', 'Тип местности и административное деление', 'Размерность юридических лиц, филиалов и представительств, а также субъектов индивидуального предпринимательства по численности работников', 'Формы и видов собственности', 'Источник финансирования'], 'period_name': 'Месяц', 'info': 'ошибка талдау', 'error_code': 500}
[2024-05-14T10:05:18.041+0000] {logging_mixin.py:188} INFO - {'index_name': 'Инвестиции в основной капитал по направлениям использования', 'index_id': 701830, 'dic_names': ['Регионы', 'Виды экономической деятельности', 'Сектора экономики'], 'period_name': 'Месяц с накоплением', 'info': 'ошибка талдау', 'error_code': 500}
[2024-05-14T10:05:18.042+0000] {logging_mixin.py:188} INFO - {'index_name': 'Инвестиции в основной капитал по направлениям использования', 'index_id': 701830, 'dic_names': ['Регионы', 'Виды экономической деятельности', 'Организационно-правовые формы хозяйствования'], 'period_name': 'Месяц с накоплением', 'info': 'ошибка талдау', 'error_code': 500}
[2024-05-14T10:05:18.042+0000] {logging_mixin.py:188} INFO - {'index_name': 'Инвестиции в основной капитал по направлениям использования', 'index_id': 701830, 'dic_names': ['Регионы', 'Размерность юридических лиц, филиалов и представительств, а также субъектов индивидуального предпринимательства по численности работников', 'Источник финансирования', 'Виды экономической деятельности'], 'period_name': 'Месяц с накоплением', 'info': 'ошибка талдау', 'error_code': 500}
[2024-05-14T10:05:18.043+0000] {logging_mixin.py:188} INFO - {'index_name': 'Инвестиции в основной капитал по направлениям использования', 'index_id': 701830, 'dic_names': ['Регионы', 'Формы и видов собственности', 'Источник финансирования', 'Виды экономической деятельности'], 'period_name': 'Месяц с накоплением', 'info': 'ошибка талдау', 'error_code': 500}
[2024-05-14T10:05:18.044+0000] {logging_mixin.py:188} INFO - {'index_name': 'Инвестиции в основной капитал по направлениям использования', 'index_id': 701830, 'dic_names': ['Регионы', 'Виды экономической деятельности', 'Тип местности и административное деление', 'Размерность юридических лиц, филиалов и представительств, а также субъектов индивидуального предпринимательства по численности работников', 'Источник финансирования'], 'period_name': 'Месяц с накоплением', 'info': 'ошибка талдау', 'error_code': 503}
[2024-05-14T10:05:18.045+0000] {logging_mixin.py:188} INFO - {'index_name': 'Инвестиции в основной капитал по направлениям использования', 'index_id': 701830, 'dic_names': ['Регионы', 'Виды экономической деятельности', 'Тип местности и административное деление', 'Формы и видов собственности', 'Источник финансирования'], 'period_name': 'Месяц с накоплением', 'info': 'ошибка талдау', 'error_code': 500}
[2024-05-14T10:05:18.046+0000] {logging_mixin.py:188} INFO - {'index_name': 'Инвестиции в основной капитал по направлениям использования', 'index_id': 701830, 'dic_names': ['Регионы', 'Виды экономической деятельности', 'Тип местности и административное деление', 'Размерность юридических лиц, филиалов и представительств, а также субъектов индивидуального предпринимательства по численности работников', 'Формы и видов собственности', 'Источник финансирования'], 'period_name': 'Месяц с накоплением', 'info': 'ошибка талдау', 'error_code': 500}
[2024-05-14T10:05:18.049+0000] {python.py:237} INFO - Done. Returned value was: None
[2024-05-14T10:05:18.059+0000] {taskinstance.py:441} INFO - ::group::Post task execution logs
[2024-05-14T10:05:18.136+0000] {taskinstance.py:1205} INFO - Marking task as SUCCESS. dag_id=load_data_mb, task_id=load_index_id_701830, execution_date=20240502T000000, start_date=20240514T100434, end_date=20240514T100518
[2024-05-14T10:05:18.233+0000] {local_task_job_runner.py:240} INFO - Task exited with return code 0
[2024-05-14T10:05:18.312+0000] {taskinstance.py:3482} INFO - 0 downstream tasks scheduled from follow-on schedule check
[2024-05-14T10:05:18.318+0000] {local_task_job_runner.py:222} INFO - ::endgroup::
