[2024-06-11T21:29:01.489+0000] {local_task_job_runner.py:120} INFO - ::group::Pre task execution logs
[2024-06-11T21:29:01.562+0000] {taskinstance.py:2073} INFO - Dependencies all met for dep_context=non-requeueable deps ti=<TaskInstance: load_data_mb.load_index_id_702976 scheduled__2024-06-10T00:00:00+00:00 [queued]>
[2024-06-11T21:29:01.587+0000] {taskinstance.py:2073} INFO - Dependencies all met for dep_context=requeueable deps ti=<TaskInstance: load_data_mb.load_index_id_702976 scheduled__2024-06-10T00:00:00+00:00 [queued]>
[2024-06-11T21:29:01.588+0000] {taskinstance.py:2303} INFO - Starting attempt 1 of 1
[2024-06-11T21:29:01.619+0000] {taskinstance.py:2327} INFO - Executing <Task(PythonOperator): load_index_id_702976> on 2024-06-10 00:00:00+00:00
[2024-06-11T21:29:01.633+0000] {standard_task_runner.py:90} INFO - Running: ['***', 'tasks', 'run', 'load_data_mb', 'load_index_id_702976', 'scheduled__2024-06-10T00:00:00+00:00', '--job-id', '133', '--raw', '--subdir', 'DAGS_FOLDER/load_data_mb.py', '--cfg-path', '/tmp/tmpf93mopbh']
[2024-06-11T21:29:01.637+0000] {standard_task_runner.py:91} INFO - Job 133: Subtask load_index_id_702976
[2024-06-11T21:29:01.638+0000] {logging_mixin.py:188} WARNING - /home/***/.local/lib/python3.12/site-packages/***/task/task_runner/standard_task_runner.py:61 DeprecationWarning: This process (pid=251) is multi-threaded, use of fork() may lead to deadlocks in the child.
[2024-06-11T21:29:01.641+0000] {standard_task_runner.py:63} INFO - Started process 252 to run task
[2024-06-11T21:29:01.738+0000] {task_command.py:426} INFO - Running <TaskInstance: load_data_mb.load_index_id_702976 scheduled__2024-06-10T00:00:00+00:00 [running]> on host e6f094d2943c
[2024-06-11T21:29:01.942+0000] {taskinstance.py:2644} INFO - Exporting env vars: AIRFLOW_CTX_DAG_OWNER='***' AIRFLOW_CTX_DAG_ID='load_data_mb' AIRFLOW_CTX_TASK_ID='load_index_id_702976' AIRFLOW_CTX_EXECUTION_DATE='2024-06-10T00:00:00+00:00' AIRFLOW_CTX_TRY_NUMBER='1' AIRFLOW_CTX_DAG_RUN_ID='scheduled__2024-06-10T00:00:00+00:00'
[2024-06-11T21:29:01.943+0000] {taskinstance.py:430} INFO - ::endgroup::
[2024-06-11T21:29:01.995+0000] {logging_mixin.py:188} INFO - Ошибка в коде или неверный json
[2024-06-11T21:29:01.996+0000] {taskinstance.py:441} INFO - ::group::Post task execution logs
[2024-06-11T21:29:01.997+0000] {taskinstance.py:2892} ERROR - Task failed due to SystemExit(1)
[2024-06-11T21:29:02.006+0000] {taskinstance.py:1205} INFO - Marking task as FAILED. dag_id=load_data_mb, task_id=load_index_id_702976, execution_date=20240610T000000, start_date=20240611T212901, end_date=20240611T212902
[2024-06-11T21:29:02.022+0000] {standard_task_runner.py:110} ERROR - Failed to execute job 133 for task load_index_id_702976 (Task failed due to SystemExit(1); 252)
[2024-06-11T21:29:02.060+0000] {local_task_job_runner.py:240} INFO - Task exited with return code 1
[2024-06-11T21:29:02.082+0000] {taskinstance.py:3482} INFO - 0 downstream tasks scheduled from follow-on schedule check
[2024-06-11T21:29:02.086+0000] {local_task_job_runner.py:222} INFO - ::endgroup::
[2024-06-11T21:30:24.382+0000] {local_task_job_runner.py:120} INFO - ::group::Pre task execution logs
[2024-06-11T21:30:24.624+0000] {taskinstance.py:2073} INFO - Dependencies all met for dep_context=non-requeueable deps ti=<TaskInstance: load_data_mb.load_index_id_702976 scheduled__2024-06-10T00:00:00+00:00 [queued]>
[2024-06-11T21:30:24.697+0000] {taskinstance.py:2073} INFO - Dependencies all met for dep_context=requeueable deps ti=<TaskInstance: load_data_mb.load_index_id_702976 scheduled__2024-06-10T00:00:00+00:00 [queued]>
[2024-06-11T21:30:24.698+0000] {taskinstance.py:2303} INFO - Starting attempt 1 of 1
[2024-06-11T21:30:24.773+0000] {taskinstance.py:2327} INFO - Executing <Task(PythonOperator): load_index_id_702976> on 2024-06-10 00:00:00+00:00
[2024-06-11T21:30:24.801+0000] {logging_mixin.py:188} WARNING - /home/***/.local/lib/python3.12/site-packages/***/task/task_runner/standard_task_runner.py:61 DeprecationWarning: This process (pid=357) is multi-threaded, use of fork() may lead to deadlocks in the child.
[2024-06-11T21:30:24.806+0000] {standard_task_runner.py:63} INFO - Started process 358 to run task
[2024-06-11T21:30:24.796+0000] {standard_task_runner.py:90} INFO - Running: ['***', 'tasks', 'run', 'load_data_mb', 'load_index_id_702976', 'scheduled__2024-06-10T00:00:00+00:00', '--job-id', '172', '--raw', '--subdir', 'DAGS_FOLDER/load_data_mb.py', '--cfg-path', '/tmp/tmpkqpdph49']
[2024-06-11T21:30:24.812+0000] {standard_task_runner.py:91} INFO - Job 172: Subtask load_index_id_702976
[2024-06-11T21:30:24.965+0000] {task_command.py:426} INFO - Running <TaskInstance: load_data_mb.load_index_id_702976 scheduled__2024-06-10T00:00:00+00:00 [running]> on host e6f094d2943c
[2024-06-11T21:30:25.511+0000] {taskinstance.py:2644} INFO - Exporting env vars: AIRFLOW_CTX_DAG_OWNER='***' AIRFLOW_CTX_DAG_ID='load_data_mb' AIRFLOW_CTX_TASK_ID='load_index_id_702976' AIRFLOW_CTX_EXECUTION_DATE='2024-06-10T00:00:00+00:00' AIRFLOW_CTX_TRY_NUMBER='1' AIRFLOW_CTX_DAG_RUN_ID='scheduled__2024-06-10T00:00:00+00:00'
[2024-06-11T21:30:25.514+0000] {taskinstance.py:430} INFO - ::endgroup::
[2024-06-11T21:30:25.593+0000] {logging_mixin.py:188} INFO - Ошибка в коде или неверный json
[2024-06-11T21:30:25.595+0000] {taskinstance.py:441} INFO - ::group::Post task execution logs
[2024-06-11T21:30:25.598+0000] {taskinstance.py:2892} ERROR - Task failed due to SystemExit(1)
[2024-06-11T21:30:25.615+0000] {taskinstance.py:1205} INFO - Marking task as FAILED. dag_id=load_data_mb, task_id=load_index_id_702976, execution_date=20240610T000000, start_date=20240611T213024, end_date=20240611T213025
[2024-06-11T21:30:25.638+0000] {standard_task_runner.py:110} ERROR - Failed to execute job 172 for task load_index_id_702976 (Task failed due to SystemExit(1); 358)
[2024-06-11T21:30:25.686+0000] {local_task_job_runner.py:240} INFO - Task exited with return code 1
[2024-06-11T21:30:25.719+0000] {taskinstance.py:3482} INFO - 0 downstream tasks scheduled from follow-on schedule check
[2024-06-11T21:30:25.722+0000] {local_task_job_runner.py:222} INFO - ::endgroup::
[2024-06-11T21:31:13.465+0000] {local_task_job_runner.py:120} INFO - ::group::Pre task execution logs
[2024-06-11T21:31:13.660+0000] {taskinstance.py:2073} INFO - Dependencies all met for dep_context=non-requeueable deps ti=<TaskInstance: load_data_mb.load_index_id_702976 scheduled__2024-06-10T00:00:00+00:00 [queued]>
[2024-06-11T21:31:13.691+0000] {taskinstance.py:2073} INFO - Dependencies all met for dep_context=requeueable deps ti=<TaskInstance: load_data_mb.load_index_id_702976 scheduled__2024-06-10T00:00:00+00:00 [queued]>
[2024-06-11T21:31:13.693+0000] {taskinstance.py:2303} INFO - Starting attempt 1 of 1
[2024-06-11T21:31:13.754+0000] {taskinstance.py:2327} INFO - Executing <Task(PythonOperator): load_index_id_702976> on 2024-06-10 00:00:00+00:00
[2024-06-11T21:31:13.794+0000] {logging_mixin.py:188} WARNING - /home/***/.local/lib/python3.12/site-packages/***/task/task_runner/standard_task_runner.py:61 DeprecationWarning: This process (pid=394) is multi-threaded, use of fork() may lead to deadlocks in the child.
[2024-06-11T21:31:13.807+0000] {standard_task_runner.py:63} INFO - Started process 395 to run task
[2024-06-11T21:31:13.795+0000] {standard_task_runner.py:90} INFO - Running: ['***', 'tasks', 'run', 'load_data_mb', 'load_index_id_702976', 'scheduled__2024-06-10T00:00:00+00:00', '--job-id', '183', '--raw', '--subdir', 'DAGS_FOLDER/load_data_mb.py', '--cfg-path', '/tmp/tmpfudqg6uq']
[2024-06-11T21:31:13.810+0000] {standard_task_runner.py:91} INFO - Job 183: Subtask load_index_id_702976
[2024-06-11T21:31:14.288+0000] {task_command.py:426} INFO - Running <TaskInstance: load_data_mb.load_index_id_702976 scheduled__2024-06-10T00:00:00+00:00 [running]> on host e6f094d2943c
[2024-06-11T21:31:14.660+0000] {taskinstance.py:2644} INFO - Exporting env vars: AIRFLOW_CTX_DAG_OWNER='***' AIRFLOW_CTX_DAG_ID='load_data_mb' AIRFLOW_CTX_TASK_ID='load_index_id_702976' AIRFLOW_CTX_EXECUTION_DATE='2024-06-10T00:00:00+00:00' AIRFLOW_CTX_TRY_NUMBER='1' AIRFLOW_CTX_DAG_RUN_ID='scheduled__2024-06-10T00:00:00+00:00'
[2024-06-11T21:31:14.663+0000] {taskinstance.py:430} INFO - ::endgroup::
[2024-06-11T21:31:14.858+0000] {logging_mixin.py:188} INFO - Ошибка в коде или неверный json
[2024-06-11T21:31:14.859+0000] {taskinstance.py:441} INFO - ::group::Post task execution logs
[2024-06-11T21:31:14.860+0000] {taskinstance.py:2892} ERROR - Task failed due to SystemExit(1)
[2024-06-11T21:31:14.886+0000] {taskinstance.py:1205} INFO - Marking task as FAILED. dag_id=load_data_mb, task_id=load_index_id_702976, execution_date=20240610T000000, start_date=20240611T213113, end_date=20240611T213114
[2024-06-11T21:31:14.943+0000] {standard_task_runner.py:110} ERROR - Failed to execute job 183 for task load_index_id_702976 (Task failed due to SystemExit(1); 395)
[2024-06-11T21:31:14.986+0000] {local_task_job_runner.py:240} INFO - Task exited with return code 1
[2024-06-11T21:31:15.043+0000] {taskinstance.py:3482} INFO - 0 downstream tasks scheduled from follow-on schedule check
[2024-06-11T21:31:15.053+0000] {local_task_job_runner.py:222} INFO - ::endgroup::
[2024-06-11T21:41:21.059+0000] {local_task_job_runner.py:120} INFO - ::group::Pre task execution logs
[2024-06-11T21:41:21.652+0000] {taskinstance.py:2073} INFO - Dependencies all met for dep_context=non-requeueable deps ti=<TaskInstance: load_data_mb.load_index_id_702976 scheduled__2024-06-10T00:00:00+00:00 [queued]>
[2024-06-11T21:41:21.665+0000] {taskinstance.py:2073} INFO - Dependencies all met for dep_context=requeueable deps ti=<TaskInstance: load_data_mb.load_index_id_702976 scheduled__2024-06-10T00:00:00+00:00 [queued]>
[2024-06-11T21:41:21.666+0000] {taskinstance.py:2303} INFO - Starting attempt 1 of 1
[2024-06-11T21:41:21.868+0000] {taskinstance.py:2327} INFO - Executing <Task(PythonOperator): load_index_id_702976> on 2024-06-10 00:00:00+00:00
[2024-06-11T21:41:21.894+0000] {standard_task_runner.py:90} INFO - Running: ['***', 'tasks', 'run', 'load_data_mb', 'load_index_id_702976', 'scheduled__2024-06-10T00:00:00+00:00', '--job-id', '240', '--raw', '--subdir', 'DAGS_FOLDER/load_data.py', '--cfg-path', '/tmp/tmpsliq7eik']
[2024-06-11T21:41:21.898+0000] {standard_task_runner.py:91} INFO - Job 240: Subtask load_index_id_702976
[2024-06-11T21:41:21.900+0000] {logging_mixin.py:188} WARNING - /home/***/.local/lib/python3.12/site-packages/***/task/task_runner/standard_task_runner.py:61 DeprecationWarning: This process (pid=205) is multi-threaded, use of fork() may lead to deadlocks in the child.
[2024-06-11T21:41:21.902+0000] {standard_task_runner.py:63} INFO - Started process 206 to run task
[2024-06-11T21:41:22.158+0000] {task_command.py:426} INFO - Running <TaskInstance: load_data_mb.load_index_id_702976 scheduled__2024-06-10T00:00:00+00:00 [running]> on host 8195540d7f15
[2024-06-11T21:41:22.537+0000] {taskinstance.py:2644} INFO - Exporting env vars: AIRFLOW_CTX_DAG_OWNER='***' AIRFLOW_CTX_DAG_ID='load_data_mb' AIRFLOW_CTX_TASK_ID='load_index_id_702976' AIRFLOW_CTX_EXECUTION_DATE='2024-06-10T00:00:00+00:00' AIRFLOW_CTX_TRY_NUMBER='1' AIRFLOW_CTX_DAG_RUN_ID='scheduled__2024-06-10T00:00:00+00:00'
[2024-06-11T21:41:22.540+0000] {taskinstance.py:430} INFO - ::endgroup::
[2024-06-11T21:41:22.614+0000] {taskinstance.py:441} INFO - ::group::Post task execution logs
[2024-06-11T21:41:22.616+0000] {taskinstance.py:2890} ERROR - Task failed with exception
Traceback (most recent call last):
  File "/home/airflow/.local/lib/python3.12/site-packages/airflow/models/taskinstance.py", line 465, in _execute_task
    result = _execute_callable(context=context, **execute_callable_kwargs)
             ^^^^^^^^^^^^^^^^^^^^^^^^^^^^^^^^^^^^^^^^^^^^^^^^^^^^^^^^^^^^^
  File "/home/airflow/.local/lib/python3.12/site-packages/airflow/models/taskinstance.py", line 432, in _execute_callable
    return execute_callable(context=context, **execute_callable_kwargs)
           ^^^^^^^^^^^^^^^^^^^^^^^^^^^^^^^^^^^^^^^^^^^^^^^^^^^^^^^^^^^^
  File "/home/airflow/.local/lib/python3.12/site-packages/airflow/models/baseoperator.py", line 400, in wrapper
    return func(self, *args, **kwargs)
           ^^^^^^^^^^^^^^^^^^^^^^^^^^^
  File "/home/airflow/.local/lib/python3.12/site-packages/airflow/operators/python.py", line 235, in execute
    return_value = self.execute_callable()
                   ^^^^^^^^^^^^^^^^^^^^^^^
  File "/home/airflow/.local/lib/python3.12/site-packages/airflow/operators/python.py", line 252, in execute_callable
    return self.python_callable(*self.op_args, **self.op_kwargs)
           ^^^^^^^^^^^^^^^^^^^^^^^^^^^^^^^^^^^^^^^^^^^^^^^^^^^^^
  File "/opt/airflow/dags/load_data.py", line 19, in load_index
    print(response.json()["info"])
          ~~~~~~~~~~~~~~~^^^^^^^^
KeyError: 'info'
[2024-06-11T21:41:22.638+0000] {taskinstance.py:1205} INFO - Marking task as FAILED. dag_id=load_data_mb, task_id=load_index_id_702976, execution_date=20240610T000000, start_date=20240611T214121, end_date=20240611T214122
[2024-06-11T21:41:22.661+0000] {standard_task_runner.py:110} ERROR - Failed to execute job 240 for task load_index_id_702976 ('info'; 206)
[2024-06-11T21:41:22.680+0000] {local_task_job_runner.py:240} INFO - Task exited with return code 1
[2024-06-11T21:41:22.714+0000] {taskinstance.py:3482} INFO - 0 downstream tasks scheduled from follow-on schedule check
[2024-06-11T21:41:22.720+0000] {local_task_job_runner.py:222} INFO - ::endgroup::
