[2024-04-28T08:02:07.518+0000] {local_task_job_runner.py:120} INFO - ::group::Pre task execution logs
[2024-04-28T08:02:07.599+0000] {taskinstance.py:2073} INFO - Dependencies all met for dep_context=non-requeueable deps ti=<TaskInstance: load_data_mb.load_index_id_2709380 scheduled__2024-04-27T00:00:00+00:00 [queued]>
[2024-04-28T08:02:07.615+0000] {taskinstance.py:2073} INFO - Dependencies all met for dep_context=requeueable deps ti=<TaskInstance: load_data_mb.load_index_id_2709380 scheduled__2024-04-27T00:00:00+00:00 [queued]>
[2024-04-28T08:02:07.617+0000] {taskinstance.py:2303} INFO - Starting attempt 1 of 1
[2024-04-28T08:02:07.647+0000] {taskinstance.py:2327} INFO - Executing <Task(PythonOperator): load_index_id_2709380> on 2024-04-27 00:00:00+00:00
[2024-04-28T08:02:07.660+0000] {standard_task_runner.py:90} INFO - Running: ['***', 'tasks', 'run', 'load_data_mb', 'load_index_id_2709380', 'scheduled__2024-04-27T00:00:00+00:00', '--job-id', '268', '--raw', '--subdir', 'DAGS_FOLDER/load_data_mb.py', '--cfg-path', '/tmp/tmpv7740g2l']
[2024-04-28T08:02:07.666+0000] {standard_task_runner.py:91} INFO - Job 268: Subtask load_index_id_2709380
[2024-04-28T08:02:07.675+0000] {logging_mixin.py:188} WARNING - /home/***/.local/lib/python3.12/site-packages/***/task/task_runner/standard_task_runner.py:61 DeprecationWarning: This process (pid=17706) is multi-threaded, use of fork() may lead to deadlocks in the child.
[2024-04-28T08:02:07.676+0000] {standard_task_runner.py:63} INFO - Started process 17707 to run task
[2024-04-28T08:02:07.774+0000] {task_command.py:426} INFO - Running <TaskInstance: load_data_mb.load_index_id_2709380 scheduled__2024-04-27T00:00:00+00:00 [running]> on host d933ead87eb5
[2024-04-28T08:02:07.954+0000] {taskinstance.py:2644} INFO - Exporting env vars: AIRFLOW_CTX_DAG_OWNER='***' AIRFLOW_CTX_DAG_ID='load_data_mb' AIRFLOW_CTX_TASK_ID='load_index_id_2709380' AIRFLOW_CTX_EXECUTION_DATE='2024-04-27T00:00:00+00:00' AIRFLOW_CTX_TRY_NUMBER='1' AIRFLOW_CTX_DAG_RUN_ID='scheduled__2024-04-27T00:00:00+00:00'
[2024-04-28T08:02:07.957+0000] {taskinstance.py:430} INFO - ::endgroup::
[2024-04-28T08:02:16.520+0000] {logging_mixin.py:188} INFO - Ошибка в коде или неверный json
[2024-04-28T08:02:16.522+0000] {taskinstance.py:441} INFO - ::group::Post task execution logs
[2024-04-28T08:02:16.523+0000] {taskinstance.py:2892} ERROR - Task failed due to SystemExit(1)
[2024-04-28T08:02:16.538+0000] {taskinstance.py:1205} INFO - Marking task as FAILED. dag_id=load_data_mb, task_id=load_index_id_2709380, execution_date=20240427T000000, start_date=20240428T080207, end_date=20240428T080216
[2024-04-28T08:02:16.570+0000] {standard_task_runner.py:110} ERROR - Failed to execute job 268 for task load_index_id_2709380 (Task failed due to SystemExit(1); 17707)
[2024-04-28T08:02:16.588+0000] {local_task_job_runner.py:240} INFO - Task exited with return code 1
[2024-04-28T08:02:16.622+0000] {taskinstance.py:3482} INFO - 0 downstream tasks scheduled from follow-on schedule check
[2024-04-28T08:02:16.629+0000] {local_task_job_runner.py:222} INFO - ::endgroup::
[2024-04-28T08:05:03.506+0000] {local_task_job_runner.py:120} INFO - ::group::Pre task execution logs
[2024-04-28T08:05:03.774+0000] {taskinstance.py:2073} INFO - Dependencies all met for dep_context=non-requeueable deps ti=<TaskInstance: load_data_mb.load_index_id_2709380 scheduled__2024-04-27T00:00:00+00:00 [queued]>
[2024-04-28T08:05:03.820+0000] {taskinstance.py:2073} INFO - Dependencies all met for dep_context=requeueable deps ti=<TaskInstance: load_data_mb.load_index_id_2709380 scheduled__2024-04-27T00:00:00+00:00 [queued]>
[2024-04-28T08:05:03.822+0000] {taskinstance.py:2303} INFO - Starting attempt 1 of 1
[2024-04-28T08:05:03.953+0000] {taskinstance.py:2327} INFO - Executing <Task(PythonOperator): load_index_id_2709380> on 2024-04-27 00:00:00+00:00
[2024-04-28T08:05:03.985+0000] {standard_task_runner.py:90} INFO - Running: ['***', 'tasks', 'run', 'load_data_mb', 'load_index_id_2709380', 'scheduled__2024-04-27T00:00:00+00:00', '--job-id', '272', '--raw', '--subdir', 'DAGS_FOLDER/load_data_mb.py', '--cfg-path', '/tmp/tmpfxcdg4f7']
[2024-04-28T08:05:03.989+0000] {standard_task_runner.py:91} INFO - Job 272: Subtask load_index_id_2709380
[2024-04-28T08:05:04.046+0000] {logging_mixin.py:188} WARNING - /home/***/.local/lib/python3.12/site-packages/***/task/task_runner/standard_task_runner.py:61 DeprecationWarning: This process (pid=17835) is multi-threaded, use of fork() may lead to deadlocks in the child.
[2024-04-28T08:05:04.050+0000] {standard_task_runner.py:63} INFO - Started process 17836 to run task
[2024-04-28T08:05:04.184+0000] {task_command.py:426} INFO - Running <TaskInstance: load_data_mb.load_index_id_2709380 scheduled__2024-04-27T00:00:00+00:00 [running]> on host d933ead87eb5
[2024-04-28T08:05:04.574+0000] {taskinstance.py:2644} INFO - Exporting env vars: AIRFLOW_CTX_DAG_OWNER='***' AIRFLOW_CTX_DAG_ID='load_data_mb' AIRFLOW_CTX_TASK_ID='load_index_id_2709380' AIRFLOW_CTX_EXECUTION_DATE='2024-04-27T00:00:00+00:00' AIRFLOW_CTX_TRY_NUMBER='1' AIRFLOW_CTX_DAG_RUN_ID='scheduled__2024-04-27T00:00:00+00:00'
[2024-04-28T08:05:04.576+0000] {taskinstance.py:430} INFO - ::endgroup::
[2024-04-28T08:05:08.899+0000] {logging_mixin.py:188} INFO - {'index_name': 'Валовой внутренний продукт методом производства на душу населения', 'index_id': 2709380, 'dic_names': ['Регионы'], 'period_name': 'Год', 'info': 'нет новых данных'}
[2024-04-28T08:05:08.900+0000] {logging_mixin.py:188} INFO - {'index_name': 'Валовой внутренний продукт методом производства на душу населения', 'index_id': 2709380, 'dic_names': ['Регионы'], 'period_name': 'Квартал с накоплением', 'info': 'нет новых данных'}
[2024-04-28T08:05:08.901+0000] {python.py:237} INFO - Done. Returned value was: None
[2024-04-28T08:05:08.903+0000] {taskinstance.py:441} INFO - ::group::Post task execution logs
[2024-04-28T08:05:08.923+0000] {taskinstance.py:1205} INFO - Marking task as SUCCESS. dag_id=load_data_mb, task_id=load_index_id_2709380, execution_date=20240427T000000, start_date=20240428T080503, end_date=20240428T080508
[2024-04-28T08:05:08.967+0000] {local_task_job_runner.py:240} INFO - Task exited with return code 0
[2024-04-28T08:05:08.998+0000] {taskinstance.py:3482} INFO - 0 downstream tasks scheduled from follow-on schedule check
[2024-04-28T08:05:09.004+0000] {local_task_job_runner.py:222} INFO - ::endgroup::
