[2024-05-02T08:26:43.472+0000] {local_task_job_runner.py:120} INFO - ::group::Pre task execution logs
[2024-05-02T08:26:43.595+0000] {taskinstance.py:2073} INFO - Dependencies all met for dep_context=non-requeueable deps ti=<TaskInstance: load_data_mb.load_index_id_701188 scheduled__2024-05-01T00:00:00+00:00 [queued]>
[2024-05-02T08:26:43.635+0000] {taskinstance.py:2073} INFO - Dependencies all met for dep_context=requeueable deps ti=<TaskInstance: load_data_mb.load_index_id_701188 scheduled__2024-05-01T00:00:00+00:00 [queued]>
[2024-05-02T08:26:43.637+0000] {taskinstance.py:2303} INFO - Starting attempt 1 of 1
[2024-05-02T08:26:43.690+0000] {taskinstance.py:2327} INFO - Executing <Task(PythonOperator): load_index_id_701188> on 2024-05-01 00:00:00+00:00
[2024-05-02T08:26:43.709+0000] {logging_mixin.py:188} WARNING - /home/***/.local/lib/python3.12/site-packages/***/task/task_runner/standard_task_runner.py:61 DeprecationWarning: This process (pid=936) is multi-threaded, use of fork() may lead to deadlocks in the child.
[2024-05-02T08:26:43.715+0000] {standard_task_runner.py:63} INFO - Started process 937 to run task
[2024-05-02T08:26:43.708+0000] {standard_task_runner.py:90} INFO - Running: ['***', 'tasks', 'run', 'load_data_mb', 'load_index_id_701188', 'scheduled__2024-05-01T00:00:00+00:00', '--job-id', '437', '--raw', '--subdir', 'DAGS_FOLDER/load_data_mb.py', '--cfg-path', '/tmp/tmpgc8o6bgh']
[2024-05-02T08:26:43.717+0000] {standard_task_runner.py:91} INFO - Job 437: Subtask load_index_id_701188
[2024-05-02T08:26:43.886+0000] {task_command.py:426} INFO - Running <TaskInstance: load_data_mb.load_index_id_701188 scheduled__2024-05-01T00:00:00+00:00 [running]> on host d933ead87eb5
[2024-05-02T08:26:44.072+0000] {taskinstance.py:2644} INFO - Exporting env vars: AIRFLOW_CTX_DAG_OWNER='***' AIRFLOW_CTX_DAG_ID='load_data_mb' AIRFLOW_CTX_TASK_ID='load_index_id_701188' AIRFLOW_CTX_EXECUTION_DATE='2024-05-01T00:00:00+00:00' AIRFLOW_CTX_TRY_NUMBER='1' AIRFLOW_CTX_DAG_RUN_ID='scheduled__2024-05-01T00:00:00+00:00'
[2024-05-02T08:26:44.074+0000] {taskinstance.py:430} INFO - ::endgroup::
[2024-05-02T08:26:52.469+0000] {logging_mixin.py:188} INFO - {'index_name': 'Валовой выпуск продукции (услуг) сельского, лесного и рыбного хозяйства', 'index_id': 701188, 'dic_names': ['Регионы', 'Виды ценовых измерений'], 'period_name': 'Год', 'info': 'ошибка талдау', 'error_code': 500}
[2024-05-02T08:26:52.471+0000] {logging_mixin.py:188} INFO - {'index_name': 'Валовой выпуск продукции (услуг) сельского, лесного и рыбного хозяйства', 'index_id': 701188, 'dic_names': ['Виды экономической деятельности', 'Виды ценовых измерений'], 'period_name': 'Год', 'info': 'ошибка талдау', 'error_code': 500}
[2024-05-02T08:26:52.472+0000] {logging_mixin.py:188} INFO - {'index_name': 'Валовой выпуск продукции (услуг) сельского, лесного и рыбного хозяйства', 'index_id': 701188, 'dic_names': ['Регионы', 'Категории сельхозтоваропроизводителей', 'Виды ценовых измерений'], 'period_name': 'Месяц', 'info': 'ошибка талдау', 'error_code': 500}
[2024-05-02T08:26:52.473+0000] {logging_mixin.py:188} INFO - {'index_name': 'Валовой выпуск продукции (услуг) сельского, лесного и рыбного хозяйства', 'index_id': 701188, 'dic_names': ['Регионы', 'Категории сельхозтоваропроизводителей', 'Виды ценовых измерений'], 'period_name': 'Месяц с накоплением', 'info': 'ошибка талдау', 'error_code': 500}
[2024-05-02T08:26:52.474+0000] {python.py:237} INFO - Done. Returned value was: None
[2024-05-02T08:26:52.476+0000] {taskinstance.py:441} INFO - ::group::Post task execution logs
[2024-05-02T08:26:52.488+0000] {taskinstance.py:1205} INFO - Marking task as SUCCESS. dag_id=load_data_mb, task_id=load_index_id_701188, execution_date=20240501T000000, start_date=20240502T082643, end_date=20240502T082652
[2024-05-02T08:26:52.532+0000] {local_task_job_runner.py:240} INFO - Task exited with return code 0
[2024-05-02T08:26:52.552+0000] {taskinstance.py:3482} INFO - 0 downstream tasks scheduled from follow-on schedule check
[2024-05-02T08:26:52.558+0000] {local_task_job_runner.py:222} INFO - ::endgroup::
