[2024-04-25T20:59:57.200+0000] {local_task_job_runner.py:120} INFO - ::group::Pre task execution logs
[2024-04-25T20:59:57.384+0000] {taskinstance.py:2073} INFO - Dependencies all met for dep_context=non-requeueable deps ti=<TaskInstance: my_dag.task_5 manual__2024-04-25T20:59:54.642786+00:00 [queued]>
[2024-04-25T20:59:57.500+0000] {taskinstance.py:2073} INFO - Dependencies all met for dep_context=requeueable deps ti=<TaskInstance: my_dag.task_5 manual__2024-04-25T20:59:54.642786+00:00 [queued]>
[2024-04-25T20:59:57.506+0000] {taskinstance.py:2303} INFO - Starting attempt 1 of 4
[2024-04-25T20:59:58.755+0000] {taskinstance.py:2327} INFO - Executing <Task(PythonOperator): task_5> on 2024-04-25 20:59:54.642786+00:00
[2024-04-25T20:59:59.057+0000] {standard_task_runner.py:90} INFO - Running: ['***', 'tasks', 'run', 'my_dag', 'task_5', 'manual__2024-04-25T20:59:54.642786+00:00', '--job-id', '124', '--raw', '--subdir', 'DAGS_FOLDER/python_op.py', '--cfg-path', '/tmp/tmpk4yjfgak']
[2024-04-25T20:59:59.138+0000] {standard_task_runner.py:91} INFO - Job 124: Subtask task_5
[2024-04-25T20:59:59.121+0000] {logging_mixin.py:188} WARNING - /home/***/.local/lib/python3.12/site-packages/***/task/task_runner/standard_task_runner.py:61 DeprecationWarning: This process (pid=1299) is multi-threaded, use of fork() may lead to deadlocks in the child.
[2024-04-25T20:59:59.169+0000] {standard_task_runner.py:63} INFO - Started process 1306 to run task
[2024-04-25T20:59:59.973+0000] {task_command.py:426} INFO - Running <TaskInstance: my_dag.task_5 manual__2024-04-25T20:59:54.642786+00:00 [running]> on host f9a12f9b65d4
[2024-04-25T21:00:02.823+0000] {taskinstance.py:2644} INFO - Exporting env vars: AIRFLOW_CTX_DAG_OWNER='***' AIRFLOW_CTX_DAG_ID='my_dag' AIRFLOW_CTX_TASK_ID='task_5' AIRFLOW_CTX_EXECUTION_DATE='2024-04-25T20:59:54.642786+00:00' AIRFLOW_CTX_TRY_NUMBER='1' AIRFLOW_CTX_DAG_RUN_ID='manual__2024-04-25T20:59:54.642786+00:00'
[2024-04-25T21:00:02.832+0000] {taskinstance.py:430} INFO - ::endgroup::
[2024-04-25T21:00:02.902+0000] {logging_mixin.py:188} INFO - 5
[2024-04-25T21:00:17.906+0000] {logging_mixin.py:188} INFO - test
[2024-04-25T21:00:17.907+0000] {python.py:237} INFO - Done. Returned value was: None
[2024-04-25T21:00:17.909+0000] {taskinstance.py:441} INFO - ::group::Post task execution logs
[2024-04-25T21:00:17.998+0000] {taskinstance.py:1205} INFO - Marking task as SUCCESS. dag_id=my_dag, task_id=task_5, execution_date=20240425T205954, start_date=20240425T205957, end_date=20240425T210017
[2024-04-25T21:00:18.683+0000] {local_task_job_runner.py:240} INFO - Task exited with return code 0
[2024-04-25T21:00:19.135+0000] {taskinstance.py:3482} INFO - 0 downstream tasks scheduled from follow-on schedule check
[2024-04-25T21:00:19.143+0000] {local_task_job_runner.py:222} INFO - ::endgroup::
