[2024-04-27T20:49:43.994+0000] {local_task_job_runner.py:120} INFO - ::group::Pre task execution logs
[2024-04-27T20:49:44.097+0000] {taskinstance.py:2073} INFO - Dependencies all met for dep_context=non-requeueable deps ti=<TaskInstance: load_data_mb.load_index_id_701063 manual__2024-04-27T20:48:13.995055+00:00 [queued]>
[2024-04-27T20:49:44.150+0000] {taskinstance.py:2073} INFO - Dependencies all met for dep_context=requeueable deps ti=<TaskInstance: load_data_mb.load_index_id_701063 manual__2024-04-27T20:48:13.995055+00:00 [queued]>
[2024-04-27T20:49:44.154+0000] {taskinstance.py:2303} INFO - Starting attempt 1 of 4
[2024-04-27T20:49:44.207+0000] {taskinstance.py:2327} INFO - Executing <Task(PythonOperator): load_index_id_701063> on 2024-04-27 20:48:13.995055+00:00
[2024-04-27T20:49:44.226+0000] {standard_task_runner.py:90} INFO - Running: ['***', 'tasks', 'run', 'load_data_mb', 'load_index_id_701063', 'manual__2024-04-27T20:48:13.995055+00:00', '--job-id', '227', '--raw', '--subdir', 'DAGS_FOLDER/python_op.py', '--cfg-path', '/tmp/tmp23eha9yk']
[2024-04-27T20:49:44.238+0000] {standard_task_runner.py:91} INFO - Job 227: Subtask load_index_id_701063
[2024-04-27T20:49:44.276+0000] {logging_mixin.py:188} WARNING - /home/***/.local/lib/python3.12/site-packages/***/task/task_runner/standard_task_runner.py:61 DeprecationWarning: This process (pid=2792) is multi-threaded, use of fork() may lead to deadlocks in the child.
[2024-04-27T20:49:44.277+0000] {standard_task_runner.py:63} INFO - Started process 2793 to run task
[2024-04-27T20:49:44.366+0000] {task_command.py:426} INFO - Running <TaskInstance: load_data_mb.load_index_id_701063 manual__2024-04-27T20:48:13.995055+00:00 [running]> on host d933ead87eb5
[2024-04-27T20:49:44.675+0000] {taskinstance.py:2644} INFO - Exporting env vars: AIRFLOW_CTX_DAG_OWNER='***' AIRFLOW_CTX_DAG_ID='load_data_mb' AIRFLOW_CTX_TASK_ID='load_index_id_701063' AIRFLOW_CTX_EXECUTION_DATE='2024-04-27T20:48:13.995055+00:00' AIRFLOW_CTX_TRY_NUMBER='1' AIRFLOW_CTX_DAG_RUN_ID='manual__2024-04-27T20:48:13.995055+00:00'
[2024-04-27T20:49:44.676+0000] {taskinstance.py:430} INFO - ::endgroup::
[2024-04-27T20:49:48.996+0000] {logging_mixin.py:188} INFO - {'index_name': 'Конечный спрос в ТРИ, ТЗВ', 'dic_names': ['Регионы', 'Продукция по видам экономической деятельности'], 'period_name': 'Год', 'info': 'нет новых данных'}
[2024-04-27T20:49:48.997+0000] {logging_mixin.py:188} INFO - {'index_name': 'Конечный спрос в ТРИ, ТЗВ', 'dic_names': ['Регионы', 'Виды корректировочных статей таблиц «Ресурсы-Использование» и «Затраты-Выпуск»'], 'period_name': 'Год', 'info': 'нет новых данных'}
[2024-04-27T20:49:48.998+0000] {python.py:237} INFO - Done. Returned value was: None
[2024-04-27T20:49:48.999+0000] {taskinstance.py:441} INFO - ::group::Post task execution logs
[2024-04-27T20:49:49.014+0000] {taskinstance.py:1205} INFO - Marking task as SUCCESS. dag_id=load_data_mb, task_id=load_index_id_701063, execution_date=20240427T204813, start_date=20240427T204944, end_date=20240427T204949
[2024-04-27T20:49:49.041+0000] {local_task_job_runner.py:240} INFO - Task exited with return code 0
[2024-04-27T20:49:49.067+0000] {taskinstance.py:3482} INFO - 0 downstream tasks scheduled from follow-on schedule check
[2024-04-27T20:49:49.073+0000] {local_task_job_runner.py:222} INFO - ::endgroup::
