[2024-04-30T00:06:30.082+0000] {local_task_job_runner.py:120} INFO - ::group::Pre task execution logs
[2024-04-30T00:06:30.129+0000] {taskinstance.py:2073} INFO - Dependencies all met for dep_context=non-requeueable deps ti=<TaskInstance: load_data_mb.load_index_id_700917 scheduled__2024-04-29T00:00:00+00:00 [queued]>
[2024-04-30T00:06:30.143+0000] {taskinstance.py:2073} INFO - Dependencies all met for dep_context=requeueable deps ti=<TaskInstance: load_data_mb.load_index_id_700917 scheduled__2024-04-29T00:00:00+00:00 [queued]>
[2024-04-30T00:06:30.144+0000] {taskinstance.py:2303} INFO - Starting attempt 1 of 1
[2024-04-30T00:06:30.169+0000] {taskinstance.py:2327} INFO - Executing <Task(PythonOperator): load_index_id_700917> on 2024-04-29 00:00:00+00:00
[2024-04-30T00:06:30.179+0000] {standard_task_runner.py:90} INFO - Running: ['***', 'tasks', 'run', 'load_data_mb', 'load_index_id_700917', 'scheduled__2024-04-29T00:00:00+00:00', '--job-id', '387', '--raw', '--subdir', 'DAGS_FOLDER/load_data_mb.py', '--cfg-path', '/tmp/tmp0jp7xrov']
[2024-04-30T00:06:30.185+0000] {standard_task_runner.py:91} INFO - Job 387: Subtask load_index_id_700917
[2024-04-30T00:06:30.203+0000] {logging_mixin.py:188} WARNING - /home/***/.local/lib/python3.12/site-packages/***/task/task_runner/standard_task_runner.py:61 DeprecationWarning: This process (pid=7042) is multi-threaded, use of fork() may lead to deadlocks in the child.
[2024-04-30T00:06:30.205+0000] {standard_task_runner.py:63} INFO - Started process 7043 to run task
[2024-04-30T00:06:30.256+0000] {task_command.py:426} INFO - Running <TaskInstance: load_data_mb.load_index_id_700917 scheduled__2024-04-29T00:00:00+00:00 [running]> on host d933ead87eb5
[2024-04-30T00:06:30.404+0000] {taskinstance.py:2644} INFO - Exporting env vars: AIRFLOW_CTX_DAG_OWNER='***' AIRFLOW_CTX_DAG_ID='load_data_mb' AIRFLOW_CTX_TASK_ID='load_index_id_700917' AIRFLOW_CTX_EXECUTION_DATE='2024-04-29T00:00:00+00:00' AIRFLOW_CTX_TRY_NUMBER='1' AIRFLOW_CTX_DAG_RUN_ID='scheduled__2024-04-29T00:00:00+00:00'
[2024-04-30T00:06:30.405+0000] {taskinstance.py:430} INFO - ::endgroup::
[2024-04-30T00:06:48.065+0000] {logging_mixin.py:188} INFO - {'index_name': 'индекс физического объема валовой добавленной стоимости в счете производства ', 'index_id': 700917, 'dic_names': ['Регионы', 'Виды экономической деятельности', 'Соотнесение периодов'], 'period_name': 'Год', 'info': 'нет новых данных'}
[2024-04-30T00:06:48.066+0000] {logging_mixin.py:188} INFO - {'index_name': 'индекс физического объема валовой добавленной стоимости в счете производства ', 'index_id': 700917, 'dic_names': ['Регионы', 'Соотнесение периодов', 'Типы секторов экономики'], 'period_name': 'Год', 'info': 'нет новых данных'}
[2024-04-30T00:06:48.067+0000] {logging_mixin.py:188} INFO - {'index_name': 'индекс физического объема валовой добавленной стоимости в счете производства ', 'index_id': 700917, 'dic_names': ['Регионы', 'Соотнесение периодов', 'Типы секторов экономики'], 'period_name': 'Квартал с накоплением', 'info': 'нет новых данных'}
[2024-04-30T00:06:48.067+0000] {logging_mixin.py:188} INFO - {'index_name': 'индекс физического объема валовой добавленной стоимости в счете производства ', 'index_id': 700917, 'dic_names': ['Регионы'], 'period_name': 'Год', 'info': 'нет новых данных'}
[2024-04-30T00:06:48.069+0000] {logging_mixin.py:188} INFO - {'index_name': 'индекс физического объема валовой добавленной стоимости в счете производства ', 'index_id': 700917, 'dic_names': ['Регионы', 'Виды экономической деятельности'], 'period_name': 'Год', 'info': 'нет новых данных'}
[2024-04-30T00:06:48.070+0000] {logging_mixin.py:188} INFO - {'index_name': 'индекс физического объема валовой добавленной стоимости в счете производства ', 'index_id': 700917, 'dic_names': ['Регионы'], 'period_name': 'Квартал с накоплением', 'info': 'нет новых данных'}
[2024-04-30T00:06:48.070+0000] {logging_mixin.py:188} INFO - {'index_name': 'индекс физического объема валовой добавленной стоимости в счете производства ', 'index_id': 700917, 'dic_names': ['Регионы', 'Виды экономической деятельности'], 'period_name': 'Квартал с накоплением', 'info': 'нет новых данных'}
[2024-04-30T00:06:48.071+0000] {logging_mixin.py:188} INFO - {'index_name': 'индекс физического объема валовой добавленной стоимости в счете производства ', 'index_id': 700917, 'dic_names': ['Регионы', 'Виды экономической деятельности', 'Соотнесение периодов'], 'period_name': 'Квартал с накоплением', 'info': 'нет новых данных'}
[2024-04-30T00:06:48.072+0000] {python.py:237} INFO - Done. Returned value was: None
[2024-04-30T00:06:48.074+0000] {taskinstance.py:441} INFO - ::group::Post task execution logs
[2024-04-30T00:06:48.087+0000] {taskinstance.py:1205} INFO - Marking task as SUCCESS. dag_id=load_data_mb, task_id=load_index_id_700917, execution_date=20240429T000000, start_date=20240430T000630, end_date=20240430T000648
[2024-04-30T00:06:48.137+0000] {local_task_job_runner.py:240} INFO - Task exited with return code 0
[2024-04-30T00:06:48.159+0000] {taskinstance.py:3482} INFO - 0 downstream tasks scheduled from follow-on schedule check
[2024-04-30T00:06:48.165+0000] {local_task_job_runner.py:222} INFO - ::endgroup::
