[2024-04-30T00:00:43.122+0000] {local_task_job_runner.py:120} INFO - ::group::Pre task execution logs
[2024-04-30T00:00:43.165+0000] {taskinstance.py:2073} INFO - Dependencies all met for dep_context=non-requeueable deps ti=<TaskInstance: load_data_mb.load_index_id_702972 scheduled__2024-04-29T00:00:00+00:00 [queued]>
[2024-04-30T00:00:43.177+0000] {taskinstance.py:2073} INFO - Dependencies all met for dep_context=requeueable deps ti=<TaskInstance: load_data_mb.load_index_id_702972 scheduled__2024-04-29T00:00:00+00:00 [queued]>
[2024-04-30T00:00:43.179+0000] {taskinstance.py:2303} INFO - Starting attempt 1 of 1
[2024-04-30T00:00:43.202+0000] {taskinstance.py:2327} INFO - Executing <Task(PythonOperator): load_index_id_702972> on 2024-04-29 00:00:00+00:00
[2024-04-30T00:00:43.213+0000] {standard_task_runner.py:90} INFO - Running: ['***', 'tasks', 'run', 'load_data_mb', 'load_index_id_702972', 'scheduled__2024-04-29T00:00:00+00:00', '--job-id', '368', '--raw', '--subdir', 'DAGS_FOLDER/load_data_mb.py', '--cfg-path', '/tmp/tmptb_z_y2v']
[2024-04-30T00:00:43.221+0000] {standard_task_runner.py:91} INFO - Job 368: Subtask load_index_id_702972
[2024-04-30T00:00:43.226+0000] {logging_mixin.py:188} WARNING - /home/***/.local/lib/python3.12/site-packages/***/task/task_runner/standard_task_runner.py:61 DeprecationWarning: This process (pid=6872) is multi-threaded, use of fork() may lead to deadlocks in the child.
[2024-04-30T00:00:43.228+0000] {standard_task_runner.py:63} INFO - Started process 6873 to run task
[2024-04-30T00:00:43.303+0000] {task_command.py:426} INFO - Running <TaskInstance: load_data_mb.load_index_id_702972 scheduled__2024-04-29T00:00:00+00:00 [running]> on host d933ead87eb5
[2024-04-30T00:00:43.537+0000] {taskinstance.py:2644} INFO - Exporting env vars: AIRFLOW_CTX_DAG_OWNER='***' AIRFLOW_CTX_DAG_ID='load_data_mb' AIRFLOW_CTX_TASK_ID='load_index_id_702972' AIRFLOW_CTX_EXECUTION_DATE='2024-04-29T00:00:00+00:00' AIRFLOW_CTX_TRY_NUMBER='1' AIRFLOW_CTX_DAG_RUN_ID='scheduled__2024-04-29T00:00:00+00:00'
[2024-04-30T00:00:43.538+0000] {taskinstance.py:430} INFO - ::endgroup::
[2024-04-30T00:01:32.729+0000] {logging_mixin.py:188} INFO - {'index_name': 'Среднемесячная номинальная заработная плата одного работника', 'index_id': 702972, 'dic_names': ['Регионы', 'Виды экономической деятельности', 'Тип местности и административное деление', 'Размерность предприятий', 'По полу'], 'period_name': 'Год', 'info': 'ошибка талдау', 'error_code': 500}
[2024-04-30T00:01:32.762+0000] {logging_mixin.py:188} INFO - {'index_name': 'Среднемесячная номинальная заработная плата одного работника', 'index_id': 702972, 'dic_names': ['Регионы', 'Виды экономической деятельности', 'Размерность предприятий', 'Категории работников'], 'period_name': 'Год', 'info': 'ошибка талдау', 'error_code': 500}
[2024-04-30T00:01:32.795+0000] {logging_mixin.py:188} INFO - {'index_name': 'Среднемесячная номинальная заработная плата одного работника', 'index_id': 702972, 'dic_names': ['Регионы', 'Виды экономической деятельности', 'По полу', 'Сектора экономики'], 'period_name': 'Год', 'info': 'ошибка талдау', 'error_code': 500}
[2024-04-30T00:01:32.796+0000] {logging_mixin.py:188} INFO - {'index_name': 'Среднемесячная номинальная заработная плата одного работника', 'index_id': 702972, 'dic_names': ['Регионы', 'Виды экономической деятельности', 'Размерность предприятий', 'Формы и видов собственности'], 'period_name': 'Год', 'info': 'ошибка талдау', 'error_code': 500}
[2024-04-30T00:01:32.797+0000] {logging_mixin.py:188} INFO - {'index_name': 'Среднемесячная номинальная заработная плата одного работника', 'index_id': 702972, 'dic_names': ['Регионы', 'Виды экономической деятельности', 'Размерность предприятий', 'Формы и видов собственности', 'Организационно-правовые формы хозяйствования'], 'period_name': 'Год', 'info': 'ошибка талдау', 'error_code': 500}
[2024-04-30T00:01:32.798+0000] {logging_mixin.py:188} INFO - {'index_name': 'Среднемесячная номинальная заработная плата одного работника', 'index_id': 702972, 'dic_names': ['Регионы', 'Виды экономической деятельности', 'Размерность предприятий', 'Занятия', 'По полу'], 'period_name': 'Год', 'info': 'ошибка талдау', 'error_code': 500}
[2024-04-30T00:01:32.799+0000] {logging_mixin.py:188} INFO - {'index_name': 'Среднемесячная номинальная заработная плата одного работника', 'index_id': 702972, 'dic_names': ['Регионы', 'Виды экономической деятельности', 'Тип местности и административное деление', 'Размерность предприятий', 'Формы и видов собственности', 'Занятия', 'Категории работников', 'По полу'], 'period_name': 'Год', 'info': 'ошибка талдау', 'error_code': 500}
[2024-04-30T00:01:32.800+0000] {logging_mixin.py:188} INFO - {'index_name': 'Среднемесячная номинальная заработная плата одного работника', 'index_id': 702972, 'dic_names': ['Регионы', 'Виды экономической деятельности', 'Сектора экономики'], 'period_name': 'Квартал', 'info': 'ошибка талдау', 'error_code': 500}
[2024-04-30T00:01:32.801+0000] {logging_mixin.py:188} INFO - {'index_name': 'Среднемесячная номинальная заработная плата одного работника', 'index_id': 702972, 'dic_names': ['Регионы', 'Виды экономической деятельности', 'Тип местности и административное деление', 'Размерность предприятий'], 'period_name': 'Квартал', 'info': 'ошибка талдау', 'error_code': 500}
[2024-04-30T00:01:32.803+0000] {logging_mixin.py:188} INFO - {'index_name': 'Среднемесячная номинальная заработная плата одного работника', 'index_id': 702972, 'dic_names': ['Регионы', 'Виды экономической деятельности', 'Тип местности и административное деление', 'Размерность предприятий', 'По полу'], 'period_name': 'Квартал', 'info': 'ошибка талдау', 'error_code': 500}
[2024-04-30T00:01:32.804+0000] {logging_mixin.py:188} INFO - {'index_name': 'Среднемесячная номинальная заработная плата одного работника', 'index_id': 702972, 'dic_names': ['Регионы', 'Виды экономической деятельности', 'Тип местности и административное деление', 'Размерность предприятий'], 'period_name': 'Месяц', 'info': 'ошибка талдау', 'error_code': 500}
[2024-04-30T00:01:32.805+0000] {logging_mixin.py:188} INFO - {'index_name': 'Среднемесячная номинальная заработная плата одного работника', 'index_id': 702972, 'dic_names': ['Регионы', 'Виды экономической деятельности', 'Сектора экономики'], 'period_name': 'Квартал с накоплением', 'info': 'ошибка талдау', 'error_code': 500}
[2024-04-30T00:01:32.806+0000] {logging_mixin.py:188} INFO - {'index_name': 'Среднемесячная номинальная заработная плата одного работника', 'index_id': 702972, 'dic_names': ['Регионы', 'Виды экономической деятельности', 'Тип местности и административное деление', 'Размерность предприятий'], 'period_name': 'Квартал с накоплением', 'info': 'ошибка талдау', 'error_code': 500}
[2024-04-30T00:01:32.807+0000] {logging_mixin.py:188} INFO - {'index_name': 'Среднемесячная номинальная заработная плата одного работника', 'index_id': 702972, 'dic_names': ['Регионы', 'Виды экономической деятельности', 'Тип местности и административное деление', 'Размерность предприятий', 'По полу'], 'period_name': 'Квартал с накоплением', 'info': 'ошибка талдау', 'error_code': 500}
[2024-04-30T00:01:32.808+0000] {logging_mixin.py:188} INFO - {'index_name': 'Среднемесячная номинальная заработная плата одного работника', 'index_id': 702972, 'dic_names': ['Регионы', 'Виды экономической деятельности', 'Тип местности и административное деление', 'Размерность предприятий'], 'period_name': 'Месяц с накоплением', 'info': 'ошибка талдау', 'error_code': 500}
[2024-04-30T00:01:32.810+0000] {logging_mixin.py:188} INFO - {'index_name': 'Среднемесячная номинальная заработная плата одного работника', 'index_id': 702972, 'dic_names': ['Регионы', 'Виды экономической деятельности', 'Занятия', 'По полу'], 'period_name': 'Один раз в год', 'info': 'ошибка талдау', 'error_code': 500}
[2024-04-30T00:01:32.811+0000] {logging_mixin.py:188} INFO - {'index_name': 'Среднемесячная номинальная заработная плата одного работника', 'index_id': 702972, 'dic_names': ['Регионы', 'Виды экономической деятельности', 'Уровни образования', 'По полу'], 'period_name': 'Один раз в год', 'info': 'ошибка талдау', 'error_code': 500}
[2024-04-30T00:01:32.812+0000] {logging_mixin.py:188} INFO - {'index_name': 'Среднемесячная номинальная заработная плата одного работника', 'index_id': 702972, 'dic_names': ['Регионы', 'Виды экономической деятельности', 'По полу', 'Профессии рабочих и должности служащих'], 'period_name': 'Один раз в год', 'info': 'ошибка талдау', 'error_code': 500}
[2024-04-30T00:01:32.813+0000] {logging_mixin.py:188} INFO - {'index_name': 'Среднемесячная номинальная заработная плата одного работника', 'index_id': 702972, 'dic_names': ['Регионы', 'Виды экономической деятельности', 'По полу', 'Дополнительные профессий рабочих и должностей служащих отдельных видов экономической деятельности'], 'period_name': 'Один раз в год', 'info': 'ошибка талдау', 'error_code': 500}
[2024-04-30T00:01:32.814+0000] {logging_mixin.py:188} INFO - {'index_name': 'Среднемесячная номинальная заработная плата одного работника', 'index_id': 702972, 'dic_names': ['Регионы', 'Виды экономической деятельности', 'Формы и видов собственности', 'Занятия', 'По полу'], 'period_name': 'Один раз в год', 'info': 'ошибка талдау', 'error_code': 500}
[2024-04-30T00:01:32.815+0000] {logging_mixin.py:188} INFO - {'index_name': 'Среднемесячная номинальная заработная плата одного работника', 'index_id': 702972, 'dic_names': ['Регионы', 'Виды экономической деятельности', 'Формы и видов собственности', 'Возраста', 'По полу'], 'period_name': 'Один раз в год', 'info': 'ошибка талдау', 'error_code': 500}
[2024-04-30T00:01:32.816+0000] {logging_mixin.py:188} INFO - {'index_name': 'Среднемесячная номинальная заработная плата одного работника', 'index_id': 702972, 'dic_names': ['Регионы', 'Виды экономической деятельности', 'Формы и видов собственности', 'Режим работы', 'По полу'], 'period_name': 'Один раз в год', 'info': 'ошибка талдау', 'error_code': 500}
[2024-04-30T00:01:32.817+0000] {logging_mixin.py:188} INFO - {'index_name': 'Среднемесячная номинальная заработная плата одного работника', 'index_id': 702972, 'dic_names': ['Регионы', 'Виды экономической деятельности', 'Размерность юридических лиц, филиалов и представительств, а также субъектов индивидуального предпринимательства по численности работников', 'Режим работы', 'Уровни образования', 'По полу'], 'period_name': 'Один раз в год', 'info': 'ошибка талдау', 'error_code': 500}
[2024-04-30T00:01:32.818+0000] {python.py:237} INFO - Done. Returned value was: None
[2024-04-30T00:01:32.820+0000] {taskinstance.py:441} INFO - ::group::Post task execution logs
[2024-04-30T00:01:32.836+0000] {taskinstance.py:1205} INFO - Marking task as SUCCESS. dag_id=load_data_mb, task_id=load_index_id_702972, execution_date=20240429T000000, start_date=20240430T000043, end_date=20240430T000132
[2024-04-30T00:01:32.871+0000] {local_task_job_runner.py:240} INFO - Task exited with return code 0
[2024-04-30T00:01:32.891+0000] {taskinstance.py:3482} INFO - 0 downstream tasks scheduled from follow-on schedule check
[2024-04-30T00:01:32.896+0000] {local_task_job_runner.py:222} INFO - ::endgroup::
