[2024-06-11T21:29:32.956+0000] {local_task_job_runner.py:120} INFO - ::group::Pre task execution logs
[2024-06-11T21:29:33.010+0000] {taskinstance.py:2073} INFO - Dependencies all met for dep_context=non-requeueable deps ti=<TaskInstance: load_data_mb.load_index_id_701228 scheduled__2024-06-10T00:00:00+00:00 [queued]>
[2024-06-11T21:29:33.036+0000] {taskinstance.py:2073} INFO - Dependencies all met for dep_context=requeueable deps ti=<TaskInstance: load_data_mb.load_index_id_701228 scheduled__2024-06-10T00:00:00+00:00 [queued]>
[2024-06-11T21:29:33.038+0000] {taskinstance.py:2303} INFO - Starting attempt 1 of 1
[2024-06-11T21:29:33.078+0000] {taskinstance.py:2327} INFO - Executing <Task(PythonOperator): load_index_id_701228> on 2024-06-10 00:00:00+00:00
[2024-06-11T21:29:33.093+0000] {standard_task_runner.py:90} INFO - Running: ['***', 'tasks', 'run', 'load_data_mb', 'load_index_id_701228', 'scheduled__2024-06-10T00:00:00+00:00', '--job-id', '146', '--raw', '--subdir', 'DAGS_FOLDER/load_data_mb.py', '--cfg-path', '/tmp/tmpj8uh1iws']
[2024-06-11T21:29:33.098+0000] {standard_task_runner.py:91} INFO - Job 146: Subtask load_index_id_701228
[2024-06-11T21:29:33.105+0000] {logging_mixin.py:188} WARNING - /home/***/.local/lib/python3.12/site-packages/***/task/task_runner/standard_task_runner.py:61 DeprecationWarning: This process (pid=288) is multi-threaded, use of fork() may lead to deadlocks in the child.
[2024-06-11T21:29:33.106+0000] {standard_task_runner.py:63} INFO - Started process 289 to run task
[2024-06-11T21:29:33.191+0000] {task_command.py:426} INFO - Running <TaskInstance: load_data_mb.load_index_id_701228 scheduled__2024-06-10T00:00:00+00:00 [running]> on host e6f094d2943c
[2024-06-11T21:29:33.354+0000] {taskinstance.py:2644} INFO - Exporting env vars: AIRFLOW_CTX_DAG_OWNER='***' AIRFLOW_CTX_DAG_ID='load_data_mb' AIRFLOW_CTX_TASK_ID='load_index_id_701228' AIRFLOW_CTX_EXECUTION_DATE='2024-06-10T00:00:00+00:00' AIRFLOW_CTX_TRY_NUMBER='1' AIRFLOW_CTX_DAG_RUN_ID='scheduled__2024-06-10T00:00:00+00:00'
[2024-06-11T21:29:33.355+0000] {taskinstance.py:430} INFO - ::endgroup::
[2024-06-11T21:29:33.410+0000] {logging_mixin.py:188} INFO - Ошибка в коде или неверный json
[2024-06-11T21:29:33.411+0000] {taskinstance.py:441} INFO - ::group::Post task execution logs
[2024-06-11T21:29:33.412+0000] {taskinstance.py:2892} ERROR - Task failed due to SystemExit(1)
[2024-06-11T21:29:33.427+0000] {taskinstance.py:1205} INFO - Marking task as FAILED. dag_id=load_data_mb, task_id=load_index_id_701228, execution_date=20240610T000000, start_date=20240611T212933, end_date=20240611T212933
[2024-06-11T21:29:33.449+0000] {standard_task_runner.py:110} ERROR - Failed to execute job 146 for task load_index_id_701228 (Task failed due to SystemExit(1); 289)
[2024-06-11T21:29:33.484+0000] {local_task_job_runner.py:240} INFO - Task exited with return code 1
[2024-06-11T21:29:33.520+0000] {taskinstance.py:3482} INFO - 0 downstream tasks scheduled from follow-on schedule check
[2024-06-11T21:29:33.524+0000] {local_task_job_runner.py:222} INFO - ::endgroup::
[2024-06-11T21:31:34.423+0000] {local_task_job_runner.py:120} INFO - ::group::Pre task execution logs
[2024-06-11T21:31:34.490+0000] {taskinstance.py:2073} INFO - Dependencies all met for dep_context=non-requeueable deps ti=<TaskInstance: load_data_mb.load_index_id_701228 scheduled__2024-06-10T00:00:00+00:00 [queued]>
[2024-06-11T21:31:34.505+0000] {taskinstance.py:2073} INFO - Dependencies all met for dep_context=requeueable deps ti=<TaskInstance: load_data_mb.load_index_id_701228 scheduled__2024-06-10T00:00:00+00:00 [queued]>
[2024-06-11T21:31:34.506+0000] {taskinstance.py:2303} INFO - Starting attempt 1 of 1
[2024-06-11T21:31:34.583+0000] {taskinstance.py:2327} INFO - Executing <Task(PythonOperator): load_index_id_701228> on 2024-06-10 00:00:00+00:00
[2024-06-11T21:31:34.595+0000] {standard_task_runner.py:90} INFO - Running: ['***', 'tasks', 'run', 'load_data_mb', 'load_index_id_701228', 'scheduled__2024-06-10T00:00:00+00:00', '--job-id', '196', '--raw', '--subdir', 'DAGS_FOLDER/load_data_mb.py', '--cfg-path', '/tmp/tmpqauw4mwz']
[2024-06-11T21:31:34.602+0000] {logging_mixin.py:188} WARNING - /home/***/.local/lib/python3.12/site-packages/***/task/task_runner/standard_task_runner.py:61 DeprecationWarning: This process (pid=431) is multi-threaded, use of fork() may lead to deadlocks in the child.
[2024-06-11T21:31:34.602+0000] {standard_task_runner.py:91} INFO - Job 196: Subtask load_index_id_701228
[2024-06-11T21:31:34.603+0000] {standard_task_runner.py:63} INFO - Started process 432 to run task
[2024-06-11T21:31:34.686+0000] {task_command.py:426} INFO - Running <TaskInstance: load_data_mb.load_index_id_701228 scheduled__2024-06-10T00:00:00+00:00 [running]> on host e6f094d2943c
[2024-06-11T21:31:34.811+0000] {taskinstance.py:2644} INFO - Exporting env vars: AIRFLOW_CTX_DAG_OWNER='***' AIRFLOW_CTX_DAG_ID='load_data_mb' AIRFLOW_CTX_TASK_ID='load_index_id_701228' AIRFLOW_CTX_EXECUTION_DATE='2024-06-10T00:00:00+00:00' AIRFLOW_CTX_TRY_NUMBER='1' AIRFLOW_CTX_DAG_RUN_ID='scheduled__2024-06-10T00:00:00+00:00'
[2024-06-11T21:31:34.813+0000] {taskinstance.py:430} INFO - ::endgroup::
[2024-06-11T21:31:34.866+0000] {logging_mixin.py:188} INFO - Ошибка в коде или неверный json
[2024-06-11T21:31:34.867+0000] {taskinstance.py:441} INFO - ::group::Post task execution logs
[2024-06-11T21:31:34.868+0000] {taskinstance.py:2892} ERROR - Task failed due to SystemExit(1)
[2024-06-11T21:31:34.880+0000] {taskinstance.py:1205} INFO - Marking task as FAILED. dag_id=load_data_mb, task_id=load_index_id_701228, execution_date=20240610T000000, start_date=20240611T213134, end_date=20240611T213134
[2024-06-11T21:31:34.900+0000] {standard_task_runner.py:110} ERROR - Failed to execute job 196 for task load_index_id_701228 (Task failed due to SystemExit(1); 432)
[2024-06-11T21:31:34.942+0000] {local_task_job_runner.py:240} INFO - Task exited with return code 1
[2024-06-11T21:31:34.964+0000] {taskinstance.py:3482} INFO - 0 downstream tasks scheduled from follow-on schedule check
[2024-06-11T21:31:34.971+0000] {local_task_job_runner.py:222} INFO - ::endgroup::
[2024-06-11T21:41:39.603+0000] {local_task_job_runner.py:120} INFO - ::group::Pre task execution logs
[2024-06-11T21:41:39.636+0000] {local_task_job_runner.py:124} ERROR - Received SIGTERM. Terminating subprocesses
[2024-06-11T21:41:39.656+0000] {local_task_job_runner.py:240} INFO - Task exited with return code 143
[2024-06-11T21:41:39.940+0000] {taskinstance.py:3482} INFO - 0 downstream tasks scheduled from follow-on schedule check
[2024-06-11T21:41:40.154+0000] {taskinstance.py:2073} INFO - Dependencies all met for dep_context=non-requeueable deps ti=<TaskInstance: load_data_mb.load_index_id_701228 scheduled__2024-06-10T00:00:00+00:00 [queued]>
[2024-06-11T21:41:40.228+0000] {taskinstance.py:2073} INFO - Dependencies all met for dep_context=requeueable deps ti=<TaskInstance: load_data_mb.load_index_id_701228 scheduled__2024-06-10T00:00:00+00:00 [queued]>
[2024-06-11T21:41:40.240+0000] {taskinstance.py:2303} INFO - Starting attempt 1 of 1
[2024-06-11T21:41:40.367+0000] {taskinstance.py:2327} INFO - Executing <Task(PythonOperator): load_index_id_701228> on 2024-06-10 00:00:00+00:00
[2024-06-11T21:41:40.446+0000] {logging_mixin.py:188} WARNING - /home/***/.local/lib/python3.12/site-packages/***/task/task_runner/standard_task_runner.py:61 DeprecationWarning: This process (pid=242) is multi-threaded, use of fork() may lead to deadlocks in the child.
[2024-06-11T21:41:40.429+0000] {standard_task_runner.py:90} INFO - Running: ['***', 'tasks', 'run', 'load_data_mb', 'load_index_id_701228', 'scheduled__2024-06-10T00:00:00+00:00', '--job-id', '253', '--raw', '--subdir', 'DAGS_FOLDER/load_data.py', '--cfg-path', '/tmp/tmpy_qij7da']
[2024-06-11T21:41:40.453+0000] {standard_task_runner.py:63} INFO - Started process 307 to run task
[2024-06-11T21:41:40.454+0000] {standard_task_runner.py:91} INFO - Job 253: Subtask load_index_id_701228
[2024-06-11T21:41:40.457+0000] {local_task_job_runner.py:222} INFO - ::endgroup::
[2024-06-11T21:41:40.490+0000] {process_utils.py:132} INFO - Sending 15 to group 307. PIDs of all processes in the group: [307]
[2024-06-11T21:41:40.493+0000] {process_utils.py:87} INFO - Sending the signal 15 to group 307
[2024-06-11T21:41:40.524+0000] {process_utils.py:80} INFO - Process psutil.Process(pid=307, status='terminated', exitcode=<Negsignal.SIGTERM: -15>, started='21:41:39') (307) terminated with exit code -15
