[2024-06-11T21:29:23.307+0000] {local_task_job_runner.py:120} INFO - ::group::Pre task execution logs
[2024-06-11T21:29:23.408+0000] {taskinstance.py:2073} INFO - Dependencies all met for dep_context=non-requeueable deps ti=<TaskInstance: load_data_mb.load_index_id_701188 scheduled__2024-06-10T00:00:00+00:00 [queued]>
[2024-06-11T21:29:23.475+0000] {taskinstance.py:2073} INFO - Dependencies all met for dep_context=requeueable deps ti=<TaskInstance: load_data_mb.load_index_id_701188 scheduled__2024-06-10T00:00:00+00:00 [queued]>
[2024-06-11T21:29:23.491+0000] {taskinstance.py:2303} INFO - Starting attempt 1 of 1
[2024-06-11T21:29:23.607+0000] {taskinstance.py:2327} INFO - Executing <Task(PythonOperator): load_index_id_701188> on 2024-06-10 00:00:00+00:00
[2024-06-11T21:29:23.697+0000] {logging_mixin.py:188} WARNING - /home/***/.local/lib/python3.12/site-packages/***/task/task_runner/standard_task_runner.py:61 DeprecationWarning: This process (pid=267) is multi-threaded, use of fork() may lead to deadlocks in the child.
[2024-06-11T21:29:23.707+0000] {standard_task_runner.py:63} INFO - Started process 274 to run task
[2024-06-11T21:29:23.696+0000] {standard_task_runner.py:90} INFO - Running: ['***', 'tasks', 'run', 'load_data_mb', 'load_index_id_701188', 'scheduled__2024-06-10T00:00:00+00:00', '--job-id', '141', '--raw', '--subdir', 'DAGS_FOLDER/load_data_mb.py', '--cfg-path', '/tmp/tmpv8bgyj_d']
[2024-06-11T21:29:23.713+0000] {standard_task_runner.py:91} INFO - Job 141: Subtask load_index_id_701188
[2024-06-11T21:29:23.986+0000] {task_command.py:426} INFO - Running <TaskInstance: load_data_mb.load_index_id_701188 scheduled__2024-06-10T00:00:00+00:00 [running]> on host e6f094d2943c
[2024-06-11T21:29:24.278+0000] {taskinstance.py:2644} INFO - Exporting env vars: AIRFLOW_CTX_DAG_OWNER='***' AIRFLOW_CTX_DAG_ID='load_data_mb' AIRFLOW_CTX_TASK_ID='load_index_id_701188' AIRFLOW_CTX_EXECUTION_DATE='2024-06-10T00:00:00+00:00' AIRFLOW_CTX_TRY_NUMBER='1' AIRFLOW_CTX_DAG_RUN_ID='scheduled__2024-06-10T00:00:00+00:00'
[2024-06-11T21:29:24.282+0000] {taskinstance.py:430} INFO - ::endgroup::
[2024-06-11T21:29:24.377+0000] {logging_mixin.py:188} INFO - Ошибка в коде или неверный json
[2024-06-11T21:29:24.378+0000] {taskinstance.py:441} INFO - ::group::Post task execution logs
[2024-06-11T21:29:24.381+0000] {taskinstance.py:2892} ERROR - Task failed due to SystemExit(1)
[2024-06-11T21:29:24.424+0000] {taskinstance.py:1205} INFO - Marking task as FAILED. dag_id=load_data_mb, task_id=load_index_id_701188, execution_date=20240610T000000, start_date=20240611T212923, end_date=20240611T212924
[2024-06-11T21:29:24.474+0000] {standard_task_runner.py:110} ERROR - Failed to execute job 141 for task load_index_id_701188 (Task failed due to SystemExit(1); 274)
[2024-06-11T21:29:24.503+0000] {local_task_job_runner.py:240} INFO - Task exited with return code 1
[2024-06-11T21:29:24.555+0000] {taskinstance.py:3482} INFO - 0 downstream tasks scheduled from follow-on schedule check
[2024-06-11T21:29:24.559+0000] {local_task_job_runner.py:222} INFO - ::endgroup::
[2024-06-11T21:30:33.077+0000] {local_task_job_runner.py:120} INFO - ::group::Pre task execution logs
[2024-06-11T21:30:33.131+0000] {taskinstance.py:2073} INFO - Dependencies all met for dep_context=non-requeueable deps ti=<TaskInstance: load_data_mb.load_index_id_701188 scheduled__2024-06-10T00:00:00+00:00 [queued]>
[2024-06-11T21:30:33.146+0000] {taskinstance.py:2073} INFO - Dependencies all met for dep_context=requeueable deps ti=<TaskInstance: load_data_mb.load_index_id_701188 scheduled__2024-06-10T00:00:00+00:00 [queued]>
[2024-06-11T21:30:33.147+0000] {taskinstance.py:2303} INFO - Starting attempt 1 of 1
[2024-06-11T21:30:33.171+0000] {taskinstance.py:2327} INFO - Executing <Task(PythonOperator): load_index_id_701188> on 2024-06-10 00:00:00+00:00
[2024-06-11T21:30:33.185+0000] {logging_mixin.py:188} WARNING - /home/***/.local/lib/python3.12/site-packages/***/task/task_runner/standard_task_runner.py:61 DeprecationWarning: This process (pid=374) is multi-threaded, use of fork() may lead to deadlocks in the child.
[2024-06-11T21:30:33.184+0000] {standard_task_runner.py:90} INFO - Running: ['***', 'tasks', 'run', 'load_data_mb', 'load_index_id_701188', 'scheduled__2024-06-10T00:00:00+00:00', '--job-id', '178', '--raw', '--subdir', 'DAGS_FOLDER/load_data_mb.py', '--cfg-path', '/tmp/tmpdum97ea2']
[2024-06-11T21:30:33.187+0000] {standard_task_runner.py:63} INFO - Started process 375 to run task
[2024-06-11T21:30:33.187+0000] {standard_task_runner.py:91} INFO - Job 178: Subtask load_index_id_701188
[2024-06-11T21:30:33.321+0000] {task_command.py:426} INFO - Running <TaskInstance: load_data_mb.load_index_id_701188 scheduled__2024-06-10T00:00:00+00:00 [running]> on host e6f094d2943c
[2024-06-11T21:30:34.066+0000] {taskinstance.py:2644} INFO - Exporting env vars: AIRFLOW_CTX_DAG_OWNER='***' AIRFLOW_CTX_DAG_ID='load_data_mb' AIRFLOW_CTX_TASK_ID='load_index_id_701188' AIRFLOW_CTX_EXECUTION_DATE='2024-06-10T00:00:00+00:00' AIRFLOW_CTX_TRY_NUMBER='2' AIRFLOW_CTX_DAG_RUN_ID='scheduled__2024-06-10T00:00:00+00:00'
[2024-06-11T21:30:34.070+0000] {taskinstance.py:430} INFO - ::endgroup::
[2024-06-11T21:30:34.281+0000] {logging_mixin.py:188} INFO - Ошибка в коде или неверный json
[2024-06-11T21:30:34.315+0000] {taskinstance.py:441} INFO - ::group::Post task execution logs
[2024-06-11T21:30:34.344+0000] {taskinstance.py:2892} ERROR - Task failed due to SystemExit(1)
[2024-06-11T21:30:34.399+0000] {taskinstance.py:1205} INFO - Marking task as FAILED. dag_id=load_data_mb, task_id=load_index_id_701188, execution_date=20240610T000000, start_date=20240611T213033, end_date=20240611T213034
[2024-06-11T21:30:34.570+0000] {standard_task_runner.py:110} ERROR - Failed to execute job 178 for task load_index_id_701188 (Task failed due to SystemExit(1); 375)
[2024-06-11T21:30:34.638+0000] {local_task_job_runner.py:240} INFO - Task exited with return code 1
[2024-06-11T21:30:34.708+0000] {taskinstance.py:3482} INFO - 0 downstream tasks scheduled from follow-on schedule check
[2024-06-11T21:30:34.712+0000] {local_task_job_runner.py:222} INFO - ::endgroup::
[2024-06-11T21:31:27.705+0000] {local_task_job_runner.py:120} INFO - ::group::Pre task execution logs
[2024-06-11T21:31:27.758+0000] {taskinstance.py:2073} INFO - Dependencies all met for dep_context=non-requeueable deps ti=<TaskInstance: load_data_mb.load_index_id_701188 scheduled__2024-06-10T00:00:00+00:00 [queued]>
[2024-06-11T21:31:27.772+0000] {taskinstance.py:2073} INFO - Dependencies all met for dep_context=requeueable deps ti=<TaskInstance: load_data_mb.load_index_id_701188 scheduled__2024-06-10T00:00:00+00:00 [queued]>
[2024-06-11T21:31:27.774+0000] {taskinstance.py:2303} INFO - Starting attempt 1 of 1
[2024-06-11T21:31:27.805+0000] {taskinstance.py:2327} INFO - Executing <Task(PythonOperator): load_index_id_701188> on 2024-06-10 00:00:00+00:00
[2024-06-11T21:31:27.818+0000] {standard_task_runner.py:90} INFO - Running: ['***', 'tasks', 'run', 'load_data_mb', 'load_index_id_701188', 'scheduled__2024-06-10T00:00:00+00:00', '--job-id', '191', '--raw', '--subdir', 'DAGS_FOLDER/load_data_mb.py', '--cfg-path', '/tmp/tmpo29wkb34']
[2024-06-11T21:31:27.819+0000] {logging_mixin.py:188} WARNING - /home/***/.local/lib/python3.12/site-packages/***/task/task_runner/standard_task_runner.py:61 DeprecationWarning: This process (pid=416) is multi-threaded, use of fork() may lead to deadlocks in the child.
[2024-06-11T21:31:27.821+0000] {standard_task_runner.py:91} INFO - Job 191: Subtask load_index_id_701188
[2024-06-11T21:31:27.822+0000] {standard_task_runner.py:63} INFO - Started process 417 to run task
[2024-06-11T21:31:27.919+0000] {task_command.py:426} INFO - Running <TaskInstance: load_data_mb.load_index_id_701188 scheduled__2024-06-10T00:00:00+00:00 [running]> on host e6f094d2943c
[2024-06-11T21:31:28.075+0000] {taskinstance.py:2644} INFO - Exporting env vars: AIRFLOW_CTX_DAG_OWNER='***' AIRFLOW_CTX_DAG_ID='load_data_mb' AIRFLOW_CTX_TASK_ID='load_index_id_701188' AIRFLOW_CTX_EXECUTION_DATE='2024-06-10T00:00:00+00:00' AIRFLOW_CTX_TRY_NUMBER='1' AIRFLOW_CTX_DAG_RUN_ID='scheduled__2024-06-10T00:00:00+00:00'
[2024-06-11T21:31:28.077+0000] {taskinstance.py:430} INFO - ::endgroup::
[2024-06-11T21:31:28.133+0000] {logging_mixin.py:188} INFO - Ошибка в коде или неверный json
[2024-06-11T21:31:28.134+0000] {taskinstance.py:441} INFO - ::group::Post task execution logs
[2024-06-11T21:31:28.135+0000] {taskinstance.py:2892} ERROR - Task failed due to SystemExit(1)
[2024-06-11T21:31:28.145+0000] {taskinstance.py:1205} INFO - Marking task as FAILED. dag_id=load_data_mb, task_id=load_index_id_701188, execution_date=20240610T000000, start_date=20240611T213127, end_date=20240611T213128
[2024-06-11T21:31:28.164+0000] {standard_task_runner.py:110} ERROR - Failed to execute job 191 for task load_index_id_701188 (Task failed due to SystemExit(1); 417)
[2024-06-11T21:31:28.200+0000] {local_task_job_runner.py:240} INFO - Task exited with return code 1
[2024-06-11T21:31:28.224+0000] {taskinstance.py:3482} INFO - 0 downstream tasks scheduled from follow-on schedule check
[2024-06-11T21:31:28.230+0000] {local_task_job_runner.py:222} INFO - ::endgroup::
[2024-06-11T21:41:32.834+0000] {local_task_job_runner.py:120} INFO - ::group::Pre task execution logs
[2024-06-11T21:41:32.889+0000] {taskinstance.py:2073} INFO - Dependencies all met for dep_context=non-requeueable deps ti=<TaskInstance: load_data_mb.load_index_id_701188 scheduled__2024-06-10T00:00:00+00:00 [queued]>
[2024-06-11T21:41:32.903+0000] {taskinstance.py:2073} INFO - Dependencies all met for dep_context=requeueable deps ti=<TaskInstance: load_data_mb.load_index_id_701188 scheduled__2024-06-10T00:00:00+00:00 [queued]>
[2024-06-11T21:41:32.904+0000] {taskinstance.py:2303} INFO - Starting attempt 1 of 1
[2024-06-11T21:41:32.928+0000] {taskinstance.py:2327} INFO - Executing <Task(PythonOperator): load_index_id_701188> on 2024-06-10 00:00:00+00:00
[2024-06-11T21:41:32.938+0000] {standard_task_runner.py:90} INFO - Running: ['***', 'tasks', 'run', 'load_data_mb', 'load_index_id_701188', 'scheduled__2024-06-10T00:00:00+00:00', '--job-id', '248', '--raw', '--subdir', 'DAGS_FOLDER/load_data.py', '--cfg-path', '/tmp/tmponanm5q5']
[2024-06-11T21:41:32.942+0000] {standard_task_runner.py:91} INFO - Job 248: Subtask load_index_id_701188
[2024-06-11T21:41:32.943+0000] {logging_mixin.py:188} WARNING - /home/***/.local/lib/python3.12/site-packages/***/task/task_runner/standard_task_runner.py:61 DeprecationWarning: This process (pid=232) is multi-threaded, use of fork() may lead to deadlocks in the child.
[2024-06-11T21:41:32.945+0000] {standard_task_runner.py:63} INFO - Started process 233 to run task
[2024-06-11T21:41:33.024+0000] {task_command.py:426} INFO - Running <TaskInstance: load_data_mb.load_index_id_701188 scheduled__2024-06-10T00:00:00+00:00 [running]> on host 8195540d7f15
[2024-06-11T21:41:33.155+0000] {taskinstance.py:2644} INFO - Exporting env vars: AIRFLOW_CTX_DAG_OWNER='***' AIRFLOW_CTX_DAG_ID='load_data_mb' AIRFLOW_CTX_TASK_ID='load_index_id_701188' AIRFLOW_CTX_EXECUTION_DATE='2024-06-10T00:00:00+00:00' AIRFLOW_CTX_TRY_NUMBER='1' AIRFLOW_CTX_DAG_RUN_ID='scheduled__2024-06-10T00:00:00+00:00'
[2024-06-11T21:41:33.156+0000] {taskinstance.py:430} INFO - ::endgroup::
[2024-06-11T21:41:33.206+0000] {taskinstance.py:441} INFO - ::group::Post task execution logs
[2024-06-11T21:41:33.207+0000] {taskinstance.py:2890} ERROR - Task failed with exception
Traceback (most recent call last):
  File "/home/airflow/.local/lib/python3.12/site-packages/airflow/models/taskinstance.py", line 465, in _execute_task
    result = _execute_callable(context=context, **execute_callable_kwargs)
             ^^^^^^^^^^^^^^^^^^^^^^^^^^^^^^^^^^^^^^^^^^^^^^^^^^^^^^^^^^^^^
  File "/home/airflow/.local/lib/python3.12/site-packages/airflow/models/taskinstance.py", line 432, in _execute_callable
    return execute_callable(context=context, **execute_callable_kwargs)
           ^^^^^^^^^^^^^^^^^^^^^^^^^^^^^^^^^^^^^^^^^^^^^^^^^^^^^^^^^^^^
  File "/home/airflow/.local/lib/python3.12/site-packages/airflow/models/baseoperator.py", line 400, in wrapper
    return func(self, *args, **kwargs)
           ^^^^^^^^^^^^^^^^^^^^^^^^^^^
  File "/home/airflow/.local/lib/python3.12/site-packages/airflow/operators/python.py", line 235, in execute
    return_value = self.execute_callable()
                   ^^^^^^^^^^^^^^^^^^^^^^^
  File "/home/airflow/.local/lib/python3.12/site-packages/airflow/operators/python.py", line 252, in execute_callable
    return self.python_callable(*self.op_args, **self.op_kwargs)
           ^^^^^^^^^^^^^^^^^^^^^^^^^^^^^^^^^^^^^^^^^^^^^^^^^^^^^
  File "/opt/airflow/dags/load_data.py", line 19, in load_index
    print(response.json()["info"])
          ~~~~~~~~~~~~~~~^^^^^^^^
KeyError: 'info'
[2024-06-11T21:41:33.228+0000] {taskinstance.py:1205} INFO - Marking task as FAILED. dag_id=load_data_mb, task_id=load_index_id_701188, execution_date=20240610T000000, start_date=20240611T214132, end_date=20240611T214133
[2024-06-11T21:41:33.247+0000] {standard_task_runner.py:110} ERROR - Failed to execute job 248 for task load_index_id_701188 ('info'; 233)
[2024-06-11T21:41:33.282+0000] {local_task_job_runner.py:240} INFO - Task exited with return code 1
[2024-06-11T21:41:33.310+0000] {taskinstance.py:3482} INFO - 0 downstream tasks scheduled from follow-on schedule check
[2024-06-11T21:41:33.316+0000] {local_task_job_runner.py:222} INFO - ::endgroup::
