[2024-06-11T21:29:45.416+0000] {local_task_job_runner.py:120} INFO - ::group::Pre task execution logs
[2024-06-11T21:29:45.473+0000] {taskinstance.py:2073} INFO - Dependencies all met for dep_context=non-requeueable deps ti=<TaskInstance: load_data_mb.load_index_id_703076 scheduled__2024-06-10T00:00:00+00:00 [queued]>
[2024-06-11T21:29:45.498+0000] {taskinstance.py:2073} INFO - Dependencies all met for dep_context=requeueable deps ti=<TaskInstance: load_data_mb.load_index_id_703076 scheduled__2024-06-10T00:00:00+00:00 [queued]>
[2024-06-11T21:29:45.499+0000] {taskinstance.py:2303} INFO - Starting attempt 1 of 1
[2024-06-11T21:29:45.527+0000] {taskinstance.py:2327} INFO - Executing <Task(PythonOperator): load_index_id_703076> on 2024-06-10 00:00:00+00:00
[2024-06-11T21:29:45.549+0000] {logging_mixin.py:188} WARNING - /home/***/.local/lib/python3.12/site-packages/***/task/task_runner/standard_task_runner.py:61 DeprecationWarning: This process (pid=306) is multi-threaded, use of fork() may lead to deadlocks in the child.
[2024-06-11T21:29:45.552+0000] {standard_task_runner.py:63} INFO - Started process 307 to run task
[2024-06-11T21:29:45.548+0000] {standard_task_runner.py:90} INFO - Running: ['***', 'tasks', 'run', 'load_data_mb', 'load_index_id_703076', 'scheduled__2024-06-10T00:00:00+00:00', '--job-id', '155', '--raw', '--subdir', 'DAGS_FOLDER/load_data_mb.py', '--cfg-path', '/tmp/tmpfexganq2']
[2024-06-11T21:29:45.554+0000] {standard_task_runner.py:91} INFO - Job 155: Subtask load_index_id_703076
[2024-06-11T21:29:45.642+0000] {task_command.py:426} INFO - Running <TaskInstance: load_data_mb.load_index_id_703076 scheduled__2024-06-10T00:00:00+00:00 [running]> on host e6f094d2943c
[2024-06-11T21:29:45.804+0000] {taskinstance.py:2644} INFO - Exporting env vars: AIRFLOW_CTX_DAG_OWNER='***' AIRFLOW_CTX_DAG_ID='load_data_mb' AIRFLOW_CTX_TASK_ID='load_index_id_703076' AIRFLOW_CTX_EXECUTION_DATE='2024-06-10T00:00:00+00:00' AIRFLOW_CTX_TRY_NUMBER='1' AIRFLOW_CTX_DAG_RUN_ID='scheduled__2024-06-10T00:00:00+00:00'
[2024-06-11T21:29:45.806+0000] {taskinstance.py:430} INFO - ::endgroup::
[2024-06-11T21:29:45.876+0000] {logging_mixin.py:188} INFO - Ошибка в коде или неверный json
[2024-06-11T21:29:45.878+0000] {taskinstance.py:441} INFO - ::group::Post task execution logs
[2024-06-11T21:29:45.880+0000] {taskinstance.py:2892} ERROR - Task failed due to SystemExit(1)
[2024-06-11T21:29:45.897+0000] {taskinstance.py:1205} INFO - Marking task as FAILED. dag_id=load_data_mb, task_id=load_index_id_703076, execution_date=20240610T000000, start_date=20240611T212945, end_date=20240611T212945
[2024-06-11T21:29:45.948+0000] {standard_task_runner.py:110} ERROR - Failed to execute job 155 for task load_index_id_703076 (Task failed due to SystemExit(1); 307)
[2024-06-11T21:29:45.972+0000] {local_task_job_runner.py:240} INFO - Task exited with return code 1
[2024-06-11T21:29:46.062+0000] {taskinstance.py:3482} INFO - 0 downstream tasks scheduled from follow-on schedule check
[2024-06-11T21:29:46.081+0000] {local_task_job_runner.py:222} INFO - ::endgroup::
[2024-06-11T21:30:09.777+0000] {local_task_job_runner.py:120} INFO - ::group::Pre task execution logs
[2024-06-11T21:30:09.907+0000] {taskinstance.py:2073} INFO - Dependencies all met for dep_context=non-requeueable deps ti=<TaskInstance: load_data_mb.load_index_id_703076 scheduled__2024-06-10T00:00:00+00:00 [queued]>
[2024-06-11T21:30:09.958+0000] {taskinstance.py:2073} INFO - Dependencies all met for dep_context=requeueable deps ti=<TaskInstance: load_data_mb.load_index_id_703076 scheduled__2024-06-10T00:00:00+00:00 [queued]>
[2024-06-11T21:30:09.959+0000] {taskinstance.py:2303} INFO - Starting attempt 1 of 1
[2024-06-11T21:30:10.036+0000] {taskinstance.py:2327} INFO - Executing <Task(PythonOperator): load_index_id_703076> on 2024-06-10 00:00:00+00:00
[2024-06-11T21:30:10.074+0000] {logging_mixin.py:188} WARNING - /home/***/.local/lib/python3.12/site-packages/***/task/task_runner/standard_task_runner.py:61 DeprecationWarning: This process (pid=335) is multi-threaded, use of fork() may lead to deadlocks in the child.
[2024-06-11T21:30:10.063+0000] {standard_task_runner.py:90} INFO - Running: ['***', 'tasks', 'run', 'load_data_mb', 'load_index_id_703076', 'scheduled__2024-06-10T00:00:00+00:00', '--job-id', '164', '--raw', '--subdir', 'DAGS_FOLDER/load_data_mb.py', '--cfg-path', '/tmp/tmpqdmcmeo_']
[2024-06-11T21:30:10.077+0000] {standard_task_runner.py:63} INFO - Started process 336 to run task
[2024-06-11T21:30:10.077+0000] {standard_task_runner.py:91} INFO - Job 164: Subtask load_index_id_703076
[2024-06-11T21:30:10.262+0000] {task_command.py:426} INFO - Running <TaskInstance: load_data_mb.load_index_id_703076 scheduled__2024-06-10T00:00:00+00:00 [running]> on host e6f094d2943c
[2024-06-11T21:30:10.634+0000] {taskinstance.py:2644} INFO - Exporting env vars: AIRFLOW_CTX_DAG_OWNER='***' AIRFLOW_CTX_DAG_ID='load_data_mb' AIRFLOW_CTX_TASK_ID='load_index_id_703076' AIRFLOW_CTX_EXECUTION_DATE='2024-06-10T00:00:00+00:00' AIRFLOW_CTX_TRY_NUMBER='1' AIRFLOW_CTX_DAG_RUN_ID='scheduled__2024-06-10T00:00:00+00:00'
[2024-06-11T21:30:10.637+0000] {taskinstance.py:430} INFO - ::endgroup::
[2024-06-11T21:30:10.773+0000] {logging_mixin.py:188} INFO - Ошибка в коде или неверный json
[2024-06-11T21:30:10.774+0000] {taskinstance.py:441} INFO - ::group::Post task execution logs
[2024-06-11T21:30:10.775+0000] {taskinstance.py:2892} ERROR - Task failed due to SystemExit(1)
[2024-06-11T21:30:10.800+0000] {taskinstance.py:1205} INFO - Marking task as FAILED. dag_id=load_data_mb, task_id=load_index_id_703076, execution_date=20240610T000000, start_date=20240611T213009, end_date=20240611T213010
[2024-06-11T21:30:10.841+0000] {standard_task_runner.py:110} ERROR - Failed to execute job 164 for task load_index_id_703076 (Task failed due to SystemExit(1); 336)
[2024-06-11T21:30:10.877+0000] {local_task_job_runner.py:240} INFO - Task exited with return code 1
[2024-06-11T21:30:10.929+0000] {taskinstance.py:3482} INFO - 0 downstream tasks scheduled from follow-on schedule check
[2024-06-11T21:30:10.935+0000] {local_task_job_runner.py:222} INFO - ::endgroup::
[2024-06-11T21:31:50.562+0000] {local_task_job_runner.py:120} INFO - ::group::Pre task execution logs
[2024-06-11T21:31:50.614+0000] {taskinstance.py:2073} INFO - Dependencies all met for dep_context=non-requeueable deps ti=<TaskInstance: load_data_mb.load_index_id_703076 scheduled__2024-06-10T00:00:00+00:00 [queued]>
[2024-06-11T21:31:50.629+0000] {taskinstance.py:2073} INFO - Dependencies all met for dep_context=requeueable deps ti=<TaskInstance: load_data_mb.load_index_id_703076 scheduled__2024-06-10T00:00:00+00:00 [queued]>
[2024-06-11T21:31:50.631+0000] {taskinstance.py:2303} INFO - Starting attempt 1 of 1
[2024-06-11T21:31:50.652+0000] {taskinstance.py:2327} INFO - Executing <Task(PythonOperator): load_index_id_703076> on 2024-06-10 00:00:00+00:00
[2024-06-11T21:31:50.663+0000] {logging_mixin.py:188} WARNING - /home/***/.local/lib/python3.12/site-packages/***/task/task_runner/standard_task_runner.py:61 DeprecationWarning: This process (pid=451) is multi-threaded, use of fork() may lead to deadlocks in the child.
[2024-06-11T21:31:50.662+0000] {standard_task_runner.py:90} INFO - Running: ['***', 'tasks', 'run', 'load_data_mb', 'load_index_id_703076', 'scheduled__2024-06-10T00:00:00+00:00', '--job-id', '206', '--raw', '--subdir', 'DAGS_FOLDER/load_data_mb.py', '--cfg-path', '/tmp/tmp5r__trl9']
[2024-06-11T21:31:50.665+0000] {standard_task_runner.py:63} INFO - Started process 452 to run task
[2024-06-11T21:31:50.665+0000] {standard_task_runner.py:91} INFO - Job 206: Subtask load_index_id_703076
[2024-06-11T21:31:50.742+0000] {task_command.py:426} INFO - Running <TaskInstance: load_data_mb.load_index_id_703076 scheduled__2024-06-10T00:00:00+00:00 [running]> on host e6f094d2943c
[2024-06-11T21:31:51.028+0000] {taskinstance.py:2644} INFO - Exporting env vars: AIRFLOW_CTX_DAG_OWNER='***' AIRFLOW_CTX_DAG_ID='load_data_mb' AIRFLOW_CTX_TASK_ID='load_index_id_703076' AIRFLOW_CTX_EXECUTION_DATE='2024-06-10T00:00:00+00:00' AIRFLOW_CTX_TRY_NUMBER='1' AIRFLOW_CTX_DAG_RUN_ID='scheduled__2024-06-10T00:00:00+00:00'
[2024-06-11T21:31:51.031+0000] {taskinstance.py:430} INFO - ::endgroup::
[2024-06-11T21:31:51.154+0000] {logging_mixin.py:188} INFO - Ошибка в коде или неверный json
[2024-06-11T21:31:51.155+0000] {taskinstance.py:441} INFO - ::group::Post task execution logs
[2024-06-11T21:31:51.157+0000] {taskinstance.py:2892} ERROR - Task failed due to SystemExit(1)
[2024-06-11T21:31:51.176+0000] {taskinstance.py:1205} INFO - Marking task as FAILED. dag_id=load_data_mb, task_id=load_index_id_703076, execution_date=20240610T000000, start_date=20240611T213150, end_date=20240611T213151
[2024-06-11T21:31:51.232+0000] {standard_task_runner.py:110} ERROR - Failed to execute job 206 for task load_index_id_703076 (Task failed due to SystemExit(1); 452)
[2024-06-11T21:31:51.289+0000] {local_task_job_runner.py:240} INFO - Task exited with return code 1
[2024-06-11T21:31:51.324+0000] {taskinstance.py:3482} INFO - 0 downstream tasks scheduled from follow-on schedule check
[2024-06-11T21:31:51.332+0000] {local_task_job_runner.py:222} INFO - ::endgroup::
[2024-06-11T21:45:06.131+0000] {local_task_job_runner.py:120} INFO - ::group::Pre task execution logs
[2024-06-11T21:45:06.207+0000] {taskinstance.py:2073} INFO - Dependencies all met for dep_context=non-requeueable deps ti=<TaskInstance: load_data_mb.load_index_id_703076 scheduled__2024-06-10T00:00:00+00:00 [queued]>
[2024-06-11T21:45:06.227+0000] {taskinstance.py:2073} INFO - Dependencies all met for dep_context=requeueable deps ti=<TaskInstance: load_data_mb.load_index_id_703076 scheduled__2024-06-10T00:00:00+00:00 [queued]>
[2024-06-11T21:45:06.228+0000] {taskinstance.py:2303} INFO - Starting attempt 1 of 1
[2024-06-11T21:45:06.256+0000] {taskinstance.py:2327} INFO - Executing <Task(PythonOperator): load_index_id_703076> on 2024-06-10 00:00:00+00:00
[2024-06-11T21:45:06.267+0000] {standard_task_runner.py:90} INFO - Running: ['***', 'tasks', 'run', 'load_data_mb', 'load_index_id_703076', 'scheduled__2024-06-10T00:00:00+00:00', '--job-id', '265', '--raw', '--subdir', 'DAGS_FOLDER/load_data.py', '--cfg-path', '/tmp/tmpk0pbblfk']
[2024-06-11T21:45:06.271+0000] {standard_task_runner.py:91} INFO - Job 265: Subtask load_index_id_703076
[2024-06-11T21:45:06.272+0000] {logging_mixin.py:188} WARNING - /home/***/.local/lib/python3.12/site-packages/***/task/task_runner/standard_task_runner.py:61 DeprecationWarning: This process (pid=194) is multi-threaded, use of fork() may lead to deadlocks in the child.
[2024-06-11T21:45:06.274+0000] {standard_task_runner.py:63} INFO - Started process 195 to run task
[2024-06-11T21:45:06.347+0000] {task_command.py:426} INFO - Running <TaskInstance: load_data_mb.load_index_id_703076 scheduled__2024-06-10T00:00:00+00:00 [running]> on host f7fd8afd804e
[2024-06-11T21:45:06.479+0000] {taskinstance.py:2644} INFO - Exporting env vars: AIRFLOW_CTX_DAG_OWNER='***' AIRFLOW_CTX_DAG_ID='load_data_mb' AIRFLOW_CTX_TASK_ID='load_index_id_703076' AIRFLOW_CTX_EXECUTION_DATE='2024-06-10T00:00:00+00:00' AIRFLOW_CTX_TRY_NUMBER='1' AIRFLOW_CTX_DAG_RUN_ID='scheduled__2024-06-10T00:00:00+00:00'
[2024-06-11T21:45:06.480+0000] {taskinstance.py:430} INFO - ::endgroup::
[2024-06-11T21:45:06.538+0000] {logging_mixin.py:188} INFO - Ошибка в коде или неверный json
[2024-06-11T21:45:06.539+0000] {taskinstance.py:441} INFO - ::group::Post task execution logs
[2024-06-11T21:45:06.541+0000] {taskinstance.py:2892} ERROR - Task failed due to SystemExit(1)
[2024-06-11T21:45:06.553+0000] {taskinstance.py:1205} INFO - Marking task as FAILED. dag_id=load_data_mb, task_id=load_index_id_703076, execution_date=20240610T000000, start_date=20240611T214506, end_date=20240611T214506
[2024-06-11T21:45:06.574+0000] {standard_task_runner.py:110} ERROR - Failed to execute job 265 for task load_index_id_703076 (Task failed due to SystemExit(1); 195)
[2024-06-11T21:45:06.610+0000] {local_task_job_runner.py:240} INFO - Task exited with return code 1
[2024-06-11T21:45:06.638+0000] {taskinstance.py:3482} INFO - 0 downstream tasks scheduled from follow-on schedule check
[2024-06-11T21:45:06.644+0000] {local_task_job_runner.py:222} INFO - ::endgroup::
