[2024-04-30T00:05:17.237+0000] {local_task_job_runner.py:120} INFO - ::group::Pre task execution logs
[2024-04-30T00:05:17.286+0000] {taskinstance.py:2073} INFO - Dependencies all met for dep_context=non-requeueable deps ti=<TaskInstance: load_data_mb.load_index_id_702041 scheduled__2024-04-29T00:00:00+00:00 [queued]>
[2024-04-30T00:05:17.302+0000] {taskinstance.py:2073} INFO - Dependencies all met for dep_context=requeueable deps ti=<TaskInstance: load_data_mb.load_index_id_702041 scheduled__2024-04-29T00:00:00+00:00 [queued]>
[2024-04-30T00:05:17.304+0000] {taskinstance.py:2303} INFO - Starting attempt 1 of 1
[2024-04-30T00:05:17.327+0000] {taskinstance.py:2327} INFO - Executing <Task(PythonOperator): load_index_id_702041> on 2024-04-29 00:00:00+00:00
[2024-04-30T00:05:17.340+0000] {standard_task_runner.py:90} INFO - Running: ['***', 'tasks', 'run', 'load_data_mb', 'load_index_id_702041', 'scheduled__2024-04-29T00:00:00+00:00', '--job-id', '386', '--raw', '--subdir', 'DAGS_FOLDER/load_data_mb.py', '--cfg-path', '/tmp/tmpw1s3jrr8']
[2024-04-30T00:05:17.345+0000] {standard_task_runner.py:91} INFO - Job 386: Subtask load_index_id_702041
[2024-04-30T00:05:17.349+0000] {logging_mixin.py:188} WARNING - /home/***/.local/lib/python3.12/site-packages/***/task/task_runner/standard_task_runner.py:61 DeprecationWarning: This process (pid=7007) is multi-threaded, use of fork() may lead to deadlocks in the child.
[2024-04-30T00:05:17.351+0000] {standard_task_runner.py:63} INFO - Started process 7008 to run task
[2024-04-30T00:05:17.413+0000] {task_command.py:426} INFO - Running <TaskInstance: load_data_mb.load_index_id_702041 scheduled__2024-04-29T00:00:00+00:00 [running]> on host d933ead87eb5
[2024-04-30T00:05:17.547+0000] {taskinstance.py:2644} INFO - Exporting env vars: AIRFLOW_CTX_DAG_OWNER='***' AIRFLOW_CTX_DAG_ID='load_data_mb' AIRFLOW_CTX_TASK_ID='load_index_id_702041' AIRFLOW_CTX_EXECUTION_DATE='2024-04-29T00:00:00+00:00' AIRFLOW_CTX_TRY_NUMBER='1' AIRFLOW_CTX_DAG_RUN_ID='scheduled__2024-04-29T00:00:00+00:00'
[2024-04-30T00:05:17.549+0000] {taskinstance.py:430} INFO - ::endgroup::
[2024-04-30T00:06:28.520+0000] {logging_mixin.py:188} INFO - {'index_name': 'Индекс физического объема розничной торговли', 'index_id': 702041, 'dic_names': ['Регионы', 'Тип местности и административное деление', 'Виды товаров', 'Соотнесение периодов', 'Типы правовых единиц', 'Услуги внутренней торговли'], 'period_name': 'Год', 'info': 'нет новых данных'}
[2024-04-30T00:06:28.521+0000] {logging_mixin.py:188} INFO - {'index_name': 'Индекс физического объема розничной торговли', 'index_id': 702041, 'dic_names': ['Регионы', 'Тип местности и административное деление', 'Соотнесение периодов', 'Структура товаров для месячной формы'], 'period_name': 'Месяц с накоплением', 'info': 'нет новых данных'}
[2024-04-30T00:06:28.521+0000] {logging_mixin.py:188} INFO - {'index_name': 'Индекс физического объема розничной торговли', 'index_id': 702041, 'dic_names': ['Регионы', 'Торгующие предприятия, организации, рынки и индивидуальные предприниматели', 'Соотнесение периодов'], 'period_name': 'Месяц', 'info': 'нет новых данных'}
[2024-04-30T00:06:28.522+0000] {logging_mixin.py:188} INFO - {'index_name': 'Индекс физического объема розничной торговли', 'index_id': 702041, 'dic_names': ['Регионы', 'Тип местности и административное деление', 'Соотнесение периодов', 'Структура товаров для месячной формы'], 'period_name': 'Месяц', 'info': 'нет новых данных'}
[2024-04-30T00:06:28.523+0000] {logging_mixin.py:188} INFO - {'index_name': 'Индекс физического объема розничной торговли', 'index_id': 702041, 'dic_names': ['Регионы', 'Торгующие предприятия, организации, рынки и индивидуальные предприниматели', 'Соотнесение периодов'], 'period_name': 'Месяц с накоплением', 'info': 'нет новых данных'}
[2024-04-30T00:06:28.524+0000] {python.py:237} INFO - Done. Returned value was: None
[2024-04-30T00:06:28.525+0000] {taskinstance.py:441} INFO - ::group::Post task execution logs
[2024-04-30T00:06:28.538+0000] {taskinstance.py:1205} INFO - Marking task as SUCCESS. dag_id=load_data_mb, task_id=load_index_id_702041, execution_date=20240429T000000, start_date=20240430T000517, end_date=20240430T000628
[2024-04-30T00:06:28.591+0000] {local_task_job_runner.py:240} INFO - Task exited with return code 0
[2024-04-30T00:06:28.618+0000] {taskinstance.py:3482} INFO - 0 downstream tasks scheduled from follow-on schedule check
[2024-04-30T00:06:28.625+0000] {local_task_job_runner.py:222} INFO - ::endgroup::
