[2024-04-27T19:19:28.160+0000] {local_task_job_runner.py:120} INFO - ::group::Pre task execution logs
[2024-04-27T19:19:28.204+0000] {taskinstance.py:2073} INFO - Dependencies all met for dep_context=non-requeueable deps ti=<TaskInstance: load_data_mb.load_index_id_2709379 manual__2024-04-27T19:19:07.295136+00:00 [queued]>
[2024-04-27T19:19:28.221+0000] {taskinstance.py:2073} INFO - Dependencies all met for dep_context=requeueable deps ti=<TaskInstance: load_data_mb.load_index_id_2709379 manual__2024-04-27T19:19:07.295136+00:00 [queued]>
[2024-04-27T19:19:28.222+0000] {taskinstance.py:2303} INFO - Starting attempt 1 of 4
[2024-04-27T19:19:28.249+0000] {taskinstance.py:2327} INFO - Executing <Task(PythonOperator): load_index_id_2709379> on 2024-04-27 19:19:07.295136+00:00
[2024-04-27T19:19:28.265+0000] {standard_task_runner.py:90} INFO - Running: ['***', 'tasks', 'run', 'load_data_mb', 'load_index_id_2709379', 'manual__2024-04-27T19:19:07.295136+00:00', '--job-id', '196', '--raw', '--subdir', 'DAGS_FOLDER/python_op.py', '--cfg-path', '/tmp/tmpam4m3kmw']
[2024-04-27T19:19:28.269+0000] {standard_task_runner.py:91} INFO - Job 196: Subtask load_index_id_2709379
[2024-04-27T19:19:28.271+0000] {logging_mixin.py:188} WARNING - /home/***/.local/lib/python3.12/site-packages/***/task/task_runner/standard_task_runner.py:61 DeprecationWarning: This process (pid=658) is multi-threaded, use of fork() may lead to deadlocks in the child.
[2024-04-27T19:19:28.272+0000] {standard_task_runner.py:63} INFO - Started process 659 to run task
[2024-04-27T19:19:28.347+0000] {task_command.py:426} INFO - Running <TaskInstance: load_data_mb.load_index_id_2709379 manual__2024-04-27T19:19:07.295136+00:00 [running]> on host d933ead87eb5
[2024-04-27T19:19:28.493+0000] {taskinstance.py:2644} INFO - Exporting env vars: AIRFLOW_CTX_DAG_OWNER='***' AIRFLOW_CTX_DAG_ID='load_data_mb' AIRFLOW_CTX_TASK_ID='load_index_id_2709379' AIRFLOW_CTX_EXECUTION_DATE='2024-04-27T19:19:07.295136+00:00' AIRFLOW_CTX_TRY_NUMBER='1' AIRFLOW_CTX_DAG_RUN_ID='manual__2024-04-27T19:19:07.295136+00:00'
[2024-04-27T19:19:28.496+0000] {taskinstance.py:430} INFO - ::endgroup::
[2024-04-27T19:19:34.865+0000] {logging_mixin.py:188} INFO - {"status":"success","info":[{"index_name":"Валовой внутренний продукт методом производства","dic_names":["Регионы"],"period_name":"Квартал с накоплением","info":"нет новых данных"},{"index_name":"Валовой внутренний продукт методом производства","dic_names":["Регионы"],"period_name":"Год","info":"загружены актуальные данные"}]}
[2024-04-27T19:19:34.866+0000] {logging_mixin.py:188} INFO - <bound method Response.json of <Response [201]>>
[2024-04-27T19:19:34.867+0000] {python.py:237} INFO - Done. Returned value was: None
[2024-04-27T19:19:34.868+0000] {taskinstance.py:441} INFO - ::group::Post task execution logs
[2024-04-27T19:19:34.880+0000] {taskinstance.py:1205} INFO - Marking task as SUCCESS. dag_id=load_data_mb, task_id=load_index_id_2709379, execution_date=20240427T191907, start_date=20240427T191928, end_date=20240427T191934
[2024-04-27T19:19:34.935+0000] {local_task_job_runner.py:240} INFO - Task exited with return code 0
[2024-04-27T19:19:34.956+0000] {taskinstance.py:3482} INFO - 0 downstream tasks scheduled from follow-on schedule check
[2024-04-27T19:19:34.962+0000] {local_task_job_runner.py:222} INFO - ::endgroup::
