[2024-04-30T00:02:08.045+0000] {local_task_job_runner.py:120} INFO - ::group::Pre task execution logs
[2024-04-30T00:02:08.091+0000] {taskinstance.py:2073} INFO - Dependencies all met for dep_context=non-requeueable deps ti=<TaskInstance: load_data_mb.load_index_id_704449 scheduled__2024-04-29T00:00:00+00:00 [queued]>
[2024-04-30T00:02:08.104+0000] {taskinstance.py:2073} INFO - Dependencies all met for dep_context=requeueable deps ti=<TaskInstance: load_data_mb.load_index_id_704449 scheduled__2024-04-29T00:00:00+00:00 [queued]>
[2024-04-30T00:02:08.105+0000] {taskinstance.py:2303} INFO - Starting attempt 1 of 1
[2024-04-30T00:02:08.126+0000] {taskinstance.py:2327} INFO - Executing <Task(PythonOperator): load_index_id_704449> on 2024-04-29 00:00:00+00:00
[2024-04-30T00:02:08.137+0000] {standard_task_runner.py:90} INFO - Running: ['***', 'tasks', 'run', 'load_data_mb', 'load_index_id_704449', 'scheduled__2024-04-29T00:00:00+00:00', '--job-id', '372', '--raw', '--subdir', 'DAGS_FOLDER/load_data_mb.py', '--cfg-path', '/tmp/tmp9y8r1ftn']
[2024-04-30T00:02:08.141+0000] {standard_task_runner.py:91} INFO - Job 372: Subtask load_index_id_704449
[2024-04-30T00:02:08.155+0000] {logging_mixin.py:188} WARNING - /home/***/.local/lib/python3.12/site-packages/***/task/task_runner/standard_task_runner.py:61 DeprecationWarning: This process (pid=6913) is multi-threaded, use of fork() may lead to deadlocks in the child.
[2024-04-30T00:02:08.156+0000] {standard_task_runner.py:63} INFO - Started process 6914 to run task
[2024-04-30T00:02:08.221+0000] {task_command.py:426} INFO - Running <TaskInstance: load_data_mb.load_index_id_704449 scheduled__2024-04-29T00:00:00+00:00 [running]> on host d933ead87eb5
[2024-04-30T00:02:08.437+0000] {taskinstance.py:2644} INFO - Exporting env vars: AIRFLOW_CTX_DAG_OWNER='***' AIRFLOW_CTX_DAG_ID='load_data_mb' AIRFLOW_CTX_TASK_ID='load_index_id_704449' AIRFLOW_CTX_EXECUTION_DATE='2024-04-29T00:00:00+00:00' AIRFLOW_CTX_TRY_NUMBER='1' AIRFLOW_CTX_DAG_RUN_ID='scheduled__2024-04-29T00:00:00+00:00'
[2024-04-30T00:02:08.441+0000] {taskinstance.py:430} INFO - ::endgroup::
[2024-04-30T00:02:16.918+0000] {logging_mixin.py:188} INFO - {'index_name': 'индекс реальных денежных доходов', 'index_id': 704449, 'dic_names': ['Регионы'], 'period_name': 'Год', 'info': 'ошибка талдау', 'error_code': 500}
[2024-04-30T00:02:16.920+0000] {logging_mixin.py:188} INFO - {'index_name': 'индекс реальных денежных доходов', 'index_id': 704449, 'dic_names': ['Регионы'], 'period_name': 'Квартал', 'info': 'ошибка талдау', 'error_code': 500}
[2024-04-30T00:02:16.921+0000] {logging_mixin.py:188} INFO - {'index_name': 'индекс реальных денежных доходов', 'index_id': 704449, 'dic_names': ['Регионы'], 'period_name': 'Месяц', 'info': 'ошибка талдау', 'error_code': 500}
[2024-04-30T00:02:16.922+0000] {logging_mixin.py:188} INFO - {'index_name': 'индекс реальных денежных доходов', 'index_id': 704449, 'dic_names': ['Регионы'], 'period_name': 'Месяц с накоплением', 'info': 'ошибка талдау', 'error_code': 500}
[2024-04-30T00:02:16.923+0000] {python.py:237} INFO - Done. Returned value was: None
[2024-04-30T00:02:16.924+0000] {taskinstance.py:441} INFO - ::group::Post task execution logs
[2024-04-30T00:02:16.940+0000] {taskinstance.py:1205} INFO - Marking task as SUCCESS. dag_id=load_data_mb, task_id=load_index_id_704449, execution_date=20240429T000000, start_date=20240430T000208, end_date=20240430T000216
[2024-04-30T00:02:16.999+0000] {local_task_job_runner.py:240} INFO - Task exited with return code 0
[2024-04-30T00:02:17.025+0000] {taskinstance.py:3482} INFO - 0 downstream tasks scheduled from follow-on schedule check
[2024-04-30T00:02:17.031+0000] {local_task_job_runner.py:222} INFO - ::endgroup::
