[2024-04-30T00:16:14.860+0000] {local_task_job_runner.py:120} INFO - ::group::Pre task execution logs
[2024-04-30T00:16:14.917+0000] {taskinstance.py:2073} INFO - Dependencies all met for dep_context=non-requeueable deps ti=<TaskInstance: load_data_mb.load_index_id_703076 scheduled__2024-04-29T00:00:00+00:00 [queued]>
[2024-04-30T00:16:14.933+0000] {taskinstance.py:2073} INFO - Dependencies all met for dep_context=requeueable deps ti=<TaskInstance: load_data_mb.load_index_id_703076 scheduled__2024-04-29T00:00:00+00:00 [queued]>
[2024-04-30T00:16:14.934+0000] {taskinstance.py:2303} INFO - Starting attempt 1 of 1
[2024-04-30T00:16:14.958+0000] {taskinstance.py:2327} INFO - Executing <Task(PythonOperator): load_index_id_703076> on 2024-04-29 00:00:00+00:00
[2024-04-30T00:16:14.968+0000] {standard_task_runner.py:90} INFO - Running: ['***', 'tasks', 'run', 'load_data_mb', 'load_index_id_703076', 'scheduled__2024-04-29T00:00:00+00:00', '--job-id', '392', '--raw', '--subdir', 'DAGS_FOLDER/load_data_mb.py', '--cfg-path', '/tmp/tmpw3akd2ze']
[2024-04-30T00:16:14.973+0000] {standard_task_runner.py:91} INFO - Job 392: Subtask load_index_id_703076
[2024-04-30T00:16:14.993+0000] {logging_mixin.py:188} WARNING - /home/***/.local/lib/python3.12/site-packages/***/task/task_runner/standard_task_runner.py:61 DeprecationWarning: This process (pid=7262) is multi-threaded, use of fork() may lead to deadlocks in the child.
[2024-04-30T00:16:14.995+0000] {standard_task_runner.py:63} INFO - Started process 7263 to run task
[2024-04-30T00:16:15.043+0000] {task_command.py:426} INFO - Running <TaskInstance: load_data_mb.load_index_id_703076 scheduled__2024-04-29T00:00:00+00:00 [running]> on host d933ead87eb5
[2024-04-30T00:16:15.170+0000] {taskinstance.py:2644} INFO - Exporting env vars: AIRFLOW_CTX_DAG_OWNER='***' AIRFLOW_CTX_DAG_ID='load_data_mb' AIRFLOW_CTX_TASK_ID='load_index_id_703076' AIRFLOW_CTX_EXECUTION_DATE='2024-04-29T00:00:00+00:00' AIRFLOW_CTX_TRY_NUMBER='1' AIRFLOW_CTX_DAG_RUN_ID='scheduled__2024-04-29T00:00:00+00:00'
[2024-04-30T00:16:15.172+0000] {taskinstance.py:430} INFO - ::endgroup::
[2024-04-30T00:16:21.977+0000] {logging_mixin.py:188} INFO - {'index_name': 'Индекс потребительских цен', 'index_id': 703076, 'dic_names': ['Регионы', 'Соотнесение периодов', 'Потребительские товары и услуги'], 'period_name': 'Месяц', 'info': 'ошибка талдау', 'error_code': 500}
[2024-04-30T00:16:21.979+0000] {logging_mixin.py:188} INFO - {'index_name': 'Индекс потребительских цен', 'index_id': 703076, 'dic_names': ['Регионы', 'Соотнесение периодов', 'Потребительские товары и услуги'], 'period_name': 'Месяц с накоплением', 'info': 'ошибка талдау', 'error_code': 500}
[2024-04-30T00:16:21.980+0000] {logging_mixin.py:188} INFO - {'index_name': 'Индекс потребительских цен', 'index_id': 703076, 'dic_names': ['Регионы', 'Соотнесение периодов', 'Потребительские товары и услуги'], 'period_name': 'Квартал', 'info': 'ошибка талдау', 'error_code': 500}
[2024-04-30T00:16:21.982+0000] {python.py:237} INFO - Done. Returned value was: None
[2024-04-30T00:16:21.983+0000] {taskinstance.py:441} INFO - ::group::Post task execution logs
[2024-04-30T00:16:22.006+0000] {taskinstance.py:1205} INFO - Marking task as SUCCESS. dag_id=load_data_mb, task_id=load_index_id_703076, execution_date=20240429T000000, start_date=20240430T001614, end_date=20240430T001622
[2024-04-30T00:16:22.058+0000] {local_task_job_runner.py:240} INFO - Task exited with return code 0
[2024-04-30T00:16:22.078+0000] {taskinstance.py:3482} INFO - 0 downstream tasks scheduled from follow-on schedule check
[2024-04-30T00:16:22.081+0000] {local_task_job_runner.py:222} INFO - ::endgroup::
