[2024-06-11T21:29:43.817+0000] {local_task_job_runner.py:120} INFO - ::group::Pre task execution logs
[2024-06-11T21:29:43.881+0000] {taskinstance.py:2073} INFO - Dependencies all met for dep_context=non-requeueable deps ti=<TaskInstance: load_data_mb.load_index_id_701852 scheduled__2024-06-10T00:00:00+00:00 [queued]>
[2024-06-11T21:29:43.901+0000] {taskinstance.py:2073} INFO - Dependencies all met for dep_context=requeueable deps ti=<TaskInstance: load_data_mb.load_index_id_701852 scheduled__2024-06-10T00:00:00+00:00 [queued]>
[2024-06-11T21:29:43.903+0000] {taskinstance.py:2303} INFO - Starting attempt 1 of 1
[2024-06-11T21:29:43.922+0000] {taskinstance.py:2327} INFO - Executing <Task(PythonOperator): load_index_id_701852> on 2024-06-10 00:00:00+00:00
[2024-06-11T21:29:43.931+0000] {standard_task_runner.py:90} INFO - Running: ['***', 'tasks', 'run', 'load_data_mb', 'load_index_id_701852', 'scheduled__2024-06-10T00:00:00+00:00', '--job-id', '154', '--raw', '--subdir', 'DAGS_FOLDER/load_data_mb.py', '--cfg-path', '/tmp/tmpi72mj5z2']
[2024-06-11T21:29:43.932+0000] {logging_mixin.py:188} WARNING - /home/***/.local/lib/python3.12/site-packages/***/task/task_runner/standard_task_runner.py:61 DeprecationWarning: This process (pid=304) is multi-threaded, use of fork() may lead to deadlocks in the child.
[2024-06-11T21:29:43.936+0000] {standard_task_runner.py:91} INFO - Job 154: Subtask load_index_id_701852
[2024-06-11T21:29:43.936+0000] {standard_task_runner.py:63} INFO - Started process 305 to run task
[2024-06-11T21:29:44.013+0000] {task_command.py:426} INFO - Running <TaskInstance: load_data_mb.load_index_id_701852 scheduled__2024-06-10T00:00:00+00:00 [running]> on host e6f094d2943c
[2024-06-11T21:29:44.178+0000] {taskinstance.py:2644} INFO - Exporting env vars: AIRFLOW_CTX_DAG_OWNER='***' AIRFLOW_CTX_DAG_ID='load_data_mb' AIRFLOW_CTX_TASK_ID='load_index_id_701852' AIRFLOW_CTX_EXECUTION_DATE='2024-06-10T00:00:00+00:00' AIRFLOW_CTX_TRY_NUMBER='1' AIRFLOW_CTX_DAG_RUN_ID='scheduled__2024-06-10T00:00:00+00:00'
[2024-06-11T21:29:44.181+0000] {taskinstance.py:430} INFO - ::endgroup::
[2024-06-11T21:29:44.248+0000] {logging_mixin.py:188} INFO - Ошибка в коде или неверный json
[2024-06-11T21:29:44.249+0000] {taskinstance.py:441} INFO - ::group::Post task execution logs
[2024-06-11T21:29:44.251+0000] {taskinstance.py:2892} ERROR - Task failed due to SystemExit(1)
[2024-06-11T21:29:44.272+0000] {taskinstance.py:1205} INFO - Marking task as FAILED. dag_id=load_data_mb, task_id=load_index_id_701852, execution_date=20240610T000000, start_date=20240611T212943, end_date=20240611T212944
[2024-06-11T21:29:44.307+0000] {standard_task_runner.py:110} ERROR - Failed to execute job 154 for task load_index_id_701852 (Task failed due to SystemExit(1); 305)
[2024-06-11T21:29:44.348+0000] {local_task_job_runner.py:240} INFO - Task exited with return code 1
[2024-06-11T21:29:44.396+0000] {taskinstance.py:3482} INFO - 0 downstream tasks scheduled from follow-on schedule check
[2024-06-11T21:29:44.401+0000] {local_task_job_runner.py:222} INFO - ::endgroup::
[2024-06-11T21:30:08.235+0000] {local_task_job_runner.py:120} INFO - ::group::Pre task execution logs
[2024-06-11T21:30:08.286+0000] {taskinstance.py:2073} INFO - Dependencies all met for dep_context=non-requeueable deps ti=<TaskInstance: load_data_mb.load_index_id_701852 scheduled__2024-06-10T00:00:00+00:00 [queued]>
[2024-06-11T21:30:08.312+0000] {taskinstance.py:2073} INFO - Dependencies all met for dep_context=requeueable deps ti=<TaskInstance: load_data_mb.load_index_id_701852 scheduled__2024-06-10T00:00:00+00:00 [queued]>
[2024-06-11T21:30:08.313+0000] {taskinstance.py:2303} INFO - Starting attempt 1 of 1
[2024-06-11T21:30:08.347+0000] {taskinstance.py:2327} INFO - Executing <Task(PythonOperator): load_index_id_701852> on 2024-06-10 00:00:00+00:00
[2024-06-11T21:30:08.362+0000] {logging_mixin.py:188} WARNING - /home/***/.local/lib/python3.12/site-packages/***/task/task_runner/standard_task_runner.py:61 DeprecationWarning: This process (pid=333) is multi-threaded, use of fork() may lead to deadlocks in the child.
[2024-06-11T21:30:08.365+0000] {standard_task_runner.py:63} INFO - Started process 334 to run task
[2024-06-11T21:30:08.362+0000] {standard_task_runner.py:90} INFO - Running: ['***', 'tasks', 'run', 'load_data_mb', 'load_index_id_701852', 'scheduled__2024-06-10T00:00:00+00:00', '--job-id', '163', '--raw', '--subdir', 'DAGS_FOLDER/load_data_mb.py', '--cfg-path', '/tmp/tmpbnor65n8']
[2024-06-11T21:30:08.367+0000] {standard_task_runner.py:91} INFO - Job 163: Subtask load_index_id_701852
[2024-06-11T21:30:08.445+0000] {task_command.py:426} INFO - Running <TaskInstance: load_data_mb.load_index_id_701852 scheduled__2024-06-10T00:00:00+00:00 [running]> on host e6f094d2943c
[2024-06-11T21:30:08.593+0000] {taskinstance.py:2644} INFO - Exporting env vars: AIRFLOW_CTX_DAG_OWNER='***' AIRFLOW_CTX_DAG_ID='load_data_mb' AIRFLOW_CTX_TASK_ID='load_index_id_701852' AIRFLOW_CTX_EXECUTION_DATE='2024-06-10T00:00:00+00:00' AIRFLOW_CTX_TRY_NUMBER='1' AIRFLOW_CTX_DAG_RUN_ID='scheduled__2024-06-10T00:00:00+00:00'
[2024-06-11T21:30:08.596+0000] {taskinstance.py:430} INFO - ::endgroup::
[2024-06-11T21:30:08.665+0000] {logging_mixin.py:188} INFO - Ошибка в коде или неверный json
[2024-06-11T21:30:08.667+0000] {taskinstance.py:441} INFO - ::group::Post task execution logs
[2024-06-11T21:30:08.670+0000] {taskinstance.py:2892} ERROR - Task failed due to SystemExit(1)
[2024-06-11T21:30:08.686+0000] {taskinstance.py:1205} INFO - Marking task as FAILED. dag_id=load_data_mb, task_id=load_index_id_701852, execution_date=20240610T000000, start_date=20240611T213008, end_date=20240611T213008
[2024-06-11T21:30:08.707+0000] {standard_task_runner.py:110} ERROR - Failed to execute job 163 for task load_index_id_701852 (Task failed due to SystemExit(1); 334)
[2024-06-11T21:30:08.745+0000] {local_task_job_runner.py:240} INFO - Task exited with return code 1
[2024-06-11T21:30:08.785+0000] {taskinstance.py:3482} INFO - 0 downstream tasks scheduled from follow-on schedule check
[2024-06-11T21:30:08.788+0000] {local_task_job_runner.py:222} INFO - ::endgroup::
[2024-06-11T21:31:49.424+0000] {local_task_job_runner.py:120} INFO - ::group::Pre task execution logs
[2024-06-11T21:31:49.493+0000] {taskinstance.py:2073} INFO - Dependencies all met for dep_context=non-requeueable deps ti=<TaskInstance: load_data_mb.load_index_id_701852 scheduled__2024-06-10T00:00:00+00:00 [queued]>
[2024-06-11T21:31:49.512+0000] {taskinstance.py:2073} INFO - Dependencies all met for dep_context=requeueable deps ti=<TaskInstance: load_data_mb.load_index_id_701852 scheduled__2024-06-10T00:00:00+00:00 [queued]>
[2024-06-11T21:31:49.513+0000] {taskinstance.py:2303} INFO - Starting attempt 1 of 1
[2024-06-11T21:31:49.536+0000] {taskinstance.py:2327} INFO - Executing <Task(PythonOperator): load_index_id_701852> on 2024-06-10 00:00:00+00:00
[2024-06-11T21:31:49.545+0000] {logging_mixin.py:188} WARNING - /home/***/.local/lib/python3.12/site-packages/***/task/task_runner/standard_task_runner.py:61 DeprecationWarning: This process (pid=449) is multi-threaded, use of fork() may lead to deadlocks in the child.
[2024-06-11T21:31:49.545+0000] {standard_task_runner.py:90} INFO - Running: ['***', 'tasks', 'run', 'load_data_mb', 'load_index_id_701852', 'scheduled__2024-06-10T00:00:00+00:00', '--job-id', '205', '--raw', '--subdir', 'DAGS_FOLDER/load_data_mb.py', '--cfg-path', '/tmp/tmplrit2ebm']
[2024-06-11T21:31:49.548+0000] {standard_task_runner.py:63} INFO - Started process 450 to run task
[2024-06-11T21:31:49.548+0000] {standard_task_runner.py:91} INFO - Job 205: Subtask load_index_id_701852
[2024-06-11T21:31:49.652+0000] {task_command.py:426} INFO - Running <TaskInstance: load_data_mb.load_index_id_701852 scheduled__2024-06-10T00:00:00+00:00 [running]> on host e6f094d2943c
[2024-06-11T21:31:49.796+0000] {taskinstance.py:2644} INFO - Exporting env vars: AIRFLOW_CTX_DAG_OWNER='***' AIRFLOW_CTX_DAG_ID='load_data_mb' AIRFLOW_CTX_TASK_ID='load_index_id_701852' AIRFLOW_CTX_EXECUTION_DATE='2024-06-10T00:00:00+00:00' AIRFLOW_CTX_TRY_NUMBER='1' AIRFLOW_CTX_DAG_RUN_ID='scheduled__2024-06-10T00:00:00+00:00'
[2024-06-11T21:31:49.798+0000] {taskinstance.py:430} INFO - ::endgroup::
[2024-06-11T21:31:49.852+0000] {logging_mixin.py:188} INFO - Ошибка в коде или неверный json
[2024-06-11T21:31:49.853+0000] {taskinstance.py:441} INFO - ::group::Post task execution logs
[2024-06-11T21:31:49.854+0000] {taskinstance.py:2892} ERROR - Task failed due to SystemExit(1)
[2024-06-11T21:31:49.865+0000] {taskinstance.py:1205} INFO - Marking task as FAILED. dag_id=load_data_mb, task_id=load_index_id_701852, execution_date=20240610T000000, start_date=20240611T213149, end_date=20240611T213149
[2024-06-11T21:31:49.884+0000] {standard_task_runner.py:110} ERROR - Failed to execute job 205 for task load_index_id_701852 (Task failed due to SystemExit(1); 450)
[2024-06-11T21:31:49.924+0000] {local_task_job_runner.py:240} INFO - Task exited with return code 1
[2024-06-11T21:31:49.948+0000] {taskinstance.py:3482} INFO - 0 downstream tasks scheduled from follow-on schedule check
[2024-06-11T21:31:49.954+0000] {local_task_job_runner.py:222} INFO - ::endgroup::
[2024-06-11T21:45:04.843+0000] {local_task_job_runner.py:120} INFO - ::group::Pre task execution logs
[2024-06-11T21:45:04.910+0000] {taskinstance.py:2073} INFO - Dependencies all met for dep_context=non-requeueable deps ti=<TaskInstance: load_data_mb.load_index_id_701852 scheduled__2024-06-10T00:00:00+00:00 [queued]>
[2024-06-11T21:45:04.936+0000] {taskinstance.py:2073} INFO - Dependencies all met for dep_context=requeueable deps ti=<TaskInstance: load_data_mb.load_index_id_701852 scheduled__2024-06-10T00:00:00+00:00 [queued]>
[2024-06-11T21:45:04.937+0000] {taskinstance.py:2303} INFO - Starting attempt 1 of 1
[2024-06-11T21:45:04.976+0000] {taskinstance.py:2327} INFO - Executing <Task(PythonOperator): load_index_id_701852> on 2024-06-10 00:00:00+00:00
[2024-06-11T21:45:04.989+0000] {standard_task_runner.py:90} INFO - Running: ['***', 'tasks', 'run', 'load_data_mb', 'load_index_id_701852', 'scheduled__2024-06-10T00:00:00+00:00', '--job-id', '264', '--raw', '--subdir', 'DAGS_FOLDER/load_data.py', '--cfg-path', '/tmp/tmptwcu1dv3']
[2024-06-11T21:45:04.995+0000] {standard_task_runner.py:91} INFO - Job 264: Subtask load_index_id_701852
[2024-06-11T21:45:04.995+0000] {logging_mixin.py:188} WARNING - /home/***/.local/lib/python3.12/site-packages/***/task/task_runner/standard_task_runner.py:61 DeprecationWarning: This process (pid=192) is multi-threaded, use of fork() may lead to deadlocks in the child.
[2024-06-11T21:45:04.997+0000] {standard_task_runner.py:63} INFO - Started process 193 to run task
[2024-06-11T21:45:05.104+0000] {task_command.py:426} INFO - Running <TaskInstance: load_data_mb.load_index_id_701852 scheduled__2024-06-10T00:00:00+00:00 [running]> on host f7fd8afd804e
[2024-06-11T21:45:05.248+0000] {taskinstance.py:2644} INFO - Exporting env vars: AIRFLOW_CTX_DAG_OWNER='***' AIRFLOW_CTX_DAG_ID='load_data_mb' AIRFLOW_CTX_TASK_ID='load_index_id_701852' AIRFLOW_CTX_EXECUTION_DATE='2024-06-10T00:00:00+00:00' AIRFLOW_CTX_TRY_NUMBER='1' AIRFLOW_CTX_DAG_RUN_ID='scheduled__2024-06-10T00:00:00+00:00'
[2024-06-11T21:45:05.249+0000] {taskinstance.py:430} INFO - ::endgroup::
[2024-06-11T21:45:05.299+0000] {logging_mixin.py:188} INFO - Ошибка в коде или неверный json
[2024-06-11T21:45:05.300+0000] {taskinstance.py:441} INFO - ::group::Post task execution logs
[2024-06-11T21:45:05.301+0000] {taskinstance.py:2892} ERROR - Task failed due to SystemExit(1)
[2024-06-11T21:45:05.311+0000] {taskinstance.py:1205} INFO - Marking task as FAILED. dag_id=load_data_mb, task_id=load_index_id_701852, execution_date=20240610T000000, start_date=20240611T214504, end_date=20240611T214505
[2024-06-11T21:45:05.329+0000] {standard_task_runner.py:110} ERROR - Failed to execute job 264 for task load_index_id_701852 (Task failed due to SystemExit(1); 193)
[2024-06-11T21:45:05.374+0000] {local_task_job_runner.py:240} INFO - Task exited with return code 1
[2024-06-11T21:45:05.406+0000] {taskinstance.py:3482} INFO - 0 downstream tasks scheduled from follow-on schedule check
[2024-06-11T21:45:05.413+0000] {local_task_job_runner.py:222} INFO - ::endgroup::
