[2024-04-30T00:05:07.861+0000] {local_task_job_runner.py:120} INFO - ::group::Pre task execution logs
[2024-04-30T00:05:07.925+0000] {taskinstance.py:2073} INFO - Dependencies all met for dep_context=non-requeueable deps ti=<TaskInstance: load_data_mb.load_index_id_702022 scheduled__2024-04-29T00:00:00+00:00 [queued]>
[2024-04-30T00:05:07.941+0000] {taskinstance.py:2073} INFO - Dependencies all met for dep_context=requeueable deps ti=<TaskInstance: load_data_mb.load_index_id_702022 scheduled__2024-04-29T00:00:00+00:00 [queued]>
[2024-04-30T00:05:07.942+0000] {taskinstance.py:2303} INFO - Starting attempt 1 of 1
[2024-04-30T00:05:07.966+0000] {taskinstance.py:2327} INFO - Executing <Task(PythonOperator): load_index_id_702022> on 2024-04-29 00:00:00+00:00
[2024-04-30T00:05:07.981+0000] {standard_task_runner.py:90} INFO - Running: ['***', 'tasks', 'run', 'load_data_mb', 'load_index_id_702022', 'scheduled__2024-04-29T00:00:00+00:00', '--job-id', '385', '--raw', '--subdir', 'DAGS_FOLDER/load_data_mb.py', '--cfg-path', '/tmp/tmp4pnvv344']
[2024-04-30T00:05:07.986+0000] {standard_task_runner.py:91} INFO - Job 385: Subtask load_index_id_702022
[2024-04-30T00:05:07.991+0000] {logging_mixin.py:188} WARNING - /home/***/.local/lib/python3.12/site-packages/***/task/task_runner/standard_task_runner.py:61 DeprecationWarning: This process (pid=7005) is multi-threaded, use of fork() may lead to deadlocks in the child.
[2024-04-30T00:05:07.993+0000] {standard_task_runner.py:63} INFO - Started process 7006 to run task
[2024-04-30T00:05:08.052+0000] {task_command.py:426} INFO - Running <TaskInstance: load_data_mb.load_index_id_702022 scheduled__2024-04-29T00:00:00+00:00 [running]> on host d933ead87eb5
[2024-04-30T00:05:08.178+0000] {taskinstance.py:2644} INFO - Exporting env vars: AIRFLOW_CTX_DAG_OWNER='***' AIRFLOW_CTX_DAG_ID='load_data_mb' AIRFLOW_CTX_TASK_ID='load_index_id_702022' AIRFLOW_CTX_EXECUTION_DATE='2024-04-29T00:00:00+00:00' AIRFLOW_CTX_TRY_NUMBER='1' AIRFLOW_CTX_DAG_RUN_ID='scheduled__2024-04-29T00:00:00+00:00'
[2024-04-30T00:05:08.180+0000] {taskinstance.py:430} INFO - ::endgroup::
[2024-04-30T00:05:15.193+0000] {logging_mixin.py:188} INFO - {'index_name': 'Индекс физического объема оптовой торговли', 'index_id': 702022, 'dic_names': ['Регионы', 'Тип местности и административное деление', 'Виды товаров', 'Соотнесение периодов', 'Типы правовых единиц', 'Услуги внутренней торговли'], 'period_name': 'Год', 'info': 'нет новых данных'}
[2024-04-30T00:05:15.194+0000] {logging_mixin.py:188} INFO - {'index_name': 'Индекс физического объема оптовой торговли', 'index_id': 702022, 'dic_names': ['Регионы', 'Торгующие предприятия, организации, рынки и индивидуальные предприниматели', 'Соотнесение периодов'], 'period_name': 'Месяц', 'info': 'нет новых данных'}
[2024-04-30T00:05:15.195+0000] {logging_mixin.py:188} INFO - {'index_name': 'Индекс физического объема оптовой торговли', 'index_id': 702022, 'dic_names': ['Регионы', 'Торгующие предприятия, организации, рынки и индивидуальные предприниматели', 'Соотнесение периодов'], 'period_name': 'Месяц с накоплением', 'info': 'нет новых данных'}
[2024-04-30T00:05:15.196+0000] {python.py:237} INFO - Done. Returned value was: None
[2024-04-30T00:05:15.198+0000] {taskinstance.py:441} INFO - ::group::Post task execution logs
[2024-04-30T00:05:15.212+0000] {taskinstance.py:1205} INFO - Marking task as SUCCESS. dag_id=load_data_mb, task_id=load_index_id_702022, execution_date=20240429T000000, start_date=20240430T000507, end_date=20240430T000515
[2024-04-30T00:05:15.239+0000] {local_task_job_runner.py:240} INFO - Task exited with return code 0
[2024-04-30T00:05:15.267+0000] {taskinstance.py:3482} INFO - 0 downstream tasks scheduled from follow-on schedule check
[2024-04-30T00:05:15.273+0000] {local_task_job_runner.py:222} INFO - ::endgroup::
