[2024-05-14T10:12:06.854+0000] {local_task_job_runner.py:120} INFO - ::group::Pre task execution logs
[2024-05-14T10:12:06.928+0000] {taskinstance.py:2073} INFO - Dependencies all met for dep_context=non-requeueable deps ti=<TaskInstance: load_data_mb.load_index_id_703831 scheduled__2024-05-13T00:00:00+00:00 [queued]>
[2024-05-14T10:12:06.968+0000] {taskinstance.py:2073} INFO - Dependencies all met for dep_context=requeueable deps ti=<TaskInstance: load_data_mb.load_index_id_703831 scheduled__2024-05-13T00:00:00+00:00 [queued]>
[2024-05-14T10:12:06.970+0000] {taskinstance.py:2303} INFO - Starting attempt 1 of 1
[2024-05-14T10:12:07.003+0000] {taskinstance.py:2327} INFO - Executing <Task(PythonOperator): load_index_id_703831> on 2024-05-13 00:00:00+00:00
[2024-05-14T10:12:07.017+0000] {standard_task_runner.py:90} INFO - Running: ['***', 'tasks', 'run', 'load_data_mb', 'load_index_id_703831', 'scheduled__2024-05-13T00:00:00+00:00', '--job-id', '538', '--raw', '--subdir', 'DAGS_FOLDER/load_data_mb.py', '--cfg-path', '/tmp/tmpkj6g71xh']
[2024-05-14T10:12:07.022+0000] {standard_task_runner.py:91} INFO - Job 538: Subtask load_index_id_703831
[2024-05-14T10:12:07.025+0000] {logging_mixin.py:188} WARNING - /home/***/.local/lib/python3.12/site-packages/***/task/task_runner/standard_task_runner.py:61 DeprecationWarning: This process (pid=571) is multi-threaded, use of fork() may lead to deadlocks in the child.
[2024-05-14T10:12:07.028+0000] {standard_task_runner.py:63} INFO - Started process 572 to run task
[2024-05-14T10:12:07.146+0000] {task_command.py:426} INFO - Running <TaskInstance: load_data_mb.load_index_id_703831 scheduled__2024-05-13T00:00:00+00:00 [running]> on host d933ead87eb5
[2024-05-14T10:12:07.371+0000] {taskinstance.py:2644} INFO - Exporting env vars: AIRFLOW_CTX_DAG_OWNER='***' AIRFLOW_CTX_DAG_ID='load_data_mb' AIRFLOW_CTX_TASK_ID='load_index_id_703831' AIRFLOW_CTX_EXECUTION_DATE='2024-05-13T00:00:00+00:00' AIRFLOW_CTX_TRY_NUMBER='1' AIRFLOW_CTX_DAG_RUN_ID='scheduled__2024-05-13T00:00:00+00:00'
[2024-05-14T10:12:07.372+0000] {taskinstance.py:430} INFO - ::endgroup::
[2024-05-14T10:12:18.046+0000] {logging_mixin.py:188} INFO - {'index_name': 'Численность населения на начало периода', 'index_id': 703831, 'dic_names': ['Регионы', 'Тип местности и административное деление', 'По полу', 'Группы населения'], 'period_name': 'Год', 'info': 'ошибка талдау', 'error_code': 500}
[2024-05-14T10:12:18.047+0000] {logging_mixin.py:188} INFO - {'index_name': 'Численность населения на начало периода', 'index_id': 703831, 'dic_names': ['Регионы', 'Национальности'], 'period_name': 'Год', 'info': 'ошибка талдау', 'error_code': 500}
[2024-05-14T10:12:18.048+0000] {logging_mixin.py:188} INFO - {'index_name': 'Численность населения на начало периода', 'index_id': 703831, 'dic_names': ['Регионы', 'Тип местности и административное деление', 'По полу', 'Отдельные возрастные группы'], 'period_name': 'Год', 'info': 'ошибка талдау', 'error_code': 500}
[2024-05-14T10:12:18.049+0000] {logging_mixin.py:188} INFO - {'index_name': 'Численность населения на начало периода', 'index_id': 703831, 'dic_names': ['Регионы', 'Тип местности и административное деление'], 'period_name': 'Месяц', 'info': 'ошибка талдау', 'error_code': 500}
[2024-05-14T10:12:18.050+0000] {logging_mixin.py:188} INFO - {'index_name': 'Численность населения на начало периода', 'index_id': 703831, 'dic_names': ['Регионы', 'По полу'], 'period_name': 'Месяц', 'info': 'ошибка талдау', 'error_code': 500}
[2024-05-14T10:12:18.051+0000] {python.py:237} INFO - Done. Returned value was: None
[2024-05-14T10:12:18.052+0000] {taskinstance.py:441} INFO - ::group::Post task execution logs
[2024-05-14T10:12:18.076+0000] {taskinstance.py:1205} INFO - Marking task as SUCCESS. dag_id=load_data_mb, task_id=load_index_id_703831, execution_date=20240513T000000, start_date=20240514T101206, end_date=20240514T101218
[2024-05-14T10:12:18.121+0000] {local_task_job_runner.py:240} INFO - Task exited with return code 0
[2024-05-14T10:12:18.151+0000] {taskinstance.py:3482} INFO - 0 downstream tasks scheduled from follow-on schedule check
[2024-05-14T10:12:18.157+0000] {local_task_job_runner.py:222} INFO - ::endgroup::
