[2024-06-11T21:45:48.235+0000] {local_task_job_runner.py:120} INFO - ::group::Pre task execution logs
[2024-06-11T21:45:48.287+0000] {taskinstance.py:2073} INFO - Dependencies all met for dep_context=non-requeueable deps ti=<TaskInstance: load_data_mb.load_index_id_4023004 manual__2024-06-11T21:41:03.459046+00:00 [queued]>
[2024-06-11T21:45:48.304+0000] {taskinstance.py:2073} INFO - Dependencies all met for dep_context=requeueable deps ti=<TaskInstance: load_data_mb.load_index_id_4023004 manual__2024-06-11T21:41:03.459046+00:00 [queued]>
[2024-06-11T21:45:48.305+0000] {taskinstance.py:2303} INFO - Starting attempt 1 of 1
[2024-06-11T21:45:48.328+0000] {taskinstance.py:2327} INFO - Executing <Task(PythonOperator): load_index_id_4023004> on 2024-06-11 21:41:03.459046+00:00
[2024-06-11T21:45:48.344+0000] {logging_mixin.py:188} WARNING - /home/***/.local/lib/python3.12/site-packages/***/task/task_runner/standard_task_runner.py:61 DeprecationWarning: This process (pid=259) is multi-threaded, use of fork() may lead to deadlocks in the child.
[2024-06-11T21:45:48.349+0000] {standard_task_runner.py:63} INFO - Started process 260 to run task
[2024-06-11T21:45:48.344+0000] {standard_task_runner.py:90} INFO - Running: ['***', 'tasks', 'run', 'load_data_mb', 'load_index_id_4023004', 'manual__2024-06-11T21:41:03.459046+00:00', '--job-id', '292', '--raw', '--subdir', 'DAGS_FOLDER/load_data.py', '--cfg-path', '/tmp/tmpmcd7_bv2']
[2024-06-11T21:45:48.351+0000] {standard_task_runner.py:91} INFO - Job 292: Subtask load_index_id_4023004
[2024-06-11T21:45:48.468+0000] {task_command.py:426} INFO - Running <TaskInstance: load_data_mb.load_index_id_4023004 manual__2024-06-11T21:41:03.459046+00:00 [running]> on host f7fd8afd804e
[2024-06-11T21:45:48.641+0000] {taskinstance.py:2644} INFO - Exporting env vars: AIRFLOW_CTX_DAG_OWNER='***' AIRFLOW_CTX_DAG_ID='load_data_mb' AIRFLOW_CTX_TASK_ID='load_index_id_4023004' AIRFLOW_CTX_EXECUTION_DATE='2024-06-11T21:41:03.459046+00:00' AIRFLOW_CTX_TRY_NUMBER='1' AIRFLOW_CTX_DAG_RUN_ID='manual__2024-06-11T21:41:03.459046+00:00'
[2024-06-11T21:45:48.642+0000] {taskinstance.py:430} INFO - ::endgroup::
[2024-06-11T21:45:48.699+0000] {logging_mixin.py:188} INFO - Ошибка в коде или неверный json
[2024-06-11T21:45:48.700+0000] {taskinstance.py:441} INFO - ::group::Post task execution logs
[2024-06-11T21:45:48.701+0000] {taskinstance.py:2892} ERROR - Task failed due to SystemExit(1)
[2024-06-11T21:45:48.711+0000] {taskinstance.py:1205} INFO - Marking task as FAILED. dag_id=load_data_mb, task_id=load_index_id_4023004, execution_date=20240611T214103, start_date=20240611T214548, end_date=20240611T214548
[2024-06-11T21:45:48.731+0000] {standard_task_runner.py:110} ERROR - Failed to execute job 292 for task load_index_id_4023004 (Task failed due to SystemExit(1); 260)
[2024-06-11T21:45:48.767+0000] {local_task_job_runner.py:240} INFO - Task exited with return code 1
[2024-06-11T21:45:48.792+0000] {taskinstance.py:3482} INFO - 0 downstream tasks scheduled from follow-on schedule check
[2024-06-11T21:45:48.799+0000] {local_task_job_runner.py:222} INFO - ::endgroup::
