[2024-04-30T00:02:00.078+0000] {local_task_job_runner.py:120} INFO - ::group::Pre task execution logs
[2024-04-30T00:02:00.133+0000] {taskinstance.py:2073} INFO - Dependencies all met for dep_context=non-requeueable deps ti=<TaskInstance: load_data_mb.load_index_id_704448 scheduled__2024-04-29T00:00:00+00:00 [queued]>
[2024-04-30T00:02:00.149+0000] {taskinstance.py:2073} INFO - Dependencies all met for dep_context=requeueable deps ti=<TaskInstance: load_data_mb.load_index_id_704448 scheduled__2024-04-29T00:00:00+00:00 [queued]>
[2024-04-30T00:02:00.151+0000] {taskinstance.py:2303} INFO - Starting attempt 1 of 1
[2024-04-30T00:02:00.183+0000] {taskinstance.py:2327} INFO - Executing <Task(PythonOperator): load_index_id_704448> on 2024-04-29 00:00:00+00:00
[2024-04-30T00:02:00.193+0000] {standard_task_runner.py:90} INFO - Running: ['***', 'tasks', 'run', 'load_data_mb', 'load_index_id_704448', 'scheduled__2024-04-29T00:00:00+00:00', '--job-id', '371', '--raw', '--subdir', 'DAGS_FOLDER/load_data_mb.py', '--cfg-path', '/tmp/tmp5yffxaxw']
[2024-04-30T00:02:00.197+0000] {standard_task_runner.py:91} INFO - Job 371: Subtask load_index_id_704448
[2024-04-30T00:02:00.224+0000] {logging_mixin.py:188} WARNING - /home/***/.local/lib/python3.12/site-packages/***/task/task_runner/standard_task_runner.py:61 DeprecationWarning: This process (pid=6911) is multi-threaded, use of fork() may lead to deadlocks in the child.
[2024-04-30T00:02:00.226+0000] {standard_task_runner.py:63} INFO - Started process 6912 to run task
[2024-04-30T00:02:00.272+0000] {task_command.py:426} INFO - Running <TaskInstance: load_data_mb.load_index_id_704448 scheduled__2024-04-29T00:00:00+00:00 [running]> on host d933ead87eb5
[2024-04-30T00:02:00.416+0000] {taskinstance.py:2644} INFO - Exporting env vars: AIRFLOW_CTX_DAG_OWNER='***' AIRFLOW_CTX_DAG_ID='load_data_mb' AIRFLOW_CTX_TASK_ID='load_index_id_704448' AIRFLOW_CTX_EXECUTION_DATE='2024-04-29T00:00:00+00:00' AIRFLOW_CTX_TRY_NUMBER='1' AIRFLOW_CTX_DAG_RUN_ID='scheduled__2024-04-29T00:00:00+00:00'
[2024-04-30T00:02:00.418+0000] {taskinstance.py:430} INFO - ::endgroup::
[2024-04-30T00:02:07.146+0000] {logging_mixin.py:188} INFO - {'index_name': 'индекс номинальных денежных доходов', 'index_id': 704448, 'dic_names': ['Регионы'], 'period_name': 'Год', 'info': 'ошибка талдау', 'error_code': 500}
[2024-04-30T00:02:07.147+0000] {logging_mixin.py:188} INFO - {'index_name': 'индекс номинальных денежных доходов', 'index_id': 704448, 'dic_names': ['Регионы'], 'period_name': 'Квартал', 'info': 'ошибка талдау', 'error_code': 500}
[2024-04-30T00:02:07.148+0000] {logging_mixin.py:188} INFO - {'index_name': 'индекс номинальных денежных доходов', 'index_id': 704448, 'dic_names': ['Регионы'], 'period_name': 'Месяц', 'info': 'ошибка талдау', 'error_code': 500}
[2024-04-30T00:02:07.149+0000] {python.py:237} INFO - Done. Returned value was: None
[2024-04-30T00:02:07.150+0000] {taskinstance.py:441} INFO - ::group::Post task execution logs
[2024-04-30T00:02:07.163+0000] {taskinstance.py:1205} INFO - Marking task as SUCCESS. dag_id=load_data_mb, task_id=load_index_id_704448, execution_date=20240429T000000, start_date=20240430T000200, end_date=20240430T000207
[2024-04-30T00:02:07.219+0000] {local_task_job_runner.py:240} INFO - Task exited with return code 0
[2024-04-30T00:02:07.238+0000] {taskinstance.py:3482} INFO - 0 downstream tasks scheduled from follow-on schedule check
[2024-04-30T00:02:07.245+0000] {local_task_job_runner.py:222} INFO - ::endgroup::
