[2024-05-14T10:00:04.678+0000] {local_task_job_runner.py:120} INFO - ::group::Pre task execution logs
[2024-05-14T10:00:04.735+0000] {taskinstance.py:2073} INFO - Dependencies all met for dep_context=non-requeueable deps ti=<TaskInstance: load_data_mb.load_index_id_2709380 scheduled__2024-05-02T00:00:00+00:00 [queued]>
[2024-05-14T10:00:04.756+0000] {taskinstance.py:2073} INFO - Dependencies all met for dep_context=requeueable deps ti=<TaskInstance: load_data_mb.load_index_id_2709380 scheduled__2024-05-02T00:00:00+00:00 [queued]>
[2024-05-14T10:00:04.757+0000] {taskinstance.py:2303} INFO - Starting attempt 1 of 1
[2024-05-14T10:00:04.780+0000] {taskinstance.py:2327} INFO - Executing <Task(PythonOperator): load_index_id_2709380> on 2024-05-02 00:00:00+00:00
[2024-05-14T10:00:04.791+0000] {standard_task_runner.py:90} INFO - Running: ['***', 'tasks', 'run', 'load_data_mb', 'load_index_id_2709380', 'scheduled__2024-05-02T00:00:00+00:00', '--job-id', '501', '--raw', '--subdir', 'DAGS_FOLDER/load_data_mb.py', '--cfg-path', '/tmp/tmpeihp2low']
[2024-05-14T10:00:04.795+0000] {standard_task_runner.py:91} INFO - Job 501: Subtask load_index_id_2709380
[2024-05-14T10:00:04.797+0000] {logging_mixin.py:188} WARNING - /home/***/.local/lib/python3.12/site-packages/***/task/task_runner/standard_task_runner.py:61 DeprecationWarning: This process (pid=237) is multi-threaded, use of fork() may lead to deadlocks in the child.
[2024-05-14T10:00:04.798+0000] {standard_task_runner.py:63} INFO - Started process 238 to run task
[2024-05-14T10:00:04.870+0000] {task_command.py:426} INFO - Running <TaskInstance: load_data_mb.load_index_id_2709380 scheduled__2024-05-02T00:00:00+00:00 [running]> on host d933ead87eb5
[2024-05-14T10:00:05.024+0000] {taskinstance.py:2644} INFO - Exporting env vars: AIRFLOW_CTX_DAG_OWNER='***' AIRFLOW_CTX_DAG_ID='load_data_mb' AIRFLOW_CTX_TASK_ID='load_index_id_2709380' AIRFLOW_CTX_EXECUTION_DATE='2024-05-02T00:00:00+00:00' AIRFLOW_CTX_TRY_NUMBER='1' AIRFLOW_CTX_DAG_RUN_ID='scheduled__2024-05-02T00:00:00+00:00'
[2024-05-14T10:00:05.026+0000] {taskinstance.py:430} INFO - ::endgroup::
[2024-05-14T10:00:09.459+0000] {logging_mixin.py:188} INFO - {'index_name': 'Валовой внутренний продукт методом производства на душу населения', 'index_id': 2709380, 'dic_names': ['Регионы'], 'period_name': 'Год', 'info': 'нет новых данных'}
[2024-05-14T10:00:09.461+0000] {logging_mixin.py:188} INFO - {'index_name': 'Валовой внутренний продукт методом производства на душу населения', 'index_id': 2709380, 'dic_names': ['Регионы'], 'period_name': 'Квартал с накоплением', 'info': 'нет новых данных'}
[2024-05-14T10:00:09.462+0000] {python.py:237} INFO - Done. Returned value was: None
[2024-05-14T10:00:09.463+0000] {taskinstance.py:441} INFO - ::group::Post task execution logs
[2024-05-14T10:00:09.483+0000] {taskinstance.py:1205} INFO - Marking task as SUCCESS. dag_id=load_data_mb, task_id=load_index_id_2709380, execution_date=20240502T000000, start_date=20240514T100004, end_date=20240514T100009
[2024-05-14T10:00:09.523+0000] {local_task_job_runner.py:240} INFO - Task exited with return code 0
[2024-05-14T10:00:09.565+0000] {taskinstance.py:3482} INFO - 0 downstream tasks scheduled from follow-on schedule check
[2024-05-14T10:00:09.571+0000] {local_task_job_runner.py:222} INFO - ::endgroup::
