[2024-05-02T08:26:10.827+0000] {local_task_job_runner.py:120} INFO - ::group::Pre task execution logs
[2024-05-02T08:26:10.873+0000] {taskinstance.py:2073} INFO - Dependencies all met for dep_context=non-requeueable deps ti=<TaskInstance: load_data_mb.load_index_id_704498 scheduled__2024-05-01T00:00:00+00:00 [queued]>
[2024-05-02T08:26:10.886+0000] {taskinstance.py:2073} INFO - Dependencies all met for dep_context=requeueable deps ti=<TaskInstance: load_data_mb.load_index_id_704498 scheduled__2024-05-01T00:00:00+00:00 [queued]>
[2024-05-02T08:26:10.887+0000] {taskinstance.py:2303} INFO - Starting attempt 1 of 1
[2024-05-02T08:26:10.908+0000] {taskinstance.py:2327} INFO - Executing <Task(PythonOperator): load_index_id_704498> on 2024-05-01 00:00:00+00:00
[2024-05-02T08:26:10.917+0000] {logging_mixin.py:188} WARNING - /home/***/.local/lib/python3.12/site-packages/***/task/task_runner/standard_task_runner.py:61 DeprecationWarning: This process (pid=917) is multi-threaded, use of fork() may lead to deadlocks in the child.
[2024-05-02T08:26:10.919+0000] {standard_task_runner.py:63} INFO - Started process 918 to run task
[2024-05-02T08:26:10.917+0000] {standard_task_runner.py:90} INFO - Running: ['***', 'tasks', 'run', 'load_data_mb', 'load_index_id_704498', 'scheduled__2024-05-01T00:00:00+00:00', '--job-id', '433', '--raw', '--subdir', 'DAGS_FOLDER/load_data_mb.py', '--cfg-path', '/tmp/tmpqhi3ey14']
[2024-05-02T08:26:10.920+0000] {standard_task_runner.py:91} INFO - Job 433: Subtask load_index_id_704498
[2024-05-02T08:26:11.038+0000] {task_command.py:426} INFO - Running <TaskInstance: load_data_mb.load_index_id_704498 scheduled__2024-05-01T00:00:00+00:00 [running]> on host d933ead87eb5
[2024-05-02T08:26:11.322+0000] {taskinstance.py:2644} INFO - Exporting env vars: AIRFLOW_CTX_DAG_OWNER='***' AIRFLOW_CTX_DAG_ID='load_data_mb' AIRFLOW_CTX_TASK_ID='load_index_id_704498' AIRFLOW_CTX_EXECUTION_DATE='2024-05-01T00:00:00+00:00' AIRFLOW_CTX_TRY_NUMBER='1' AIRFLOW_CTX_DAG_RUN_ID='scheduled__2024-05-01T00:00:00+00:00'
[2024-05-02T08:26:11.323+0000] {taskinstance.py:430} INFO - ::endgroup::
[2024-05-02T08:26:19.830+0000] {logging_mixin.py:188} INFO - {'index_name': 'Доля населения, имеющего доходы ниже величины прожиточного минимума', 'index_id': 704498, 'dic_names': ['Регионы', 'Тип местности и административное деление'], 'period_name': 'Год', 'info': 'ошибка талдау', 'error_code': 500}
[2024-05-02T08:26:19.835+0000] {logging_mixin.py:188} INFO - {'index_name': 'Доля населения, имеющего доходы ниже величины прожиточного минимума', 'index_id': 704498, 'dic_names': ['Регионы', 'Состав домохозяйств'], 'period_name': 'Год', 'info': 'ошибка талдау', 'error_code': 500}
[2024-05-02T08:26:19.836+0000] {logging_mixin.py:188} INFO - {'index_name': 'Доля населения, имеющего доходы ниже величины прожиточного минимума', 'index_id': 704498, 'dic_names': ['Регионы', 'Состав домохозяйств'], 'period_name': 'Квартал', 'info': 'ошибка талдау', 'error_code': 500}
[2024-05-02T08:26:19.838+0000] {logging_mixin.py:188} INFO - {'index_name': 'Доля населения, имеющего доходы ниже величины прожиточного минимума', 'index_id': 704498, 'dic_names': ['Регионы', 'Тип местности и административное деление'], 'period_name': 'Квартал', 'info': 'ошибка талдау', 'error_code': 500}
[2024-05-02T08:26:19.840+0000] {python.py:237} INFO - Done. Returned value was: None
[2024-05-02T08:26:19.842+0000] {taskinstance.py:441} INFO - ::group::Post task execution logs
[2024-05-02T08:26:19.878+0000] {taskinstance.py:1205} INFO - Marking task as SUCCESS. dag_id=load_data_mb, task_id=load_index_id_704498, execution_date=20240501T000000, start_date=20240502T082610, end_date=20240502T082619
[2024-05-02T08:26:19.963+0000] {local_task_job_runner.py:240} INFO - Task exited with return code 0
[2024-05-02T08:26:20.000+0000] {taskinstance.py:3482} INFO - 0 downstream tasks scheduled from follow-on schedule check
[2024-05-02T08:26:20.006+0000] {local_task_job_runner.py:222} INFO - ::endgroup::
