[2024-05-14T10:15:24.046+0000] {local_task_job_runner.py:120} INFO - ::group::Pre task execution logs
[2024-05-14T10:15:24.092+0000] {taskinstance.py:2073} INFO - Dependencies all met for dep_context=non-requeueable deps ti=<TaskInstance: load_data_mb.load_index_id_702041 scheduled__2024-05-13T00:00:00+00:00 [queued]>
[2024-05-14T10:15:24.108+0000] {taskinstance.py:2073} INFO - Dependencies all met for dep_context=requeueable deps ti=<TaskInstance: load_data_mb.load_index_id_702041 scheduled__2024-05-13T00:00:00+00:00 [queued]>
[2024-05-14T10:15:24.110+0000] {taskinstance.py:2303} INFO - Starting attempt 1 of 1
[2024-05-14T10:15:24.153+0000] {taskinstance.py:2327} INFO - Executing <Task(PythonOperator): load_index_id_702041> on 2024-05-13 00:00:00+00:00
[2024-05-14T10:15:24.163+0000] {standard_task_runner.py:90} INFO - Running: ['***', 'tasks', 'run', 'load_data_mb', 'load_index_id_702041', 'scheduled__2024-05-13T00:00:00+00:00', '--job-id', '545', '--raw', '--subdir', 'DAGS_FOLDER/load_data_mb.py', '--cfg-path', '/tmp/tmpgb813wrw']
[2024-05-14T10:15:24.166+0000] {logging_mixin.py:188} WARNING - /home/***/.local/lib/python3.12/site-packages/***/task/task_runner/standard_task_runner.py:61 DeprecationWarning: This process (pid=656) is multi-threaded, use of fork() may lead to deadlocks in the child.
[2024-05-14T10:15:24.168+0000] {standard_task_runner.py:91} INFO - Job 545: Subtask load_index_id_702041
[2024-05-14T10:15:24.168+0000] {standard_task_runner.py:63} INFO - Started process 657 to run task
[2024-05-14T10:15:24.236+0000] {task_command.py:426} INFO - Running <TaskInstance: load_data_mb.load_index_id_702041 scheduled__2024-05-13T00:00:00+00:00 [running]> on host d933ead87eb5
[2024-05-14T10:15:24.363+0000] {taskinstance.py:2644} INFO - Exporting env vars: AIRFLOW_CTX_DAG_OWNER='***' AIRFLOW_CTX_DAG_ID='load_data_mb' AIRFLOW_CTX_TASK_ID='load_index_id_702041' AIRFLOW_CTX_EXECUTION_DATE='2024-05-13T00:00:00+00:00' AIRFLOW_CTX_TRY_NUMBER='1' AIRFLOW_CTX_DAG_RUN_ID='scheduled__2024-05-13T00:00:00+00:00'
[2024-05-14T10:15:24.364+0000] {taskinstance.py:430} INFO - ::endgroup::
[2024-05-14T10:15:37.839+0000] {logging_mixin.py:188} INFO - {'index_name': 'Индекс физического объема розничной торговли', 'index_id': 702041, 'dic_names': ['Регионы', 'Тип местности и административное деление', 'Виды товаров', 'Соотнесение периодов', 'Типы правовых единиц', 'Услуги внутренней торговли'], 'period_name': 'Год', 'info': 'нет новых данных'}
[2024-05-14T10:15:37.840+0000] {logging_mixin.py:188} INFO - {'index_name': 'Индекс физического объема розничной торговли', 'index_id': 702041, 'dic_names': ['Регионы', 'Торгующие предприятия, организации, рынки и индивидуальные предприниматели', 'Соотнесение периодов'], 'period_name': 'Месяц', 'info': 'нет новых данных'}
[2024-05-14T10:15:37.841+0000] {logging_mixin.py:188} INFO - {'index_name': 'Индекс физического объема розничной торговли', 'index_id': 702041, 'dic_names': ['Регионы', 'Тип местности и административное деление', 'Соотнесение периодов', 'Структура товаров для месячной формы'], 'period_name': 'Месяц', 'info': 'нет новых данных'}
[2024-05-14T10:15:37.842+0000] {logging_mixin.py:188} INFO - {'index_name': 'Индекс физического объема розничной торговли', 'index_id': 702041, 'dic_names': ['Регионы', 'Торгующие предприятия, организации, рынки и индивидуальные предприниматели', 'Соотнесение периодов'], 'period_name': 'Месяц с накоплением', 'info': 'нет новых данных'}
[2024-05-14T10:15:37.843+0000] {logging_mixin.py:188} INFO - {'index_name': 'Индекс физического объема розничной торговли', 'index_id': 702041, 'dic_names': ['Регионы', 'Тип местности и административное деление', 'Соотнесение периодов', 'Структура товаров для месячной формы'], 'period_name': 'Месяц с накоплением', 'info': 'нет новых данных'}
[2024-05-14T10:15:37.844+0000] {python.py:237} INFO - Done. Returned value was: None
[2024-05-14T10:15:37.845+0000] {taskinstance.py:441} INFO - ::group::Post task execution logs
[2024-05-14T10:15:37.861+0000] {taskinstance.py:1205} INFO - Marking task as SUCCESS. dag_id=load_data_mb, task_id=load_index_id_702041, execution_date=20240513T000000, start_date=20240514T101524, end_date=20240514T101537
[2024-05-14T10:15:37.908+0000] {local_task_job_runner.py:240} INFO - Task exited with return code 0
[2024-05-14T10:15:37.929+0000] {taskinstance.py:3482} INFO - 0 downstream tasks scheduled from follow-on schedule check
[2024-05-14T10:15:37.935+0000] {local_task_job_runner.py:222} INFO - ::endgroup::
